Stats

Infected OS : ANDROID

Population with Android : 44900
Population with IOS : 62911
Population with OTHERS : 189

Peers spawned near hotspots : 75600
Peers spawned randomly : 32400

Infected Peers : 907
Recovered Peers : 25121
Immuned Peers : 83108

Infected Peers per cycle : 
259
3148
1835
1909
1976
1584
2185
2131
1438
970
 791
 872
 863
 770
 786
 712
 559
 429
 306
 286
 141
 240
 201
 169
 132
 159
 124
 165
 87
 72
 33
 27
 21
 29
 44
 101
 189
 101
 83
 49
 18
 6
 4
 6
 11
 4
 0
 1
 0
 1
 0
 0
 0
 0
 0
 0
 0
 0
 0
 0
 0
 0
 0
 0
 0
 0
Cycle -> 66, Infected -> 0
Cycle -> 67, Infected -> 0
Cycle -> 68, Infected -> 0
Cycle -> 69, Infected -> 0
Cycle -> 70, Infected -> 0
Cycle -> 71, Infected -> 0
Cycle -> 72, Infected -> 0
Cycle -> 73, Infected -> 0
Cycle -> 74, Infected -> 0
Cycle -> 75, Infected -> 0
Cycle -> 76, Infected -> 0
Cycle -> 77, Infected -> 0
Cycle -> 78, Infected -> 0
Cycle -> 79, Infected -> 0
Cycle -> 80, Infected -> 0
Cycle -> 81, Infected -> 0
Cycle -> 82, Infected -> 0
Cycle -> 83, Infected -> 0
Cycle -> 84, Infected -> 0
Cycle -> 85, Infected -> 0
Cycle -> 86, Infected -> 0
Cycle -> 87, Infected -> 0
Cycle -> 88, Infected -> 0
Cycle -> 89, Infected -> 0
Cycle -> 90, Infected -> 0
Cycle -> 91, Infected -> 0
Cycle -> 92, Infected -> 0
Cycle -> 93, Infected -> 0
Cycle -> 94, Infected -> 0
Cycle -> 95, Infected -> 0
Cycle -> 96, Infected -> 0
Cycle -> 97, Infected -> 0
Cycle -> 98, Infected -> 0
Cycle -> 99, Infected -> 0
Cycle -> 100, Infected -> 0
Cycle -> 101, Infected -> 0
Cycle -> 102, Infected -> 0
Cycle -> 103, Infected -> 0
Cycle -> 104, Infected -> 0
Cycle -> 105, Infected -> 0
Cycle -> 106, Infected -> 0
Cycle -> 107, Infected -> 0
Cycle -> 108, Infected -> 0
Cycle -> 109, Infected -> 0
Cycle -> 110, Infected -> 0
Cycle -> 111, Infected -> 0
Cycle -> 112, Infected -> 0
Cycle -> 113, Infected -> 0
Cycle -> 114, Infected -> 0
Cycle -> 115, Infected -> 0
Cycle -> 116, Infected -> 0
Cycle -> 117, Infected -> 0
Cycle -> 118, Infected -> 0
Cycle -> 119, Infected -> 0
Cycle -> 120, Infected -> 0
Cycle -> 121, Infected -> 0
Cycle -> 122, Infected -> 0
Cycle -> 123, Infected -> 0
Cycle -> 124, Infected -> 0
Cycle -> 125, Infected -> 0
Cycle -> 126, Infected -> 0
Cycle -> 127, Infected -> 0
Cycle -> 128, Infected -> 0
Cycle -> 129, Infected -> 0
Cycle -> 130, Infected -> 0
Cycle -> 131, Infected -> 0
Cycle -> 132, Infected -> 0
Cycle -> 133, Infected -> 0
Cycle -> 134, Infected -> 0
Cycle -> 135, Infected -> 0
Cycle -> 136, Infected -> 0
Cycle -> 137, Infected -> 0
Cycle -> 138, Infected -> 0
Cycle -> 139, Infected -> 0
Cycle -> 140, Infected -> 0
Cycle -> 141, Infected -> 0
Cycle -> 142, Infected -> 0
Cycle -> 143, Infected -> 0
Cycle -> 144, Infected -> 0
Cycle -> 145, Infected -> 0
Cycle -> 146, Infected -> 0
Cycle -> 147, Infected -> 0
Cycle -> 148, Infected -> 0
Cycle -> 149, Infected -> 0
Cycle -> 150, Infected -> 0
Cycle -> 151, Infected -> 0
Cycle -> 152, Infected -> 0
Cycle -> 153, Infected -> 0
Cycle -> 154, Infected -> 0
Cycle -> 155, Infected -> 0
Cycle -> 156, Infected -> 0
Cycle -> 157, Infected -> 0
Cycle -> 158, Infected -> 0
Cycle -> 159, Infected -> 0
Cycle -> 160, Infected -> 0
Cycle -> 161, Infected -> 0
Cycle -> 162, Infected -> 0
Cycle -> 163, Infected -> 0
Cycle -> 164, Infected -> 0
Cycle -> 165, Infected -> 0
Cycle -> 166, Infected -> 0
Cycle -> 167, Infected -> 0
Cycle -> 168, Infected -> 0
Cycle -> 169, Infected -> 0
Cycle -> 170, Infected -> 0
Cycle -> 171, Infected -> 0
Cycle -> 172, Infected -> 0
Cycle -> 173, Infected -> 0
Cycle -> 174, Infected -> 0
Cycle -> 175, Infected -> 0
Cycle -> 176, Infected -> 0
Cycle -> 177, Infected -> 0
Cycle -> 178, Infected -> 0
Cycle -> 179, Infected -> 0
Cycle -> 180, Infected -> 0
Cycle -> 181, Infected -> 0
Cycle -> 182, Infected -> 0
Cycle -> 183, Infected -> 0
Cycle -> 184, Infected -> 0
Cycle -> 185, Infected -> 0
Cycle -> 186, Infected -> 0
Cycle -> 187, Infected -> 0
Cycle -> 188, Infected -> 0
Cycle -> 189, Infected -> 0
Cycle -> 190, Infected -> 0
Cycle -> 191, Infected -> 0
Cycle -> 192, Infected -> 0
Cycle -> 193, Infected -> 0
Cycle -> 194, Infected -> 0
Cycle -> 195, Infected -> 0
Cycle -> 196, Infected -> 0
Cycle -> 197, Infected -> 0
Cycle -> 198, Infected -> 0
Cycle -> 199, Infected -> 0

Recovered Peers per cycle : 
0
12
216
316
435
508
517
584
585
704
658
654
636
647
668
645
720
677
683
586
601
554
596
550
518
514
497
456
511
422
485
353
388
384
347
363
379
311
332
313
292
280
270
241
241
255
221
223
175
207
175
141
161
144
141
134
119
131
88
98
125
95
86
103
82
59
76
71
61
63
59
49
57
55
44
38
45
38
34
44
46
35
32
34
32
36
28
17
26
20
21
18
21
16
20
18
25
15
11
15
 12
 15
 11
 14
 9
 16
 12
 11
 10
 9
 6
 11
 10
 4
 8
 11
 3
 5
 4
 1
 4
 5
 6
 4
 2
 1
 8
 3
 5
 2
 5
ycle -> 131, Recovered -> 1
ycle -> 132, Recovered -> 4
ycle -> 133, Recovered -> 5
ycle -> 134, Recovered -> 1
ycle -> 135, Recovered -> 2
ycle -> 136, Recovered -> 5
ycle -> 137, Recovered -> 2
ycle -> 138, Recovered -> 0
ycle -> 139, Recovered -> 1
ycle -> 140, Recovered -> 1
Cycle -> 141, Recovered -> 4
Cycle -> 142, Recovered -> 3
Cycle -> 143, Recovered -> 1
Cycle -> 144, Recovered -> 0
Cycle -> 145, Recovered -> 3
Cycle -> 146, Recovered -> 2
Cycle -> 147, Recovered -> 1
Cycle -> 148, Recovered -> 2
Cycle -> 149, Recovered -> 2
Cycle -> 150, Recovered -> 0
Cycle -> 151, Recovered -> 2
Cycle -> 152, Recovered -> 0
Cycle -> 153, Recovered -> 1
Cycle -> 154, Recovered -> 1
Cycle -> 155, Recovered -> 1
Cycle -> 156, Recovered -> 1
Cycle -> 157, Recovered -> 1
Cycle -> 158, Recovered -> 1
Cycle -> 159, Recovered -> 1
Cycle -> 160, Recovered -> 0
Cycle -> 161, Recovered -> 0
Cycle -> 162, Recovered -> 0
Cycle -> 163, Recovered -> 0
Cycle -> 164, Recovered -> 1
Cycle -> 165, Recovered -> 0
Cycle -> 166, Recovered -> 0
Cycle -> 167, Recovered -> 1
Cycle -> 168, Recovered -> 1
Cycle -> 169, Recovered -> 1
Cycle -> 170, Recovered -> 0
Cycle -> 171, Recovered -> 2
Cycle -> 172, Recovered -> 0
Cycle -> 173, Recovered -> 1
Cycle -> 174, Recovered -> 0
Cycle -> 175, Recovered -> 0
Cycle -> 176, Recovered -> 0
Cycle -> 177, Recovered -> 0
Cycle -> 178, Recovered -> 0
Cycle -> 179, Recovered -> 0
Cycle -> 180, Recovered -> 1
Cycle -> 181, Recovered -> 1
Cycle -> 182, Recovered -> 0
Cycle -> 183, Recovered -> 0
Cycle -> 184, Recovered -> 0
Cycle -> 185, Recovered -> 0
Cycle -> 186, Recovered -> 0
Cycle -> 187, Recovered -> 0
Cycle -> 188, Recovered -> 0
Cycle -> 189, Recovered -> 0
Cycle -> 190, Recovered -> 2
Cycle -> 191, Recovered -> 0
Cycle -> 192, Recovered -> 0
Cycle -> 193, Recovered -> 1
Cycle -> 194, Recovered -> 0
Cycle -> 195, Recovered -> 0
Cycle -> 196, Recovered -> 0
Cycle -> 197, Recovered -> 0
Cycle -> 198, Recovered -> 1
Cycle -> 199, Recovered -> 0

Immuned Peers per cycle : 
Cycle -> 0, Immuned -> 5407
Cycle -> 1, Immuned -> 5180
Cycle -> 2, Immuned -> 4622
Cycle -> 3, Immuned -> 4131
Cycle -> 4, Immuned -> 3789
Cycle -> 5, Immuned -> 3717
Cycle -> 6, Immuned -> 3661
Cycle -> 7, Immuned -> 3288
Cycle -> 8, Immuned -> 3126
Cycle -> 9, Immuned -> 2833
Cycle -> 10, Immuned -> 2676
Cycle -> 11, Immuned -> 2349
Cycle -> 12, Immuned -> 2274
Cycle -> 13, Immuned -> 2094
Cycle -> 14, Immuned -> 1975
Cycle -> 15, Immuned -> 1800
Cycle -> 16, Immuned -> 1628
Cycle -> 17, Immuned -> 1589
Cycle -> 18, Immuned -> 1583
Cycle -> 19, Immuned -> 1423
Cycle -> 20, Immuned -> 1372
Cycle -> 21, Immuned -> 1239
Cycle -> 22, Immuned -> 1134
Cycle -> 23, Immuned -> 1078
Cycle -> 24, Immuned -> 1014
Cycle -> 25, Immuned -> 1011
Cycle -> 26, Immuned -> 940
Cycle -> 27, Immuned -> 831
Cycle -> 28, Immuned -> 812
Cycle -> 29, Immuned -> 770
Cycle -> 30, Immuned -> 713
Cycle -> 31, Immuned -> 721
Cycle -> 32, Immuned -> 686
Cycle -> 33, Immuned -> 647
Cycle -> 34, Immuned -> 590
Cycle -> 35, Immuned -> 595
Cycle -> 36, Immuned -> 491
Cycle -> 37, Immuned -> 482
Cycle -> 38, Immuned -> 479
Cycle -> 39, Immuned -> 418
Cycle -> 40, Immuned -> 378
Cycle -> 41, Immuned -> 379
Cycle -> 42, Immuned -> 360
Cycle -> 43, Immuned -> 331
Cycle -> 44, Immuned -> 322
Cycle -> 45, Immuned -> 319
Cycle -> 46, Immuned -> 282
Cycle -> 47, Immuned -> 283
Cycle -> 48, Immuned -> 297
Cycle -> 49, Immuned -> 262
Cycle -> 50, Immuned -> 245
Cycle -> 51, Immuned -> 215
Cycle -> 52, Immuned -> 221
Cycle -> 53, Immuned -> 224
Cycle -> 54, Immuned -> 183
Cycle -> 55, Immuned -> 191
Cycle -> 56, Immuned -> 162
Cycle -> 57, Immuned -> 175
Cycle -> 58, Immuned -> 158
Cycle -> 59, Immuned -> 145
Cycle -> 60, Immuned -> 133
Cycle -> 61, Immuned -> 146
Cycle -> 62, Immuned -> 114
Cycle -> 63, Immuned -> 134
Cycle -> 64, Immuned -> 112
Cycle -> 65, Immuned -> 119
Cycle -> 66, Immuned -> 124
Cycle -> 67, Immuned -> 89
Cycle -> 68, Immuned -> 84
Cycle -> 69, Immuned -> 79
Cycle -> 70, Immuned -> 78
Cycle -> 71, Immuned -> 65
Cycle -> 72, Immuned -> 75
Cycle -> 73, Immuned -> 78
Cycle -> 74, Immuned -> 68
Cycle -> 75, Immuned -> 58
Cycle -> 76, Immuned -> 76
Cycle -> 77, Immuned -> 69
Cycle -> 78, Immuned -> 72
Cycle -> 79, Immuned -> 53
Cycle -> 80, Immuned -> 60
Cycle -> 81, Immuned -> 38
Cycle -> 82, Immuned -> 43
Cycle -> 83, Immuned -> 45
Cycle -> 84, Immuned -> 35
Cycle -> 85, Immuned -> 34
Cycle -> 86, Immuned -> 30
Cycle -> 87, Immuned -> 38
Cycle -> 88, Immuned -> 31
Cycle -> 89, Immuned -> 29
Cycle -> 90, Immuned -> 25
Cycle -> 91, Immuned -> 38
Cycle -> 92, Immuned -> 30
Cycle -> 93, Immuned -> 26
Cycle -> 94, Immuned -> 24
Cycle -> 95, Immuned -> 26
Cycle -> 96, Immuned -> 27
Cycle -> 97, Immuned -> 18
Cycle -> 98, Immuned -> 19
Cycle -> 99, Immuned -> 16
Cycle -> 100, Immuned -> 23
Cycle -> 101, Immuned -> 20
Cycle -> 102, Immuned -> 21
Cycle -> 103, Immuned -> 9
Cycle -> 104, Immuned -> 18
Cycle -> 105, Immuned -> 11
Cycle -> 106, Immuned -> 19
Cycle -> 107, Immuned -> 9
Cycle -> 108, Immuned -> 15
Cycle -> 109, Immuned -> 13
Cycle -> 110, Immuned -> 11
Cycle -> 111, Immuned -> 11
Cycle -> 112, Immuned -> 10
Cycle -> 113, Immuned -> 7
Cycle -> 114, Immuned -> 6
Cycle -> 115, Immuned -> 2
Cycle -> 116, Immuned -> 10
Cycle -> 117, Immuned -> 8
Cycle -> 118, Immuned -> 9
Cycle -> 119, Immuned -> 9
Cycle -> 120, Immuned -> 8
Cycle -> 121, Immuned -> 4
Cycle -> 122, Immuned -> 3
Cycle -> 123, Immuned -> 3
Cycle -> 124, Immuned -> 4
Cycle -> 125, Immuned -> 4
Cycle -> 126, Immuned -> 2
Cycle -> 127, Immuned -> 3
Cycle -> 128, Immuned -> 3
Cycle -> 129, Immuned -> 3
Cycle -> 130, Immuned -> 2
Cycle -> 131, Immuned -> 5
Cycle -> 132, Immuned -> 6
Cycle -> 133, Immuned -> 4
Cycle -> 134, Immuned -> 6
Cycle -> 135, Immuned -> 3
Cycle -> 136, Immuned -> 0
Cycle -> 137, Immuned -> 2
Cycle -> 138, Immuned -> 3
Cycle -> 139, Immuned -> 2
Cycle -> 140, Immuned -> 3
Cycle -> 141, Immuned -> 4
Cycle -> 142, Immuned -> 1
Cycle -> 143, Immuned -> 0
Cycle -> 144, Immuned -> 0
Cycle -> 145, Immuned -> 0
Cycle -> 146, Immuned -> 1
Cycle -> 147, Immuned -> 0
Cycle -> 148, Immuned -> 3
Cycle -> 149, Immuned -> 1
Cycle -> 150, Immuned -> 1
Cycle -> 151, Immuned -> 0
Cycle -> 152, Immuned -> 0
Cycle -> 153, Immuned -> 2
Cycle -> 154, Immuned -> 1
Cycle -> 155, Immuned -> 2
Cycle -> 156, Immuned -> 1
Cycle -> 157, Immuned -> 0
Cycle -> 158, Immuned -> 1
Cycle -> 159, Immuned -> 2
Cycle -> 160, Immuned -> 1
Cycle -> 161, Immuned -> 2
Cycle -> 162, Immuned -> 1
Cycle -> 163, Immuned -> 2
Cycle -> 164, Immuned -> 1
Cycle -> 165, Immuned -> 1
Cycle -> 166, Immuned -> 0
Cycle -> 167, Immuned -> 1
Cycle -> 168, Immuned -> 1
Cycle -> 169, Immuned -> 0
Cycle -> 170, Immuned -> 1
Cycle -> 171, Immuned -> 0
Cycle -> 172, Immuned -> 0
Cycle -> 173, Immuned -> 1
Cycle -> 174, Immuned -> 0
Cycle -> 175, Immuned -> 0
Cycle -> 176, Immuned -> 0
Cycle -> 177, Immuned -> 2
Cycle -> 178, Immuned -> 0
Cycle -> 179, Immuned -> 1
Cycle -> 180, Immuned -> 0
Cycle -> 181, Immuned -> 0
Cycle -> 182, Immuned -> 0
Cycle -> 183, Immuned -> 0
Cycle -> 184, Immuned -> 1
Cycle -> 185, Immuned -> 0
Cycle -> 186, Immuned -> 0
Cycle -> 187, Immuned -> 0
Cycle -> 188, Immuned -> 0
Cycle -> 189, Immuned -> 0
Cycle -> 190, Immuned -> 0
Cycle -> 191, Immuned -> 0
Cycle -> 192, Immuned -> 0
Cycle -> 193, Immuned -> 0
Cycle -> 194, Immuned -> 0
Cycle -> 195, Immuned -> 0
Cycle -> 196, Immuned -> 0
Cycle -> 197, Immuned -> 0
Cycle -> 198, Immuned -> 0
Cycle -> 199, Immuned -> 0

