Stats

Infected OS : ANDROID

Population with Android : 44496
Population with IOS : 63301
Population with OTHERS : 203

Peers spawned near hotspots : 75600
Peers spawned randomly : 32400

Infected Peers : 281
Recovered Peers : 16962
Immuned Peers : 91100

Infected Peers per cycle : 
127
1512
565
1084
1961
1295
897
729
649
609
 422
 395
 410
 263
 522
 323
 329
 362
 332
 390
 297
 239
 271
 218
 174
 93
 170
 128
 145
 51
 92
 58
 102
 60
 55
 37
 79
 131
 261
 333
 432
 172
 119
 94
 36
 50
 25
 27
 12
 37
 19
 6
 6
 12
 7
 3
 4
 2
 2
 0
 3
 0
 2
 0
 1
 0
 0
 0
 1
 0
 0
 0
 0
 0
Cycle -> 74, Infected -> 0
Cycle -> 75, Infected -> 0
Cycle -> 76, Infected -> 0
Cycle -> 77, Infected -> 0
Cycle -> 78, Infected -> 0
Cycle -> 79, Infected -> 0
Cycle -> 80, Infected -> 0
Cycle -> 81, Infected -> 0
Cycle -> 82, Infected -> 0
Cycle -> 83, Infected -> 0
Cycle -> 84, Infected -> 0
Cycle -> 85, Infected -> 0
Cycle -> 86, Infected -> 0
Cycle -> 87, Infected -> 0
Cycle -> 88, Infected -> 0
Cycle -> 89, Infected -> 0
Cycle -> 90, Infected -> 0
Cycle -> 91, Infected -> 0
Cycle -> 92, Infected -> 0
Cycle -> 93, Infected -> 0
Cycle -> 94, Infected -> 0
Cycle -> 95, Infected -> 0
Cycle -> 96, Infected -> 0
Cycle -> 97, Infected -> 0
Cycle -> 98, Infected -> 0
Cycle -> 99, Infected -> 0
Cycle -> 100, Infected -> 0
Cycle -> 101, Infected -> 0
Cycle -> 102, Infected -> 0
Cycle -> 103, Infected -> 0
Cycle -> 104, Infected -> 0
Cycle -> 105, Infected -> 0
Cycle -> 106, Infected -> 0
Cycle -> 107, Infected -> 0
Cycle -> 108, Infected -> 0
Cycle -> 109, Infected -> 0
Cycle -> 110, Infected -> 0
Cycle -> 111, Infected -> 0
Cycle -> 112, Infected -> 0
Cycle -> 113, Infected -> 0
Cycle -> 114, Infected -> 0
Cycle -> 115, Infected -> 0
Cycle -> 116, Infected -> 0
Cycle -> 117, Infected -> 0
Cycle -> 118, Infected -> 0
Cycle -> 119, Infected -> 0
Cycle -> 120, Infected -> 0
Cycle -> 121, Infected -> 0
Cycle -> 122, Infected -> 0
Cycle -> 123, Infected -> 0
Cycle -> 124, Infected -> 0
Cycle -> 125, Infected -> 0
Cycle -> 126, Infected -> 0
Cycle -> 127, Infected -> 0
Cycle -> 128, Infected -> 0
Cycle -> 129, Infected -> 0
Cycle -> 130, Infected -> 0
Cycle -> 131, Infected -> 0
Cycle -> 132, Infected -> 0
Cycle -> 133, Infected -> 0
Cycle -> 134, Infected -> 0
Cycle -> 135, Infected -> 0
Cycle -> 136, Infected -> 0
Cycle -> 137, Infected -> 0
Cycle -> 138, Infected -> 0
Cycle -> 139, Infected -> 0
Cycle -> 140, Infected -> 0
Cycle -> 141, Infected -> 0
Cycle -> 142, Infected -> 0
Cycle -> 143, Infected -> 0
Cycle -> 144, Infected -> 0
Cycle -> 145, Infected -> 0
Cycle -> 146, Infected -> 0
Cycle -> 147, Infected -> 0
Cycle -> 148, Infected -> 0
Cycle -> 149, Infected -> 0
Cycle -> 150, Infected -> 0
Cycle -> 151, Infected -> 0
Cycle -> 152, Infected -> 0
Cycle -> 153, Infected -> 0
Cycle -> 154, Infected -> 0
Cycle -> 155, Infected -> 0
Cycle -> 156, Infected -> 0
Cycle -> 157, Infected -> 0
Cycle -> 158, Infected -> 0
Cycle -> 159, Infected -> 0
Cycle -> 160, Infected -> 0
Cycle -> 161, Infected -> 0
Cycle -> 162, Infected -> 0
Cycle -> 163, Infected -> 0
Cycle -> 164, Infected -> 0
Cycle -> 165, Infected -> 0
Cycle -> 166, Infected -> 0
Cycle -> 167, Infected -> 0
Cycle -> 168, Infected -> 0
Cycle -> 169, Infected -> 0
Cycle -> 170, Infected -> 0
Cycle -> 171, Infected -> 0
Cycle -> 172, Infected -> 0
Cycle -> 173, Infected -> 0
Cycle -> 174, Infected -> 0
Cycle -> 175, Infected -> 0
Cycle -> 176, Infected -> 0
Cycle -> 177, Infected -> 0
Cycle -> 178, Infected -> 0
Cycle -> 179, Infected -> 0
Cycle -> 180, Infected -> 0
Cycle -> 181, Infected -> 0
Cycle -> 182, Infected -> 0
Cycle -> 183, Infected -> 0
Cycle -> 184, Infected -> 0
Cycle -> 185, Infected -> 0
Cycle -> 186, Infected -> 0
Cycle -> 187, Infected -> 0
Cycle -> 188, Infected -> 0
Cycle -> 189, Infected -> 0
Cycle -> 190, Infected -> 0
Cycle -> 191, Infected -> 0
Cycle -> 192, Infected -> 0
Cycle -> 193, Infected -> 0
Cycle -> 194, Infected -> 0
Cycle -> 195, Infected -> 0
Cycle -> 196, Infected -> 0
Cycle -> 197, Infected -> 0
Cycle -> 198, Infected -> 0
Cycle -> 199, Infected -> 0

Recovered Peers per cycle : 
0
3
123
146
155
246
318
323
331
347
370
369
384
397
379
342
322
372
360
365
356
347
345
357
360
317
324
300
298
305
290
290
302
259
258
237
233
222
219
221
211
230
239
238
236
215
178
184
183
155
168
167
150
132
138
119
111
117
111
111
115
92
92
89
99
93
78
73
62
71
45
51
49
57
61
53
47
44
48
40
39
41
27
32
32
24
25
25
17
30
7
19
16
19
18
14
14
19
12
16
 12
 13
 9
 15
 7
 15
 13
 12
 14
 16
 8
 7
 11
 6
 6
 2
 8
 3
 3
 3
 7
 1
 1
 6
 4
 5
 7
 2
 3
 4
 3
 1
ycle -> 132, Recovered -> 3
ycle -> 133, Recovered -> 3
ycle -> 134, Recovered -> 5
ycle -> 135, Recovered -> 2
ycle -> 136, Recovered -> 2
ycle -> 137, Recovered -> 1
ycle -> 138, Recovered -> 3
ycle -> 139, Recovered -> 2
ycle -> 140, Recovered -> 0
ycle -> 141, Recovered -> 1
Cycle -> 142, Recovered -> 0
Cycle -> 143, Recovered -> 1
Cycle -> 144, Recovered -> 1
Cycle -> 145, Recovered -> 0
Cycle -> 146, Recovered -> 2
Cycle -> 147, Recovered -> 1
Cycle -> 148, Recovered -> 1
Cycle -> 149, Recovered -> 1
Cycle -> 150, Recovered -> 1
Cycle -> 151, Recovered -> 1
Cycle -> 152, Recovered -> 0
Cycle -> 153, Recovered -> 2
Cycle -> 154, Recovered -> 0
Cycle -> 155, Recovered -> 0
Cycle -> 156, Recovered -> 0
Cycle -> 157, Recovered -> 0
Cycle -> 158, Recovered -> 0
Cycle -> 159, Recovered -> 0
Cycle -> 160, Recovered -> 0
Cycle -> 161, Recovered -> 2
Cycle -> 162, Recovered -> 1
Cycle -> 163, Recovered -> 1
Cycle -> 164, Recovered -> 2
Cycle -> 165, Recovered -> 0
Cycle -> 166, Recovered -> 0
Cycle -> 167, Recovered -> 0
Cycle -> 168, Recovered -> 0
Cycle -> 169, Recovered -> 0
Cycle -> 170, Recovered -> 0
Cycle -> 171, Recovered -> 0
Cycle -> 172, Recovered -> 0
Cycle -> 173, Recovered -> 0
Cycle -> 174, Recovered -> 0
Cycle -> 175, Recovered -> 0
Cycle -> 176, Recovered -> 1
Cycle -> 177, Recovered -> 0
Cycle -> 178, Recovered -> 0
Cycle -> 179, Recovered -> 0
Cycle -> 180, Recovered -> 0
Cycle -> 181, Recovered -> 1
Cycle -> 182, Recovered -> 0
Cycle -> 183, Recovered -> 0
Cycle -> 184, Recovered -> 0
Cycle -> 185, Recovered -> 0
Cycle -> 186, Recovered -> 0
Cycle -> 187, Recovered -> 0
Cycle -> 188, Recovered -> 0
Cycle -> 189, Recovered -> 0
Cycle -> 190, Recovered -> 0
Cycle -> 191, Recovered -> 1
Cycle -> 192, Recovered -> 1
Cycle -> 193, Recovered -> 0
Cycle -> 194, Recovered -> 0
Cycle -> 195, Recovered -> 1
Cycle -> 196, Recovered -> 0
Cycle -> 197, Recovered -> 1
Cycle -> 198, Recovered -> 0
Cycle -> 199, Recovered -> 0

Immuned Peers per cycle : 
Cycle -> 0, Immuned -> 5497
Cycle -> 1, Immuned -> 5076
Cycle -> 2, Immuned -> 4554
Cycle -> 3, Immuned -> 4452
Cycle -> 4, Immuned -> 4253
Cycle -> 5, Immuned -> 3975
Cycle -> 6, Immuned -> 3695
Cycle -> 7, Immuned -> 3462
Cycle -> 8, Immuned -> 3243
Cycle -> 9, Immuned -> 3117
Cycle -> 10, Immuned -> 2962
Cycle -> 11, Immuned -> 2766
Cycle -> 12, Immuned -> 2557
Cycle -> 13, Immuned -> 2428
Cycle -> 14, Immuned -> 2274
Cycle -> 15, Immuned -> 2136
Cycle -> 16, Immuned -> 2008
Cycle -> 17, Immuned -> 1841
Cycle -> 18, Immuned -> 1792
Cycle -> 19, Immuned -> 1572
Cycle -> 20, Immuned -> 1600
Cycle -> 21, Immuned -> 1457
Cycle -> 22, Immuned -> 1418
Cycle -> 23, Immuned -> 1330
Cycle -> 24, Immuned -> 1243
Cycle -> 25, Immuned -> 1178
Cycle -> 26, Immuned -> 1074
Cycle -> 27, Immuned -> 991
Cycle -> 28, Immuned -> 943
Cycle -> 29, Immuned -> 937
Cycle -> 30, Immuned -> 842
Cycle -> 31, Immuned -> 755
Cycle -> 32, Immuned -> 815
Cycle -> 33, Immuned -> 732
Cycle -> 34, Immuned -> 694
Cycle -> 35, Immuned -> 670
Cycle -> 36, Immuned -> 666
Cycle -> 37, Immuned -> 594
Cycle -> 38, Immuned -> 563
Cycle -> 39, Immuned -> 541
Cycle -> 40, Immuned -> 464
Cycle -> 41, Immuned -> 455
Cycle -> 42, Immuned -> 384
Cycle -> 43, Immuned -> 378
Cycle -> 44, Immuned -> 335
Cycle -> 45, Immuned -> 349
Cycle -> 46, Immuned -> 312
Cycle -> 47, Immuned -> 333
Cycle -> 48, Immuned -> 272
Cycle -> 49, Immuned -> 274
Cycle -> 50, Immuned -> 250
Cycle -> 51, Immuned -> 232
Cycle -> 52, Immuned -> 206
Cycle -> 53, Immuned -> 192
Cycle -> 54, Immuned -> 189
Cycle -> 55, Immuned -> 198
Cycle -> 56, Immuned -> 209
Cycle -> 57, Immuned -> 173
Cycle -> 58, Immuned -> 154
Cycle -> 59, Immuned -> 151
Cycle -> 60, Immuned -> 148
Cycle -> 61, Immuned -> 146
Cycle -> 62, Immuned -> 132
Cycle -> 63, Immuned -> 120
Cycle -> 64, Immuned -> 116
Cycle -> 65, Immuned -> 114
Cycle -> 66, Immuned -> 100
Cycle -> 67, Immuned -> 119
Cycle -> 68, Immuned -> 84
Cycle -> 69, Immuned -> 105
Cycle -> 70, Immuned -> 80
Cycle -> 71, Immuned -> 74
Cycle -> 72, Immuned -> 71
Cycle -> 73, Immuned -> 70
Cycle -> 74, Immuned -> 57
Cycle -> 75, Immuned -> 69
Cycle -> 76, Immuned -> 79
Cycle -> 77, Immuned -> 65
Cycle -> 78, Immuned -> 47
Cycle -> 79, Immuned -> 52
Cycle -> 80, Immuned -> 48
Cycle -> 81, Immuned -> 42
Cycle -> 82, Immuned -> 52
Cycle -> 83, Immuned -> 45
Cycle -> 84, Immuned -> 34
Cycle -> 85, Immuned -> 33
Cycle -> 86, Immuned -> 51
Cycle -> 87, Immuned -> 46
Cycle -> 88, Immuned -> 19
Cycle -> 89, Immuned -> 32
Cycle -> 90, Immuned -> 29
Cycle -> 91, Immuned -> 22
Cycle -> 92, Immuned -> 28
Cycle -> 93, Immuned -> 33
Cycle -> 94, Immuned -> 41
Cycle -> 95, Immuned -> 25
Cycle -> 96, Immuned -> 22
Cycle -> 97, Immuned -> 25
Cycle -> 98, Immuned -> 21
Cycle -> 99, Immuned -> 21
Cycle -> 100, Immuned -> 22
Cycle -> 101, Immuned -> 15
Cycle -> 102, Immuned -> 15
Cycle -> 103, Immuned -> 8
Cycle -> 104, Immuned -> 18
Cycle -> 105, Immuned -> 13
Cycle -> 106, Immuned -> 11
Cycle -> 107, Immuned -> 16
Cycle -> 108, Immuned -> 9
Cycle -> 109, Immuned -> 12
Cycle -> 110, Immuned -> 18
Cycle -> 111, Immuned -> 15
Cycle -> 112, Immuned -> 13
Cycle -> 113, Immuned -> 10
Cycle -> 114, Immuned -> 6
Cycle -> 115, Immuned -> 7
Cycle -> 116, Immuned -> 8
Cycle -> 117, Immuned -> 13
Cycle -> 118, Immuned -> 9
Cycle -> 119, Immuned -> 6
Cycle -> 120, Immuned -> 5
Cycle -> 121, Immuned -> 7
Cycle -> 122, Immuned -> 3
Cycle -> 123, Immuned -> 11
Cycle -> 124, Immuned -> 9
Cycle -> 125, Immuned -> 6
Cycle -> 126, Immuned -> 6
Cycle -> 127, Immuned -> 5
Cycle -> 128, Immuned -> 3
Cycle -> 129, Immuned -> 3
Cycle -> 130, Immuned -> 2
Cycle -> 131, Immuned -> 1
Cycle -> 132, Immuned -> 6
Cycle -> 133, Immuned -> 2
Cycle -> 134, Immuned -> 3
Cycle -> 135, Immuned -> 1
Cycle -> 136, Immuned -> 2
Cycle -> 137, Immuned -> 1
Cycle -> 138, Immuned -> 2
Cycle -> 139, Immuned -> 3
Cycle -> 140, Immuned -> 2
Cycle -> 141, Immuned -> 1
Cycle -> 142, Immuned -> 1
Cycle -> 143, Immuned -> 1
Cycle -> 144, Immuned -> 2
Cycle -> 145, Immuned -> 2
Cycle -> 146, Immuned -> 3
Cycle -> 147, Immuned -> 1
Cycle -> 148, Immuned -> 2
Cycle -> 149, Immuned -> 2
Cycle -> 150, Immuned -> 3
Cycle -> 151, Immuned -> 1
Cycle -> 152, Immuned -> 1
Cycle -> 153, Immuned -> 0
Cycle -> 154, Immuned -> 1
Cycle -> 155, Immuned -> 2
Cycle -> 156, Immuned -> 4
Cycle -> 157, Immuned -> 2
Cycle -> 158, Immuned -> 0
Cycle -> 159, Immuned -> 1
Cycle -> 160, Immuned -> 2
Cycle -> 161, Immuned -> 0
Cycle -> 162, Immuned -> 1
Cycle -> 163, Immuned -> 1
Cycle -> 164, Immuned -> 1
Cycle -> 165, Immuned -> 1
Cycle -> 166, Immuned -> 0
Cycle -> 167, Immuned -> 2
Cycle -> 168, Immuned -> 0
Cycle -> 169, Immuned -> 0
Cycle -> 170, Immuned -> 0
Cycle -> 171, Immuned -> 0
Cycle -> 172, Immuned -> 0
Cycle -> 173, Immuned -> 0
Cycle -> 174, Immuned -> 0
Cycle -> 175, Immuned -> 0
Cycle -> 176, Immuned -> 0
Cycle -> 177, Immuned -> 0
Cycle -> 178, Immuned -> 1
Cycle -> 179, Immuned -> 0
Cycle -> 180, Immuned -> 0
Cycle -> 181, Immuned -> 0
Cycle -> 182, Immuned -> 0
Cycle -> 183, Immuned -> 0
Cycle -> 184, Immuned -> 0
Cycle -> 185, Immuned -> 0
Cycle -> 186, Immuned -> 1
Cycle -> 187, Immuned -> 2
Cycle -> 188, Immuned -> 0
Cycle -> 189, Immuned -> 0
Cycle -> 190, Immuned -> 0
Cycle -> 191, Immuned -> 0
Cycle -> 192, Immuned -> 0
Cycle -> 193, Immuned -> 1
Cycle -> 194, Immuned -> 0
Cycle -> 195, Immuned -> 0
Cycle -> 196, Immuned -> 0
Cycle -> 197, Immuned -> 0
Cycle -> 198, Immuned -> 0
Cycle -> 199, Immuned -> 0

