Stats

Infected OS : ANDROID

Population with Android : 45202
Population with IOS : 62625
Population with OTHERS : 173

Peers spawned near hotspots : 75600
Peers spawned randomly : 32400

Infected Peers : 643
Recovered Peers : 20308
Immuned Peers : 87769

Infected Peers per cycle : 
213
1453
2036
2140
1690
1000
1147
748
455
761
 839
 650
 421
 503
 371
 338
 511
 606
 485
 385
 298
 191
 244
 213
 227
 158
 225
 283
 239
 256
 358
 269
 213
 164
 100
 104
 107
 129
 109
 70
 42
 30
 35
 48
 49
 25
 6
 3
 2
 0
 0
 0
 1
 0
 0
 0
 0
 0
 0
 0
 0
 0
 0
 0
 0
 0
 0
 0
 0
Cycle -> 69, Infected -> 0
Cycle -> 70, Infected -> 0
Cycle -> 71, Infected -> 0
Cycle -> 72, Infected -> 0
Cycle -> 73, Infected -> 0
Cycle -> 74, Infected -> 0
Cycle -> 75, Infected -> 0
Cycle -> 76, Infected -> 0
Cycle -> 77, Infected -> 0
Cycle -> 78, Infected -> 0
Cycle -> 79, Infected -> 0
Cycle -> 80, Infected -> 0
Cycle -> 81, Infected -> 0
Cycle -> 82, Infected -> 0
Cycle -> 83, Infected -> 0
Cycle -> 84, Infected -> 0
Cycle -> 85, Infected -> 0
Cycle -> 86, Infected -> 0
Cycle -> 87, Infected -> 0
Cycle -> 88, Infected -> 0
Cycle -> 89, Infected -> 0
Cycle -> 90, Infected -> 0
Cycle -> 91, Infected -> 0
Cycle -> 92, Infected -> 0
Cycle -> 93, Infected -> 0
Cycle -> 94, Infected -> 0
Cycle -> 95, Infected -> 0
Cycle -> 96, Infected -> 0
Cycle -> 97, Infected -> 0
Cycle -> 98, Infected -> 0
Cycle -> 99, Infected -> 0
Cycle -> 100, Infected -> 0
Cycle -> 101, Infected -> 0
Cycle -> 102, Infected -> 0
Cycle -> 103, Infected -> 0
Cycle -> 104, Infected -> 0
Cycle -> 105, Infected -> 0
Cycle -> 106, Infected -> 0
Cycle -> 107, Infected -> 0
Cycle -> 108, Infected -> 0
Cycle -> 109, Infected -> 0
Cycle -> 110, Infected -> 0
Cycle -> 111, Infected -> 0
Cycle -> 112, Infected -> 0
Cycle -> 113, Infected -> 0
Cycle -> 114, Infected -> 0
Cycle -> 115, Infected -> 0
Cycle -> 116, Infected -> 0
Cycle -> 117, Infected -> 0
Cycle -> 118, Infected -> 0
Cycle -> 119, Infected -> 0
Cycle -> 120, Infected -> 0
Cycle -> 121, Infected -> 0
Cycle -> 122, Infected -> 0
Cycle -> 123, Infected -> 0
Cycle -> 124, Infected -> 0
Cycle -> 125, Infected -> 0
Cycle -> 126, Infected -> 0
Cycle -> 127, Infected -> 0
Cycle -> 128, Infected -> 0
Cycle -> 129, Infected -> 0
Cycle -> 130, Infected -> 0
Cycle -> 131, Infected -> 0
Cycle -> 132, Infected -> 0
Cycle -> 133, Infected -> 0
Cycle -> 134, Infected -> 0
Cycle -> 135, Infected -> 0
Cycle -> 136, Infected -> 0
Cycle -> 137, Infected -> 0
Cycle -> 138, Infected -> 0
Cycle -> 139, Infected -> 0
Cycle -> 140, Infected -> 0
Cycle -> 141, Infected -> 0
Cycle -> 142, Infected -> 0
Cycle -> 143, Infected -> 0
Cycle -> 144, Infected -> 0
Cycle -> 145, Infected -> 0
Cycle -> 146, Infected -> 0
Cycle -> 147, Infected -> 0
Cycle -> 148, Infected -> 0
Cycle -> 149, Infected -> 0
Cycle -> 150, Infected -> 0
Cycle -> 151, Infected -> 0
Cycle -> 152, Infected -> 0
Cycle -> 153, Infected -> 0
Cycle -> 154, Infected -> 0
Cycle -> 155, Infected -> 0
Cycle -> 156, Infected -> 0
Cycle -> 157, Infected -> 0
Cycle -> 158, Infected -> 0
Cycle -> 159, Infected -> 0
Cycle -> 160, Infected -> 0
Cycle -> 161, Infected -> 0
Cycle -> 162, Infected -> 0
Cycle -> 163, Infected -> 0
Cycle -> 164, Infected -> 0
Cycle -> 165, Infected -> 0
Cycle -> 166, Infected -> 0
Cycle -> 167, Infected -> 0
Cycle -> 168, Infected -> 0
Cycle -> 169, Infected -> 0
Cycle -> 170, Infected -> 0
Cycle -> 171, Infected -> 0
Cycle -> 172, Infected -> 0
Cycle -> 173, Infected -> 0
Cycle -> 174, Infected -> 0
Cycle -> 175, Infected -> 0
Cycle -> 176, Infected -> 0
Cycle -> 177, Infected -> 0
Cycle -> 178, Infected -> 0
Cycle -> 179, Infected -> 0
Cycle -> 180, Infected -> 0
Cycle -> 181, Infected -> 0
Cycle -> 182, Infected -> 0
Cycle -> 183, Infected -> 0
Cycle -> 184, Infected -> 0
Cycle -> 185, Infected -> 0
Cycle -> 186, Infected -> 0
Cycle -> 187, Infected -> 0
Cycle -> 188, Infected -> 0
Cycle -> 189, Infected -> 0
Cycle -> 190, Infected -> 0
Cycle -> 191, Infected -> 0
Cycle -> 192, Infected -> 0
Cycle -> 193, Infected -> 0
Cycle -> 194, Infected -> 0
Cycle -> 195, Infected -> 0
Cycle -> 196, Infected -> 0
Cycle -> 197, Infected -> 0
Cycle -> 198, Infected -> 0
Cycle -> 199, Infected -> 0

Recovered Peers per cycle : 
0
123
109
157
268
332
385
403
447
457
428
445
432
454
468
468
399
417
449
477
461
456
440
419
417
411
389
386
347
396
367
341
346
355
315
340
276
302
300
296
279
266
260
234
211
226
229
224
221
176
169
175
145
149
136
125
138
118
138
105
105
98
96
106
82
73
81
70
67
62
74
65
45
53
44
48
39
51
36
35
41
40
30
27
30
26
24
23
30
28
30
20
17
14
28
28
13
17
19
13
 12
 14
 13
 10
 11
 10
 14
 8
 8
 8
 10
 13
 7
 5
 3
 4
 9
 7
 6
 7
 5
 4
 3
 5
 9
 6
 3
 3
 2
 2
 4
 6
 2
 4
 3
 2
ycle -> 136, Recovered -> 3
ycle -> 137, Recovered -> 2
ycle -> 138, Recovered -> 1
ycle -> 139, Recovered -> 0
ycle -> 140, Recovered -> 2
ycle -> 141, Recovered -> 1
ycle -> 142, Recovered -> 0
ycle -> 143, Recovered -> 3
ycle -> 144, Recovered -> 0
ycle -> 145, Recovered -> 1
Cycle -> 146, Recovered -> 1
Cycle -> 147, Recovered -> 0
Cycle -> 148, Recovered -> 1
Cycle -> 149, Recovered -> 1
Cycle -> 150, Recovered -> 0
Cycle -> 151, Recovered -> 1
Cycle -> 152, Recovered -> 1
Cycle -> 153, Recovered -> 1
Cycle -> 154, Recovered -> 0
Cycle -> 155, Recovered -> 0
Cycle -> 156, Recovered -> 3
Cycle -> 157, Recovered -> 2
Cycle -> 158, Recovered -> 0
Cycle -> 159, Recovered -> 0
Cycle -> 160, Recovered -> 0
Cycle -> 161, Recovered -> 1
Cycle -> 162, Recovered -> 0
Cycle -> 163, Recovered -> 0
Cycle -> 164, Recovered -> 0
Cycle -> 165, Recovered -> 0
Cycle -> 166, Recovered -> 2
Cycle -> 167, Recovered -> 1
Cycle -> 168, Recovered -> 0
Cycle -> 169, Recovered -> 1
Cycle -> 170, Recovered -> 0
Cycle -> 171, Recovered -> 1
Cycle -> 172, Recovered -> 0
Cycle -> 173, Recovered -> 0
Cycle -> 174, Recovered -> 0
Cycle -> 175, Recovered -> 1
Cycle -> 176, Recovered -> 0
Cycle -> 177, Recovered -> 0
Cycle -> 178, Recovered -> 0
Cycle -> 179, Recovered -> 0
Cycle -> 180, Recovered -> 0
Cycle -> 181, Recovered -> 2
Cycle -> 182, Recovered -> 0
Cycle -> 183, Recovered -> 1
Cycle -> 184, Recovered -> 0
Cycle -> 185, Recovered -> 0
Cycle -> 186, Recovered -> 0
Cycle -> 187, Recovered -> 0
Cycle -> 188, Recovered -> 0
Cycle -> 189, Recovered -> 0
Cycle -> 190, Recovered -> 0
Cycle -> 191, Recovered -> 0
Cycle -> 192, Recovered -> 0
Cycle -> 193, Recovered -> 1
Cycle -> 194, Recovered -> 0
Cycle -> 195, Recovered -> 0
Cycle -> 196, Recovered -> 0
Cycle -> 197, Recovered -> 0
Cycle -> 198, Recovered -> 0
Cycle -> 199, Recovered -> 1

Immuned Peers per cycle : 
Cycle -> 0, Immuned -> 5449
Cycle -> 1, Immuned -> 4917
Cycle -> 2, Immuned -> 4770
Cycle -> 3, Immuned -> 4496
Cycle -> 4, Immuned -> 4125
Cycle -> 5, Immuned -> 3788
Cycle -> 6, Immuned -> 3581
Cycle -> 7, Immuned -> 3299
Cycle -> 8, Immuned -> 3035
Cycle -> 9, Immuned -> 3048
Cycle -> 10, Immuned -> 3019
Cycle -> 11, Immuned -> 2639
Cycle -> 12, Immuned -> 2475
Cycle -> 13, Immuned -> 2332
Cycle -> 14, Immuned -> 2198
Cycle -> 15, Immuned -> 2106
Cycle -> 16, Immuned -> 1902
Cycle -> 17, Immuned -> 1821
Cycle -> 18, Immuned -> 1690
Cycle -> 19, Immuned -> 1621
Cycle -> 20, Immuned -> 1526
Cycle -> 21, Immuned -> 1380
Cycle -> 22, Immuned -> 1323
Cycle -> 23, Immuned -> 1224
Cycle -> 24, Immuned -> 1162
Cycle -> 25, Immuned -> 1083
Cycle -> 26, Immuned -> 1018
Cycle -> 27, Immuned -> 1005
Cycle -> 28, Immuned -> 792
Cycle -> 29, Immuned -> 856
Cycle -> 30, Immuned -> 758
Cycle -> 31, Immuned -> 773
Cycle -> 32, Immuned -> 656
Cycle -> 33, Immuned -> 647
Cycle -> 34, Immuned -> 589
Cycle -> 35, Immuned -> 556
Cycle -> 36, Immuned -> 515
Cycle -> 37, Immuned -> 492
Cycle -> 38, Immuned -> 460
Cycle -> 39, Immuned -> 445
Cycle -> 40, Immuned -> 421
Cycle -> 41, Immuned -> 394
Cycle -> 42, Immuned -> 384
Cycle -> 43, Immuned -> 362
Cycle -> 44, Immuned -> 327
Cycle -> 45, Immuned -> 302
Cycle -> 46, Immuned -> 313
Cycle -> 47, Immuned -> 284
Cycle -> 48, Immuned -> 244
Cycle -> 49, Immuned -> 292
Cycle -> 50, Immuned -> 233
Cycle -> 51, Immuned -> 244
Cycle -> 52, Immuned -> 231
Cycle -> 53, Immuned -> 209
Cycle -> 54, Immuned -> 176
Cycle -> 55, Immuned -> 188
Cycle -> 56, Immuned -> 182
Cycle -> 57, Immuned -> 163
Cycle -> 58, Immuned -> 158
Cycle -> 59, Immuned -> 151
Cycle -> 60, Immuned -> 147
Cycle -> 61, Immuned -> 137
Cycle -> 62, Immuned -> 124
Cycle -> 63, Immuned -> 129
Cycle -> 64, Immuned -> 136
Cycle -> 65, Immuned -> 118
Cycle -> 66, Immuned -> 107
Cycle -> 67, Immuned -> 99
Cycle -> 68, Immuned -> 90
Cycle -> 69, Immuned -> 96
Cycle -> 70, Immuned -> 85
Cycle -> 71, Immuned -> 85
Cycle -> 72, Immuned -> 82
Cycle -> 73, Immuned -> 80
Cycle -> 74, Immuned -> 65
Cycle -> 75, Immuned -> 57
Cycle -> 76, Immuned -> 78
Cycle -> 77, Immuned -> 65
Cycle -> 78, Immuned -> 58
Cycle -> 79, Immuned -> 64
Cycle -> 80, Immuned -> 56
Cycle -> 81, Immuned -> 42
Cycle -> 82, Immuned -> 49
Cycle -> 83, Immuned -> 52
Cycle -> 84, Immuned -> 42
Cycle -> 85, Immuned -> 41
Cycle -> 86, Immuned -> 34
Cycle -> 87, Immuned -> 46
Cycle -> 88, Immuned -> 39
Cycle -> 89, Immuned -> 31
Cycle -> 90, Immuned -> 27
Cycle -> 91, Immuned -> 33
Cycle -> 92, Immuned -> 30
Cycle -> 93, Immuned -> 28
Cycle -> 94, Immuned -> 23
Cycle -> 95, Immuned -> 15
Cycle -> 96, Immuned -> 28
Cycle -> 97, Immuned -> 26
Cycle -> 98, Immuned -> 22
Cycle -> 99, Immuned -> 16
Cycle -> 100, Immuned -> 20
Cycle -> 101, Immuned -> 20
Cycle -> 102, Immuned -> 5
Cycle -> 103, Immuned -> 10
Cycle -> 104, Immuned -> 12
Cycle -> 105, Immuned -> 16
Cycle -> 106, Immuned -> 12
Cycle -> 107, Immuned -> 11
Cycle -> 108, Immuned -> 7
Cycle -> 109, Immuned -> 9
Cycle -> 110, Immuned -> 13
Cycle -> 111, Immuned -> 12
Cycle -> 112, Immuned -> 16
Cycle -> 113, Immuned -> 13
Cycle -> 114, Immuned -> 21
Cycle -> 115, Immuned -> 11
Cycle -> 116, Immuned -> 6
Cycle -> 117, Immuned -> 10
Cycle -> 118, Immuned -> 8
Cycle -> 119, Immuned -> 5
Cycle -> 120, Immuned -> 4
Cycle -> 121, Immuned -> 10
Cycle -> 122, Immuned -> 6
Cycle -> 123, Immuned -> 4
Cycle -> 124, Immuned -> 3
Cycle -> 125, Immuned -> 4
Cycle -> 126, Immuned -> 3
Cycle -> 127, Immuned -> 1
Cycle -> 128, Immuned -> 5
Cycle -> 129, Immuned -> 4
Cycle -> 130, Immuned -> 1
Cycle -> 131, Immuned -> 4
Cycle -> 132, Immuned -> 5
Cycle -> 133, Immuned -> 6
Cycle -> 134, Immuned -> 3
Cycle -> 135, Immuned -> 2
Cycle -> 136, Immuned -> 1
Cycle -> 137, Immuned -> 5
Cycle -> 138, Immuned -> 5
Cycle -> 139, Immuned -> 3
Cycle -> 140, Immuned -> 5
Cycle -> 141, Immuned -> 1
Cycle -> 142, Immuned -> 0
Cycle -> 143, Immuned -> 1
Cycle -> 144, Immuned -> 1
Cycle -> 145, Immuned -> 2
Cycle -> 146, Immuned -> 0
Cycle -> 147, Immuned -> 0
Cycle -> 148, Immuned -> 1
Cycle -> 149, Immuned -> 0
Cycle -> 150, Immuned -> 3
Cycle -> 151, Immuned -> 3
Cycle -> 152, Immuned -> 2
Cycle -> 153, Immuned -> 0
Cycle -> 154, Immuned -> 2
Cycle -> 155, Immuned -> 4
Cycle -> 156, Immuned -> 1
Cycle -> 157, Immuned -> 1
Cycle -> 158, Immuned -> 2
Cycle -> 159, Immuned -> 1
Cycle -> 160, Immuned -> 3
Cycle -> 161, Immuned -> 1
Cycle -> 162, Immuned -> 0
Cycle -> 163, Immuned -> 1
Cycle -> 164, Immuned -> 2
Cycle -> 165, Immuned -> 0
Cycle -> 166, Immuned -> 0
Cycle -> 167, Immuned -> 0
Cycle -> 168, Immuned -> 0
Cycle -> 169, Immuned -> 0
Cycle -> 170, Immuned -> 0
Cycle -> 171, Immuned -> 1
Cycle -> 172, Immuned -> 0
Cycle -> 173, Immuned -> 0
Cycle -> 174, Immuned -> 0
Cycle -> 175, Immuned -> 0
Cycle -> 176, Immuned -> 0
Cycle -> 177, Immuned -> 0
Cycle -> 178, Immuned -> 0
Cycle -> 179, Immuned -> 0
Cycle -> 180, Immuned -> 1
Cycle -> 181, Immuned -> 0
Cycle -> 182, Immuned -> 0
Cycle -> 183, Immuned -> 0
Cycle -> 184, Immuned -> 0
Cycle -> 185, Immuned -> 1
Cycle -> 186, Immuned -> 0
Cycle -> 187, Immuned -> 0
Cycle -> 188, Immuned -> 0
Cycle -> 189, Immuned -> 1
Cycle -> 190, Immuned -> 0
Cycle -> 191, Immuned -> 0
Cycle -> 192, Immuned -> 1
Cycle -> 193, Immuned -> 0
Cycle -> 194, Immuned -> 0
Cycle -> 195, Immuned -> 0
Cycle -> 196, Immuned -> 0
Cycle -> 197, Immuned -> 0
Cycle -> 198, Immuned -> 0
Cycle -> 199, Immuned -> 0

