Stats

Infected OS : ANDROID

Population with Android : 51261
Population with IOS : 8558
Population with OTHERS : 181

Peers in Hotspot : 77978

Infected Peers : 2
Recovered Peers : 25186
Immuned Peers : 34812

Infected Peers per cycle : 
Cycle -> 0, Infected -> 72
Cycle -> 1, Infected -> 380
Cycle -> 2, Infected -> 478
Cycle -> 3, Infected -> 923
Cycle -> 4, Infected -> 2432
Cycle -> 5, Infected -> 2121
Cycle -> 6, Infected -> 1574
Cycle -> 7, Infected -> 1366
Cycle -> 8, Infected -> 1041
Cycle -> 9, Infected -> 1002
Cycle -> 10, Infected -> 1067
Cycle -> 11, Infected -> 885
Cycle -> 12, Infected -> 951
Cycle -> 13, Infected -> 1019
Cycle -> 14, Infected -> 1024
Cycle -> 15, Infected -> 1240
Cycle -> 16, Infected -> 1112
Cycle -> 17, Infected -> 1020
Cycle -> 18, Infected -> 890
Cycle -> 19, Infected -> 1002
Cycle -> 20, Infected -> 886
Cycle -> 21, Infected -> 696
Cycle -> 22, Infected -> 400
Cycle -> 23, Infected -> 399
Cycle -> 24, Infected -> 356
Cycle -> 25, Infected -> 146
Cycle -> 26, Infected -> 277
Cycle -> 27, Infected -> 239
Cycle -> 28, Infected -> 137
Cycle -> 29, Infected -> 25
Cycle -> 30, Infected -> 7
Cycle -> 31, Infected -> 9
Cycle -> 32, Infected -> 4
Cycle -> 33, Infected -> 2
Cycle -> 34, Infected -> 0
Cycle -> 35, Infected -> 3
Cycle -> 36, Infected -> 1
Cycle -> 37, Infected -> 0
Cycle -> 38, Infected -> 0
Cycle -> 39, Infected -> 0
Cycle -> 40, Infected -> 1
Cycle -> 41, Infected -> 0
Cycle -> 42, Infected -> 0
Cycle -> 43, Infected -> 0
Cycle -> 44, Infected -> 0
Cycle -> 45, Infected -> 0
Cycle -> 46, Infected -> 0
Cycle -> 47, Infected -> 0
Cycle -> 48, Infected -> 0
Cycle -> 49, Infected -> 0
Cycle -> 50, Infected -> 0
Cycle -> 51, Infected -> 0
Cycle -> 52, Infected -> 0
Cycle -> 53, Infected -> 0
Cycle -> 54, Infected -> 0
Cycle -> 55, Infected -> 0
Cycle -> 56, Infected -> 0
Cycle -> 57, Infected -> 0
Cycle -> 58, Infected -> 0
Cycle -> 59, Infected -> 0
Cycle -> 60, Infected -> 0
Cycle -> 61, Infected -> 0
Cycle -> 62, Infected -> 0
Cycle -> 63, Infected -> 0
Cycle -> 64, Infected -> 0
Cycle -> 65, Infected -> 0
Cycle -> 66, Infected -> 0
Cycle -> 67, Infected -> 0
Cycle -> 68, Infected -> 0
Cycle -> 69, Infected -> 0
Cycle -> 70, Infected -> 0
Cycle -> 71, Infected -> 0
Cycle -> 72, Infected -> 0
Cycle -> 73, Infected -> 0
Cycle -> 74, Infected -> 0
Cycle -> 75, Infected -> 0
Cycle -> 76, Infected -> 0
Cycle -> 77, Infected -> 0
Cycle -> 78, Infected -> 0
Cycle -> 79, Infected -> 0
Cycle -> 80, Infected -> 0
Cycle -> 81, Infected -> 0
Cycle -> 82, Infected -> 0
Cycle -> 83, Infected -> 0
Cycle -> 84, Infected -> 0
Cycle -> 85, Infected -> 0
Cycle -> 86, Infected -> 0
Cycle -> 87, Infected -> 0
Cycle -> 88, Infected -> 0
Cycle -> 89, Infected -> 0
Cycle -> 90, Infected -> 0
Cycle -> 91, Infected -> 0
Cycle -> 92, Infected -> 0
Cycle -> 93, Infected -> 0
Cycle -> 94, Infected -> 0
Cycle -> 95, Infected -> 0
Cycle -> 96, Infected -> 0
Cycle -> 97, Infected -> 0
Cycle -> 98, Infected -> 0
Cycle -> 99, Infected -> 0
Cycle -> 100, Infected -> 0
Cycle -> 101, Infected -> 0
Cycle -> 102, Infected -> 0
Cycle -> 103, Infected -> 0
Cycle -> 104, Infected -> 0
Cycle -> 105, Infected -> 0
Cycle -> 106, Infected -> 0
Cycle -> 107, Infected -> 0
Cycle -> 108, Infected -> 0
Cycle -> 109, Infected -> 0
Cycle -> 110, Infected -> 0
Cycle -> 111, Infected -> 0
Cycle -> 112, Infected -> 0
Cycle -> 113, Infected -> 0
Cycle -> 114, Infected -> 0
Cycle -> 115, Infected -> 0
Cycle -> 116, Infected -> 0
Cycle -> 117, Infected -> 0
Cycle -> 118, Infected -> 0
Cycle -> 119, Infected -> 0
Cycle -> 120, Infected -> 0
Cycle -> 121, Infected -> 0
Cycle -> 122, Infected -> 0
Cycle -> 123, Infected -> 0
Cycle -> 124, Infected -> 0
Cycle -> 125, Infected -> 0
Cycle -> 126, Infected -> 0
Cycle -> 127, Infected -> 0
Cycle -> 128, Infected -> 0
Cycle -> 129, Infected -> 0
Cycle -> 130, Infected -> 0
Cycle -> 131, Infected -> 0
Cycle -> 132, Infected -> 0
Cycle -> 133, Infected -> 0
Cycle -> 134, Infected -> 0
Cycle -> 135, Infected -> 0
Cycle -> 136, Infected -> 0
Cycle -> 137, Infected -> 0
Cycle -> 138, Infected -> 0
Cycle -> 139, Infected -> 0
Cycle -> 140, Infected -> 0
Cycle -> 141, Infected -> 0
Cycle -> 142, Infected -> 0
Cycle -> 143, Infected -> 0
Cycle -> 144, Infected -> 0
Cycle -> 145, Infected -> 0
Cycle -> 146, Infected -> 0
Cycle -> 147, Infected -> 0
Cycle -> 148, Infected -> 0
Cycle -> 149, Infected -> 0
Cycle -> 150, Infected -> 0
Cycle -> 151, Infected -> 0
Cycle -> 152, Infected -> 0
Cycle -> 153, Infected -> 0
Cycle -> 154, Infected -> 0
Cycle -> 155, Infected -> 0
Cycle -> 156, Infected -> 0
Cycle -> 157, Infected -> 0
Cycle -> 158, Infected -> 0
Cycle -> 159, Infected -> 0
Cycle -> 160, Infected -> 0
Cycle -> 161, Infected -> 0
Cycle -> 162, Infected -> 0
Cycle -> 163, Infected -> 0
Cycle -> 164, Infected -> 0
Cycle -> 165, Infected -> 0
Cycle -> 166, Infected -> 0
Cycle -> 167, Infected -> 0
Cycle -> 168, Infected -> 0
Cycle -> 169, Infected -> 0
Cycle -> 170, Infected -> 0
Cycle -> 171, Infected -> 0
Cycle -> 172, Infected -> 0
Cycle -> 173, Infected -> 0
Cycle -> 174, Infected -> 0
Cycle -> 175, Infected -> 0
Cycle -> 176, Infected -> 0
Cycle -> 177, Infected -> 0
Cycle -> 178, Infected -> 0
Cycle -> 179, Infected -> 0
Cycle -> 180, Infected -> 0
Cycle -> 181, Infected -> 0
Cycle -> 182, Infected -> 0
Cycle -> 183, Infected -> 0
Cycle -> 184, Infected -> 0
Cycle -> 185, Infected -> 0
Cycle -> 186, Infected -> 0
Cycle -> 187, Infected -> 0
Cycle -> 188, Infected -> 0
Cycle -> 189, Infected -> 0
Cycle -> 190, Infected -> 0
Cycle -> 191, Infected -> 0
Cycle -> 192, Infected -> 0
Cycle -> 193, Infected -> 0
Cycle -> 194, Infected -> 0
Cycle -> 195, Infected -> 0
Cycle -> 196, Infected -> 0
Cycle -> 197, Infected -> 0
Cycle -> 198, Infected -> 0
Cycle -> 199, Infected -> 0

Recovered Peers per cycle : 
Cycle -> 0, Recovered -> 0
Cycle -> 1, Recovered -> 4
Cycle -> 2, Recovered -> 20
Cycle -> 3, Recovered -> 41
Cycle -> 4, Recovered -> 82
Cycle -> 5, Recovered -> 218
Cycle -> 6, Recovered -> 284
Cycle -> 7, Recovered -> 346
Cycle -> 8, Recovered -> 443
Cycle -> 9, Recovered -> 440
Cycle -> 10, Recovered -> 457
Cycle -> 11, Recovered -> 558
Cycle -> 12, Recovered -> 528
Cycle -> 13, Recovered -> 551
Cycle -> 14, Recovered -> 571
Cycle -> 15, Recovered -> 596
Cycle -> 16, Recovered -> 625
Cycle -> 17, Recovered -> 639
Cycle -> 18, Recovered -> 674
Cycle -> 19, Recovered -> 661
Cycle -> 20, Recovered -> 700
Cycle -> 21, Recovered -> 720
Cycle -> 22, Recovered -> 713
Cycle -> 23, Recovered -> 700
Cycle -> 24, Recovered -> 627
Cycle -> 25, Recovered -> 662
Cycle -> 26, Recovered -> 620
Cycle -> 27, Recovered -> 578
Cycle -> 28, Recovered -> 622
Cycle -> 29, Recovered -> 540
Cycle -> 30, Recovered -> 542
Cycle -> 31, Recovered -> 522
Cycle -> 32, Recovered -> 513
Cycle -> 33, Recovered -> 499
Cycle -> 34, Recovered -> 478
Cycle -> 35, Recovered -> 434
Cycle -> 36, Recovered -> 375
Cycle -> 37, Recovered -> 384
Cycle -> 38, Recovered -> 377
Cycle -> 39, Recovered -> 338
Cycle -> 40, Recovered -> 314
Cycle -> 41, Recovered -> 315
Cycle -> 42, Recovered -> 241
Cycle -> 43, Recovered -> 287
Cycle -> 44, Recovered -> 266
Cycle -> 45, Recovered -> 259
Cycle -> 46, Recovered -> 227
Cycle -> 47, Recovered -> 245
Cycle -> 48, Recovered -> 222
Cycle -> 49, Recovered -> 208
Cycle -> 50, Recovered -> 185
Cycle -> 51, Recovered -> 165
Cycle -> 52, Recovered -> 196
Cycle -> 53, Recovered -> 178
Cycle -> 54, Recovered -> 169
Cycle -> 55, Recovered -> 168
Cycle -> 56, Recovered -> 151
Cycle -> 57, Recovered -> 129
Cycle -> 58, Recovered -> 119
Cycle -> 59, Recovered -> 113
Cycle -> 60, Recovered -> 111
Cycle -> 61, Recovered -> 106
Cycle -> 62, Recovered -> 109
Cycle -> 63, Recovered -> 115
Cycle -> 64, Recovered -> 97
Cycle -> 65, Recovered -> 95
Cycle -> 66, Recovered -> 90
Cycle -> 67, Recovered -> 77
Cycle -> 68, Recovered -> 69
Cycle -> 69, Recovered -> 77
Cycle -> 70, Recovered -> 66
Cycle -> 71, Recovered -> 72
Cycle -> 72, Recovered -> 65
Cycle -> 73, Recovered -> 70
Cycle -> 74, Recovered -> 54
Cycle -> 75, Recovered -> 55
Cycle -> 76, Recovered -> 56
Cycle -> 77, Recovered -> 51
Cycle -> 78, Recovered -> 58
Cycle -> 79, Recovered -> 44
Cycle -> 80, Recovered -> 32
Cycle -> 81, Recovered -> 43
Cycle -> 82, Recovered -> 39
Cycle -> 83, Recovered -> 19
Cycle -> 84, Recovered -> 42
Cycle -> 85, Recovered -> 28
Cycle -> 86, Recovered -> 29
Cycle -> 87, Recovered -> 33
Cycle -> 88, Recovered -> 18
Cycle -> 89, Recovered -> 31
Cycle -> 90, Recovered -> 27
Cycle -> 91, Recovered -> 30
Cycle -> 92, Recovered -> 26
Cycle -> 93, Recovered -> 25
Cycle -> 94, Recovered -> 20
Cycle -> 95, Recovered -> 20
Cycle -> 96, Recovered -> 16
Cycle -> 97, Recovered -> 19
Cycle -> 98, Recovered -> 17
Cycle -> 99, Recovered -> 20
Cycle -> 100, Recovered -> 8
Cycle -> 101, Recovered -> 12
Cycle -> 102, Recovered -> 15
Cycle -> 103, Recovered -> 10
Cycle -> 104, Recovered -> 11
Cycle -> 105, Recovered -> 7
Cycle -> 106, Recovered -> 13
Cycle -> 107, Recovered -> 9
Cycle -> 108, Recovered -> 13
Cycle -> 109, Recovered -> 9
Cycle -> 110, Recovered -> 5
Cycle -> 111, Recovered -> 9
Cycle -> 112, Recovered -> 11
Cycle -> 113, Recovered -> 4
Cycle -> 114, Recovered -> 6
Cycle -> 115, Recovered -> 5
Cycle -> 116, Recovered -> 6
Cycle -> 117, Recovered -> 4
Cycle -> 118, Recovered -> 8
Cycle -> 119, Recovered -> 5
Cycle -> 120, Recovered -> 5
Cycle -> 121, Recovered -> 3
Cycle -> 122, Recovered -> 5
Cycle -> 123, Recovered -> 8
Cycle -> 124, Recovered -> 4
Cycle -> 125, Recovered -> 5
Cycle -> 126, Recovered -> 2
Cycle -> 127, Recovered -> 7
Cycle -> 128, Recovered -> 2
Cycle -> 129, Recovered -> 2
Cycle -> 130, Recovered -> 2
Cycle -> 131, Recovered -> 3
Cycle -> 132, Recovered -> 2
Cycle -> 133, Recovered -> 4
Cycle -> 134, Recovered -> 2
Cycle -> 135, Recovered -> 3
Cycle -> 136, Recovered -> 1
Cycle -> 137, Recovered -> 2
Cycle -> 138, Recovered -> 0
Cycle -> 139, Recovered -> 2
Cycle -> 140, Recovered -> 1
Cycle -> 141, Recovered -> 0
Cycle -> 142, Recovered -> 3
Cycle -> 143, Recovered -> 1
Cycle -> 144, Recovered -> 4
Cycle -> 145, Recovered -> 0
Cycle -> 146, Recovered -> 3
Cycle -> 147, Recovered -> 1
Cycle -> 148, Recovered -> 4
Cycle -> 149, Recovered -> 0
Cycle -> 150, Recovered -> 0
Cycle -> 151, Recovered -> 2
Cycle -> 152, Recovered -> 0
Cycle -> 153, Recovered -> 2
Cycle -> 154, Recovered -> 2
Cycle -> 155, Recovered -> 2
Cycle -> 156, Recovered -> 0
Cycle -> 157, Recovered -> 0
Cycle -> 158, Recovered -> 1
Cycle -> 159, Recovered -> 1
Cycle -> 160, Recovered -> 0
Cycle -> 161, Recovered -> 0
Cycle -> 162, Recovered -> 2
Cycle -> 163, Recovered -> 0
Cycle -> 164, Recovered -> 0
Cycle -> 165, Recovered -> 0
Cycle -> 166, Recovered -> 0
Cycle -> 167, Recovered -> 0
Cycle -> 168, Recovered -> 1
Cycle -> 169, Recovered -> 0
Cycle -> 170, Recovered -> 1
Cycle -> 171, Recovered -> 0
Cycle -> 172, Recovered -> 2
Cycle -> 173, Recovered -> 0
Cycle -> 174, Recovered -> 0
Cycle -> 175, Recovered -> 2
Cycle -> 176, Recovered -> 1
Cycle -> 177, Recovered -> 0
Cycle -> 178, Recovered -> 1
Cycle -> 179, Recovered -> 0
Cycle -> 180, Recovered -> 0
Cycle -> 181, Recovered -> 2
Cycle -> 182, Recovered -> 0
Cycle -> 183, Recovered -> 0
Cycle -> 184, Recovered -> 0
Cycle -> 185, Recovered -> 1
Cycle -> 186, Recovered -> 0
Cycle -> 187, Recovered -> 0
Cycle -> 188, Recovered -> 0
Cycle -> 189, Recovered -> 0
Cycle -> 190, Recovered -> 0
Cycle -> 191, Recovered -> 0
Cycle -> 192, Recovered -> 1
Cycle -> 193, Recovered -> 0
Cycle -> 194, Recovered -> 0
Cycle -> 195, Recovered -> 0
Cycle -> 196, Recovered -> 1
Cycle -> 197, Recovered -> 0
Cycle -> 198, Recovered -> 0
Cycle -> 199, Recovered -> 0

Immuned Peers per cycle : 
Cycle -> 0, Immuned -> 3002
Cycle -> 1, Immuned -> 2932
Cycle -> 2, Immuned -> 2705
Cycle -> 3, Immuned -> 2492
Cycle -> 4, Immuned -> 2390
Cycle -> 5, Immuned -> 2131
Cycle -> 6, Immuned -> 2004
Cycle -> 7, Immuned -> 1763
Cycle -> 8, Immuned -> 1550
Cycle -> 9, Immuned -> 1426
Cycle -> 10, Immuned -> 1298
Cycle -> 11, Immuned -> 1198
Cycle -> 12, Immuned -> 1072
Cycle -> 13, Immuned -> 1037
Cycle -> 14, Immuned -> 868
Cycle -> 15, Immuned -> 807
Cycle -> 16, Immuned -> 679
Cycle -> 17, Immuned -> 585
Cycle -> 18, Immuned -> 501
Cycle -> 19, Immuned -> 434
Cycle -> 20, Immuned -> 371
Cycle -> 21, Immuned -> 315
Cycle -> 22, Immuned -> 222
Cycle -> 23, Immuned -> 256
Cycle -> 24, Immuned -> 194
Cycle -> 25, Immuned -> 179
Cycle -> 26, Immuned -> 135
Cycle -> 27, Immuned -> 125
Cycle -> 28, Immuned -> 128
Cycle -> 29, Immuned -> 106
Cycle -> 30, Immuned -> 101
Cycle -> 31, Immuned -> 97
Cycle -> 32, Immuned -> 89
Cycle -> 33, Immuned -> 82
Cycle -> 34, Immuned -> 77
Cycle -> 35, Immuned -> 68
Cycle -> 36, Immuned -> 61
Cycle -> 37, Immuned -> 57
Cycle -> 38, Immuned -> 60
Cycle -> 39, Immuned -> 68
Cycle -> 40, Immuned -> 65
Cycle -> 41, Immuned -> 43
Cycle -> 42, Immuned -> 45
Cycle -> 43, Immuned -> 40
Cycle -> 44, Immuned -> 53
Cycle -> 45, Immuned -> 42
Cycle -> 46, Immuned -> 40
Cycle -> 47, Immuned -> 37
Cycle -> 48, Immuned -> 37
Cycle -> 49, Immuned -> 26
Cycle -> 50, Immuned -> 29
Cycle -> 51, Immuned -> 34
Cycle -> 52, Immuned -> 23
Cycle -> 53, Immuned -> 35
Cycle -> 54, Immuned -> 33
Cycle -> 55, Immuned -> 31
Cycle -> 56, Immuned -> 33
Cycle -> 57, Immuned -> 29
Cycle -> 58, Immuned -> 19
Cycle -> 59, Immuned -> 24
Cycle -> 60, Immuned -> 22
Cycle -> 61, Immuned -> 25
Cycle -> 62, Immuned -> 18
Cycle -> 63, Immuned -> 18
Cycle -> 64, Immuned -> 23
Cycle -> 65, Immuned -> 11
Cycle -> 66, Immuned -> 8
Cycle -> 67, Immuned -> 9
Cycle -> 68, Immuned -> 13
Cycle -> 69, Immuned -> 21
Cycle -> 70, Immuned -> 10
Cycle -> 71, Immuned -> 13
Cycle -> 72, Immuned -> 12
Cycle -> 73, Immuned -> 10
Cycle -> 74, Immuned -> 7
Cycle -> 75, Immuned -> 11
Cycle -> 76, Immuned -> 8
Cycle -> 77, Immuned -> 15
Cycle -> 78, Immuned -> 11
Cycle -> 79, Immuned -> 3
Cycle -> 80, Immuned -> 9
Cycle -> 81, Immuned -> 8
Cycle -> 82, Immuned -> 8
Cycle -> 83, Immuned -> 7
Cycle -> 84, Immuned -> 7
Cycle -> 85, Immuned -> 6
Cycle -> 86, Immuned -> 5
Cycle -> 87, Immuned -> 7
Cycle -> 88, Immuned -> 5
Cycle -> 89, Immuned -> 3
Cycle -> 90, Immuned -> 2
Cycle -> 91, Immuned -> 7
Cycle -> 92, Immuned -> 1
Cycle -> 93, Immuned -> 2
Cycle -> 94, Immuned -> 2
Cycle -> 95, Immuned -> 3
Cycle -> 96, Immuned -> 1
Cycle -> 97, Immuned -> 4
Cycle -> 98, Immuned -> 5
Cycle -> 99, Immuned -> 3
Cycle -> 100, Immuned -> 6
Cycle -> 101, Immuned -> 3
Cycle -> 102, Immuned -> 2
Cycle -> 103, Immuned -> 2
Cycle -> 104, Immuned -> 1
Cycle -> 105, Immuned -> 4
Cycle -> 106, Immuned -> 3
Cycle -> 107, Immuned -> 0
Cycle -> 108, Immuned -> 2
Cycle -> 109, Immuned -> 2
Cycle -> 110, Immuned -> 2
Cycle -> 111, Immuned -> 2
Cycle -> 112, Immuned -> 1
Cycle -> 113, Immuned -> 2
Cycle -> 114, Immuned -> 4
Cycle -> 115, Immuned -> 1
Cycle -> 116, Immuned -> 2
Cycle -> 117, Immuned -> 1
Cycle -> 118, Immuned -> 1
Cycle -> 119, Immuned -> 0
Cycle -> 120, Immuned -> 0
Cycle -> 121, Immuned -> 1
Cycle -> 122, Immuned -> 1
Cycle -> 123, Immuned -> 1
Cycle -> 124, Immuned -> 1
Cycle -> 125, Immuned -> 2
Cycle -> 126, Immuned -> 2
Cycle -> 127, Immuned -> 0
Cycle -> 128, Immuned -> 0
Cycle -> 129, Immuned -> 1
Cycle -> 130, Immuned -> 2
Cycle -> 131, Immuned -> 1
Cycle -> 132, Immuned -> 0
Cycle -> 133, Immuned -> 2
Cycle -> 134, Immuned -> 1
Cycle -> 135, Immuned -> 0
Cycle -> 136, Immuned -> 0
Cycle -> 137, Immuned -> 0
Cycle -> 138, Immuned -> 0
Cycle -> 139, Immuned -> 0
Cycle -> 140, Immuned -> 1
Cycle -> 141, Immuned -> 0
Cycle -> 142, Immuned -> 1
Cycle -> 143, Immuned -> 0
Cycle -> 144, Immuned -> 0
Cycle -> 145, Immuned -> 0
Cycle -> 146, Immuned -> 1
Cycle -> 147, Immuned -> 0
Cycle -> 148, Immuned -> 1
Cycle -> 149, Immuned -> 0
Cycle -> 150, Immuned -> 1
Cycle -> 151, Immuned -> 0
Cycle -> 152, Immuned -> 1
Cycle -> 153, Immuned -> 1
Cycle -> 154, Immuned -> 0
Cycle -> 155, Immuned -> 0
Cycle -> 156, Immuned -> 0
Cycle -> 157, Immuned -> 0
Cycle -> 158, Immuned -> 0
Cycle -> 159, Immuned -> 0
Cycle -> 160, Immuned -> 0
Cycle -> 161, Immuned -> 0
Cycle -> 162, Immuned -> 0
Cycle -> 163, Immuned -> 1
Cycle -> 164, Immuned -> 0
Cycle -> 165, Immuned -> 0
Cycle -> 166, Immuned -> 0
Cycle -> 167, Immuned -> 0
Cycle -> 168, Immuned -> 0
Cycle -> 169, Immuned -> 0
Cycle -> 170, Immuned -> 0
Cycle -> 171, Immuned -> 1
Cycle -> 172, Immuned -> 0
Cycle -> 173, Immuned -> 0
Cycle -> 174, Immuned -> 0
Cycle -> 175, Immuned -> 1
Cycle -> 176, Immuned -> 0
Cycle -> 177, Immuned -> 0
Cycle -> 178, Immuned -> 0
Cycle -> 179, Immuned -> 0
Cycle -> 180, Immuned -> 0
Cycle -> 181, Immuned -> 0
Cycle -> 182, Immuned -> 0
Cycle -> 183, Immuned -> 0
Cycle -> 184, Immuned -> 0
Cycle -> 185, Immuned -> 0
Cycle -> 186, Immuned -> 0
Cycle -> 187, Immuned -> 0
Cycle -> 188, Immuned -> 0
Cycle -> 189, Immuned -> 0
Cycle -> 190, Immuned -> 0
Cycle -> 191, Immuned -> 0
Cycle -> 192, Immuned -> 0
Cycle -> 193, Immuned -> 0
Cycle -> 194, Immuned -> 0
Cycle -> 195, Immuned -> 0
Cycle -> 196, Immuned -> 0
Cycle -> 197, Immuned -> 0
Cycle -> 198, Immuned -> 0
Cycle -> 199, Immuned -> 0

