Stats

Infected OS : ANDROID

Population with Android : 24293
Population with IOS : 4172
Population with OTHERS : 535

Peers spawned near hotspots : 20300
Peers spawned randomly : 8700

Infected Peers : 4234
Recovered Peers : 0
Immuned Peers : 24766

Infected Peers per cycle : 
 2
 7
 20
 32
 64
 93
 135
 167
 194
 211
260
253
219
203
188
191
210
139
100
101
80
69
77
47
68
88
94
103
63
56
51
56
47
50
47
37
23
30
19
12
24
26
27
26
17
13
20
11
10
10
8
6
7
3
7
2
2
6
4
9
4
6
1
2
6
5
3
3
1
5
2
5
2
4
4
3
4
2
3
0
1
4
0
0
2
3
2
1
1
1
1
0
1
0
0
0
0
0
0
0
 0
 2
 0
 1
 0
 1
 0
 0
 0
 0
 0
 0
 0
 0
 0
 1
 0
 0
 0
 0
 0
 1
 0
 0
 0
 0
 0
 0
 0
 0
 0
 0
 0
 0
 0
 0
 0
 0
 0
 0
 0
 0
 0
 0
 0
 0
 0
 0
 0
 0
 0
 0
 0
 0
 0
 0
 0
 0
 0
 0
 0
 0
 1
 0
 0
 0
 0
 0
 0
 0
 0
 0
 0
 0
 0
 0
 0
 0
 0
 0
 0
 0
 0
 0
 0
 0
 0
 0
 0
 0
 0
 0
 0
 0
 0
 0
 0
 0
 0
 0

Recovered Peers per cycle : 
Cycle -> 0, Recovered -> 0
Cycle -> 1, Recovered -> 0
Cycle -> 2, Recovered -> 0
Cycle -> 3, Recovered -> 0
Cycle -> 4, Recovered -> 0
Cycle -> 5, Recovered -> 0
Cycle -> 6, Recovered -> 0
Cycle -> 7, Recovered -> 0
Cycle -> 8, Recovered -> 0
Cycle -> 9, Recovered -> 0
Cycle -> 10, Recovered -> 0
Cycle -> 11, Recovered -> 0
Cycle -> 12, Recovered -> 0
Cycle -> 13, Recovered -> 0
Cycle -> 14, Recovered -> 0
Cycle -> 15, Recovered -> 0
Cycle -> 16, Recovered -> 0
Cycle -> 17, Recovered -> 0
Cycle -> 18, Recovered -> 0
Cycle -> 19, Recovered -> 0
Cycle -> 20, Recovered -> 0
Cycle -> 21, Recovered -> 0
Cycle -> 22, Recovered -> 0
Cycle -> 23, Recovered -> 0
Cycle -> 24, Recovered -> 0
Cycle -> 25, Recovered -> 0
Cycle -> 26, Recovered -> 0
Cycle -> 27, Recovered -> 0
Cycle -> 28, Recovered -> 0
Cycle -> 29, Recovered -> 0
Cycle -> 30, Recovered -> 0
Cycle -> 31, Recovered -> 0
Cycle -> 32, Recovered -> 0
Cycle -> 33, Recovered -> 0
Cycle -> 34, Recovered -> 0
Cycle -> 35, Recovered -> 0
Cycle -> 36, Recovered -> 0
Cycle -> 37, Recovered -> 0
Cycle -> 38, Recovered -> 0
Cycle -> 39, Recovered -> 0
Cycle -> 40, Recovered -> 0
Cycle -> 41, Recovered -> 0
Cycle -> 42, Recovered -> 0
Cycle -> 43, Recovered -> 0
Cycle -> 44, Recovered -> 0
Cycle -> 45, Recovered -> 0
Cycle -> 46, Recovered -> 0
Cycle -> 47, Recovered -> 0
Cycle -> 48, Recovered -> 0
Cycle -> 49, Recovered -> 0
Cycle -> 50, Recovered -> 0
Cycle -> 51, Recovered -> 0
Cycle -> 52, Recovered -> 0
Cycle -> 53, Recovered -> 0
Cycle -> 54, Recovered -> 0
Cycle -> 55, Recovered -> 0
Cycle -> 56, Recovered -> 0
Cycle -> 57, Recovered -> 0
Cycle -> 58, Recovered -> 0
Cycle -> 59, Recovered -> 0
Cycle -> 60, Recovered -> 0
Cycle -> 61, Recovered -> 0
Cycle -> 62, Recovered -> 0
Cycle -> 63, Recovered -> 0
Cycle -> 64, Recovered -> 0
Cycle -> 65, Recovered -> 0
Cycle -> 66, Recovered -> 0
Cycle -> 67, Recovered -> 0
Cycle -> 68, Recovered -> 0
Cycle -> 69, Recovered -> 0
Cycle -> 70, Recovered -> 0
Cycle -> 71, Recovered -> 0
Cycle -> 72, Recovered -> 0
Cycle -> 73, Recovered -> 0
Cycle -> 74, Recovered -> 0
Cycle -> 75, Recovered -> 0
Cycle -> 76, Recovered -> 0
Cycle -> 77, Recovered -> 0
Cycle -> 78, Recovered -> 0
Cycle -> 79, Recovered -> 0
Cycle -> 80, Recovered -> 0
Cycle -> 81, Recovered -> 0
Cycle -> 82, Recovered -> 0
Cycle -> 83, Recovered -> 0
Cycle -> 84, Recovered -> 0
Cycle -> 85, Recovered -> 0
Cycle -> 86, Recovered -> 0
Cycle -> 87, Recovered -> 0
Cycle -> 88, Recovered -> 0
Cycle -> 89, Recovered -> 0
Cycle -> 90, Recovered -> 0
Cycle -> 91, Recovered -> 0
Cycle -> 92, Recovered -> 0
Cycle -> 93, Recovered -> 0
Cycle -> 94, Recovered -> 0
Cycle -> 95, Recovered -> 0
Cycle -> 96, Recovered -> 0
Cycle -> 97, Recovered -> 0
Cycle -> 98, Recovered -> 0
Cycle -> 99, Recovered -> 0
Cycle -> 100, Recovered -> 0
Cycle -> 101, Recovered -> 0
Cycle -> 102, Recovered -> 0
Cycle -> 103, Recovered -> 0
Cycle -> 104, Recovered -> 0
Cycle -> 105, Recovered -> 0
Cycle -> 106, Recovered -> 0
Cycle -> 107, Recovered -> 0
Cycle -> 108, Recovered -> 0
Cycle -> 109, Recovered -> 0
Cycle -> 110, Recovered -> 0
Cycle -> 111, Recovered -> 0
Cycle -> 112, Recovered -> 0
Cycle -> 113, Recovered -> 0
Cycle -> 114, Recovered -> 0
Cycle -> 115, Recovered -> 0
Cycle -> 116, Recovered -> 0
Cycle -> 117, Recovered -> 0
Cycle -> 118, Recovered -> 0
Cycle -> 119, Recovered -> 0
Cycle -> 120, Recovered -> 0
Cycle -> 121, Recovered -> 0
Cycle -> 122, Recovered -> 0
Cycle -> 123, Recovered -> 0
Cycle -> 124, Recovered -> 0
Cycle -> 125, Recovered -> 0
Cycle -> 126, Recovered -> 0
Cycle -> 127, Recovered -> 0
Cycle -> 128, Recovered -> 0
Cycle -> 129, Recovered -> 0
Cycle -> 130, Recovered -> 0
Cycle -> 131, Recovered -> 0
Cycle -> 132, Recovered -> 0
Cycle -> 133, Recovered -> 0
Cycle -> 134, Recovered -> 0
Cycle -> 135, Recovered -> 0
Cycle -> 136, Recovered -> 0
Cycle -> 137, Recovered -> 0
Cycle -> 138, Recovered -> 0
Cycle -> 139, Recovered -> 0
Cycle -> 140, Recovered -> 0
Cycle -> 141, Recovered -> 0
Cycle -> 142, Recovered -> 0
Cycle -> 143, Recovered -> 0
Cycle -> 144, Recovered -> 0
Cycle -> 145, Recovered -> 0
Cycle -> 146, Recovered -> 0
Cycle -> 147, Recovered -> 0
Cycle -> 148, Recovered -> 0
Cycle -> 149, Recovered -> 0
Cycle -> 150, Recovered -> 0
Cycle -> 151, Recovered -> 0
Cycle -> 152, Recovered -> 0
Cycle -> 153, Recovered -> 0
Cycle -> 154, Recovered -> 0
Cycle -> 155, Recovered -> 0
Cycle -> 156, Recovered -> 0
Cycle -> 157, Recovered -> 0
Cycle -> 158, Recovered -> 0
Cycle -> 159, Recovered -> 0
Cycle -> 160, Recovered -> 0
Cycle -> 161, Recovered -> 0
Cycle -> 162, Recovered -> 0
Cycle -> 163, Recovered -> 0
Cycle -> 164, Recovered -> 0
Cycle -> 165, Recovered -> 0
Cycle -> 166, Recovered -> 0
Cycle -> 167, Recovered -> 0
Cycle -> 168, Recovered -> 0
Cycle -> 169, Recovered -> 0
Cycle -> 170, Recovered -> 0
Cycle -> 171, Recovered -> 0
Cycle -> 172, Recovered -> 0
Cycle -> 173, Recovered -> 0
Cycle -> 174, Recovered -> 0
Cycle -> 175, Recovered -> 0
Cycle -> 176, Recovered -> 0
Cycle -> 177, Recovered -> 0
Cycle -> 178, Recovered -> 0
Cycle -> 179, Recovered -> 0
Cycle -> 180, Recovered -> 0
Cycle -> 181, Recovered -> 0
Cycle -> 182, Recovered -> 0
Cycle -> 183, Recovered -> 0
Cycle -> 184, Recovered -> 0
Cycle -> 185, Recovered -> 0
Cycle -> 186, Recovered -> 0
Cycle -> 187, Recovered -> 0
Cycle -> 188, Recovered -> 0
Cycle -> 189, Recovered -> 0
Cycle -> 190, Recovered -> 0
Cycle -> 191, Recovered -> 0
Cycle -> 192, Recovered -> 0
Cycle -> 193, Recovered -> 0
Cycle -> 194, Recovered -> 0
Cycle -> 195, Recovered -> 0
Cycle -> 196, Recovered -> 0
Cycle -> 197, Recovered -> 0
Cycle -> 198, Recovered -> 0
Cycle -> 199, Recovered -> 0

Immuned Peers per cycle : 
Cycle -> 0, Immuned -> 1386
Cycle -> 1, Immuned -> 1355
Cycle -> 2, Immuned -> 1315
Cycle -> 3, Immuned -> 1187
Cycle -> 4, Immuned -> 1177
Cycle -> 5, Immuned -> 1112
Cycle -> 6, Immuned -> 1069
Cycle -> 7, Immuned -> 947
Cycle -> 8, Immuned -> 918
Cycle -> 9, Immuned -> 917
Cycle -> 10, Immuned -> 824
Cycle -> 11, Immuned -> 762
Cycle -> 12, Immuned -> 702
Cycle -> 13, Immuned -> 697
Cycle -> 14, Immuned -> 609
Cycle -> 15, Immuned -> 605
Cycle -> 16, Immuned -> 551
Cycle -> 17, Immuned -> 501
Cycle -> 18, Immuned -> 489
Cycle -> 19, Immuned -> 453
Cycle -> 20, Immuned -> 447
Cycle -> 21, Immuned -> 430
Cycle -> 22, Immuned -> 412
Cycle -> 23, Immuned -> 355
Cycle -> 24, Immuned -> 306
Cycle -> 25, Immuned -> 268
Cycle -> 26, Immuned -> 313
Cycle -> 27, Immuned -> 257
Cycle -> 28, Immuned -> 284
Cycle -> 29, Immuned -> 248
Cycle -> 30, Immuned -> 226
Cycle -> 31, Immuned -> 209
Cycle -> 32, Immuned -> 213
Cycle -> 33, Immuned -> 202
Cycle -> 34, Immuned -> 193
Cycle -> 35, Immuned -> 167
Cycle -> 36, Immuned -> 166
Cycle -> 37, Immuned -> 140
Cycle -> 38, Immuned -> 152
Cycle -> 39, Immuned -> 141
Cycle -> 40, Immuned -> 118
Cycle -> 41, Immuned -> 117
Cycle -> 42, Immuned -> 93
Cycle -> 43, Immuned -> 92
Cycle -> 44, Immuned -> 95
Cycle -> 45, Immuned -> 100
Cycle -> 46, Immuned -> 83
Cycle -> 47, Immuned -> 76
Cycle -> 48, Immuned -> 68
Cycle -> 49, Immuned -> 78
Cycle -> 50, Immuned -> 75
Cycle -> 51, Immuned -> 66
Cycle -> 52, Immuned -> 47
Cycle -> 53, Immuned -> 50
Cycle -> 54, Immuned -> 51
Cycle -> 55, Immuned -> 48
Cycle -> 56, Immuned -> 43
Cycle -> 57, Immuned -> 52
Cycle -> 58, Immuned -> 39
Cycle -> 59, Immuned -> 37
Cycle -> 60, Immuned -> 39
Cycle -> 61, Immuned -> 35
Cycle -> 62, Immuned -> 33
Cycle -> 63, Immuned -> 23
Cycle -> 64, Immuned -> 24
Cycle -> 65, Immuned -> 27
Cycle -> 66, Immuned -> 24
Cycle -> 67, Immuned -> 27
Cycle -> 68, Immuned -> 20
Cycle -> 69, Immuned -> 24
Cycle -> 70, Immuned -> 23
Cycle -> 71, Immuned -> 18
Cycle -> 72, Immuned -> 16
Cycle -> 73, Immuned -> 14
Cycle -> 74, Immuned -> 21
Cycle -> 75, Immuned -> 7
Cycle -> 76, Immuned -> 16
Cycle -> 77, Immuned -> 13
Cycle -> 78, Immuned -> 12
Cycle -> 79, Immuned -> 13
Cycle -> 80, Immuned -> 8
Cycle -> 81, Immuned -> 8
Cycle -> 82, Immuned -> 8
Cycle -> 83, Immuned -> 17
Cycle -> 84, Immuned -> 9
Cycle -> 85, Immuned -> 9
Cycle -> 86, Immuned -> 10
Cycle -> 87, Immuned -> 10
Cycle -> 88, Immuned -> 7
Cycle -> 89, Immuned -> 7
Cycle -> 90, Immuned -> 4
Cycle -> 91, Immuned -> 8
Cycle -> 92, Immuned -> 9
Cycle -> 93, Immuned -> 3
Cycle -> 94, Immuned -> 6
Cycle -> 95, Immuned -> 7
Cycle -> 96, Immuned -> 5
Cycle -> 97, Immuned -> 4
Cycle -> 98, Immuned -> 4
Cycle -> 99, Immuned -> 5
Cycle -> 100, Immuned -> 4
Cycle -> 101, Immuned -> 3
Cycle -> 102, Immuned -> 4
Cycle -> 103, Immuned -> 1
Cycle -> 104, Immuned -> 4
Cycle -> 105, Immuned -> 1
Cycle -> 106, Immuned -> 1
Cycle -> 107, Immuned -> 3
Cycle -> 108, Immuned -> 0
Cycle -> 109, Immuned -> 6
Cycle -> 110, Immuned -> 1
Cycle -> 111, Immuned -> 1
Cycle -> 112, Immuned -> 1
Cycle -> 113, Immuned -> 1
Cycle -> 114, Immuned -> 3
Cycle -> 115, Immuned -> 0
Cycle -> 116, Immuned -> 2
Cycle -> 117, Immuned -> 1
Cycle -> 118, Immuned -> 3
Cycle -> 119, Immuned -> 0
Cycle -> 120, Immuned -> 0
Cycle -> 121, Immuned -> 1
Cycle -> 122, Immuned -> 0
Cycle -> 123, Immuned -> 0
Cycle -> 124, Immuned -> 1
Cycle -> 125, Immuned -> 0
Cycle -> 126, Immuned -> 1
Cycle -> 127, Immuned -> 0
Cycle -> 128, Immuned -> 2
Cycle -> 129, Immuned -> 2
Cycle -> 130, Immuned -> 2
Cycle -> 131, Immuned -> 1
Cycle -> 132, Immuned -> 0
Cycle -> 133, Immuned -> 0
Cycle -> 134, Immuned -> 0
Cycle -> 135, Immuned -> 1
Cycle -> 136, Immuned -> 0
Cycle -> 137, Immuned -> 0
Cycle -> 138, Immuned -> 1
Cycle -> 139, Immuned -> 0
Cycle -> 140, Immuned -> 0
Cycle -> 141, Immuned -> 0
Cycle -> 142, Immuned -> 0
Cycle -> 143, Immuned -> 0
Cycle -> 144, Immuned -> 0
Cycle -> 145, Immuned -> 0
Cycle -> 146, Immuned -> 0
Cycle -> 147, Immuned -> 0
Cycle -> 148, Immuned -> 0
Cycle -> 149, Immuned -> 1
Cycle -> 150, Immuned -> 0
Cycle -> 151, Immuned -> 1
Cycle -> 152, Immuned -> 0
Cycle -> 153, Immuned -> 1
Cycle -> 154, Immuned -> 0
Cycle -> 155, Immuned -> 0
Cycle -> 156, Immuned -> 0
Cycle -> 157, Immuned -> 1
Cycle -> 158, Immuned -> 0
Cycle -> 159, Immuned -> 0
Cycle -> 160, Immuned -> 0
Cycle -> 161, Immuned -> 0
Cycle -> 162, Immuned -> 0
Cycle -> 163, Immuned -> 0
Cycle -> 164, Immuned -> 0
Cycle -> 165, Immuned -> 0
Cycle -> 166, Immuned -> 0
Cycle -> 167, Immuned -> 0
Cycle -> 168, Immuned -> 0
Cycle -> 169, Immuned -> 0
Cycle -> 170, Immuned -> 0
Cycle -> 171, Immuned -> 0
Cycle -> 172, Immuned -> 0
Cycle -> 173, Immuned -> 0
Cycle -> 174, Immuned -> 0
Cycle -> 175, Immuned -> 0
Cycle -> 176, Immuned -> 0
Cycle -> 177, Immuned -> 0
Cycle -> 178, Immuned -> 0
Cycle -> 179, Immuned -> 0
Cycle -> 180, Immuned -> 0
Cycle -> 181, Immuned -> 0
Cycle -> 182, Immuned -> 0
Cycle -> 183, Immuned -> 0
Cycle -> 184, Immuned -> 0
Cycle -> 185, Immuned -> 0
Cycle -> 186, Immuned -> 0
Cycle -> 187, Immuned -> 0
Cycle -> 188, Immuned -> 0
Cycle -> 189, Immuned -> 0
Cycle -> 190, Immuned -> 0
Cycle -> 191, Immuned -> 0
Cycle -> 192, Immuned -> 0
Cycle -> 193, Immuned -> 0
Cycle -> 194, Immuned -> 0
Cycle -> 195, Immuned -> 0
Cycle -> 196, Immuned -> 0
Cycle -> 197, Immuned -> 0
Cycle -> 198, Immuned -> 0
Cycle -> 199, Immuned -> 0

