Stats

Infected OS : ANDROID

Population with Android : 24393
Population with IOS : 4119
Population with OTHERS : 488

Peers spawned near hotspots : 20300
Peers spawned randomly : 8700

Infected Peers : 3903
Recovered Peers : 0
Immuned Peers : 25096

Infected Peers per cycle : 
2
2
14
29
32
54
79
99
68
75
 58
 71
 122
 243
 344
 384
 319
 221
 151
 128
 92
 110
 95
 86
 77
 57
 67
 62
 52
 49
 39
 24
 37
 31
 27
 23
 17
 15
 20
 8
 14
 22
 34
 24
 30
 29
 25
 24
 30
 26
 8
 14
 12
 13
 8
 6
 9
 7
 8
 7
 4

Recovered Peers per cycle : 
Cycle -> 0, Recovered -> 0
Cycle -> 1, Recovered -> 0
Cycle -> 2, Recovered -> 0
Cycle -> 3, Recovered -> 0
Cycle -> 4, Recovered -> 0
Cycle -> 5, Recovered -> 0
Cycle -> 6, Recovered -> 0
Cycle -> 7, Recovered -> 0
Cycle -> 8, Recovered -> 0
Cycle -> 9, Recovered -> 0
Cycle -> 10, Recovered -> 0
Cycle -> 11, Recovered -> 0
Cycle -> 12, Recovered -> 0
Cycle -> 13, Recovered -> 0
Cycle -> 14, Recovered -> 0
Cycle -> 15, Recovered -> 0
Cycle -> 16, Recovered -> 0
Cycle -> 17, Recovered -> 0
Cycle -> 18, Recovered -> 0
Cycle -> 19, Recovered -> 0
Cycle -> 20, Recovered -> 0
Cycle -> 21, Recovered -> 0
Cycle -> 22, Recovered -> 0
Cycle -> 23, Recovered -> 0
Cycle -> 24, Recovered -> 0
Cycle -> 25, Recovered -> 0
Cycle -> 26, Recovered -> 0
Cycle -> 27, Recovered -> 0
Cycle -> 28, Recovered -> 0
Cycle -> 29, Recovered -> 0
Cycle -> 30, Recovered -> 0
Cycle -> 31, Recovered -> 0
Cycle -> 32, Recovered -> 0
Cycle -> 33, Recovered -> 0
Cycle -> 34, Recovered -> 0
Cycle -> 35, Recovered -> 0
Cycle -> 36, Recovered -> 0
Cycle -> 37, Recovered -> 0
Cycle -> 38, Recovered -> 0
Cycle -> 39, Recovered -> 0
Cycle -> 40, Recovered -> 0
Cycle -> 41, Recovered -> 0
Cycle -> 42, Recovered -> 0
Cycle -> 43, Recovered -> 0
Cycle -> 44, Recovered -> 0
Cycle -> 45, Recovered -> 0
Cycle -> 46, Recovered -> 0
Cycle -> 47, Recovered -> 0
Cycle -> 48, Recovered -> 0
Cycle -> 49, Recovered -> 0
Cycle -> 50, Recovered -> 0
Cycle -> 51, Recovered -> 0
Cycle -> 52, Recovered -> 0
Cycle -> 53, Recovered -> 0
Cycle -> 54, Recovered -> 0
Cycle -> 55, Recovered -> 0
Cycle -> 56, Recovered -> 0
Cycle -> 57, Recovered -> 0
Cycle -> 58, Recovered -> 0
Cycle -> 59, Recovered -> 0
Cycle -> 60, Recovered -> 0
Cycle -> 61, Recovered -> 0
Cycle -> 62, Recovered -> 0
Cycle -> 63, Recovered -> 0
Cycle -> 64, Recovered -> 0
Cycle -> 65, Recovered -> 0
Cycle -> 66, Recovered -> 0
Cycle -> 67, Recovered -> 0
Cycle -> 68, Recovered -> 0
Cycle -> 69, Recovered -> 0
Cycle -> 70, Recovered -> 0
Cycle -> 71, Recovered -> 0
Cycle -> 72, Recovered -> 0
Cycle -> 73, Recovered -> 0
Cycle -> 74, Recovered -> 0
Cycle -> 75, Recovered -> 0
Cycle -> 76, Recovered -> 0
Cycle -> 77, Recovered -> 0
Cycle -> 78, Recovered -> 0
Cycle -> 79, Recovered -> 0
Cycle -> 80, Recovered -> 0
Cycle -> 81, Recovered -> 0
Cycle -> 82, Recovered -> 0
Cycle -> 83, Recovered -> 0
Cycle -> 84, Recovered -> 0
Cycle -> 85, Recovered -> 0
Cycle -> 86, Recovered -> 0
Cycle -> 87, Recovered -> 0
Cycle -> 88, Recovered -> 0
Cycle -> 89, Recovered -> 0
Cycle -> 90, Recovered -> 0
Cycle -> 91, Recovered -> 0
Cycle -> 92, Recovered -> 0
Cycle -> 93, Recovered -> 0
Cycle -> 94, Recovered -> 0
Cycle -> 95, Recovered -> 0
Cycle -> 96, Recovered -> 0
Cycle -> 97, Recovered -> 0
Cycle -> 98, Recovered -> 0
Cycle -> 99, Recovered -> 0
Cycle -> 100, Recovered -> 0
Cycle -> 101, Recovered -> 0
Cycle -> 102, Recovered -> 0
Cycle -> 103, Recovered -> 0
Cycle -> 104, Recovered -> 0
Cycle -> 105, Recovered -> 0
Cycle -> 106, Recovered -> 0
Cycle -> 107, Recovered -> 0
Cycle -> 108, Recovered -> 0
Cycle -> 109, Recovered -> 0
Cycle -> 110, Recovered -> 0
Cycle -> 111, Recovered -> 0
Cycle -> 112, Recovered -> 0
Cycle -> 113, Recovered -> 0
Cycle -> 114, Recovered -> 0
Cycle -> 115, Recovered -> 0
Cycle -> 116, Recovered -> 0
Cycle -> 117, Recovered -> 0
Cycle -> 118, Recovered -> 0
Cycle -> 119, Recovered -> 0
Cycle -> 120, Recovered -> 0
Cycle -> 121, Recovered -> 0
Cycle -> 122, Recovered -> 0
Cycle -> 123, Recovered -> 0
Cycle -> 124, Recovered -> 0
Cycle -> 125, Recovered -> 0
Cycle -> 126, Recovered -> 0
Cycle -> 127, Recovered -> 0
Cycle -> 128, Recovered -> 0
Cycle -> 129, Recovered -> 0
Cycle -> 130, Recovered -> 0
Cycle -> 131, Recovered -> 0
Cycle -> 132, Recovered -> 0
Cycle -> 133, Recovered -> 0
Cycle -> 134, Recovered -> 0
Cycle -> 135, Recovered -> 0
Cycle -> 136, Recovered -> 0
Cycle -> 137, Recovered -> 0
Cycle -> 138, Recovered -> 0
Cycle -> 139, Recovered -> 0
Cycle -> 140, Recovered -> 0
Cycle -> 141, Recovered -> 0
Cycle -> 142, Recovered -> 0
Cycle -> 143, Recovered -> 0
Cycle -> 144, Recovered -> 0
Cycle -> 145, Recovered -> 0
Cycle -> 146, Recovered -> 0
Cycle -> 147, Recovered -> 0
Cycle -> 148, Recovered -> 0
Cycle -> 149, Recovered -> 0
Cycle -> 150, Recovered -> 0
Cycle -> 151, Recovered -> 0
Cycle -> 152, Recovered -> 0
Cycle -> 153, Recovered -> 0
Cycle -> 154, Recovered -> 0
Cycle -> 155, Recovered -> 0
Cycle -> 156, Recovered -> 0
Cycle -> 157, Recovered -> 0
Cycle -> 158, Recovered -> 0
Cycle -> 159, Recovered -> 0
Cycle -> 160, Recovered -> 0
Cycle -> 161, Recovered -> 0
Cycle -> 162, Recovered -> 0
Cycle -> 163, Recovered -> 0
Cycle -> 164, Recovered -> 0
Cycle -> 165, Recovered -> 0
Cycle -> 166, Recovered -> 0
Cycle -> 167, Recovered -> 0
Cycle -> 168, Recovered -> 0
Cycle -> 169, Recovered -> 0
Cycle -> 170, Recovered -> 0
Cycle -> 171, Recovered -> 0
Cycle -> 172, Recovered -> 0
Cycle -> 173, Recovered -> 0
Cycle -> 174, Recovered -> 0
Cycle -> 175, Recovered -> 0
Cycle -> 176, Recovered -> 0
Cycle -> 177, Recovered -> 0
Cycle -> 178, Recovered -> 0
Cycle -> 179, Recovered -> 0
Cycle -> 180, Recovered -> 0
Cycle -> 181, Recovered -> 0
Cycle -> 182, Recovered -> 0
Cycle -> 183, Recovered -> 0
Cycle -> 184, Recovered -> 0
Cycle -> 185, Recovered -> 0
Cycle -> 186, Recovered -> 0
Cycle -> 187, Recovered -> 0
Cycle -> 188, Recovered -> 0
Cycle -> 189, Recovered -> 0
Cycle -> 190, Recovered -> 0
Cycle -> 191, Recovered -> 0
Cycle -> 192, Recovered -> 0
Cycle -> 193, Recovered -> 0
Cycle -> 194, Recovered -> 0
Cycle -> 195, Recovered -> 0
Cycle -> 196, Recovered -> 0
Cycle -> 197, Recovered -> 0
Cycle -> 198, Recovered -> 0
Cycle -> 199, Recovered -> 0

Immuned Peers per cycle : 
Cycle -> 0, Immuned -> 1425
Cycle -> 1, Immuned -> 1356
Cycle -> 2, Immuned -> 1328
Cycle -> 3, Immuned -> 1237
Cycle -> 4, Immuned -> 1227
Cycle -> 5, Immuned -> 1110
Cycle -> 6, Immuned -> 1079
Cycle -> 7, Immuned -> 993
Cycle -> 8, Immuned -> 988
Cycle -> 9, Immuned -> 905
Cycle -> 10, Immuned -> 925
Cycle -> 11, Immuned -> 765
Cycle -> 12, Immuned -> 743
Cycle -> 13, Immuned -> 724
Cycle -> 14, Immuned -> 636
Cycle -> 15, Immuned -> 623
Cycle -> 16, Immuned -> 562
Cycle -> 17, Immuned -> 523
Cycle -> 18, Immuned -> 472
Cycle -> 19, Immuned -> 501
Cycle -> 20, Immuned -> 432
Cycle -> 21, Immuned -> 376
Cycle -> 22, Immuned -> 353
Cycle -> 23, Immuned -> 325
Cycle -> 24, Immuned -> 318
Cycle -> 25, Immuned -> 297
Cycle -> 26, Immuned -> 299
Cycle -> 27, Immuned -> 283
Cycle -> 28, Immuned -> 265
Cycle -> 29, Immuned -> 237
Cycle -> 30, Immuned -> 229
Cycle -> 31, Immuned -> 202
Cycle -> 32, Immuned -> 188
Cycle -> 33, Immuned -> 206
Cycle -> 34, Immuned -> 177
Cycle -> 35, Immuned -> 179
Cycle -> 36, Immuned -> 172
Cycle -> 37, Immuned -> 131
Cycle -> 38, Immuned -> 124
Cycle -> 39, Immuned -> 145
Cycle -> 40, Immuned -> 117
Cycle -> 41, Immuned -> 132
Cycle -> 42, Immuned -> 98
Cycle -> 43, Immuned -> 98
Cycle -> 44, Immuned -> 115
Cycle -> 45, Immuned -> 94
Cycle -> 46, Immuned -> 86
Cycle -> 47, Immuned -> 76
Cycle -> 48, Immuned -> 60
Cycle -> 49, Immuned -> 77
Cycle -> 50, Immuned -> 70
Cycle -> 51, Immuned -> 53
Cycle -> 52, Immuned -> 49
Cycle -> 53, Immuned -> 57
Cycle -> 54, Immuned -> 54
Cycle -> 55, Immuned -> 47
Cycle -> 56, Immuned -> 39
Cycle -> 57, Immuned -> 34
Cycle -> 58, Immuned -> 33
Cycle -> 59, Immuned -> 37
Cycle -> 60, Immuned -> 36
Cycle -> 61, Immuned -> 35
Cycle -> 62, Immuned -> 24
Cycle -> 63, Immuned -> 23
Cycle -> 64, Immuned -> 36
Cycle -> 65, Immuned -> 28
Cycle -> 66, Immuned -> 26
Cycle -> 67, Immuned -> 30
Cycle -> 68, Immuned -> 23
Cycle -> 69, Immuned -> 14
Cycle -> 70, Immuned -> 19
Cycle -> 71, Immuned -> 16
Cycle -> 72, Immuned -> 18
Cycle -> 73, Immuned -> 19
Cycle -> 74, Immuned -> 10
Cycle -> 75, Immuned -> 18
Cycle -> 76, Immuned -> 19
Cycle -> 77, Immuned -> 7
Cycle -> 78, Immuned -> 8
Cycle -> 79, Immuned -> 10
Cycle -> 80, Immuned -> 9
Cycle -> 81, Immuned -> 14
Cycle -> 82, Immuned -> 10
Cycle -> 83, Immuned -> 12
Cycle -> 84, Immuned -> 6
Cycle -> 85, Immuned -> 4
Cycle -> 86, Immuned -> 7
Cycle -> 87, Immuned -> 9
Cycle -> 88, Immuned -> 9
Cycle -> 89, Immuned -> 5
Cycle -> 90, Immuned -> 7
Cycle -> 91, Immuned -> 4
Cycle -> 92, Immuned -> 2
Cycle -> 93, Immuned -> 5
Cycle -> 94, Immuned -> 7
Cycle -> 95, Immuned -> 2
Cycle -> 96, Immuned -> 9
Cycle -> 97, Immuned -> 6
Cycle -> 98, Immuned -> 1
Cycle -> 99, Immuned -> 5
Cycle -> 100, Immuned -> 3
Cycle -> 101, Immuned -> 6
Cycle -> 102, Immuned -> 2
Cycle -> 103, Immuned -> 2
Cycle -> 104, Immuned -> 5
Cycle -> 105, Immuned -> 3
Cycle -> 106, Immuned -> 3
Cycle -> 107, Immuned -> 1
Cycle -> 108, Immuned -> 2
Cycle -> 109, Immuned -> 3
Cycle -> 110, Immuned -> 4
Cycle -> 111, Immuned -> 1
Cycle -> 112, Immuned -> 2
Cycle -> 113, Immuned -> 1
Cycle -> 114, Immuned -> 3
Cycle -> 115, Immuned -> 1
Cycle -> 116, Immuned -> 0
Cycle -> 117, Immuned -> 1
Cycle -> 118, Immuned -> 2
Cycle -> 119, Immuned -> 1
Cycle -> 120, Immuned -> 3
Cycle -> 121, Immuned -> 2
Cycle -> 122, Immuned -> 0
Cycle -> 123, Immuned -> 0
Cycle -> 124, Immuned -> 2
Cycle -> 125, Immuned -> 0
Cycle -> 126, Immuned -> 0
Cycle -> 127, Immuned -> 0
Cycle -> 128, Immuned -> 0
Cycle -> 129, Immuned -> 0
Cycle -> 130, Immuned -> 0
Cycle -> 131, Immuned -> 0
Cycle -> 132, Immuned -> 0
Cycle -> 133, Immuned -> 0
Cycle -> 134, Immuned -> 0
Cycle -> 135, Immuned -> 0
Cycle -> 136, Immuned -> 0
Cycle -> 137, Immuned -> 0
Cycle -> 138, Immuned -> 0
Cycle -> 139, Immuned -> 0
Cycle -> 140, Immuned -> 0
Cycle -> 141, Immuned -> 0
Cycle -> 142, Immuned -> 1
Cycle -> 143, Immuned -> 0
Cycle -> 144, Immuned -> 0
Cycle -> 145, Immuned -> 0
Cycle -> 146, Immuned -> 0
Cycle -> 147, Immuned -> 0
Cycle -> 148, Immuned -> 1
Cycle -> 149, Immuned -> 0
Cycle -> 150, Immuned -> 0
Cycle -> 151, Immuned -> 1
Cycle -> 152, Immuned -> 0
Cycle -> 153, Immuned -> 0
Cycle -> 154, Immuned -> 0
Cycle -> 155, Immuned -> 0
Cycle -> 156, Immuned -> 0
Cycle -> 157, Immuned -> 1
Cycle -> 158, Immuned -> 0
Cycle -> 159, Immuned -> 0
Cycle -> 160, Immuned -> 0
Cycle -> 161, Immuned -> 1
Cycle -> 162, Immuned -> 0
Cycle -> 163, Immuned -> 0
Cycle -> 164, Immuned -> 0
Cycle -> 165, Immuned -> 0
Cycle -> 166, Immuned -> 0
Cycle -> 167, Immuned -> 0
Cycle -> 168, Immuned -> 0
Cycle -> 169, Immuned -> 0
Cycle -> 170, Immuned -> 0
Cycle -> 171, Immuned -> 0
Cycle -> 172, Immuned -> 0
Cycle -> 173, Immuned -> 0
Cycle -> 174, Immuned -> 0
Cycle -> 175, Immuned -> 0
Cycle -> 176, Immuned -> 0
Cycle -> 177, Immuned -> 0
Cycle -> 178, Immuned -> 0
Cycle -> 179, Immuned -> 0
Cycle -> 180, Immuned -> 0
Cycle -> 181, Immuned -> 0
Cycle -> 182, Immuned -> 0
Cycle -> 183, Immuned -> 0
Cycle -> 184, Immuned -> 0
Cycle -> 185, Immuned -> 0
Cycle -> 186, Immuned -> 0
Cycle -> 187, Immuned -> 0
Cycle -> 188, Immuned -> 0
Cycle -> 189, Immuned -> 0
Cycle -> 190, Immuned -> 0
Cycle -> 191, Immuned -> 0
Cycle -> 192, Immuned -> 0
Cycle -> 193, Immuned -> 0
Cycle -> 194, Immuned -> 0
Cycle -> 195, Immuned -> 0
Cycle -> 196, Immuned -> 0
Cycle -> 197, Immuned -> 0
Cycle -> 198, Immuned -> 0
Cycle -> 199, Immuned -> 0

