Stats

Infected OS : ANDROID

Population with Android : 51289
Population with IOS : 8533
Population with OTHERS : 178

Peers spawned near hotspots : 42000
Peers spawned randomly : 18000

Infected Peers : 2
Recovered Peers : 27407
Immuned Peers : 32591

Infected Peers per cycle : 
Cycle -> 0, Infected -> 119
Cycle -> 1, Infected -> 693
Cycle -> 2, Infected -> 675
Cycle -> 3, Infected -> 1807
Cycle -> 4, Infected -> 2357
Cycle -> 5, Infected -> 2103
Cycle -> 6, Infected -> 1968
Cycle -> 7, Infected -> 1754
Cycle -> 8, Infected -> 1588
Cycle -> 9, Infected -> 1245
Cycle -> 10, Infected -> 1143
Cycle -> 11, Infected -> 1187
Cycle -> 12, Infected -> 1416
Cycle -> 13, Infected -> 1269
Cycle -> 14, Infected -> 1784
Cycle -> 15, Infected -> 1228
Cycle -> 16, Infected -> 579
Cycle -> 17, Infected -> 768
Cycle -> 18, Infected -> 619
Cycle -> 19, Infected -> 689
Cycle -> 20, Infected -> 349
Cycle -> 21, Infected -> 333
Cycle -> 22, Infected -> 374
Cycle -> 23, Infected -> 321
Cycle -> 24, Infected -> 461
Cycle -> 25, Infected -> 223
Cycle -> 26, Infected -> 61
Cycle -> 27, Infected -> 142
Cycle -> 28, Infected -> 119
Cycle -> 29, Infected -> 17
Cycle -> 30, Infected -> 5
Cycle -> 31, Infected -> 5
Cycle -> 32, Infected -> 3
Cycle -> 33, Infected -> 2
Cycle -> 34, Infected -> 1
Cycle -> 35, Infected -> 1
Cycle -> 36, Infected -> 0
Cycle -> 37, Infected -> 0
Cycle -> 38, Infected -> 0
Cycle -> 39, Infected -> 0
Cycle -> 40, Infected -> 0
Cycle -> 41, Infected -> 0
Cycle -> 42, Infected -> 0
Cycle -> 43, Infected -> 0
Cycle -> 44, Infected -> 0
Cycle -> 45, Infected -> 0
Cycle -> 46, Infected -> 0
Cycle -> 47, Infected -> 0
Cycle -> 48, Infected -> 0
Cycle -> 49, Infected -> 0
Cycle -> 50, Infected -> 0
Cycle -> 51, Infected -> 0
Cycle -> 52, Infected -> 0
Cycle -> 53, Infected -> 0
Cycle -> 54, Infected -> 0
Cycle -> 55, Infected -> 0
Cycle -> 56, Infected -> 0
Cycle -> 57, Infected -> 0
Cycle -> 58, Infected -> 0
Cycle -> 59, Infected -> 0
Cycle -> 60, Infected -> 0
Cycle -> 61, Infected -> 0
Cycle -> 62, Infected -> 0
Cycle -> 63, Infected -> 0
Cycle -> 64, Infected -> 0
Cycle -> 65, Infected -> 0
Cycle -> 66, Infected -> 0
Cycle -> 67, Infected -> 0
Cycle -> 68, Infected -> 0
Cycle -> 69, Infected -> 0
Cycle -> 70, Infected -> 0
Cycle -> 71, Infected -> 0
Cycle -> 72, Infected -> 0
Cycle -> 73, Infected -> 0
Cycle -> 74, Infected -> 0
Cycle -> 75, Infected -> 0
Cycle -> 76, Infected -> 0
Cycle -> 77, Infected -> 0
Cycle -> 78, Infected -> 0
Cycle -> 79, Infected -> 0
Cycle -> 80, Infected -> 0
Cycle -> 81, Infected -> 0
Cycle -> 82, Infected -> 0
Cycle -> 83, Infected -> 0
Cycle -> 84, Infected -> 0
Cycle -> 85, Infected -> 0
Cycle -> 86, Infected -> 0
Cycle -> 87, Infected -> 0
Cycle -> 88, Infected -> 0
Cycle -> 89, Infected -> 0
Cycle -> 90, Infected -> 0
Cycle -> 91, Infected -> 0
Cycle -> 92, Infected -> 0
Cycle -> 93, Infected -> 0
Cycle -> 94, Infected -> 0
Cycle -> 95, Infected -> 0
Cycle -> 96, Infected -> 0
Cycle -> 97, Infected -> 0
Cycle -> 98, Infected -> 0
Cycle -> 99, Infected -> 0
Cycle -> 100, Infected -> 0
Cycle -> 101, Infected -> 0
Cycle -> 102, Infected -> 0
Cycle -> 103, Infected -> 0
Cycle -> 104, Infected -> 0
Cycle -> 105, Infected -> 0
Cycle -> 106, Infected -> 0
Cycle -> 107, Infected -> 0
Cycle -> 108, Infected -> 0
Cycle -> 109, Infected -> 0
Cycle -> 110, Infected -> 0
Cycle -> 111, Infected -> 0
Cycle -> 112, Infected -> 0
Cycle -> 113, Infected -> 0
Cycle -> 114, Infected -> 0
Cycle -> 115, Infected -> 0
Cycle -> 116, Infected -> 0
Cycle -> 117, Infected -> 0
Cycle -> 118, Infected -> 0
Cycle -> 119, Infected -> 0
Cycle -> 120, Infected -> 0
Cycle -> 121, Infected -> 0
Cycle -> 122, Infected -> 0
Cycle -> 123, Infected -> 0
Cycle -> 124, Infected -> 0
Cycle -> 125, Infected -> 0
Cycle -> 126, Infected -> 0
Cycle -> 127, Infected -> 0
Cycle -> 128, Infected -> 0
Cycle -> 129, Infected -> 0
Cycle -> 130, Infected -> 0
Cycle -> 131, Infected -> 0
Cycle -> 132, Infected -> 0
Cycle -> 133, Infected -> 0
Cycle -> 134, Infected -> 0
Cycle -> 135, Infected -> 0
Cycle -> 136, Infected -> 0
Cycle -> 137, Infected -> 0
Cycle -> 138, Infected -> 0
Cycle -> 139, Infected -> 0
Cycle -> 140, Infected -> 0
Cycle -> 141, Infected -> 0
Cycle -> 142, Infected -> 0
Cycle -> 143, Infected -> 0
Cycle -> 144, Infected -> 0
Cycle -> 145, Infected -> 0
Cycle -> 146, Infected -> 0
Cycle -> 147, Infected -> 0
Cycle -> 148, Infected -> 0
Cycle -> 149, Infected -> 0
Cycle -> 150, Infected -> 0
Cycle -> 151, Infected -> 0
Cycle -> 152, Infected -> 0
Cycle -> 153, Infected -> 0
Cycle -> 154, Infected -> 0
Cycle -> 155, Infected -> 0
Cycle -> 156, Infected -> 0
Cycle -> 157, Infected -> 0
Cycle -> 158, Infected -> 0
Cycle -> 159, Infected -> 0
Cycle -> 160, Infected -> 0
Cycle -> 161, Infected -> 0
Cycle -> 162, Infected -> 0
Cycle -> 163, Infected -> 0
Cycle -> 164, Infected -> 0
Cycle -> 165, Infected -> 0
Cycle -> 166, Infected -> 0
Cycle -> 167, Infected -> 0
Cycle -> 168, Infected -> 0
Cycle -> 169, Infected -> 0
Cycle -> 170, Infected -> 0
Cycle -> 171, Infected -> 0
Cycle -> 172, Infected -> 0
Cycle -> 173, Infected -> 0
Cycle -> 174, Infected -> 0
Cycle -> 175, Infected -> 0
Cycle -> 176, Infected -> 0
Cycle -> 177, Infected -> 0
Cycle -> 178, Infected -> 0
Cycle -> 179, Infected -> 0
Cycle -> 180, Infected -> 0
Cycle -> 181, Infected -> 0
Cycle -> 182, Infected -> 0
Cycle -> 183, Infected -> 0
Cycle -> 184, Infected -> 0
Cycle -> 185, Infected -> 0
Cycle -> 186, Infected -> 0
Cycle -> 187, Infected -> 0
Cycle -> 188, Infected -> 0
Cycle -> 189, Infected -> 0
Cycle -> 190, Infected -> 0
Cycle -> 191, Infected -> 0
Cycle -> 192, Infected -> 0
Cycle -> 193, Infected -> 0
Cycle -> 194, Infected -> 0
Cycle -> 195, Infected -> 0
Cycle -> 196, Infected -> 0
Cycle -> 197, Infected -> 0
Cycle -> 198, Infected -> 0
Cycle -> 199, Infected -> 0

Recovered Peers per cycle : 
Cycle -> 0, Recovered -> 0
Cycle -> 1, Recovered -> 3
Cycle -> 2, Recovered -> 49
Cycle -> 3, Recovered -> 82
Cycle -> 4, Recovered -> 151
Cycle -> 5, Recovered -> 252
Cycle -> 6, Recovered -> 368
Cycle -> 7, Recovered -> 435
Cycle -> 8, Recovered -> 511
Cycle -> 9, Recovered -> 527
Cycle -> 10, Recovered -> 585
Cycle -> 11, Recovered -> 618
Cycle -> 12, Recovered -> 665
Cycle -> 13, Recovered -> 689
Cycle -> 14, Recovered -> 695
Cycle -> 15, Recovered -> 811
Cycle -> 16, Recovered -> 818
Cycle -> 17, Recovered -> 789
Cycle -> 18, Recovered -> 759
Cycle -> 19, Recovered -> 761
Cycle -> 20, Recovered -> 800
Cycle -> 21, Recovered -> 792
Cycle -> 22, Recovered -> 717
Cycle -> 23, Recovered -> 718
Cycle -> 24, Recovered -> 739
Cycle -> 25, Recovered -> 671
Cycle -> 26, Recovered -> 668
Cycle -> 27, Recovered -> 644
Cycle -> 28, Recovered -> 633
Cycle -> 29, Recovered -> 570
Cycle -> 30, Recovered -> 538
Cycle -> 31, Recovered -> 504
Cycle -> 32, Recovered -> 525
Cycle -> 33, Recovered -> 468
Cycle -> 34, Recovered -> 403
Cycle -> 35, Recovered -> 413
Cycle -> 36, Recovered -> 381
Cycle -> 37, Recovered -> 389
Cycle -> 38, Recovered -> 365
Cycle -> 39, Recovered -> 335
Cycle -> 40, Recovered -> 317
Cycle -> 41, Recovered -> 325
Cycle -> 42, Recovered -> 283
Cycle -> 43, Recovered -> 265
Cycle -> 44, Recovered -> 267
Cycle -> 45, Recovered -> 239
Cycle -> 46, Recovered -> 264
Cycle -> 47, Recovered -> 236
Cycle -> 48, Recovered -> 233
Cycle -> 49, Recovered -> 215
Cycle -> 50, Recovered -> 191
Cycle -> 51, Recovered -> 159
Cycle -> 52, Recovered -> 193
Cycle -> 53, Recovered -> 164
Cycle -> 54, Recovered -> 156
Cycle -> 55, Recovered -> 143
Cycle -> 56, Recovered -> 156
Cycle -> 57, Recovered -> 133
Cycle -> 58, Recovered -> 141
Cycle -> 59, Recovered -> 132
Cycle -> 60, Recovered -> 105
Cycle -> 61, Recovered -> 123
Cycle -> 62, Recovered -> 111
Cycle -> 63, Recovered -> 98
Cycle -> 64, Recovered -> 111
Cycle -> 65, Recovered -> 97
Cycle -> 66, Recovered -> 93
Cycle -> 67, Recovered -> 68
Cycle -> 68, Recovered -> 81
Cycle -> 69, Recovered -> 73
Cycle -> 70, Recovered -> 84
Cycle -> 71, Recovered -> 66
Cycle -> 72, Recovered -> 48
Cycle -> 73, Recovered -> 53
Cycle -> 74, Recovered -> 60
Cycle -> 75, Recovered -> 58
Cycle -> 76, Recovered -> 50
Cycle -> 77, Recovered -> 42
Cycle -> 78, Recovered -> 46
Cycle -> 79, Recovered -> 35
Cycle -> 80, Recovered -> 37
Cycle -> 81, Recovered -> 38
Cycle -> 82, Recovered -> 37
Cycle -> 83, Recovered -> 56
Cycle -> 84, Recovered -> 32
Cycle -> 85, Recovered -> 25
Cycle -> 86, Recovered -> 29
Cycle -> 87, Recovered -> 32
Cycle -> 88, Recovered -> 31
Cycle -> 89, Recovered -> 34
Cycle -> 90, Recovered -> 25
Cycle -> 91, Recovered -> 28
Cycle -> 92, Recovered -> 15
Cycle -> 93, Recovered -> 22
Cycle -> 94, Recovered -> 18
Cycle -> 95, Recovered -> 20
Cycle -> 96, Recovered -> 24
Cycle -> 97, Recovered -> 17
Cycle -> 98, Recovered -> 20
Cycle -> 99, Recovered -> 15
Cycle -> 100, Recovered -> 15
Cycle -> 101, Recovered -> 10
Cycle -> 102, Recovered -> 14
Cycle -> 103, Recovered -> 14
Cycle -> 104, Recovered -> 12
Cycle -> 105, Recovered -> 11
Cycle -> 106, Recovered -> 9
Cycle -> 107, Recovered -> 9
Cycle -> 108, Recovered -> 13
Cycle -> 109, Recovered -> 7
Cycle -> 110, Recovered -> 5
Cycle -> 111, Recovered -> 11
Cycle -> 112, Recovered -> 10
Cycle -> 113, Recovered -> 8
Cycle -> 114, Recovered -> 6
Cycle -> 115, Recovered -> 7
Cycle -> 116, Recovered -> 6
Cycle -> 117, Recovered -> 3
Cycle -> 118, Recovered -> 8
Cycle -> 119, Recovered -> 4
Cycle -> 120, Recovered -> 3
Cycle -> 121, Recovered -> 6
Cycle -> 122, Recovered -> 5
Cycle -> 123, Recovered -> 3
Cycle -> 124, Recovered -> 6
Cycle -> 125, Recovered -> 3
Cycle -> 126, Recovered -> 3
Cycle -> 127, Recovered -> 6
Cycle -> 128, Recovered -> 3
Cycle -> 129, Recovered -> 5
Cycle -> 130, Recovered -> 1
Cycle -> 131, Recovered -> 2
Cycle -> 132, Recovered -> 3
Cycle -> 133, Recovered -> 3
Cycle -> 134, Recovered -> 4
Cycle -> 135, Recovered -> 2
Cycle -> 136, Recovered -> 4
Cycle -> 137, Recovered -> 4
Cycle -> 138, Recovered -> 4
Cycle -> 139, Recovered -> 4
Cycle -> 140, Recovered -> 1
Cycle -> 141, Recovered -> 3
Cycle -> 142, Recovered -> 2
Cycle -> 143, Recovered -> 1
Cycle -> 144, Recovered -> 0
Cycle -> 145, Recovered -> 1
Cycle -> 146, Recovered -> 1
Cycle -> 147, Recovered -> 2
Cycle -> 148, Recovered -> 1
Cycle -> 149, Recovered -> 1
Cycle -> 150, Recovered -> 1
Cycle -> 151, Recovered -> 0
Cycle -> 152, Recovered -> 3
Cycle -> 153, Recovered -> 2
Cycle -> 154, Recovered -> 2
Cycle -> 155, Recovered -> 2
Cycle -> 156, Recovered -> 2
Cycle -> 157, Recovered -> 0
Cycle -> 158, Recovered -> 2
Cycle -> 159, Recovered -> 1
Cycle -> 160, Recovered -> 0
Cycle -> 161, Recovered -> 0
Cycle -> 162, Recovered -> 3
Cycle -> 163, Recovered -> 1
Cycle -> 164, Recovered -> 0
Cycle -> 165, Recovered -> 1
Cycle -> 166, Recovered -> 0
Cycle -> 167, Recovered -> 0
Cycle -> 168, Recovered -> 0
Cycle -> 169, Recovered -> 0
Cycle -> 170, Recovered -> 1
Cycle -> 171, Recovered -> 1
Cycle -> 172, Recovered -> 1
Cycle -> 173, Recovered -> 0
Cycle -> 174, Recovered -> 0
Cycle -> 175, Recovered -> 0
Cycle -> 176, Recovered -> 2
Cycle -> 177, Recovered -> 1
Cycle -> 178, Recovered -> 0
Cycle -> 179, Recovered -> 1
Cycle -> 180, Recovered -> 0
Cycle -> 181, Recovered -> 0
Cycle -> 182, Recovered -> 0
Cycle -> 183, Recovered -> 0
Cycle -> 184, Recovered -> 0
Cycle -> 185, Recovered -> 0
Cycle -> 186, Recovered -> 0
Cycle -> 187, Recovered -> 0
Cycle -> 188, Recovered -> 0
Cycle -> 189, Recovered -> 0
Cycle -> 190, Recovered -> 0
Cycle -> 191, Recovered -> 0
Cycle -> 192, Recovered -> 0
Cycle -> 193, Recovered -> 0
Cycle -> 194, Recovered -> 1
Cycle -> 195, Recovered -> 0
Cycle -> 196, Recovered -> 0
Cycle -> 197, Recovered -> 0
Cycle -> 198, Recovered -> 0
Cycle -> 199, Recovered -> 0

Immuned Peers per cycle : 
Cycle -> 0, Immuned -> 2968
Cycle -> 1, Immuned -> 2769
Cycle -> 2, Immuned -> 2595
Cycle -> 3, Immuned -> 2539
Cycle -> 4, Immuned -> 2285
Cycle -> 5, Immuned -> 2013
Cycle -> 6, Immuned -> 1865
Cycle -> 7, Immuned -> 1678
Cycle -> 8, Immuned -> 1497
Cycle -> 9, Immuned -> 1428
Cycle -> 10, Immuned -> 1195
Cycle -> 11, Immuned -> 1027
Cycle -> 12, Immuned -> 955
Cycle -> 13, Immuned -> 872
Cycle -> 14, Immuned -> 756
Cycle -> 15, Immuned -> 570
Cycle -> 16, Immuned -> 546
Cycle -> 17, Immuned -> 455
Cycle -> 18, Immuned -> 437
Cycle -> 19, Immuned -> 395
Cycle -> 20, Immuned -> 305
Cycle -> 21, Immuned -> 295
Cycle -> 22, Immuned -> 234
Cycle -> 23, Immuned -> 229
Cycle -> 24, Immuned -> 190
Cycle -> 25, Immuned -> 147
Cycle -> 26, Immuned -> 136
Cycle -> 27, Immuned -> 131
Cycle -> 28, Immuned -> 108
Cycle -> 29, Immuned -> 94
Cycle -> 30, Immuned -> 94
Cycle -> 31, Immuned -> 78
Cycle -> 32, Immuned -> 82
Cycle -> 33, Immuned -> 84
Cycle -> 34, Immuned -> 81
Cycle -> 35, Immuned -> 71
Cycle -> 36, Immuned -> 64
Cycle -> 37, Immuned -> 54
Cycle -> 38, Immuned -> 74
Cycle -> 39, Immuned -> 46
Cycle -> 40, Immuned -> 68
Cycle -> 41, Immuned -> 42
Cycle -> 42, Immuned -> 57
Cycle -> 43, Immuned -> 51
Cycle -> 44, Immuned -> 50
Cycle -> 45, Immuned -> 39
Cycle -> 46, Immuned -> 42
Cycle -> 47, Immuned -> 47
Cycle -> 48, Immuned -> 40
Cycle -> 49, Immuned -> 35
Cycle -> 50, Immuned -> 26
Cycle -> 51, Immuned -> 36
Cycle -> 52, Immuned -> 30
Cycle -> 53, Immuned -> 26
Cycle -> 54, Immuned -> 27
Cycle -> 55, Immuned -> 31
Cycle -> 56, Immuned -> 17
Cycle -> 57, Immuned -> 14
Cycle -> 58, Immuned -> 24
Cycle -> 59, Immuned -> 22
Cycle -> 60, Immuned -> 19
Cycle -> 61, Immuned -> 27
Cycle -> 62, Immuned -> 21
Cycle -> 63, Immuned -> 15
Cycle -> 64, Immuned -> 14
Cycle -> 65, Immuned -> 20
Cycle -> 66, Immuned -> 14
Cycle -> 67, Immuned -> 14
Cycle -> 68, Immuned -> 9
Cycle -> 69, Immuned -> 16
Cycle -> 70, Immuned -> 16
Cycle -> 71, Immuned -> 12
Cycle -> 72, Immuned -> 13
Cycle -> 73, Immuned -> 7
Cycle -> 74, Immuned -> 9
Cycle -> 75, Immuned -> 5
Cycle -> 76, Immuned -> 11
Cycle -> 77, Immuned -> 9
Cycle -> 78, Immuned -> 9
Cycle -> 79, Immuned -> 4
Cycle -> 80, Immuned -> 6
Cycle -> 81, Immuned -> 2
Cycle -> 82, Immuned -> 5
Cycle -> 83, Immuned -> 10
Cycle -> 84, Immuned -> 3
Cycle -> 85, Immuned -> 11
Cycle -> 86, Immuned -> 5
Cycle -> 87, Immuned -> 6
Cycle -> 88, Immuned -> 6
Cycle -> 89, Immuned -> 7
Cycle -> 90, Immuned -> 3
Cycle -> 91, Immuned -> 5
Cycle -> 92, Immuned -> 7
Cycle -> 93, Immuned -> 3
Cycle -> 94, Immuned -> 7
Cycle -> 95, Immuned -> 2
Cycle -> 96, Immuned -> 3
Cycle -> 97, Immuned -> 2
Cycle -> 98, Immuned -> 4
Cycle -> 99, Immuned -> 2
Cycle -> 100, Immuned -> 2
Cycle -> 101, Immuned -> 0
Cycle -> 102, Immuned -> 1
Cycle -> 103, Immuned -> 2
Cycle -> 104, Immuned -> 1
Cycle -> 105, Immuned -> 0
Cycle -> 106, Immuned -> 1
Cycle -> 107, Immuned -> 2
Cycle -> 108, Immuned -> 2
Cycle -> 109, Immuned -> 2
Cycle -> 110, Immuned -> 3
Cycle -> 111, Immuned -> 3
Cycle -> 112, Immuned -> 1
Cycle -> 113, Immuned -> 2
Cycle -> 114, Immuned -> 1
Cycle -> 115, Immuned -> 1
Cycle -> 116, Immuned -> 1
Cycle -> 117, Immuned -> 1
Cycle -> 118, Immuned -> 2
Cycle -> 119, Immuned -> 2
Cycle -> 120, Immuned -> 0
Cycle -> 121, Immuned -> 0
Cycle -> 122, Immuned -> 1
Cycle -> 123, Immuned -> 2
Cycle -> 124, Immuned -> 4
Cycle -> 125, Immuned -> 0
Cycle -> 126, Immuned -> 2
Cycle -> 127, Immuned -> 0
Cycle -> 128, Immuned -> 1
Cycle -> 129, Immuned -> 1
Cycle -> 130, Immuned -> 4
Cycle -> 131, Immuned -> 0
Cycle -> 132, Immuned -> 1
Cycle -> 133, Immuned -> 0
Cycle -> 134, Immuned -> 0
Cycle -> 135, Immuned -> 0
Cycle -> 136, Immuned -> 0
Cycle -> 137, Immuned -> 1
Cycle -> 138, Immuned -> 2
Cycle -> 139, Immuned -> 1
Cycle -> 140, Immuned -> 1
Cycle -> 141, Immuned -> 1
Cycle -> 142, Immuned -> 0
Cycle -> 143, Immuned -> 0
Cycle -> 144, Immuned -> 0
Cycle -> 145, Immuned -> 1
Cycle -> 146, Immuned -> 0
Cycle -> 147, Immuned -> 1
Cycle -> 148, Immuned -> 1
Cycle -> 149, Immuned -> 0
Cycle -> 150, Immuned -> 1
Cycle -> 151, Immuned -> 0
Cycle -> 152, Immuned -> 0
Cycle -> 153, Immuned -> 0
Cycle -> 154, Immuned -> 0
Cycle -> 155, Immuned -> 0
Cycle -> 156, Immuned -> 0
Cycle -> 157, Immuned -> 0
Cycle -> 158, Immuned -> 0
Cycle -> 159, Immuned -> 0
Cycle -> 160, Immuned -> 0
Cycle -> 161, Immuned -> 0
Cycle -> 162, Immuned -> 0
Cycle -> 163, Immuned -> 0
Cycle -> 164, Immuned -> 0
Cycle -> 165, Immuned -> 0
Cycle -> 166, Immuned -> 0
Cycle -> 167, Immuned -> 0
Cycle -> 168, Immuned -> 0
Cycle -> 169, Immuned -> 1
Cycle -> 170, Immuned -> 0
Cycle -> 171, Immuned -> 0
Cycle -> 172, Immuned -> 1
Cycle -> 173, Immuned -> 0
Cycle -> 174, Immuned -> 0
Cycle -> 175, Immuned -> 3
Cycle -> 176, Immuned -> 0
Cycle -> 177, Immuned -> 0
Cycle -> 178, Immuned -> 0
Cycle -> 179, Immuned -> 0
Cycle -> 180, Immuned -> 0
Cycle -> 181, Immuned -> 0
Cycle -> 182, Immuned -> 0
Cycle -> 183, Immuned -> 0
Cycle -> 184, Immuned -> 0
Cycle -> 185, Immuned -> 0
Cycle -> 186, Immuned -> 0
Cycle -> 187, Immuned -> 0
Cycle -> 188, Immuned -> 0
Cycle -> 189, Immuned -> 0
Cycle -> 190, Immuned -> 0
Cycle -> 191, Immuned -> 0
Cycle -> 192, Immuned -> 0
Cycle -> 193, Immuned -> 0
Cycle -> 194, Immuned -> 0
Cycle -> 195, Immuned -> 0
Cycle -> 196, Immuned -> 0
Cycle -> 197, Immuned -> 1
Cycle -> 198, Immuned -> 0
Cycle -> 199, Immuned -> 0

