Stats

Infected OS : ANDROID

Population with Android : 51249
Population with IOS : 8572
Population with OTHERS : 179

Peers spawned near hotspots : 42000
Peers spawned randomly : 18000

Infected Peers : 2
Recovered Peers : 19645
Immuned Peers : 40353

Infected Peers per cycle : 
165
912
485
548
668
1372
1237
676
653
525
 662
 995
 873
 360
 637
 651
 781
 338
 301
 356
 627
 908
 448
 555
 794
 355
 274
 119
 151
 190
 319
 282
 186
 217
 223
 161
 243
 130
 67
 62
 41
 13
 11
 5
 7
 16
 5
 11
 9
 6
 3
 6
 1
 3
 1
 0
 1
 0
 0
 0
 0
 0
 0
 0
 0
 0
 0
Cycle -> 67, Infected -> 0
Cycle -> 68, Infected -> 0
Cycle -> 69, Infected -> 0
Cycle -> 70, Infected -> 0
Cycle -> 71, Infected -> 0
Cycle -> 72, Infected -> 0
Cycle -> 73, Infected -> 0
Cycle -> 74, Infected -> 1
Cycle -> 75, Infected -> 0
Cycle -> 76, Infected -> 0
Cycle -> 77, Infected -> 0
Cycle -> 78, Infected -> 0
Cycle -> 79, Infected -> 0
Cycle -> 80, Infected -> 0
Cycle -> 81, Infected -> 0
Cycle -> 82, Infected -> 0
Cycle -> 83, Infected -> 0
Cycle -> 84, Infected -> 0
Cycle -> 85, Infected -> 0
Cycle -> 86, Infected -> 0
Cycle -> 87, Infected -> 0
Cycle -> 88, Infected -> 0
Cycle -> 89, Infected -> 0
Cycle -> 90, Infected -> 0
Cycle -> 91, Infected -> 0
Cycle -> 92, Infected -> 0
Cycle -> 93, Infected -> 0
Cycle -> 94, Infected -> 0
Cycle -> 95, Infected -> 0
Cycle -> 96, Infected -> 0
Cycle -> 97, Infected -> 0
Cycle -> 98, Infected -> 0
Cycle -> 99, Infected -> 0
Cycle -> 100, Infected -> 0
Cycle -> 101, Infected -> 0
Cycle -> 102, Infected -> 0
Cycle -> 103, Infected -> 0
Cycle -> 104, Infected -> 0
Cycle -> 105, Infected -> 0
Cycle -> 106, Infected -> 0
Cycle -> 107, Infected -> 0
Cycle -> 108, Infected -> 0
Cycle -> 109, Infected -> 0
Cycle -> 110, Infected -> 0
Cycle -> 111, Infected -> 0
Cycle -> 112, Infected -> 0
Cycle -> 113, Infected -> 0
Cycle -> 114, Infected -> 0
Cycle -> 115, Infected -> 0
Cycle -> 116, Infected -> 0
Cycle -> 117, Infected -> 0
Cycle -> 118, Infected -> 0
Cycle -> 119, Infected -> 0
Cycle -> 120, Infected -> 0
Cycle -> 121, Infected -> 0
Cycle -> 122, Infected -> 0
Cycle -> 123, Infected -> 0
Cycle -> 124, Infected -> 0
Cycle -> 125, Infected -> 0
Cycle -> 126, Infected -> 0
Cycle -> 127, Infected -> 0
Cycle -> 128, Infected -> 0
Cycle -> 129, Infected -> 0
Cycle -> 130, Infected -> 0
Cycle -> 131, Infected -> 0
Cycle -> 132, Infected -> 0
Cycle -> 133, Infected -> 0
Cycle -> 134, Infected -> 0
Cycle -> 135, Infected -> 0
Cycle -> 136, Infected -> 0
Cycle -> 137, Infected -> 0
Cycle -> 138, Infected -> 0
Cycle -> 139, Infected -> 0
Cycle -> 140, Infected -> 0
Cycle -> 141, Infected -> 0
Cycle -> 142, Infected -> 0
Cycle -> 143, Infected -> 0
Cycle -> 144, Infected -> 0
Cycle -> 145, Infected -> 0
Cycle -> 146, Infected -> 0
Cycle -> 147, Infected -> 0
Cycle -> 148, Infected -> 0
Cycle -> 149, Infected -> 0
Cycle -> 150, Infected -> 0
Cycle -> 151, Infected -> 0
Cycle -> 152, Infected -> 0
Cycle -> 153, Infected -> 0
Cycle -> 154, Infected -> 0
Cycle -> 155, Infected -> 0
Cycle -> 156, Infected -> 0
Cycle -> 157, Infected -> 0
Cycle -> 158, Infected -> 0
Cycle -> 159, Infected -> 0
Cycle -> 160, Infected -> 0
Cycle -> 161, Infected -> 0
Cycle -> 162, Infected -> 0
Cycle -> 163, Infected -> 0
Cycle -> 164, Infected -> 0
Cycle -> 165, Infected -> 0
Cycle -> 166, Infected -> 0
Cycle -> 167, Infected -> 0
Cycle -> 168, Infected -> 0
Cycle -> 169, Infected -> 0
Cycle -> 170, Infected -> 0
Cycle -> 171, Infected -> 0
Cycle -> 172, Infected -> 0
Cycle -> 173, Infected -> 0
Cycle -> 174, Infected -> 0
Cycle -> 175, Infected -> 0
Cycle -> 176, Infected -> 0
Cycle -> 177, Infected -> 0
Cycle -> 178, Infected -> 0
Cycle -> 179, Infected -> 0
Cycle -> 180, Infected -> 0
Cycle -> 181, Infected -> 0
Cycle -> 182, Infected -> 0
Cycle -> 183, Infected -> 0
Cycle -> 184, Infected -> 0
Cycle -> 185, Infected -> 0
Cycle -> 186, Infected -> 0
Cycle -> 187, Infected -> 0
Cycle -> 188, Infected -> 0
Cycle -> 189, Infected -> 0
Cycle -> 190, Infected -> 0
Cycle -> 191, Infected -> 0
Cycle -> 192, Infected -> 0
Cycle -> 193, Infected -> 0
Cycle -> 194, Infected -> 0
Cycle -> 195, Infected -> 0
Cycle -> 196, Infected -> 0
Cycle -> 197, Infected -> 0
Cycle -> 198, Infected -> 0
Cycle -> 199, Infected -> 0

Recovered Peers per cycle : 
0
6
52
90
93
129
171
231
278
285
296
337
348
387
393
372
394
395
397
396
405
392
472
442
498
505
408
459
432
472
399
414
427
381
398
386
387
328
343
353
293
314
299
259
242
206
220
216
196
220
223
178
184
155
146
135
145
155
128
106
112
108
111
101
92
86
82
77
66
65
79
63
59
58
54
55
51
39
39
41
40
47
26
51
27
30
20
23
30
20
24
20
27
19
23
17
13
21
16
14
19
11
15
7
6
15
15
9
11
8
10
12
5
4
5
15
6
8
6
8
6
8
5
2
6
1
6
2
9
6
4
cle -> 131, Recovered -> 1
cle -> 132, Recovered -> 2
cle -> 133, Recovered -> 3
cle -> 134, Recovered -> 3
cle -> 135, Recovered -> 5
cle -> 136, Recovered -> 4
cle -> 137, Recovered -> 3
cle -> 138, Recovered -> 7
cle -> 139, Recovered -> 0
cle -> 140, Recovered -> 1
ycle -> 141, Recovered -> 1
ycle -> 142, Recovered -> 3
ycle -> 143, Recovered -> 2
ycle -> 144, Recovered -> 1
ycle -> 145, Recovered -> 1
ycle -> 146, Recovered -> 1
ycle -> 147, Recovered -> 1
ycle -> 148, Recovered -> 1
ycle -> 149, Recovered -> 1
ycle -> 150, Recovered -> 2
ycle -> 151, Recovered -> 1
ycle -> 152, Recovered -> 3
ycle -> 153, Recovered -> 1
ycle -> 154, Recovered -> 3
ycle -> 155, Recovered -> 3
ycle -> 156, Recovered -> 2
ycle -> 157, Recovered -> 3
ycle -> 158, Recovered -> 1
ycle -> 159, Recovered -> 1
ycle -> 160, Recovered -> 0
ycle -> 161, Recovered -> 1
ycle -> 162, Recovered -> 1
ycle -> 163, Recovered -> 2
ycle -> 164, Recovered -> 1
ycle -> 165, Recovered -> 1
ycle -> 166, Recovered -> 0
ycle -> 167, Recovered -> 1
ycle -> 168, Recovered -> 2
ycle -> 169, Recovered -> 1
ycle -> 170, Recovered -> 0
ycle -> 171, Recovered -> 0
ycle -> 172, Recovered -> 1
ycle -> 173, Recovered -> 0
ycle -> 174, Recovered -> 1
ycle -> 175, Recovered -> 0
ycle -> 176, Recovered -> 0
ycle -> 177, Recovered -> 0
ycle -> 178, Recovered -> 1
ycle -> 179, Recovered -> 0
ycle -> 180, Recovered -> 0
ycle -> 181, Recovered -> 0
ycle -> 182, Recovered -> 1
ycle -> 183, Recovered -> 2
ycle -> 184, Recovered -> 0
ycle -> 185, Recovered -> 0
ycle -> 186, Recovered -> 0
ycle -> 187, Recovered -> 0
ycle -> 188, Recovered -> 0
ycle -> 189, Recovered -> 1
ycle -> 190, Recovered -> 0
ycle -> 191, Recovered -> 0
ycle -> 192, Recovered -> 0
ycle -> 193, Recovered -> 0
ycle -> 194, Recovered -> 0
ycle -> 195, Recovered -> 0
ycle -> 196, Recovered -> 0
ycle -> 197, Recovered -> 0
ycle -> 198, Recovered -> 0
ycle -> 199, Recovered -> 0
mmuned Peers per cycle : 
ycle -> 0, Immuned -> 3041
ycle -> 1, Immuned -> 2802
ycle -> 2, Immuned -> 2645
ycle -> 3, Immuned -> 2533
ycle -> 4, Immuned -> 2381
ycle -> 5, Immuned -> 2280
ycle -> 6, Immuned -> 2095
ycle -> 7, Immuned -> 1826
ycle -> 8, Immuned -> 1695
ycle -> 9, Immuned -> 1615
ycle -> 10, Immuned -> 1523
ycle -> 11, Immuned -> 1412
ycle -> 12, Immuned -> 1210
ycle -> 13, Immuned -> 1194
ycle -> 14, Immuned -> 1109
ycle -> 15, Immuned -> 999
ycle -> 16, Immuned -> 852
ycle -> 17, Immuned -> 863
ycle -> 18, Immuned -> 770
ycle -> 19, Immuned -> 686
ycle -> 20, Immuned -> 715
ycle -> 21, Immuned -> 619
ycle -> 22, Immuned -> 517
ycle -> 23, Immuned -> 436
ycle -> 24, Immuned -> 458
ycle -> 25, Immuned -> 362
ycle -> 26, Immuned -> 310
ycle -> 27, Immuned -> 342
ycle -> 28, Immuned -> 259
Cycle -> 29, Immuned -> 235
Cycle -> 30, Immuned -> 222
Cycle -> 31, Immuned -> 192
Cycle -> 32, Immuned -> 176
Cycle -> 33, Immuned -> 154
Cycle -> 34, Immuned -> 139
Cycle -> 35, Immuned -> 102
Cycle -> 36, Immuned -> 115
Cycle -> 37, Immuned -> 84
Cycle -> 38, Immuned -> 80
Cycle -> 39, Immuned -> 63
Cycle -> 40, Immuned -> 86
Cycle -> 41, Immuned -> 69
Cycle -> 42, Immuned -> 75
Cycle -> 43, Immuned -> 52
Cycle -> 44, Immuned -> 63
Cycle -> 45, Immuned -> 48
Cycle -> 46, Immuned -> 56
Cycle -> 47, Immuned -> 35
Cycle -> 48, Immuned -> 38
Cycle -> 49, Immuned -> 30
Cycle -> 50, Immuned -> 37
Cycle -> 51, Immuned -> 36
Cycle -> 52, Immuned -> 35
Cycle -> 53, Immuned -> 25
Cycle -> 54, Immuned -> 32
Cycle -> 55, Immuned -> 20
Cycle -> 56, Immuned -> 29
Cycle -> 57, Immuned -> 29
Cycle -> 58, Immuned -> 19
Cycle -> 59, Immuned -> 18
Cycle -> 60, Immuned -> 23
Cycle -> 61, Immuned -> 19
Cycle -> 62, Immuned -> 18
Cycle -> 63, Immuned -> 17
Cycle -> 64, Immuned -> 11
Cycle -> 65, Immuned -> 25
Cycle -> 66, Immuned -> 12
Cycle -> 67, Immuned -> 12
Cycle -> 68, Immuned -> 17
Cycle -> 69, Immuned -> 11
Cycle -> 70, Immuned -> 11
Cycle -> 71, Immuned -> 9
Cycle -> 72, Immuned -> 8
Cycle -> 73, Immuned -> 13
Cycle -> 74, Immuned -> 10
Cycle -> 75, Immuned -> 6
Cycle -> 76, Immuned -> 6
Cycle -> 77, Immuned -> 9
Cycle -> 78, Immuned -> 15
Cycle -> 79, Immuned -> 6
Cycle -> 80, Immuned -> 1
Cycle -> 81, Immuned -> 3
Cycle -> 82, Immuned -> 4
Cycle -> 83, Immuned -> 10
Cycle -> 84, Immuned -> 9
Cycle -> 85, Immuned -> 7
Cycle -> 86, Immuned -> 7
Cycle -> 87, Immuned -> 4
Cycle -> 88, Immuned -> 4
Cycle -> 89, Immuned -> 7
Cycle -> 90, Immuned -> 6
Cycle -> 91, Immuned -> 4
Cycle -> 92, Immuned -> 3
Cycle -> 93, Immuned -> 4
Cycle -> 94, Immuned -> 3
Cycle -> 95, Immuned -> 2
Cycle -> 96, Immuned -> 2
Cycle -> 97, Immuned -> 3
Cycle -> 98, Immuned -> 3
Cycle -> 99, Immuned -> 4
Cycle -> 100, Immuned -> 3
Cycle -> 101, Immuned -> 1
Cycle -> 102, Immuned -> 5
Cycle -> 103, Immuned -> 3
Cycle -> 104, Immuned -> 2
Cycle -> 105, Immuned -> 5
Cycle -> 106, Immuned -> 2
Cycle -> 107, Immuned -> 3
Cycle -> 108, Immuned -> 2
Cycle -> 109, Immuned -> 2
Cycle -> 110, Immuned -> 1
Cycle -> 111, Immuned -> 0
Cycle -> 112, Immuned -> 1
Cycle -> 113, Immuned -> 3
Cycle -> 114, Immuned -> 2
Cycle -> 115, Immuned -> 0
Cycle -> 116, Immuned -> 2
Cycle -> 117, Immuned -> 1
Cycle -> 118, Immuned -> 1
Cycle -> 119, Immuned -> 0
Cycle -> 120, Immuned -> 2
Cycle -> 121, Immuned -> 2
Cycle -> 122, Immuned -> 0
Cycle -> 123, Immuned -> 3
Cycle -> 124, Immuned -> 1
Cycle -> 125, Immuned -> 2
Cycle -> 126, Immuned -> 0
Cycle -> 127, Immuned -> 0
Cycle -> 128, Immuned -> 2
Cycle -> 129, Immuned -> 1
Cycle -> 130, Immuned -> 2
Cycle -> 131, Immuned -> 0
Cycle -> 132, Immuned -> 1
Cycle -> 133, Immuned -> 0
Cycle -> 134, Immuned -> 0
Cycle -> 135, Immuned -> 1
Cycle -> 136, Immuned -> 0
Cycle -> 137, Immuned -> 0
Cycle -> 138, Immuned -> 0
Cycle -> 139, Immuned -> 0
Cycle -> 140, Immuned -> 0
Cycle -> 141, Immuned -> 0
Cycle -> 142, Immuned -> 2
Cycle -> 143, Immuned -> 1
Cycle -> 144, Immuned -> 0
Cycle -> 145, Immuned -> 0
Cycle -> 146, Immuned -> 1
Cycle -> 147, Immuned -> 0
Cycle -> 148, Immuned -> 1
Cycle -> 149, Immuned -> 0
Cycle -> 150, Immuned -> 0
Cycle -> 151, Immuned -> 0
Cycle -> 152, Immuned -> 0
Cycle -> 153, Immuned -> 0
Cycle -> 154, Immuned -> 0
Cycle -> 155, Immuned -> 0
Cycle -> 156, Immuned -> 0
Cycle -> 157, Immuned -> 0
Cycle -> 158, Immuned -> 0
Cycle -> 159, Immuned -> 0
Cycle -> 160, Immuned -> 0
Cycle -> 161, Immuned -> 0
Cycle -> 162, Immuned -> 0
Cycle -> 163, Immuned -> 0
Cycle -> 164, Immuned -> 0
Cycle -> 165, Immuned -> 0
Cycle -> 166, Immuned -> 0
Cycle -> 167, Immuned -> 0
Cycle -> 168, Immuned -> 0
Cycle -> 169, Immuned -> 0
Cycle -> 170, Immuned -> 0
Cycle -> 171, Immuned -> 0
Cycle -> 172, Immuned -> 0
Cycle -> 173, Immuned -> 0
Cycle -> 174, Immuned -> 0
Cycle -> 175, Immuned -> 0
Cycle -> 176, Immuned -> 0
Cycle -> 177, Immuned -> 0
Cycle -> 178, Immuned -> 0
Cycle -> 179, Immuned -> 1
Cycle -> 180, Immuned -> 0
Cycle -> 181, Immuned -> 0
Cycle -> 182, Immuned -> 0
Cycle -> 183, Immuned -> 0
Cycle -> 184, Immuned -> 0
Cycle -> 185, Immuned -> 0
Cycle -> 186, Immuned -> 0
Cycle -> 187, Immuned -> 0
Cycle -> 188, Immuned -> 0
Cycle -> 189, Immuned -> 0
Cycle -> 190, Immuned -> 0
Cycle -> 191, Immuned -> 0
Cycle -> 192, Immuned -> 0
Cycle -> 193, Immuned -> 0
Cycle -> 194, Immuned -> 0
Cycle -> 195, Immuned -> 0
Cycle -> 196, Immuned -> 0
Cycle -> 197, Immuned -> 0
Cycle -> 198, Immuned -> 0
Cycle -> 199, Immuned -> 0

