Stats

Infected OS : ANDROID

Population with Android : 51348
Population with IOS : 8469
Population with OTHERS : 183

Peers spawned near hotspots : 42000
Peers spawned randomly : 18000

Infected Peers : 1
Recovered Peers : 24576
Immuned Peers : 35422

Infected Peers per cycle : 
76
419
871
2051
3051
1634
1014
915
1042
1220
 1404
 1298
 812
 706
 1018
 634
 646
 244
 204
 560
 500
 352
 397
 384
 884
 830
 318
 283
 196
 64
 85
 141
 104
 75
 62
 24
 13
 7
 4
 3
 1
 3
 5
 4
 4
 3
 1
 4
 2
 1
 0
 0
 1
 0
 1
 0
 0
 0
 1
 0
 0
 0
 0
 0
 0
 0
 0
 0
 0
 0
 0
 0
 0
 0
 0
 0
 0
 0
 0
 0
 0
 0
Cycle -> 82, Infected -> 0
Cycle -> 83, Infected -> 0
Cycle -> 84, Infected -> 0
Cycle -> 85, Infected -> 0
Cycle -> 86, Infected -> 0
Cycle -> 87, Infected -> 0
Cycle -> 88, Infected -> 0
Cycle -> 89, Infected -> 0
Cycle -> 90, Infected -> 0
Cycle -> 91, Infected -> 0
Cycle -> 92, Infected -> 0
Cycle -> 93, Infected -> 0
Cycle -> 94, Infected -> 0
Cycle -> 95, Infected -> 0
Cycle -> 96, Infected -> 0
Cycle -> 97, Infected -> 0
Cycle -> 98, Infected -> 0
Cycle -> 99, Infected -> 0
Cycle -> 100, Infected -> 0
Cycle -> 101, Infected -> 0
Cycle -> 102, Infected -> 0
Cycle -> 103, Infected -> 0
Cycle -> 104, Infected -> 0
Cycle -> 105, Infected -> 0
Cycle -> 106, Infected -> 0
Cycle -> 107, Infected -> 0
Cycle -> 108, Infected -> 0
Cycle -> 109, Infected -> 0
Cycle -> 110, Infected -> 0
Cycle -> 111, Infected -> 0
Cycle -> 112, Infected -> 0
Cycle -> 113, Infected -> 0
Cycle -> 114, Infected -> 0
Cycle -> 115, Infected -> 0
Cycle -> 116, Infected -> 0
Cycle -> 117, Infected -> 0
Cycle -> 118, Infected -> 0
Cycle -> 119, Infected -> 0
Cycle -> 120, Infected -> 0
Cycle -> 121, Infected -> 0
Cycle -> 122, Infected -> 0
Cycle -> 123, Infected -> 0
Cycle -> 124, Infected -> 0
Cycle -> 125, Infected -> 0
Cycle -> 126, Infected -> 0
Cycle -> 127, Infected -> 0
Cycle -> 128, Infected -> 0
Cycle -> 129, Infected -> 0
Cycle -> 130, Infected -> 0
Cycle -> 131, Infected -> 0
Cycle -> 132, Infected -> 0
Cycle -> 133, Infected -> 0
Cycle -> 134, Infected -> 0
Cycle -> 135, Infected -> 0
Cycle -> 136, Infected -> 0
Cycle -> 137, Infected -> 0
Cycle -> 138, Infected -> 0
Cycle -> 139, Infected -> 0
Cycle -> 140, Infected -> 0
Cycle -> 141, Infected -> 0
Cycle -> 142, Infected -> 0
Cycle -> 143, Infected -> 0
Cycle -> 144, Infected -> 0
Cycle -> 145, Infected -> 0
Cycle -> 146, Infected -> 0
Cycle -> 147, Infected -> 0
Cycle -> 148, Infected -> 0
Cycle -> 149, Infected -> 0
Cycle -> 150, Infected -> 0
Cycle -> 151, Infected -> 0
Cycle -> 152, Infected -> 0
Cycle -> 153, Infected -> 0
Cycle -> 154, Infected -> 0
Cycle -> 155, Infected -> 0
Cycle -> 156, Infected -> 0
Cycle -> 157, Infected -> 0
Cycle -> 158, Infected -> 0
Cycle -> 159, Infected -> 0
Cycle -> 160, Infected -> 0
Cycle -> 161, Infected -> 0
Cycle -> 162, Infected -> 0
Cycle -> 163, Infected -> 0
Cycle -> 164, Infected -> 0
Cycle -> 165, Infected -> 0
Cycle -> 166, Infected -> 0
Cycle -> 167, Infected -> 0
Cycle -> 168, Infected -> 0
Cycle -> 169, Infected -> 0
Cycle -> 170, Infected -> 0
Cycle -> 171, Infected -> 0
Cycle -> 172, Infected -> 0
Cycle -> 173, Infected -> 0
Cycle -> 174, Infected -> 0
Cycle -> 175, Infected -> 0
Cycle -> 176, Infected -> 0
Cycle -> 177, Infected -> 0
Cycle -> 178, Infected -> 0
Cycle -> 179, Infected -> 0
Cycle -> 180, Infected -> 0
Cycle -> 181, Infected -> 0
Cycle -> 182, Infected -> 0
Cycle -> 183, Infected -> 0
Cycle -> 184, Infected -> 0
Cycle -> 185, Infected -> 0
Cycle -> 186, Infected -> 0
Cycle -> 187, Infected -> 0
Cycle -> 188, Infected -> 0
Cycle -> 189, Infected -> 0
Cycle -> 190, Infected -> 0
Cycle -> 191, Infected -> 0
Cycle -> 192, Infected -> 0
Cycle -> 193, Infected -> 0
Cycle -> 194, Infected -> 0
Cycle -> 195, Infected -> 0
Cycle -> 196, Infected -> 0
Cycle -> 197, Infected -> 0
Cycle -> 198, Infected -> 0
Cycle -> 199, Infected -> 0

Recovered Peers per cycle : 
0
7
30
72
154
335
411
406
461
434
495
575
559
606
603
635
643
625
619
557
574
583
577
541
579
575
558
576
552
501
522
480
473
450
408
439
390
379
357
318
329
319
278
304
228
259
247
257
240
214
185
173
183
156
160
140
128
115
116
110
113
130
126
89
94
81
71
85
71
81
83
72
64
56
58
48
51
52
38
47
47
44
42
39
44
34
32
34
16
26
26
17
25
25
18
27
14
12
13
21
15
10
12
16
15
14
15
15
4
4
8
16
10
11
11
6
2
4
1
10
8
4
4
6
5
4
5
4
4
0
4
4
4
1
4
3
2
4
0
cle -> 139, Recovered -> 4
cle -> 140, Recovered -> 0
cle -> 141, Recovered -> 2
cle -> 142, Recovered -> 2
cle -> 143, Recovered -> 2
cle -> 144, Recovered -> 4
cle -> 145, Recovered -> 0
cle -> 146, Recovered -> 2
cle -> 147, Recovered -> 0
cle -> 148, Recovered -> 1
ycle -> 149, Recovered -> 0
ycle -> 150, Recovered -> 0
ycle -> 151, Recovered -> 0
ycle -> 152, Recovered -> 1
ycle -> 153, Recovered -> 0
ycle -> 154, Recovered -> 4
ycle -> 155, Recovered -> 1
ycle -> 156, Recovered -> 1
ycle -> 157, Recovered -> 2
ycle -> 158, Recovered -> 0
ycle -> 159, Recovered -> 1
ycle -> 160, Recovered -> 1
ycle -> 161, Recovered -> 0
ycle -> 162, Recovered -> 0
ycle -> 163, Recovered -> 1
ycle -> 164, Recovered -> 0
ycle -> 165, Recovered -> 1
ycle -> 166, Recovered -> 1
ycle -> 167, Recovered -> 1
ycle -> 168, Recovered -> 0
ycle -> 169, Recovered -> 1
ycle -> 170, Recovered -> 1
ycle -> 171, Recovered -> 0
ycle -> 172, Recovered -> 0
ycle -> 173, Recovered -> 2
ycle -> 174, Recovered -> 0
ycle -> 175, Recovered -> 1
ycle -> 176, Recovered -> 0
ycle -> 177, Recovered -> 0
ycle -> 178, Recovered -> 0
ycle -> 179, Recovered -> 0
ycle -> 180, Recovered -> 1
ycle -> 181, Recovered -> 2
ycle -> 182, Recovered -> 0
ycle -> 183, Recovered -> 0
ycle -> 184, Recovered -> 0
ycle -> 185, Recovered -> 0
ycle -> 186, Recovered -> 0
ycle -> 187, Recovered -> 0
ycle -> 188, Recovered -> 0
ycle -> 189, Recovered -> 0
ycle -> 190, Recovered -> 0
ycle -> 191, Recovered -> 0
ycle -> 192, Recovered -> 0
ycle -> 193, Recovered -> 0
ycle -> 194, Recovered -> 0
ycle -> 195, Recovered -> 1
ycle -> 196, Recovered -> 0
ycle -> 197, Recovered -> 0
ycle -> 198, Recovered -> 0
Cycle -> 199, Recovered -> 0
mmuned Peers per cycle : 
ycle -> 0, Immuned -> 3033
ycle -> 1, Immuned -> 2852
ycle -> 2, Immuned -> 2744
ycle -> 3, Immuned -> 2568
ycle -> 4, Immuned -> 2278
ycle -> 5, Immuned -> 2073
ycle -> 6, Immuned -> 1813
ycle -> 7, Immuned -> 1726
ycle -> 8, Immuned -> 1557
ycle -> 9, Immuned -> 1438
ycle -> 10, Immuned -> 1274
ycle -> 11, Immuned -> 1182
ycle -> 12, Immuned -> 993
ycle -> 13, Immuned -> 967
ycle -> 14, Immuned -> 856
ycle -> 15, Immuned -> 771
ycle -> 16, Immuned -> 688
ycle -> 17, Immuned -> 572
ycle -> 18, Immuned -> 568
ycle -> 19, Immuned -> 586
ycle -> 20, Immuned -> 466
ycle -> 21, Immuned -> 432
ycle -> 22, Immuned -> 395
ycle -> 23, Immuned -> 349
ycle -> 24, Immuned -> 336
ycle -> 25, Immuned -> 263
ycle -> 26, Immuned -> 199
ycle -> 27, Immuned -> 179
ycle -> 28, Immuned -> 159
ycle -> 29, Immuned -> 138
ycle -> 30, Immuned -> 120
ycle -> 31, Immuned -> 115
ycle -> 32, Immuned -> 92
ycle -> 33, Immuned -> 86
ycle -> 34, Immuned -> 88
ycle -> 35, Immuned -> 77
ycle -> 36, Immuned -> 80
Cycle -> 37, Immuned -> 73
Cycle -> 38, Immuned -> 51
Cycle -> 39, Immuned -> 72
Cycle -> 40, Immuned -> 66
Cycle -> 41, Immuned -> 48
Cycle -> 42, Immuned -> 43
Cycle -> 43, Immuned -> 46
Cycle -> 44, Immuned -> 58
Cycle -> 45, Immuned -> 42
Cycle -> 46, Immuned -> 38
Cycle -> 47, Immuned -> 39
Cycle -> 48, Immuned -> 33
Cycle -> 49, Immuned -> 42
Cycle -> 50, Immuned -> 34
Cycle -> 51, Immuned -> 22
Cycle -> 52, Immuned -> 36
Cycle -> 53, Immuned -> 25
Cycle -> 54, Immuned -> 26
Cycle -> 55, Immuned -> 36
Cycle -> 56, Immuned -> 23
Cycle -> 57, Immuned -> 31
Cycle -> 58, Immuned -> 22
Cycle -> 59, Immuned -> 18
Cycle -> 60, Immuned -> 25
Cycle -> 61, Immuned -> 15
Cycle -> 62, Immuned -> 13
Cycle -> 63, Immuned -> 18
Cycle -> 64, Immuned -> 16
Cycle -> 65, Immuned -> 18
Cycle -> 66, Immuned -> 14
Cycle -> 67, Immuned -> 9
Cycle -> 68, Immuned -> 15
Cycle -> 69, Immuned -> 12
Cycle -> 70, Immuned -> 14
Cycle -> 71, Immuned -> 7
Cycle -> 72, Immuned -> 10
Cycle -> 73, Immuned -> 12
Cycle -> 74, Immuned -> 12
Cycle -> 75, Immuned -> 9
Cycle -> 76, Immuned -> 5
Cycle -> 77, Immuned -> 6
Cycle -> 78, Immuned -> 4
Cycle -> 79, Immuned -> 9
Cycle -> 80, Immuned -> 5
Cycle -> 81, Immuned -> 9
Cycle -> 82, Immuned -> 8
Cycle -> 83, Immuned -> 7
Cycle -> 84, Immuned -> 2
Cycle -> 85, Immuned -> 5
Cycle -> 86, Immuned -> 8
Cycle -> 87, Immuned -> 4
Cycle -> 88, Immuned -> 3
Cycle -> 89, Immuned -> 6
Cycle -> 90, Immuned -> 2
Cycle -> 91, Immuned -> 1
Cycle -> 92, Immuned -> 2
Cycle -> 93, Immuned -> 3
Cycle -> 94, Immuned -> 9
Cycle -> 95, Immuned -> 4
Cycle -> 96, Immuned -> 2
Cycle -> 97, Immuned -> 1
Cycle -> 98, Immuned -> 2
Cycle -> 99, Immuned -> 4
Cycle -> 100, Immuned -> 3
Cycle -> 101, Immuned -> 6
Cycle -> 102, Immuned -> 2
Cycle -> 103, Immuned -> 0
Cycle -> 104, Immuned -> 4
Cycle -> 105, Immuned -> 0
Cycle -> 106, Immuned -> 1
Cycle -> 107, Immuned -> 1
Cycle -> 108, Immuned -> 0
Cycle -> 109, Immuned -> 1
Cycle -> 110, Immuned -> 2
Cycle -> 111, Immuned -> 0
Cycle -> 112, Immuned -> 3
Cycle -> 113, Immuned -> 1
Cycle -> 114, Immuned -> 2
Cycle -> 115, Immuned -> 2
Cycle -> 116, Immuned -> 3
Cycle -> 117, Immuned -> 0
Cycle -> 118, Immuned -> 1
Cycle -> 119, Immuned -> 2
Cycle -> 120, Immuned -> 1
Cycle -> 121, Immuned -> 3
Cycle -> 122, Immuned -> 1
Cycle -> 123, Immuned -> 1
Cycle -> 124, Immuned -> 0
Cycle -> 125, Immuned -> 1
Cycle -> 126, Immuned -> 1
Cycle -> 127, Immuned -> 1
Cycle -> 128, Immuned -> 1
Cycle -> 129, Immuned -> 1
Cycle -> 130, Immuned -> 1
Cycle -> 131, Immuned -> 0
Cycle -> 132, Immuned -> 1
Cycle -> 133, Immuned -> 1
Cycle -> 134, Immuned -> 1
Cycle -> 135, Immuned -> 0
Cycle -> 136, Immuned -> 0
Cycle -> 137, Immuned -> 1
Cycle -> 138, Immuned -> 1
Cycle -> 139, Immuned -> 0
Cycle -> 140, Immuned -> 0
Cycle -> 141, Immuned -> 0
Cycle -> 142, Immuned -> 0
Cycle -> 143, Immuned -> 0
Cycle -> 144, Immuned -> 0
Cycle -> 145, Immuned -> 1
Cycle -> 146, Immuned -> 0
Cycle -> 147, Immuned -> 0
Cycle -> 148, Immuned -> 0
Cycle -> 149, Immuned -> 0
Cycle -> 150, Immuned -> 0
Cycle -> 151, Immuned -> 0
Cycle -> 152, Immuned -> 0
Cycle -> 153, Immuned -> 0
Cycle -> 154, Immuned -> 0
Cycle -> 155, Immuned -> 0
Cycle -> 156, Immuned -> 0
Cycle -> 157, Immuned -> 0
Cycle -> 158, Immuned -> 0
Cycle -> 159, Immuned -> 0
Cycle -> 160, Immuned -> 0
Cycle -> 161, Immuned -> 0
Cycle -> 162, Immuned -> 0
Cycle -> 163, Immuned -> 0
Cycle -> 164, Immuned -> 0
Cycle -> 165, Immuned -> 0
Cycle -> 166, Immuned -> 0
Cycle -> 167, Immuned -> 0
Cycle -> 168, Immuned -> 1
Cycle -> 169, Immuned -> 0
Cycle -> 170, Immuned -> 0
Cycle -> 171, Immuned -> 0
Cycle -> 172, Immuned -> 0
Cycle -> 173, Immuned -> 0
Cycle -> 174, Immuned -> 0
Cycle -> 175, Immuned -> 0
Cycle -> 176, Immuned -> 1
Cycle -> 177, Immuned -> 0
Cycle -> 178, Immuned -> 0
Cycle -> 179, Immuned -> 0
Cycle -> 180, Immuned -> 1
Cycle -> 181, Immuned -> 0
Cycle -> 182, Immuned -> 0
Cycle -> 183, Immuned -> 0
Cycle -> 184, Immuned -> 0
Cycle -> 185, Immuned -> 0
Cycle -> 186, Immuned -> 0
Cycle -> 187, Immuned -> 0
Cycle -> 188, Immuned -> 0
Cycle -> 189, Immuned -> 0
Cycle -> 190, Immuned -> 0
Cycle -> 191, Immuned -> 0
Cycle -> 192, Immuned -> 0
Cycle -> 193, Immuned -> 0
Cycle -> 194, Immuned -> 0
Cycle -> 195, Immuned -> 0
Cycle -> 196, Immuned -> 0
Cycle -> 197, Immuned -> 0
Cycle -> 198, Immuned -> 0
Cycle -> 199, Immuned -> 0

