Stats

Infected OS : ANDROID

Population with Android : 51073
Population with IOS : 7956
Population with OTHERS : 971

Peers spawned near hotspots : 42000
Peers spawned randomly : 18000

Infected Peers : 1
Recovered Peers : 26719
Immuned Peers : 33280

Infected Peers per cycle : 
Cycle -> 0, Infected -> 187
Cycle -> 1, Infected -> 830
Cycle -> 2, Infected -> 988
Cycle -> 3, Infected -> 1765
Cycle -> 4, Infected -> 1806
Cycle -> 5, Infected -> 1810
Cycle -> 6, Infected -> 1998
Cycle -> 7, Infected -> 1808
Cycle -> 8, Infected -> 1363
Cycle -> 9, Infected -> 1070
Cycle -> 10, Infected -> 979
Cycle -> 11, Infected -> 1142
Cycle -> 12, Infected -> 958
Cycle -> 13, Infected -> 1379
Cycle -> 14, Infected -> 1182
Cycle -> 15, Infected -> 927
Cycle -> 16, Infected -> 1426
Cycle -> 17, Infected -> 1109
Cycle -> 18, Infected -> 603
Cycle -> 19, Infected -> 408
Cycle -> 20, Infected -> 358
Cycle -> 21, Infected -> 691
Cycle -> 22, Infected -> 815
Cycle -> 23, Infected -> 287
Cycle -> 24, Infected -> 174
Cycle -> 25, Infected -> 125
Cycle -> 26, Infected -> 100
Cycle -> 27, Infected -> 197
Cycle -> 28, Infected -> 113
Cycle -> 29, Infected -> 65
Cycle -> 30, Infected -> 17
Cycle -> 31, Infected -> 12
Cycle -> 32, Infected -> 6
Cycle -> 33, Infected -> 5
Cycle -> 34, Infected -> 3
Cycle -> 35, Infected -> 3
Cycle -> 36, Infected -> 2
Cycle -> 37, Infected -> 4
Cycle -> 38, Infected -> 1
Cycle -> 39, Infected -> 0
Cycle -> 40, Infected -> 1
Cycle -> 41, Infected -> 2
Cycle -> 42, Infected -> 0
Cycle -> 43, Infected -> 0
Cycle -> 44, Infected -> 0
Cycle -> 45, Infected -> 0
Cycle -> 46, Infected -> 0
Cycle -> 47, Infected -> 0
Cycle -> 48, Infected -> 0
Cycle -> 49, Infected -> 0
Cycle -> 50, Infected -> 0
Cycle -> 51, Infected -> 0
Cycle -> 52, Infected -> 0
Cycle -> 53, Infected -> 0
Cycle -> 54, Infected -> 0
Cycle -> 55, Infected -> 0
Cycle -> 56, Infected -> 0
Cycle -> 57, Infected -> 0
Cycle -> 58, Infected -> 0
Cycle -> 59, Infected -> 0
Cycle -> 60, Infected -> 0
Cycle -> 61, Infected -> 0
Cycle -> 62, Infected -> 0
Cycle -> 63, Infected -> 0
Cycle -> 64, Infected -> 0
Cycle -> 65, Infected -> 0
Cycle -> 66, Infected -> 0
Cycle -> 67, Infected -> 0
Cycle -> 68, Infected -> 0
Cycle -> 69, Infected -> 0
Cycle -> 70, Infected -> 0
Cycle -> 71, Infected -> 0
Cycle -> 72, Infected -> 0
Cycle -> 73, Infected -> 0
Cycle -> 74, Infected -> 0
Cycle -> 75, Infected -> 0
Cycle -> 76, Infected -> 0
Cycle -> 77, Infected -> 0
Cycle -> 78, Infected -> 0
Cycle -> 79, Infected -> 0
Cycle -> 80, Infected -> 0
Cycle -> 81, Infected -> 0
Cycle -> 82, Infected -> 0
Cycle -> 83, Infected -> 0
Cycle -> 84, Infected -> 0
Cycle -> 85, Infected -> 0
Cycle -> 86, Infected -> 0
Cycle -> 87, Infected -> 0
Cycle -> 88, Infected -> 0
Cycle -> 89, Infected -> 0
Cycle -> 90, Infected -> 0
Cycle -> 91, Infected -> 0
Cycle -> 92, Infected -> 0
Cycle -> 93, Infected -> 0
Cycle -> 94, Infected -> 0
Cycle -> 95, Infected -> 0
Cycle -> 96, Infected -> 0
Cycle -> 97, Infected -> 0
Cycle -> 98, Infected -> 0
Cycle -> 99, Infected -> 0
Cycle -> 100, Infected -> 0
Cycle -> 101, Infected -> 0
Cycle -> 102, Infected -> 0
Cycle -> 103, Infected -> 0
Cycle -> 104, Infected -> 0
Cycle -> 105, Infected -> 0
Cycle -> 106, Infected -> 0
Cycle -> 107, Infected -> 0
Cycle -> 108, Infected -> 0
Cycle -> 109, Infected -> 0
Cycle -> 110, Infected -> 0
Cycle -> 111, Infected -> 0
Cycle -> 112, Infected -> 0
Cycle -> 113, Infected -> 0
Cycle -> 114, Infected -> 0
Cycle -> 115, Infected -> 0
Cycle -> 116, Infected -> 0
Cycle -> 117, Infected -> 0
Cycle -> 118, Infected -> 0
Cycle -> 119, Infected -> 0
Cycle -> 120, Infected -> 0
Cycle -> 121, Infected -> 0
Cycle -> 122, Infected -> 0
Cycle -> 123, Infected -> 0
Cycle -> 124, Infected -> 0
Cycle -> 125, Infected -> 0
Cycle -> 126, Infected -> 0
Cycle -> 127, Infected -> 0
Cycle -> 128, Infected -> 0
Cycle -> 129, Infected -> 0
Cycle -> 130, Infected -> 0
Cycle -> 131, Infected -> 0
Cycle -> 132, Infected -> 0
Cycle -> 133, Infected -> 0
Cycle -> 134, Infected -> 0
Cycle -> 135, Infected -> 0
Cycle -> 136, Infected -> 0
Cycle -> 137, Infected -> 0
Cycle -> 138, Infected -> 0
Cycle -> 139, Infected -> 0
Cycle -> 140, Infected -> 0
Cycle -> 141, Infected -> 0
Cycle -> 142, Infected -> 0
Cycle -> 143, Infected -> 0
Cycle -> 144, Infected -> 0
Cycle -> 145, Infected -> 0
Cycle -> 146, Infected -> 0
Cycle -> 147, Infected -> 0
Cycle -> 148, Infected -> 0
Cycle -> 149, Infected -> 0
Cycle -> 150, Infected -> 0
Cycle -> 151, Infected -> 0
Cycle -> 152, Infected -> 0
Cycle -> 153, Infected -> 0
Cycle -> 154, Infected -> 0
Cycle -> 155, Infected -> 0
Cycle -> 156, Infected -> 0
Cycle -> 157, Infected -> 0
Cycle -> 158, Infected -> 0
Cycle -> 159, Infected -> 0
Cycle -> 160, Infected -> 0
Cycle -> 161, Infected -> 0
Cycle -> 162, Infected -> 0
Cycle -> 163, Infected -> 0
Cycle -> 164, Infected -> 0
Cycle -> 165, Infected -> 0
Cycle -> 166, Infected -> 0
Cycle -> 167, Infected -> 0
Cycle -> 168, Infected -> 0
Cycle -> 169, Infected -> 0
Cycle -> 170, Infected -> 0
Cycle -> 171, Infected -> 0
Cycle -> 172, Infected -> 0
Cycle -> 173, Infected -> 0
Cycle -> 174, Infected -> 0
Cycle -> 175, Infected -> 0
Cycle -> 176, Infected -> 0
Cycle -> 177, Infected -> 0
Cycle -> 178, Infected -> 0
Cycle -> 179, Infected -> 0
Cycle -> 180, Infected -> 0
Cycle -> 181, Infected -> 0
Cycle -> 182, Infected -> 0
Cycle -> 183, Infected -> 0
Cycle -> 184, Infected -> 0
Cycle -> 185, Infected -> 0
Cycle -> 186, Infected -> 0
Cycle -> 187, Infected -> 0
Cycle -> 188, Infected -> 0
Cycle -> 189, Infected -> 0
Cycle -> 190, Infected -> 0
Cycle -> 191, Infected -> 0
Cycle -> 192, Infected -> 0
Cycle -> 193, Infected -> 0
Cycle -> 194, Infected -> 0
Cycle -> 195, Infected -> 0
Cycle -> 196, Infected -> 0
Cycle -> 197, Infected -> 0
Cycle -> 198, Infected -> 0
Cycle -> 199, Infected -> 0

Recovered Peers per cycle : 
Cycle -> 0, Recovered -> 0
Cycle -> 1, Recovered -> 10
Cycle -> 2, Recovered -> 55
Cycle -> 3, Recovered -> 93
Cycle -> 4, Recovered -> 198
Cycle -> 5, Recovered -> 255
Cycle -> 6, Recovered -> 324
Cycle -> 7, Recovered -> 440
Cycle -> 8, Recovered -> 498
Cycle -> 9, Recovered -> 528
Cycle -> 10, Recovered -> 566
Cycle -> 11, Recovered -> 567
Cycle -> 12, Recovered -> 591
Cycle -> 13, Recovered -> 616
Cycle -> 14, Recovered -> 652
Cycle -> 15, Recovered -> 708
Cycle -> 16, Recovered -> 709
Cycle -> 17, Recovered -> 740
Cycle -> 18, Recovered -> 740
Cycle -> 19, Recovered -> 750
Cycle -> 20, Recovered -> 703
Cycle -> 21, Recovered -> 730
Cycle -> 22, Recovered -> 716
Cycle -> 23, Recovered -> 747
Cycle -> 24, Recovered -> 724
Cycle -> 25, Recovered -> 670
Cycle -> 26, Recovered -> 631
Cycle -> 27, Recovered -> 632
Cycle -> 28, Recovered -> 608
Cycle -> 29, Recovered -> 572
Cycle -> 30, Recovered -> 572
Cycle -> 31, Recovered -> 535
Cycle -> 32, Recovered -> 479
Cycle -> 33, Recovered -> 454
Cycle -> 34, Recovered -> 468
Cycle -> 35, Recovered -> 445
Cycle -> 36, Recovered -> 412
Cycle -> 37, Recovered -> 385
Cycle -> 38, Recovered -> 361
Cycle -> 39, Recovered -> 364
Cycle -> 40, Recovered -> 365
Cycle -> 41, Recovered -> 324
Cycle -> 42, Recovered -> 299
Cycle -> 43, Recovered -> 283
Cycle -> 44, Recovered -> 273
Cycle -> 45, Recovered -> 232
Cycle -> 46, Recovered -> 231
Cycle -> 47, Recovered -> 240
Cycle -> 48, Recovered -> 217
Cycle -> 49, Recovered -> 210
Cycle -> 50, Recovered -> 200
Cycle -> 51, Recovered -> 186
Cycle -> 52, Recovered -> 135
Cycle -> 53, Recovered -> 141
Cycle -> 54, Recovered -> 153
Cycle -> 55, Recovered -> 161
Cycle -> 56, Recovered -> 146
Cycle -> 57, Recovered -> 118
Cycle -> 58, Recovered -> 134
Cycle -> 59, Recovered -> 115
Cycle -> 60, Recovered -> 124
Cycle -> 61, Recovered -> 114
Cycle -> 62, Recovered -> 104
Cycle -> 63, Recovered -> 93
Cycle -> 64, Recovered -> 98
Cycle -> 65, Recovered -> 86
Cycle -> 66, Recovered -> 78
Cycle -> 67, Recovered -> 92
Cycle -> 68, Recovered -> 86
Cycle -> 69, Recovered -> 95
Cycle -> 70, Recovered -> 57
Cycle -> 71, Recovered -> 66
Cycle -> 72, Recovered -> 66
Cycle -> 73, Recovered -> 60
Cycle -> 74, Recovered -> 60
Cycle -> 75, Recovered -> 49
Cycle -> 76, Recovered -> 55
Cycle -> 77, Recovered -> 42
Cycle -> 78, Recovered -> 42
Cycle -> 79, Recovered -> 38
Cycle -> 80, Recovered -> 37
Cycle -> 81, Recovered -> 34
Cycle -> 82, Recovered -> 42
Cycle -> 83, Recovered -> 29
Cycle -> 84, Recovered -> 38
Cycle -> 85, Recovered -> 27
Cycle -> 86, Recovered -> 28
Cycle -> 87, Recovered -> 33
Cycle -> 88, Recovered -> 25
Cycle -> 89, Recovered -> 25
Cycle -> 90, Recovered -> 30
Cycle -> 91, Recovered -> 17
Cycle -> 92, Recovered -> 18
Cycle -> 93, Recovered -> 22
Cycle -> 94, Recovered -> 22
Cycle -> 95, Recovered -> 17
Cycle -> 96, Recovered -> 14
Cycle -> 97, Recovered -> 23
Cycle -> 98, Recovered -> 19
Cycle -> 99, Recovered -> 10
Cycle -> 100, Recovered -> 16
Cycle -> 101, Recovered -> 17
Cycle -> 102, Recovered -> 13
Cycle -> 103, Recovered -> 5
Cycle -> 104, Recovered -> 9
Cycle -> 105, Recovered -> 12
Cycle -> 106, Recovered -> 15
Cycle -> 107, Recovered -> 17
Cycle -> 108, Recovered -> 11
Cycle -> 109, Recovered -> 8
Cycle -> 110, Recovered -> 14
Cycle -> 111, Recovered -> 13
Cycle -> 112, Recovered -> 4
Cycle -> 113, Recovered -> 8
Cycle -> 114, Recovered -> 5
Cycle -> 115, Recovered -> 6
Cycle -> 116, Recovered -> 2
Cycle -> 117, Recovered -> 3
Cycle -> 118, Recovered -> 14
Cycle -> 119, Recovered -> 6
Cycle -> 120, Recovered -> 1
Cycle -> 121, Recovered -> 5
Cycle -> 122, Recovered -> 3
Cycle -> 123, Recovered -> 3
Cycle -> 124, Recovered -> 2
Cycle -> 125, Recovered -> 7
Cycle -> 126, Recovered -> 6
Cycle -> 127, Recovered -> 4
Cycle -> 128, Recovered -> 3
Cycle -> 129, Recovered -> 2
Cycle -> 130, Recovered -> 2
Cycle -> 131, Recovered -> 4
Cycle -> 132, Recovered -> 3
Cycle -> 133, Recovered -> 5
Cycle -> 134, Recovered -> 0
Cycle -> 135, Recovered -> 3
Cycle -> 136, Recovered -> 3
Cycle -> 137, Recovered -> 2
Cycle -> 138, Recovered -> 1
Cycle -> 139, Recovered -> 0
Cycle -> 140, Recovered -> 4
Cycle -> 141, Recovered -> 1
Cycle -> 142, Recovered -> 3
Cycle -> 143, Recovered -> 1
Cycle -> 144, Recovered -> 2
Cycle -> 145, Recovered -> 1
Cycle -> 146, Recovered -> 0
Cycle -> 147, Recovered -> 1
Cycle -> 148, Recovered -> 3
Cycle -> 149, Recovered -> 1
Cycle -> 150, Recovered -> 1
Cycle -> 151, Recovered -> 1
Cycle -> 152, Recovered -> 0
Cycle -> 153, Recovered -> 0
Cycle -> 154, Recovered -> 0
Cycle -> 155, Recovered -> 1
Cycle -> 156, Recovered -> 2
Cycle -> 157, Recovered -> 0
Cycle -> 158, Recovered -> 1
Cycle -> 159, Recovered -> 0
Cycle -> 160, Recovered -> 1
Cycle -> 161, Recovered -> 0
Cycle -> 162, Recovered -> 1
Cycle -> 163, Recovered -> 0
Cycle -> 164, Recovered -> 0
Cycle -> 165, Recovered -> 1
Cycle -> 166, Recovered -> 1
Cycle -> 167, Recovered -> 0
Cycle -> 168, Recovered -> 0
Cycle -> 169, Recovered -> 1
Cycle -> 170, Recovered -> 2
Cycle -> 171, Recovered -> 1
Cycle -> 172, Recovered -> 0
Cycle -> 173, Recovered -> 0
Cycle -> 174, Recovered -> 0
Cycle -> 175, Recovered -> 0
Cycle -> 176, Recovered -> 1
Cycle -> 177, Recovered -> 0
Cycle -> 178, Recovered -> 1
Cycle -> 179, Recovered -> 0
Cycle -> 180, Recovered -> 0
Cycle -> 181, Recovered -> 0
Cycle -> 182, Recovered -> 0
Cycle -> 183, Recovered -> 0
Cycle -> 184, Recovered -> 0
Cycle -> 185, Recovered -> 1
Cycle -> 186, Recovered -> 0
Cycle -> 187, Recovered -> 0
Cycle -> 188, Recovered -> 0
Cycle -> 189, Recovered -> 0
Cycle -> 190, Recovered -> 0
Cycle -> 191, Recovered -> 0
Cycle -> 192, Recovered -> 0
Cycle -> 193, Recovered -> 1
Cycle -> 194, Recovered -> 0
Cycle -> 195, Recovered -> 0
Cycle -> 196, Recovered -> 1
Cycle -> 197, Recovered -> 0
Cycle -> 198, Recovered -> 0
Cycle -> 199, Recovered -> 0

Immuned Peers per cycle : 
Cycle -> 0, Immuned -> 2936
Cycle -> 1, Immuned -> 2809
Cycle -> 2, Immuned -> 2794
Cycle -> 3, Immuned -> 2500
Cycle -> 4, Immuned -> 2230
Cycle -> 5, Immuned -> 2139
Cycle -> 6, Immuned -> 1936
Cycle -> 7, Immuned -> 1606
Cycle -> 8, Immuned -> 1438
Cycle -> 9, Immuned -> 1338
Cycle -> 10, Immuned -> 1265
Cycle -> 11, Immuned -> 1107
Cycle -> 12, Immuned -> 1000
Cycle -> 13, Immuned -> 908
Cycle -> 14, Immuned -> 821
Cycle -> 15, Immuned -> 675
Cycle -> 16, Immuned -> 646
Cycle -> 17, Immuned -> 470
Cycle -> 18, Immuned -> 470
Cycle -> 19, Immuned -> 360
Cycle -> 20, Immuned -> 357
Cycle -> 21, Immuned -> 297
Cycle -> 22, Immuned -> 263
Cycle -> 23, Immuned -> 209
Cycle -> 24, Immuned -> 189
Cycle -> 25, Immuned -> 142
Cycle -> 26, Immuned -> 123
Cycle -> 27, Immuned -> 111
Cycle -> 28, Immuned -> 124
Cycle -> 29, Immuned -> 118
Cycle -> 30, Immuned -> 101
Cycle -> 31, Immuned -> 84
Cycle -> 32, Immuned -> 93
Cycle -> 33, Immuned -> 79
Cycle -> 34, Immuned -> 67
Cycle -> 35, Immuned -> 67
Cycle -> 36, Immuned -> 68
Cycle -> 37, Immuned -> 65
Cycle -> 38, Immuned -> 68
Cycle -> 39, Immuned -> 72
Cycle -> 40, Immuned -> 59
Cycle -> 41, Immuned -> 51
Cycle -> 42, Immuned -> 43
Cycle -> 43, Immuned -> 49
Cycle -> 44, Immuned -> 46
Cycle -> 45, Immuned -> 47
Cycle -> 46, Immuned -> 39
Cycle -> 47, Immuned -> 37
Cycle -> 48, Immuned -> 33
Cycle -> 49, Immuned -> 23
Cycle -> 50, Immuned -> 26
Cycle -> 51, Immuned -> 37
Cycle -> 52, Immuned -> 30
Cycle -> 53, Immuned -> 35
Cycle -> 54, Immuned -> 32
Cycle -> 55, Immuned -> 17
Cycle -> 56, Immuned -> 22
Cycle -> 57, Immuned -> 22
Cycle -> 58, Immuned -> 20
Cycle -> 59, Immuned -> 24
Cycle -> 60, Immuned -> 19
Cycle -> 61, Immuned -> 27
Cycle -> 62, Immuned -> 25
Cycle -> 63, Immuned -> 16
Cycle -> 64, Immuned -> 14
Cycle -> 65, Immuned -> 19
Cycle -> 66, Immuned -> 23
Cycle -> 67, Immuned -> 18
Cycle -> 68, Immuned -> 17
Cycle -> 69, Immuned -> 11
Cycle -> 70, Immuned -> 13
Cycle -> 71, Immuned -> 13
Cycle -> 72, Immuned -> 13
Cycle -> 73, Immuned -> 7
Cycle -> 74, Immuned -> 9
Cycle -> 75, Immuned -> 11
Cycle -> 76, Immuned -> 11
Cycle -> 77, Immuned -> 11
Cycle -> 78, Immuned -> 9
Cycle -> 79, Immuned -> 12
Cycle -> 80, Immuned -> 11
Cycle -> 81, Immuned -> 9
Cycle -> 82, Immuned -> 5
Cycle -> 83, Immuned -> 3
Cycle -> 84, Immuned -> 5
Cycle -> 85, Immuned -> 4
Cycle -> 86, Immuned -> 5
Cycle -> 87, Immuned -> 6
Cycle -> 88, Immuned -> 4
Cycle -> 89, Immuned -> 6
Cycle -> 90, Immuned -> 6
Cycle -> 91, Immuned -> 6
Cycle -> 92, Immuned -> 2
Cycle -> 93, Immuned -> 2
Cycle -> 94, Immuned -> 2
Cycle -> 95, Immuned -> 3
Cycle -> 96, Immuned -> 3
Cycle -> 97, Immuned -> 3
Cycle -> 98, Immuned -> 3
Cycle -> 99, Immuned -> 7
Cycle -> 100, Immuned -> 3
Cycle -> 101, Immuned -> 3
Cycle -> 102, Immuned -> 2
Cycle -> 103, Immuned -> 1
Cycle -> 104, Immuned -> 2
Cycle -> 105, Immuned -> 2
Cycle -> 106, Immuned -> 3
Cycle -> 107, Immuned -> 1
Cycle -> 108, Immuned -> 0
Cycle -> 109, Immuned -> 0
Cycle -> 110, Immuned -> 2
Cycle -> 111, Immuned -> 2
Cycle -> 112, Immuned -> 2
Cycle -> 113, Immuned -> 3
Cycle -> 114, Immuned -> 2
Cycle -> 115, Immuned -> 1
Cycle -> 116, Immuned -> 2
Cycle -> 117, Immuned -> 3
Cycle -> 118, Immuned -> 1
Cycle -> 119, Immuned -> 0
Cycle -> 120, Immuned -> 1
Cycle -> 121, Immuned -> 1
Cycle -> 122, Immuned -> 1
Cycle -> 123, Immuned -> 0
Cycle -> 124, Immuned -> 1
Cycle -> 125, Immuned -> 0
Cycle -> 126, Immuned -> 1
Cycle -> 127, Immuned -> 0
Cycle -> 128, Immuned -> 1
Cycle -> 129, Immuned -> 0
Cycle -> 130, Immuned -> 0
Cycle -> 131, Immuned -> 0
Cycle -> 132, Immuned -> 2
Cycle -> 133, Immuned -> 0
Cycle -> 134, Immuned -> 0
Cycle -> 135, Immuned -> 0
Cycle -> 136, Immuned -> 0
Cycle -> 137, Immuned -> 0
Cycle -> 138, Immuned -> 1
Cycle -> 139, Immuned -> 0
Cycle -> 140, Immuned -> 0
Cycle -> 141, Immuned -> 0
Cycle -> 142, Immuned -> 1
Cycle -> 143, Immuned -> 0
Cycle -> 144, Immuned -> 0
Cycle -> 145, Immuned -> 0
Cycle -> 146, Immuned -> 1
Cycle -> 147, Immuned -> 0
Cycle -> 148, Immuned -> 0
Cycle -> 149, Immuned -> 0
Cycle -> 150, Immuned -> 0
Cycle -> 151, Immuned -> 0
Cycle -> 152, Immuned -> 0
Cycle -> 153, Immuned -> 1
Cycle -> 154, Immuned -> 0
Cycle -> 155, Immuned -> 0
Cycle -> 156, Immuned -> 1
Cycle -> 157, Immuned -> 1
Cycle -> 158, Immuned -> 0
Cycle -> 159, Immuned -> 0
Cycle -> 160, Immuned -> 0
Cycle -> 161, Immuned -> 0
Cycle -> 162, Immuned -> 0
Cycle -> 163, Immuned -> 0
Cycle -> 164, Immuned -> 0
Cycle -> 165, Immuned -> 0
Cycle -> 166, Immuned -> 0
Cycle -> 167, Immuned -> 0
Cycle -> 168, Immuned -> 1
Cycle -> 169, Immuned -> 0
Cycle -> 170, Immuned -> 0
Cycle -> 171, Immuned -> 0
Cycle -> 172, Immuned -> 0
Cycle -> 173, Immuned -> 0
Cycle -> 174, Immuned -> 0
Cycle -> 175, Immuned -> 0
Cycle -> 176, Immuned -> 0
Cycle -> 177, Immuned -> 0
Cycle -> 178, Immuned -> 0
Cycle -> 179, Immuned -> 0
Cycle -> 180, Immuned -> 0
Cycle -> 181, Immuned -> 0
Cycle -> 182, Immuned -> 0
Cycle -> 183, Immuned -> 0
Cycle -> 184, Immuned -> 0
Cycle -> 185, Immuned -> 0
Cycle -> 186, Immuned -> 0
Cycle -> 187, Immuned -> 0
Cycle -> 188, Immuned -> 0
Cycle -> 189, Immuned -> 0
Cycle -> 190, Immuned -> 0
Cycle -> 191, Immuned -> 0
Cycle -> 192, Immuned -> 0
Cycle -> 193, Immuned -> 0
Cycle -> 194, Immuned -> 0
Cycle -> 195, Immuned -> 0
Cycle -> 196, Immuned -> 0
Cycle -> 197, Immuned -> 0
Cycle -> 198, Immuned -> 0
Cycle -> 199, Immuned -> 0

