Stats

Infected OS : OTHERS

Population with Android : 50877
Population with IOS : 8033
Population with OTHERS : 1090

Peers spawned near hotspots : 42000
Peers spawned randomly : 18000

Infected Peers : 0
Recovered Peers : 107
Immuned Peers : 59891

Infected Peers per cycle : 
Cycle -> 0, Infected -> 1
Cycle -> 1, Infected -> 1
Cycle -> 2, Infected -> 0
Cycle -> 3, Infected -> 0
Cycle -> 4, Infected -> 3
Cycle -> 5, Infected -> 3
Cycle -> 6, Infected -> 0
Cycle -> 7, Infected -> 2
Cycle -> 8, Infected -> 6
Cycle -> 9, Infected -> 1
Cycle -> 10, Infected -> 5
Cycle -> 11, Infected -> 3
Cycle -> 12, Infected -> 2
Cycle -> 13, Infected -> 3
Cycle -> 14, Infected -> 3
Cycle -> 15, Infected -> 3
Cycle -> 16, Infected -> 3
Cycle -> 17, Infected -> 3
Cycle -> 18, Infected -> 1
Cycle -> 19, Infected -> 1
Cycle -> 20, Infected -> 4
Cycle -> 21, Infected -> 6
Cycle -> 22, Infected -> 3
Cycle -> 23, Infected -> 3
Cycle -> 24, Infected -> 3
Cycle -> 25, Infected -> 1
Cycle -> 26, Infected -> 5
Cycle -> 27, Infected -> 3
Cycle -> 28, Infected -> 3
Cycle -> 29, Infected -> 2
Cycle -> 30, Infected -> 1
Cycle -> 31, Infected -> 0
Cycle -> 32, Infected -> 1
Cycle -> 33, Infected -> 1
Cycle -> 34, Infected -> 5
Cycle -> 35, Infected -> 0
Cycle -> 36, Infected -> 0
Cycle -> 37, Infected -> 1
Cycle -> 38, Infected -> 3
Cycle -> 39, Infected -> 1
Cycle -> 40, Infected -> 2
Cycle -> 41, Infected -> 2
Cycle -> 42, Infected -> 1
Cycle -> 43, Infected -> 1
Cycle -> 44, Infected -> 2
Cycle -> 45, Infected -> 0
Cycle -> 46, Infected -> 2
Cycle -> 47, Infected -> 0
Cycle -> 48, Infected -> 1
Cycle -> 49, Infected -> 1
Cycle -> 50, Infected -> 0
Cycle -> 51, Infected -> 0
Cycle -> 52, Infected -> 0
Cycle -> 53, Infected -> 0
Cycle -> 54, Infected -> 0
Cycle -> 55, Infected -> 0
Cycle -> 56, Infected -> 0
Cycle -> 57, Infected -> 0
Cycle -> 58, Infected -> 0
Cycle -> 59, Infected -> 0
Cycle -> 60, Infected -> 1
Cycle -> 61, Infected -> 1
Cycle -> 62, Infected -> 1
Cycle -> 63, Infected -> 0
Cycle -> 64, Infected -> 0
Cycle -> 65, Infected -> 0
Cycle -> 66, Infected -> 0
Cycle -> 67, Infected -> 0
Cycle -> 68, Infected -> 1
Cycle -> 69, Infected -> 0
Cycle -> 70, Infected -> 0
Cycle -> 71, Infected -> 0
Cycle -> 72, Infected -> 0
Cycle -> 73, Infected -> 0
Cycle -> 74, Infected -> 0
Cycle -> 75, Infected -> 0
Cycle -> 76, Infected -> 0
Cycle -> 77, Infected -> 0
Cycle -> 78, Infected -> 0
Cycle -> 79, Infected -> 0
Cycle -> 80, Infected -> 0
Cycle -> 81, Infected -> 0
Cycle -> 82, Infected -> 0
Cycle -> 83, Infected -> 0
Cycle -> 84, Infected -> 0
Cycle -> 85, Infected -> 0
Cycle -> 86, Infected -> 0
Cycle -> 87, Infected -> 0
Cycle -> 88, Infected -> 0
Cycle -> 89, Infected -> 0
Cycle -> 90, Infected -> 0
Cycle -> 91, Infected -> 0
Cycle -> 92, Infected -> 0
Cycle -> 93, Infected -> 0
Cycle -> 94, Infected -> 0
Cycle -> 95, Infected -> 0
Cycle -> 96, Infected -> 0
Cycle -> 97, Infected -> 0
Cycle -> 98, Infected -> 0
Cycle -> 99, Infected -> 0
Cycle -> 100, Infected -> 0
Cycle -> 101, Infected -> 0
Cycle -> 102, Infected -> 0
Cycle -> 103, Infected -> 0
Cycle -> 104, Infected -> 0
Cycle -> 105, Infected -> 0
Cycle -> 106, Infected -> 0
Cycle -> 107, Infected -> 0
Cycle -> 108, Infected -> 0
Cycle -> 109, Infected -> 0
Cycle -> 110, Infected -> 0
Cycle -> 111, Infected -> 0
Cycle -> 112, Infected -> 0
Cycle -> 113, Infected -> 0
Cycle -> 114, Infected -> 0
Cycle -> 115, Infected -> 0
Cycle -> 116, Infected -> 0
Cycle -> 117, Infected -> 0
Cycle -> 118, Infected -> 0
Cycle -> 119, Infected -> 0
Cycle -> 120, Infected -> 0
Cycle -> 121, Infected -> 0
Cycle -> 122, Infected -> 0
Cycle -> 123, Infected -> 0
Cycle -> 124, Infected -> 0
Cycle -> 125, Infected -> 0
Cycle -> 126, Infected -> 0
Cycle -> 127, Infected -> 0
Cycle -> 128, Infected -> 0
Cycle -> 129, Infected -> 0
Cycle -> 130, Infected -> 0
Cycle -> 131, Infected -> 0
Cycle -> 132, Infected -> 0
Cycle -> 133, Infected -> 0
Cycle -> 134, Infected -> 0
Cycle -> 135, Infected -> 0
Cycle -> 136, Infected -> 0
Cycle -> 137, Infected -> 0
Cycle -> 138, Infected -> 0
Cycle -> 139, Infected -> 0
Cycle -> 140, Infected -> 0
Cycle -> 141, Infected -> 0
Cycle -> 142, Infected -> 0
Cycle -> 143, Infected -> 0
Cycle -> 144, Infected -> 0
Cycle -> 145, Infected -> 0
Cycle -> 146, Infected -> 0
Cycle -> 147, Infected -> 0
Cycle -> 148, Infected -> 0
Cycle -> 149, Infected -> 0
Cycle -> 150, Infected -> 0
Cycle -> 151, Infected -> 0
Cycle -> 152, Infected -> 0
Cycle -> 153, Infected -> 0
Cycle -> 154, Infected -> 0
Cycle -> 155, Infected -> 0
Cycle -> 156, Infected -> 0
Cycle -> 157, Infected -> 0
Cycle -> 158, Infected -> 0
Cycle -> 159, Infected -> 0
Cycle -> 160, Infected -> 0
Cycle -> 161, Infected -> 0
Cycle -> 162, Infected -> 0
Cycle -> 163, Infected -> 0
Cycle -> 164, Infected -> 0
Cycle -> 165, Infected -> 0
Cycle -> 166, Infected -> 0
Cycle -> 167, Infected -> 0
Cycle -> 168, Infected -> 0
Cycle -> 169, Infected -> 0
Cycle -> 170, Infected -> 0
Cycle -> 171, Infected -> 0
Cycle -> 172, Infected -> 0
Cycle -> 173, Infected -> 0
Cycle -> 174, Infected -> 0
Cycle -> 175, Infected -> 0
Cycle -> 176, Infected -> 0
Cycle -> 177, Infected -> 0
Cycle -> 178, Infected -> 0
Cycle -> 179, Infected -> 0
Cycle -> 180, Infected -> 0
Cycle -> 181, Infected -> 0
Cycle -> 182, Infected -> 0
Cycle -> 183, Infected -> 0
Cycle -> 184, Infected -> 0
Cycle -> 185, Infected -> 0
Cycle -> 186, Infected -> 0
Cycle -> 187, Infected -> 0
Cycle -> 188, Infected -> 0
Cycle -> 189, Infected -> 0
Cycle -> 190, Infected -> 0
Cycle -> 191, Infected -> 0
Cycle -> 192, Infected -> 0
Cycle -> 193, Infected -> 0
Cycle -> 194, Infected -> 0
Cycle -> 195, Infected -> 0
Cycle -> 196, Infected -> 0
Cycle -> 197, Infected -> 0
Cycle -> 198, Infected -> 0
Cycle -> 199, Infected -> 0

Recovered Peers per cycle : 
Cycle -> 0, Recovered -> 0
Cycle -> 1, Recovered -> 0
Cycle -> 2, Recovered -> 0
Cycle -> 3, Recovered -> 0
Cycle -> 4, Recovered -> 0
Cycle -> 5, Recovered -> 0
Cycle -> 6, Recovered -> 0
Cycle -> 7, Recovered -> 1
Cycle -> 8, Recovered -> 1
Cycle -> 9, Recovered -> 0
Cycle -> 10, Recovered -> 0
Cycle -> 11, Recovered -> 1
Cycle -> 12, Recovered -> 1
Cycle -> 13, Recovered -> 4
Cycle -> 14, Recovered -> 2
Cycle -> 15, Recovered -> 0
Cycle -> 16, Recovered -> 0
Cycle -> 17, Recovered -> 2
Cycle -> 18, Recovered -> 4
Cycle -> 19, Recovered -> 2
Cycle -> 20, Recovered -> 1
Cycle -> 21, Recovered -> 2
Cycle -> 22, Recovered -> 2
Cycle -> 23, Recovered -> 0
Cycle -> 24, Recovered -> 2
Cycle -> 25, Recovered -> 4
Cycle -> 26, Recovered -> 2
Cycle -> 27, Recovered -> 1
Cycle -> 28, Recovered -> 2
Cycle -> 29, Recovered -> 1
Cycle -> 30, Recovered -> 0
Cycle -> 31, Recovered -> 2
Cycle -> 32, Recovered -> 2
Cycle -> 33, Recovered -> 3
Cycle -> 34, Recovered -> 2
Cycle -> 35, Recovered -> 2
Cycle -> 36, Recovered -> 1
Cycle -> 37, Recovered -> 0
Cycle -> 38, Recovered -> 1
Cycle -> 39, Recovered -> 4
Cycle -> 40, Recovered -> 1
Cycle -> 41, Recovered -> 3
Cycle -> 42, Recovered -> 4
Cycle -> 43, Recovered -> 1
Cycle -> 44, Recovered -> 0
Cycle -> 45, Recovered -> 2
Cycle -> 46, Recovered -> 1
Cycle -> 47, Recovered -> 1
Cycle -> 48, Recovered -> 2
Cycle -> 49, Recovered -> 0
Cycle -> 50, Recovered -> 1
Cycle -> 51, Recovered -> 1
Cycle -> 52, Recovered -> 1
Cycle -> 53, Recovered -> 3
Cycle -> 54, Recovered -> 1
Cycle -> 55, Recovered -> 2
Cycle -> 56, Recovered -> 1
Cycle -> 57, Recovered -> 2
Cycle -> 58, Recovered -> 1
Cycle -> 59, Recovered -> 0
Cycle -> 60, Recovered -> 1
Cycle -> 61, Recovered -> 1
Cycle -> 62, Recovered -> 0
Cycle -> 63, Recovered -> 5
Cycle -> 64, Recovered -> 1
Cycle -> 65, Recovered -> 3
Cycle -> 66, Recovered -> 0
Cycle -> 67, Recovered -> 1
Cycle -> 68, Recovered -> 0
Cycle -> 69, Recovered -> 1
Cycle -> 70, Recovered -> 0
Cycle -> 71, Recovered -> 0
Cycle -> 72, Recovered -> 2
Cycle -> 73, Recovered -> 2
Cycle -> 74, Recovered -> 1
Cycle -> 75, Recovered -> 0
Cycle -> 76, Recovered -> 0
Cycle -> 77, Recovered -> 0
Cycle -> 78, Recovered -> 1
Cycle -> 79, Recovered -> 1
Cycle -> 80, Recovered -> 0
Cycle -> 81, Recovered -> 0
Cycle -> 82, Recovered -> 2
Cycle -> 83, Recovered -> 0
Cycle -> 84, Recovered -> 0
Cycle -> 85, Recovered -> 1
Cycle -> 86, Recovered -> 0
Cycle -> 87, Recovered -> 0
Cycle -> 88, Recovered -> 0
Cycle -> 89, Recovered -> 0
Cycle -> 90, Recovered -> 1
Cycle -> 91, Recovered -> 0
Cycle -> 92, Recovered -> 0
Cycle -> 93, Recovered -> 0
Cycle -> 94, Recovered -> 0
Cycle -> 95, Recovered -> 0
Cycle -> 96, Recovered -> 0
Cycle -> 97, Recovered -> 0
Cycle -> 98, Recovered -> 0
Cycle -> 99, Recovered -> 0
Cycle -> 100, Recovered -> 0
Cycle -> 101, Recovered -> 0
Cycle -> 102, Recovered -> 0
Cycle -> 103, Recovered -> 0
Cycle -> 104, Recovered -> 0
Cycle -> 105, Recovered -> 0
Cycle -> 106, Recovered -> 1
Cycle -> 107, Recovered -> 0
Cycle -> 108, Recovered -> 0
Cycle -> 109, Recovered -> 1
Cycle -> 110, Recovered -> 0
Cycle -> 111, Recovered -> 0
Cycle -> 112, Recovered -> 0
Cycle -> 113, Recovered -> 0
Cycle -> 114, Recovered -> 0
Cycle -> 115, Recovered -> 0
Cycle -> 116, Recovered -> 0
Cycle -> 117, Recovered -> 0
Cycle -> 118, Recovered -> 1
Cycle -> 119, Recovered -> 0
Cycle -> 120, Recovered -> 0
Cycle -> 121, Recovered -> 0
Cycle -> 122, Recovered -> 0
Cycle -> 123, Recovered -> 0
Cycle -> 124, Recovered -> 0
Cycle -> 125, Recovered -> 0
Cycle -> 126, Recovered -> 0
Cycle -> 127, Recovered -> 0
Cycle -> 128, Recovered -> 0
Cycle -> 129, Recovered -> 0
Cycle -> 130, Recovered -> 0
Cycle -> 131, Recovered -> 0
Cycle -> 132, Recovered -> 0
Cycle -> 133, Recovered -> 0
Cycle -> 134, Recovered -> 0
Cycle -> 135, Recovered -> 0
Cycle -> 136, Recovered -> 0
Cycle -> 137, Recovered -> 0
Cycle -> 138, Recovered -> 0
Cycle -> 139, Recovered -> 0
Cycle -> 140, Recovered -> 0
Cycle -> 141, Recovered -> 0
Cycle -> 142, Recovered -> 0
Cycle -> 143, Recovered -> 0
Cycle -> 144, Recovered -> 0
Cycle -> 145, Recovered -> 0
Cycle -> 146, Recovered -> 0
Cycle -> 147, Recovered -> 0
Cycle -> 148, Recovered -> 0
Cycle -> 149, Recovered -> 0
Cycle -> 150, Recovered -> 0
Cycle -> 151, Recovered -> 0
Cycle -> 152, Recovered -> 0
Cycle -> 153, Recovered -> 0
Cycle -> 154, Recovered -> 0
Cycle -> 155, Recovered -> 0
Cycle -> 156, Recovered -> 0
Cycle -> 157, Recovered -> 0
Cycle -> 158, Recovered -> 0
Cycle -> 159, Recovered -> 0
Cycle -> 160, Recovered -> 0
Cycle -> 161, Recovered -> 0
Cycle -> 162, Recovered -> 0
Cycle -> 163, Recovered -> 0
Cycle -> 164, Recovered -> 0
Cycle -> 165, Recovered -> 0
Cycle -> 166, Recovered -> 0
Cycle -> 167, Recovered -> 0
Cycle -> 168, Recovered -> 0
Cycle -> 169, Recovered -> 0
Cycle -> 170, Recovered -> 0
Cycle -> 171, Recovered -> 0
Cycle -> 172, Recovered -> 0
Cycle -> 173, Recovered -> 0
Cycle -> 174, Recovered -> 0
Cycle -> 175, Recovered -> 0
Cycle -> 176, Recovered -> 0
Cycle -> 177, Recovered -> 0
Cycle -> 178, Recovered -> 0
Cycle -> 179, Recovered -> 0
Cycle -> 180, Recovered -> 0
Cycle -> 181, Recovered -> 0
Cycle -> 182, Recovered -> 0
Cycle -> 183, Recovered -> 0
Cycle -> 184, Recovered -> 0
Cycle -> 185, Recovered -> 0
Cycle -> 186, Recovered -> 0
Cycle -> 187, Recovered -> 0
Cycle -> 188, Recovered -> 0
Cycle -> 189, Recovered -> 0
Cycle -> 190, Recovered -> 0
Cycle -> 191, Recovered -> 0
Cycle -> 192, Recovered -> 0
Cycle -> 193, Recovered -> 0
Cycle -> 194, Recovered -> 0
Cycle -> 195, Recovered -> 0
Cycle -> 196, Recovered -> 0
Cycle -> 197, Recovered -> 0
Cycle -> 198, Recovered -> 0
Cycle -> 199, Recovered -> 0

Immuned Peers per cycle : 
Cycle -> 0, Immuned -> 3023
Cycle -> 1, Immuned -> 2930
Cycle -> 2, Immuned -> 2638
Cycle -> 3, Immuned -> 2606
Cycle -> 4, Immuned -> 2425
Cycle -> 5, Immuned -> 2314
Cycle -> 6, Immuned -> 2264
Cycle -> 7, Immuned -> 2053
Cycle -> 8, Immuned -> 1966
Cycle -> 9, Immuned -> 1883
Cycle -> 10, Immuned -> 1824
Cycle -> 11, Immuned -> 1732
Cycle -> 12, Immuned -> 1644
Cycle -> 13, Immuned -> 1523
Cycle -> 14, Immuned -> 1460
Cycle -> 15, Immuned -> 1352
Cycle -> 16, Immuned -> 1302
Cycle -> 17, Immuned -> 1248
Cycle -> 18, Immuned -> 1177
Cycle -> 19, Immuned -> 1132
Cycle -> 20, Immuned -> 1085
Cycle -> 21, Immuned -> 1044
Cycle -> 22, Immuned -> 978
Cycle -> 23, Immuned -> 867
Cycle -> 24, Immuned -> 857
Cycle -> 25, Immuned -> 821
Cycle -> 26, Immuned -> 823
Cycle -> 27, Immuned -> 755
Cycle -> 28, Immuned -> 679
Cycle -> 29, Immuned -> 693
Cycle -> 30, Immuned -> 663
Cycle -> 31, Immuned -> 617
Cycle -> 32, Immuned -> 598
Cycle -> 33, Immuned -> 567
Cycle -> 34, Immuned -> 513
Cycle -> 35, Immuned -> 492
Cycle -> 36, Immuned -> 466
Cycle -> 37, Immuned -> 475
Cycle -> 38, Immuned -> 423
Cycle -> 39, Immuned -> 411
Cycle -> 40, Immuned -> 402
Cycle -> 41, Immuned -> 365
Cycle -> 42, Immuned -> 317
Cycle -> 43, Immuned -> 297
Cycle -> 44, Immuned -> 293
Cycle -> 45, Immuned -> 301
Cycle -> 46, Immuned -> 292
Cycle -> 47, Immuned -> 285
Cycle -> 48, Immuned -> 261
Cycle -> 49, Immuned -> 257
Cycle -> 50, Immuned -> 208
Cycle -> 51, Immuned -> 208
Cycle -> 52, Immuned -> 201
Cycle -> 53, Immuned -> 201
Cycle -> 54, Immuned -> 188
Cycle -> 55, Immuned -> 179
Cycle -> 56, Immuned -> 172
Cycle -> 57, Immuned -> 153
Cycle -> 58, Immuned -> 151
Cycle -> 59, Immuned -> 126
Cycle -> 60, Immuned -> 134
Cycle -> 61, Immuned -> 141
Cycle -> 62, Immuned -> 124
Cycle -> 63, Immuned -> 130
Cycle -> 64, Immuned -> 112
Cycle -> 65, Immuned -> 92
Cycle -> 66, Immuned -> 102
Cycle -> 67, Immuned -> 91
Cycle -> 68, Immuned -> 80
Cycle -> 69, Immuned -> 83
Cycle -> 70, Immuned -> 89
Cycle -> 71, Immuned -> 73
Cycle -> 72, Immuned -> 74
Cycle -> 73, Immuned -> 66
Cycle -> 74, Immuned -> 77
Cycle -> 75, Immuned -> 63
Cycle -> 76, Immuned -> 60
Cycle -> 77, Immuned -> 47
Cycle -> 78, Immuned -> 44
Cycle -> 79, Immuned -> 56
Cycle -> 80, Immuned -> 50
Cycle -> 81, Immuned -> 42
Cycle -> 82, Immuned -> 52
Cycle -> 83, Immuned -> 37
Cycle -> 84, Immuned -> 40
Cycle -> 85, Immuned -> 39
Cycle -> 86, Immuned -> 39
Cycle -> 87, Immuned -> 40
Cycle -> 88, Immuned -> 26
Cycle -> 89, Immuned -> 27
Cycle -> 90, Immuned -> 24
Cycle -> 91, Immuned -> 25
Cycle -> 92, Immuned -> 21
Cycle -> 93, Immuned -> 23
Cycle -> 94, Immuned -> 26
Cycle -> 95, Immuned -> 20
Cycle -> 96, Immuned -> 23
Cycle -> 97, Immuned -> 24
Cycle -> 98, Immuned -> 16
Cycle -> 99, Immuned -> 20
Cycle -> 100, Immuned -> 20
Cycle -> 101, Immuned -> 12
Cycle -> 102, Immuned -> 18
Cycle -> 103, Immuned -> 15
Cycle -> 104, Immuned -> 18
Cycle -> 105, Immuned -> 10
Cycle -> 106, Immuned -> 11
Cycle -> 107, Immuned -> 12
Cycle -> 108, Immuned -> 11
Cycle -> 109, Immuned -> 13
Cycle -> 110, Immuned -> 10
Cycle -> 111, Immuned -> 10
Cycle -> 112, Immuned -> 12
Cycle -> 113, Immuned -> 11
Cycle -> 114, Immuned -> 9
Cycle -> 115, Immuned -> 8
Cycle -> 116, Immuned -> 8
Cycle -> 117, Immuned -> 10
Cycle -> 118, Immuned -> 5
Cycle -> 119, Immuned -> 2
Cycle -> 120, Immuned -> 7
Cycle -> 121, Immuned -> 8
Cycle -> 122, Immuned -> 7
Cycle -> 123, Immuned -> 12
Cycle -> 124, Immuned -> 6
Cycle -> 125, Immuned -> 5
Cycle -> 126, Immuned -> 4
Cycle -> 127, Immuned -> 5
Cycle -> 128, Immuned -> 3
Cycle -> 129, Immuned -> 12
Cycle -> 130, Immuned -> 5
Cycle -> 131, Immuned -> 1
Cycle -> 132, Immuned -> 3
Cycle -> 133, Immuned -> 2
Cycle -> 134, Immuned -> 2
Cycle -> 135, Immuned -> 2
Cycle -> 136, Immuned -> 2
Cycle -> 137, Immuned -> 1
Cycle -> 138, Immuned -> 5
Cycle -> 139, Immuned -> 1
Cycle -> 140, Immuned -> 4
Cycle -> 141, Immuned -> 3
Cycle -> 142, Immuned -> 3
Cycle -> 143, Immuned -> 3
Cycle -> 144, Immuned -> 2
Cycle -> 145, Immuned -> 1
Cycle -> 146, Immuned -> 1
Cycle -> 147, Immuned -> 1
Cycle -> 148, Immuned -> 0
Cycle -> 149, Immuned -> 0
Cycle -> 150, Immuned -> 1
Cycle -> 151, Immuned -> 0
Cycle -> 152, Immuned -> 4
Cycle -> 153, Immuned -> 1
Cycle -> 154, Immuned -> 1
Cycle -> 155, Immuned -> 0
Cycle -> 156, Immuned -> 2
Cycle -> 157, Immuned -> 0
Cycle -> 158, Immuned -> 0
Cycle -> 159, Immuned -> 0
Cycle -> 160, Immuned -> 2
Cycle -> 161, Immuned -> 1
Cycle -> 162, Immuned -> 0
Cycle -> 163, Immuned -> 0
Cycle -> 164, Immuned -> 1
Cycle -> 165, Immuned -> 0
Cycle -> 166, Immuned -> 0
Cycle -> 167, Immuned -> 0
Cycle -> 168, Immuned -> 0
Cycle -> 169, Immuned -> 1
Cycle -> 170, Immuned -> 0
Cycle -> 171, Immuned -> 0
Cycle -> 172, Immuned -> 1
Cycle -> 173, Immuned -> 1
Cycle -> 174, Immuned -> 0
Cycle -> 175, Immuned -> 1
Cycle -> 176, Immuned -> 1
Cycle -> 177, Immuned -> 0
Cycle -> 178, Immuned -> 1
Cycle -> 179, Immuned -> 0
Cycle -> 180, Immuned -> 0
Cycle -> 181, Immuned -> 1
Cycle -> 182, Immuned -> 0
Cycle -> 183, Immuned -> 0
Cycle -> 184, Immuned -> 1
Cycle -> 185, Immuned -> 0
Cycle -> 186, Immuned -> 0
Cycle -> 187, Immuned -> 0
Cycle -> 188, Immuned -> 1
Cycle -> 189, Immuned -> 0
Cycle -> 190, Immuned -> 0
Cycle -> 191, Immuned -> 0
Cycle -> 192, Immuned -> 1
Cycle -> 193, Immuned -> 0
Cycle -> 194, Immuned -> 0
Cycle -> 195, Immuned -> 0
Cycle -> 196, Immuned -> 0
Cycle -> 197, Immuned -> 0
Cycle -> 198, Immuned -> 0
Cycle -> 199, Immuned -> 0

