Stats

Infected OS : ANDROID

Population with Android : 51007
Population with IOS : 8011
Population with OTHERS : 982

Peers spawned near hotspots : 42000
Peers spawned randomly : 18000

Infected Peers : 1
Recovered Peers : 26618
Immuned Peers : 33380

Infected Peers per cycle : 
Cycle -> 0, Infected -> 27
Cycle -> 1, Infected -> 435
Cycle -> 2, Infected -> 1005
Cycle -> 3, Infected -> 2230
Cycle -> 4, Infected -> 1672
Cycle -> 5, Infected -> 2321
Cycle -> 6, Infected -> 3289
Cycle -> 7, Infected -> 1967
Cycle -> 8, Infected -> 1044
Cycle -> 9, Infected -> 956
Cycle -> 10, Infected -> 1206
Cycle -> 11, Infected -> 1045
Cycle -> 12, Infected -> 657
Cycle -> 13, Infected -> 1171
Cycle -> 14, Infected -> 951
Cycle -> 15, Infected -> 766
Cycle -> 16, Infected -> 781
Cycle -> 17, Infected -> 759
Cycle -> 18, Infected -> 513
Cycle -> 19, Infected -> 772
Cycle -> 20, Infected -> 444
Cycle -> 21, Infected -> 397
Cycle -> 22, Infected -> 339
Cycle -> 23, Infected -> 353
Cycle -> 24, Infected -> 415
Cycle -> 25, Infected -> 204
Cycle -> 26, Infected -> 181
Cycle -> 27, Infected -> 101
Cycle -> 28, Infected -> 108
Cycle -> 29, Infected -> 92
Cycle -> 30, Infected -> 93
Cycle -> 31, Infected -> 75
Cycle -> 32, Infected -> 95
Cycle -> 33, Infected -> 43
Cycle -> 34, Infected -> 33
Cycle -> 35, Infected -> 15
Cycle -> 36, Infected -> 13
Cycle -> 37, Infected -> 10
Cycle -> 38, Infected -> 13
Cycle -> 39, Infected -> 6
Cycle -> 40, Infected -> 7
Cycle -> 41, Infected -> 2
Cycle -> 42, Infected -> 0
Cycle -> 43, Infected -> 3
Cycle -> 44, Infected -> 0
Cycle -> 45, Infected -> 2
Cycle -> 46, Infected -> 0
Cycle -> 47, Infected -> 1
Cycle -> 48, Infected -> 2
Cycle -> 49, Infected -> 0
Cycle -> 50, Infected -> 1
Cycle -> 51, Infected -> 0
Cycle -> 52, Infected -> 0
Cycle -> 53, Infected -> 0
Cycle -> 54, Infected -> 2
Cycle -> 55, Infected -> 0
Cycle -> 56, Infected -> 0
Cycle -> 57, Infected -> 0
Cycle -> 58, Infected -> 0
Cycle -> 59, Infected -> 0
Cycle -> 60, Infected -> 0
Cycle -> 61, Infected -> 0
Cycle -> 62, Infected -> 0
Cycle -> 63, Infected -> 0
Cycle -> 64, Infected -> 0
Cycle -> 65, Infected -> 0
Cycle -> 66, Infected -> 0
Cycle -> 67, Infected -> 0
Cycle -> 68, Infected -> 0
Cycle -> 69, Infected -> 0
Cycle -> 70, Infected -> 0
Cycle -> 71, Infected -> 0
Cycle -> 72, Infected -> 0
Cycle -> 73, Infected -> 0
Cycle -> 74, Infected -> 0
Cycle -> 75, Infected -> 0
Cycle -> 76, Infected -> 0
Cycle -> 77, Infected -> 0
Cycle -> 78, Infected -> 0
Cycle -> 79, Infected -> 0
Cycle -> 80, Infected -> 0
Cycle -> 81, Infected -> 0
Cycle -> 82, Infected -> 0
Cycle -> 83, Infected -> 0
Cycle -> 84, Infected -> 0
Cycle -> 85, Infected -> 0
Cycle -> 86, Infected -> 0
Cycle -> 87, Infected -> 0
Cycle -> 88, Infected -> 0
Cycle -> 89, Infected -> 0
Cycle -> 90, Infected -> 0
Cycle -> 91, Infected -> 0
Cycle -> 92, Infected -> 0
Cycle -> 93, Infected -> 0
Cycle -> 94, Infected -> 0
Cycle -> 95, Infected -> 0
Cycle -> 96, Infected -> 1
Cycle -> 97, Infected -> 0
Cycle -> 98, Infected -> 0
Cycle -> 99, Infected -> 0
Cycle -> 100, Infected -> 0
Cycle -> 101, Infected -> 0
Cycle -> 102, Infected -> 0
Cycle -> 103, Infected -> 0
Cycle -> 104, Infected -> 0
Cycle -> 105, Infected -> 0
Cycle -> 106, Infected -> 0
Cycle -> 107, Infected -> 0
Cycle -> 108, Infected -> 0
Cycle -> 109, Infected -> 0
Cycle -> 110, Infected -> 0
Cycle -> 111, Infected -> 0
Cycle -> 112, Infected -> 0
Cycle -> 113, Infected -> 0
Cycle -> 114, Infected -> 0
Cycle -> 115, Infected -> 0
Cycle -> 116, Infected -> 0
Cycle -> 117, Infected -> 0
Cycle -> 118, Infected -> 0
Cycle -> 119, Infected -> 0
Cycle -> 120, Infected -> 0
Cycle -> 121, Infected -> 0
Cycle -> 122, Infected -> 0
Cycle -> 123, Infected -> 0
Cycle -> 124, Infected -> 0
Cycle -> 125, Infected -> 0
Cycle -> 126, Infected -> 0
Cycle -> 127, Infected -> 0
Cycle -> 128, Infected -> 0
Cycle -> 129, Infected -> 0
Cycle -> 130, Infected -> 0
Cycle -> 131, Infected -> 0
Cycle -> 132, Infected -> 0
Cycle -> 133, Infected -> 0
Cycle -> 134, Infected -> 0
Cycle -> 135, Infected -> 0
Cycle -> 136, Infected -> 0
Cycle -> 137, Infected -> 0
Cycle -> 138, Infected -> 0
Cycle -> 139, Infected -> 0
Cycle -> 140, Infected -> 0
Cycle -> 141, Infected -> 0
Cycle -> 142, Infected -> 0
Cycle -> 143, Infected -> 0
Cycle -> 144, Infected -> 0
Cycle -> 145, Infected -> 0
Cycle -> 146, Infected -> 0
Cycle -> 147, Infected -> 0
Cycle -> 148, Infected -> 0
Cycle -> 149, Infected -> 0
Cycle -> 150, Infected -> 0
Cycle -> 151, Infected -> 0
Cycle -> 152, Infected -> 0
Cycle -> 153, Infected -> 0
Cycle -> 154, Infected -> 0
Cycle -> 155, Infected -> 0
Cycle -> 156, Infected -> 0
Cycle -> 157, Infected -> 0
Cycle -> 158, Infected -> 0
Cycle -> 159, Infected -> 0
Cycle -> 160, Infected -> 0
Cycle -> 161, Infected -> 0
Cycle -> 162, Infected -> 0
Cycle -> 163, Infected -> 0
Cycle -> 164, Infected -> 0
Cycle -> 165, Infected -> 0
Cycle -> 166, Infected -> 0
Cycle -> 167, Infected -> 0
Cycle -> 168, Infected -> 0
Cycle -> 169, Infected -> 0
Cycle -> 170, Infected -> 0
Cycle -> 171, Infected -> 0
Cycle -> 172, Infected -> 0
Cycle -> 173, Infected -> 0
Cycle -> 174, Infected -> 0
Cycle -> 175, Infected -> 0
Cycle -> 176, Infected -> 0
Cycle -> 177, Infected -> 0
Cycle -> 178, Infected -> 0
Cycle -> 179, Infected -> 0
Cycle -> 180, Infected -> 0
Cycle -> 181, Infected -> 0
Cycle -> 182, Infected -> 0
Cycle -> 183, Infected -> 0
Cycle -> 184, Infected -> 0
Cycle -> 185, Infected -> 0
Cycle -> 186, Infected -> 0
Cycle -> 187, Infected -> 0
Cycle -> 188, Infected -> 0
Cycle -> 189, Infected -> 0
Cycle -> 190, Infected -> 0
Cycle -> 191, Infected -> 0
Cycle -> 192, Infected -> 0
Cycle -> 193, Infected -> 0
Cycle -> 194, Infected -> 0
Cycle -> 195, Infected -> 0
Cycle -> 196, Infected -> 0
Cycle -> 197, Infected -> 0
Cycle -> 198, Infected -> 0
Cycle -> 199, Infected -> 0

Recovered Peers per cycle : 
Cycle -> 0, Recovered -> 0
Cycle -> 1, Recovered -> 1
Cycle -> 2, Recovered -> 21
Cycle -> 3, Recovered -> 67
Cycle -> 4, Recovered -> 179
Cycle -> 5, Recovered -> 251
Cycle -> 6, Recovered -> 356
Cycle -> 7, Recovered -> 535
Cycle -> 8, Recovered -> 567
Cycle -> 9, Recovered -> 590
Cycle -> 10, Recovered -> 645
Cycle -> 11, Recovered -> 618
Cycle -> 12, Recovered -> 674
Cycle -> 13, Recovered -> 662
Cycle -> 14, Recovered -> 630
Cycle -> 15, Recovered -> 674
Cycle -> 16, Recovered -> 711
Cycle -> 17, Recovered -> 758
Cycle -> 18, Recovered -> 640
Cycle -> 19, Recovered -> 717
Cycle -> 20, Recovered -> 756
Cycle -> 21, Recovered -> 679
Cycle -> 22, Recovered -> 669
Cycle -> 23, Recovered -> 659
Cycle -> 24, Recovered -> 642
Cycle -> 25, Recovered -> 627
Cycle -> 26, Recovered -> 619
Cycle -> 27, Recovered -> 611
Cycle -> 28, Recovered -> 589
Cycle -> 29, Recovered -> 579
Cycle -> 30, Recovered -> 509
Cycle -> 31, Recovered -> 478
Cycle -> 32, Recovered -> 455
Cycle -> 33, Recovered -> 436
Cycle -> 34, Recovered -> 437
Cycle -> 35, Recovered -> 418
Cycle -> 36, Recovered -> 392
Cycle -> 37, Recovered -> 345
Cycle -> 38, Recovered -> 359
Cycle -> 39, Recovered -> 328
Cycle -> 40, Recovered -> 358
Cycle -> 41, Recovered -> 330
Cycle -> 42, Recovered -> 292
Cycle -> 43, Recovered -> 298
Cycle -> 44, Recovered -> 276
Cycle -> 45, Recovered -> 275
Cycle -> 46, Recovered -> 231
Cycle -> 47, Recovered -> 236
Cycle -> 48, Recovered -> 244
Cycle -> 49, Recovered -> 216
Cycle -> 50, Recovered -> 195
Cycle -> 51, Recovered -> 192
Cycle -> 52, Recovered -> 184
Cycle -> 53, Recovered -> 175
Cycle -> 54, Recovered -> 158
Cycle -> 55, Recovered -> 162
Cycle -> 56, Recovered -> 139
Cycle -> 57, Recovered -> 123
Cycle -> 58, Recovered -> 152
Cycle -> 59, Recovered -> 123
Cycle -> 60, Recovered -> 118
Cycle -> 61, Recovered -> 121
Cycle -> 62, Recovered -> 86
Cycle -> 63, Recovered -> 112
Cycle -> 64, Recovered -> 105
Cycle -> 65, Recovered -> 92
Cycle -> 66, Recovered -> 93
Cycle -> 67, Recovered -> 91
Cycle -> 68, Recovered -> 76
Cycle -> 69, Recovered -> 67
Cycle -> 70, Recovered -> 60
Cycle -> 71, Recovered -> 65
Cycle -> 72, Recovered -> 74
Cycle -> 73, Recovered -> 70
Cycle -> 74, Recovered -> 61
Cycle -> 75, Recovered -> 55
Cycle -> 76, Recovered -> 52
Cycle -> 77, Recovered -> 64
Cycle -> 78, Recovered -> 54
Cycle -> 79, Recovered -> 44
Cycle -> 80, Recovered -> 47
Cycle -> 81, Recovered -> 43
Cycle -> 82, Recovered -> 40
Cycle -> 83, Recovered -> 43
Cycle -> 84, Recovered -> 28
Cycle -> 85, Recovered -> 32
Cycle -> 86, Recovered -> 33
Cycle -> 87, Recovered -> 32
Cycle -> 88, Recovered -> 24
Cycle -> 89, Recovered -> 17
Cycle -> 90, Recovered -> 23
Cycle -> 91, Recovered -> 19
Cycle -> 92, Recovered -> 17
Cycle -> 93, Recovered -> 24
Cycle -> 94, Recovered -> 21
Cycle -> 95, Recovered -> 22
Cycle -> 96, Recovered -> 20
Cycle -> 97, Recovered -> 12
Cycle -> 98, Recovered -> 14
Cycle -> 99, Recovered -> 12
Cycle -> 100, Recovered -> 15
Cycle -> 101, Recovered -> 15
Cycle -> 102, Recovered -> 11
Cycle -> 103, Recovered -> 7
Cycle -> 104, Recovered -> 17
Cycle -> 105, Recovered -> 10
Cycle -> 106, Recovered -> 8
Cycle -> 107, Recovered -> 5
Cycle -> 108, Recovered -> 13
Cycle -> 109, Recovered -> 5
Cycle -> 110, Recovered -> 6
Cycle -> 111, Recovered -> 9
Cycle -> 112, Recovered -> 7
Cycle -> 113, Recovered -> 11
Cycle -> 114, Recovered -> 4
Cycle -> 115, Recovered -> 2
Cycle -> 116, Recovered -> 5
Cycle -> 117, Recovered -> 10
Cycle -> 118, Recovered -> 10
Cycle -> 119, Recovered -> 5
Cycle -> 120, Recovered -> 8
Cycle -> 121, Recovered -> 6
Cycle -> 122, Recovered -> 5
Cycle -> 123, Recovered -> 4
Cycle -> 124, Recovered -> 1
Cycle -> 125, Recovered -> 4
Cycle -> 126, Recovered -> 8
Cycle -> 127, Recovered -> 4
Cycle -> 128, Recovered -> 3
Cycle -> 129, Recovered -> 3
Cycle -> 130, Recovered -> 3
Cycle -> 131, Recovered -> 4
Cycle -> 132, Recovered -> 2
Cycle -> 133, Recovered -> 6
Cycle -> 134, Recovered -> 3
Cycle -> 135, Recovered -> 3
Cycle -> 136, Recovered -> 4
Cycle -> 137, Recovered -> 3
Cycle -> 138, Recovered -> 1
Cycle -> 139, Recovered -> 2
Cycle -> 140, Recovered -> 3
Cycle -> 141, Recovered -> 6
Cycle -> 142, Recovered -> 0
Cycle -> 143, Recovered -> 2
Cycle -> 144, Recovered -> 1
Cycle -> 145, Recovered -> 2
Cycle -> 146, Recovered -> 3
Cycle -> 147, Recovered -> 1
Cycle -> 148, Recovered -> 1
Cycle -> 149, Recovered -> 0
Cycle -> 150, Recovered -> 0
Cycle -> 151, Recovered -> 0
Cycle -> 152, Recovered -> 2
Cycle -> 153, Recovered -> 0
Cycle -> 154, Recovered -> 2
Cycle -> 155, Recovered -> 1
Cycle -> 156, Recovered -> 1
Cycle -> 157, Recovered -> 2
Cycle -> 158, Recovered -> 0
Cycle -> 159, Recovered -> 0
Cycle -> 160, Recovered -> 0
Cycle -> 161, Recovered -> 1
Cycle -> 162, Recovered -> 0
Cycle -> 163, Recovered -> 1
Cycle -> 164, Recovered -> 0
Cycle -> 165, Recovered -> 0
Cycle -> 166, Recovered -> 1
Cycle -> 167, Recovered -> 1
Cycle -> 168, Recovered -> 0
Cycle -> 169, Recovered -> 0
Cycle -> 170, Recovered -> 1
Cycle -> 171, Recovered -> 0
Cycle -> 172, Recovered -> 1
Cycle -> 173, Recovered -> 1
Cycle -> 174, Recovered -> 1
Cycle -> 175, Recovered -> 1
Cycle -> 176, Recovered -> 1
Cycle -> 177, Recovered -> 0
Cycle -> 178, Recovered -> 0
Cycle -> 179, Recovered -> 0
Cycle -> 180, Recovered -> 0
Cycle -> 181, Recovered -> 0
Cycle -> 182, Recovered -> 0
Cycle -> 183, Recovered -> 1
Cycle -> 184, Recovered -> 1
Cycle -> 185, Recovered -> 0
Cycle -> 186, Recovered -> 0
Cycle -> 187, Recovered -> 1
Cycle -> 188, Recovered -> 1
Cycle -> 189, Recovered -> 0
Cycle -> 190, Recovered -> 0
Cycle -> 191, Recovered -> 0
Cycle -> 192, Recovered -> 0
Cycle -> 193, Recovered -> 0
Cycle -> 194, Recovered -> 0
Cycle -> 195, Recovered -> 0
Cycle -> 196, Recovered -> 0
Cycle -> 197, Recovered -> 0
Cycle -> 198, Recovered -> 0
Cycle -> 199, Recovered -> 0

Immuned Peers per cycle : 
Cycle -> 0, Immuned -> 2926
Cycle -> 1, Immuned -> 2942
Cycle -> 2, Immuned -> 2764
Cycle -> 3, Immuned -> 2446
Cycle -> 4, Immuned -> 2260
Cycle -> 5, Immuned -> 2090
Cycle -> 6, Immuned -> 1803
Cycle -> 7, Immuned -> 1599
Cycle -> 8, Immuned -> 1415
Cycle -> 9, Immuned -> 1299
Cycle -> 10, Immuned -> 1135
Cycle -> 11, Immuned -> 1057
Cycle -> 12, Immuned -> 996
Cycle -> 13, Immuned -> 875
Cycle -> 14, Immuned -> 778
Cycle -> 15, Immuned -> 639
Cycle -> 16, Immuned -> 622
Cycle -> 17, Immuned -> 504
Cycle -> 18, Immuned -> 452
Cycle -> 19, Immuned -> 414
Cycle -> 20, Immuned -> 372
Cycle -> 21, Immuned -> 313
Cycle -> 22, Immuned -> 281
Cycle -> 23, Immuned -> 241
Cycle -> 24, Immuned -> 249
Cycle -> 25, Immuned -> 198
Cycle -> 26, Immuned -> 178
Cycle -> 27, Immuned -> 143
Cycle -> 28, Immuned -> 172
Cycle -> 29, Immuned -> 132
Cycle -> 30, Immuned -> 136
Cycle -> 31, Immuned -> 117
Cycle -> 32, Immuned -> 104
Cycle -> 33, Immuned -> 91
Cycle -> 34, Immuned -> 93
Cycle -> 35, Immuned -> 66
Cycle -> 36, Immuned -> 71
Cycle -> 37, Immuned -> 71
Cycle -> 38, Immuned -> 64
Cycle -> 39, Immuned -> 66
Cycle -> 40, Immuned -> 60
Cycle -> 41, Immuned -> 61
Cycle -> 42, Immuned -> 48
Cycle -> 43, Immuned -> 50
Cycle -> 44, Immuned -> 44
Cycle -> 45, Immuned -> 45
Cycle -> 46, Immuned -> 50
Cycle -> 47, Immuned -> 40
Cycle -> 48, Immuned -> 35
Cycle -> 49, Immuned -> 50
Cycle -> 50, Immuned -> 47
Cycle -> 51, Immuned -> 40
Cycle -> 52, Immuned -> 32
Cycle -> 53, Immuned -> 23
Cycle -> 54, Immuned -> 33
Cycle -> 55, Immuned -> 40
Cycle -> 56, Immuned -> 27
Cycle -> 57, Immuned -> 28
Cycle -> 58, Immuned -> 31
Cycle -> 59, Immuned -> 27
Cycle -> 60, Immuned -> 17
Cycle -> 61, Immuned -> 18
Cycle -> 62, Immuned -> 13
Cycle -> 63, Immuned -> 25
Cycle -> 64, Immuned -> 14
Cycle -> 65, Immuned -> 17
Cycle -> 66, Immuned -> 14
Cycle -> 67, Immuned -> 12
Cycle -> 68, Immuned -> 10
Cycle -> 69, Immuned -> 11
Cycle -> 70, Immuned -> 12
Cycle -> 71, Immuned -> 10
Cycle -> 72, Immuned -> 10
Cycle -> 73, Immuned -> 3
Cycle -> 74, Immuned -> 14
Cycle -> 75, Immuned -> 8
Cycle -> 76, Immuned -> 10
Cycle -> 77, Immuned -> 9
Cycle -> 78, Immuned -> 9
Cycle -> 79, Immuned -> 11
Cycle -> 80, Immuned -> 2
Cycle -> 81, Immuned -> 8
Cycle -> 82, Immuned -> 6
Cycle -> 83, Immuned -> 7
Cycle -> 84, Immuned -> 4
Cycle -> 85, Immuned -> 5
Cycle -> 86, Immuned -> 1
Cycle -> 87, Immuned -> 7
Cycle -> 88, Immuned -> 7
Cycle -> 89, Immuned -> 3
Cycle -> 90, Immuned -> 7
Cycle -> 91, Immuned -> 1
Cycle -> 92, Immuned -> 7
Cycle -> 93, Immuned -> 5
Cycle -> 94, Immuned -> 8
Cycle -> 95, Immuned -> 2
Cycle -> 96, Immuned -> 2
Cycle -> 97, Immuned -> 3
Cycle -> 98, Immuned -> 5
Cycle -> 99, Immuned -> 2
Cycle -> 100, Immuned -> 2
Cycle -> 101, Immuned -> 2
Cycle -> 102, Immuned -> 3
Cycle -> 103, Immuned -> 1
Cycle -> 104, Immuned -> 3
Cycle -> 105, Immuned -> 4
Cycle -> 106, Immuned -> 1
Cycle -> 107, Immuned -> 1
Cycle -> 108, Immuned -> 3
Cycle -> 109, Immuned -> 1
Cycle -> 110, Immuned -> 3
Cycle -> 111, Immuned -> 0
Cycle -> 112, Immuned -> 2
Cycle -> 113, Immuned -> 1
Cycle -> 114, Immuned -> 1
Cycle -> 115, Immuned -> 0
Cycle -> 116, Immuned -> 2
Cycle -> 117, Immuned -> 0
Cycle -> 118, Immuned -> 1
Cycle -> 119, Immuned -> 1
Cycle -> 120, Immuned -> 0
Cycle -> 121, Immuned -> 1
Cycle -> 122, Immuned -> 2
Cycle -> 123, Immuned -> 1
Cycle -> 124, Immuned -> 4
Cycle -> 125, Immuned -> 2
Cycle -> 126, Immuned -> 1
Cycle -> 127, Immuned -> 1
Cycle -> 128, Immuned -> 0
Cycle -> 129, Immuned -> 0
Cycle -> 130, Immuned -> 0
Cycle -> 131, Immuned -> 0
Cycle -> 132, Immuned -> 0
Cycle -> 133, Immuned -> 1
Cycle -> 134, Immuned -> 0
Cycle -> 135, Immuned -> 1
Cycle -> 136, Immuned -> 1
Cycle -> 137, Immuned -> 0
Cycle -> 138, Immuned -> 0
Cycle -> 139, Immuned -> 0
Cycle -> 140, Immuned -> 0
Cycle -> 141, Immuned -> 0
Cycle -> 142, Immuned -> 1
Cycle -> 143, Immuned -> 1
Cycle -> 144, Immuned -> 0
Cycle -> 145, Immuned -> 1
Cycle -> 146, Immuned -> 2
Cycle -> 147, Immuned -> 0
Cycle -> 148, Immuned -> 0
Cycle -> 149, Immuned -> 0
Cycle -> 150, Immuned -> 0
Cycle -> 151, Immuned -> 0
Cycle -> 152, Immuned -> 0
Cycle -> 153, Immuned -> 0
Cycle -> 154, Immuned -> 0
Cycle -> 155, Immuned -> 0
Cycle -> 156, Immuned -> 0
Cycle -> 157, Immuned -> 0
Cycle -> 158, Immuned -> 0
Cycle -> 159, Immuned -> 0
Cycle -> 160, Immuned -> 1
Cycle -> 161, Immuned -> 0
Cycle -> 162, Immuned -> 0
Cycle -> 163, Immuned -> 0
Cycle -> 164, Immuned -> 0
Cycle -> 165, Immuned -> 0
Cycle -> 166, Immuned -> 0
Cycle -> 167, Immuned -> 0
Cycle -> 168, Immuned -> 0
Cycle -> 169, Immuned -> 1
Cycle -> 170, Immuned -> 0
Cycle -> 171, Immuned -> 0
Cycle -> 172, Immuned -> 0
Cycle -> 173, Immuned -> 1
Cycle -> 174, Immuned -> 0
Cycle -> 175, Immuned -> 0
Cycle -> 176, Immuned -> 0
Cycle -> 177, Immuned -> 0
Cycle -> 178, Immuned -> 0
Cycle -> 179, Immuned -> 0
Cycle -> 180, Immuned -> 0
Cycle -> 181, Immuned -> 0
Cycle -> 182, Immuned -> 0
Cycle -> 183, Immuned -> 0
Cycle -> 184, Immuned -> 0
Cycle -> 185, Immuned -> 0
Cycle -> 186, Immuned -> 0
Cycle -> 187, Immuned -> 0
Cycle -> 188, Immuned -> 0
Cycle -> 189, Immuned -> 0
Cycle -> 190, Immuned -> 1
Cycle -> 191, Immuned -> 0
Cycle -> 192, Immuned -> 0
Cycle -> 193, Immuned -> 0
Cycle -> 194, Immuned -> 0
Cycle -> 195, Immuned -> 0
Cycle -> 196, Immuned -> 0
Cycle -> 197, Immuned -> 0
Cycle -> 198, Immuned -> 0
Cycle -> 199, Immuned -> 0

