Stats

Infected OS : ANDROID

Population with Android : 51074
Population with IOS : 7927
Population with OTHERS : 999

Peers spawned near hotspots : 42000
Peers spawned randomly : 18000

Infected Peers : 0
Recovered Peers : 26410
Immuned Peers : 33590

Infected Peers per cycle : 
Cycle -> 0, Infected -> 60
Cycle -> 1, Infected -> 846
Cycle -> 2, Infected -> 954
Cycle -> 3, Infected -> 1497
Cycle -> 4, Infected -> 2517
Cycle -> 5, Infected -> 2596
Cycle -> 6, Infected -> 1510
Cycle -> 7, Infected -> 1721
Cycle -> 8, Infected -> 1679
Cycle -> 9, Infected -> 1788
Cycle -> 10, Infected -> 1492
Cycle -> 11, Infected -> 1300
Cycle -> 12, Infected -> 920
Cycle -> 13, Infected -> 1163
Cycle -> 14, Infected -> 1114
Cycle -> 15, Infected -> 822
Cycle -> 16, Infected -> 336
Cycle -> 17, Infected -> 247
Cycle -> 18, Infected -> 249
Cycle -> 19, Infected -> 223
Cycle -> 20, Infected -> 321
Cycle -> 21, Infected -> 383
Cycle -> 22, Infected -> 187
Cycle -> 23, Infected -> 268
Cycle -> 24, Infected -> 245
Cycle -> 25, Infected -> 288
Cycle -> 26, Infected -> 458
Cycle -> 27, Infected -> 361
Cycle -> 28, Infected -> 140
Cycle -> 29, Infected -> 228
Cycle -> 30, Infected -> 205
Cycle -> 31, Infected -> 111
Cycle -> 32, Infected -> 44
Cycle -> 33, Infected -> 37
Cycle -> 34, Infected -> 18
Cycle -> 35, Infected -> 13
Cycle -> 36, Infected -> 13
Cycle -> 37, Infected -> 9
Cycle -> 38, Infected -> 9
Cycle -> 39, Infected -> 6
Cycle -> 40, Infected -> 10
Cycle -> 41, Infected -> 4
Cycle -> 42, Infected -> 0
Cycle -> 43, Infected -> 0
Cycle -> 44, Infected -> 2
Cycle -> 45, Infected -> 2
Cycle -> 46, Infected -> 2
Cycle -> 47, Infected -> 1
Cycle -> 48, Infected -> 2
Cycle -> 49, Infected -> 5
Cycle -> 50, Infected -> 1
Cycle -> 51, Infected -> 1
Cycle -> 52, Infected -> 0
Cycle -> 53, Infected -> 0
Cycle -> 54, Infected -> 0
Cycle -> 55, Infected -> 0
Cycle -> 56, Infected -> 0
Cycle -> 57, Infected -> 0
Cycle -> 58, Infected -> 0
Cycle -> 59, Infected -> 0
Cycle -> 60, Infected -> 0
Cycle -> 61, Infected -> 0
Cycle -> 62, Infected -> 0
Cycle -> 63, Infected -> 0
Cycle -> 64, Infected -> 0
Cycle -> 65, Infected -> 0
Cycle -> 66, Infected -> 0
Cycle -> 67, Infected -> 0
Cycle -> 68, Infected -> 0
Cycle -> 69, Infected -> 1
Cycle -> 70, Infected -> 0
Cycle -> 71, Infected -> 0
Cycle -> 72, Infected -> 0
Cycle -> 73, Infected -> 0
Cycle -> 74, Infected -> 0
Cycle -> 75, Infected -> 0
Cycle -> 76, Infected -> 0
Cycle -> 77, Infected -> 0
Cycle -> 78, Infected -> 0
Cycle -> 79, Infected -> 0
Cycle -> 80, Infected -> 0
Cycle -> 81, Infected -> 0
Cycle -> 82, Infected -> 0
Cycle -> 83, Infected -> 0
Cycle -> 84, Infected -> 0
Cycle -> 85, Infected -> 0
Cycle -> 86, Infected -> 0
Cycle -> 87, Infected -> 0
Cycle -> 88, Infected -> 0
Cycle -> 89, Infected -> 0
Cycle -> 90, Infected -> 0
Cycle -> 91, Infected -> 0
Cycle -> 92, Infected -> 0
Cycle -> 93, Infected -> 0
Cycle -> 94, Infected -> 0
Cycle -> 95, Infected -> 0
Cycle -> 96, Infected -> 0
Cycle -> 97, Infected -> 0
Cycle -> 98, Infected -> 0
Cycle -> 99, Infected -> 0
Cycle -> 100, Infected -> 0
Cycle -> 101, Infected -> 0
Cycle -> 102, Infected -> 0
Cycle -> 103, Infected -> 0
Cycle -> 104, Infected -> 0
Cycle -> 105, Infected -> 0
Cycle -> 106, Infected -> 0
Cycle -> 107, Infected -> 0
Cycle -> 108, Infected -> 0
Cycle -> 109, Infected -> 0
Cycle -> 110, Infected -> 0
Cycle -> 111, Infected -> 0
Cycle -> 112, Infected -> 0
Cycle -> 113, Infected -> 0
Cycle -> 114, Infected -> 0
Cycle -> 115, Infected -> 0
Cycle -> 116, Infected -> 0
Cycle -> 117, Infected -> 0
Cycle -> 118, Infected -> 0
Cycle -> 119, Infected -> 0
Cycle -> 120, Infected -> 0
Cycle -> 121, Infected -> 0
Cycle -> 122, Infected -> 0
Cycle -> 123, Infected -> 0
Cycle -> 124, Infected -> 0
Cycle -> 125, Infected -> 0
Cycle -> 126, Infected -> 0
Cycle -> 127, Infected -> 0
Cycle -> 128, Infected -> 0
Cycle -> 129, Infected -> 0
Cycle -> 130, Infected -> 0
Cycle -> 131, Infected -> 0
Cycle -> 132, Infected -> 0
Cycle -> 133, Infected -> 0
Cycle -> 134, Infected -> 0
Cycle -> 135, Infected -> 0
Cycle -> 136, Infected -> 0
Cycle -> 137, Infected -> 0
Cycle -> 138, Infected -> 0
Cycle -> 139, Infected -> 0
Cycle -> 140, Infected -> 0
Cycle -> 141, Infected -> 0
Cycle -> 142, Infected -> 0
Cycle -> 143, Infected -> 0
Cycle -> 144, Infected -> 0
Cycle -> 145, Infected -> 0
Cycle -> 146, Infected -> 0
Cycle -> 147, Infected -> 0
Cycle -> 148, Infected -> 0
Cycle -> 149, Infected -> 0
Cycle -> 150, Infected -> 0
Cycle -> 151, Infected -> 0
Cycle -> 152, Infected -> 0
Cycle -> 153, Infected -> 0
Cycle -> 154, Infected -> 0
Cycle -> 155, Infected -> 0
Cycle -> 156, Infected -> 0
Cycle -> 157, Infected -> 0
Cycle -> 158, Infected -> 0
Cycle -> 159, Infected -> 0
Cycle -> 160, Infected -> 0
Cycle -> 161, Infected -> 0
Cycle -> 162, Infected -> 0
Cycle -> 163, Infected -> 0
Cycle -> 164, Infected -> 0
Cycle -> 165, Infected -> 0
Cycle -> 166, Infected -> 0
Cycle -> 167, Infected -> 0
Cycle -> 168, Infected -> 0
Cycle -> 169, Infected -> 0
Cycle -> 170, Infected -> 0
Cycle -> 171, Infected -> 0
Cycle -> 172, Infected -> 0
Cycle -> 173, Infected -> 0
Cycle -> 174, Infected -> 0
Cycle -> 175, Infected -> 0
Cycle -> 176, Infected -> 0
Cycle -> 177, Infected -> 0
Cycle -> 178, Infected -> 0
Cycle -> 179, Infected -> 0
Cycle -> 180, Infected -> 0
Cycle -> 181, Infected -> 0
Cycle -> 182, Infected -> 0
Cycle -> 183, Infected -> 0
Cycle -> 184, Infected -> 0
Cycle -> 185, Infected -> 0
Cycle -> 186, Infected -> 0
Cycle -> 187, Infected -> 0
Cycle -> 188, Infected -> 0
Cycle -> 189, Infected -> 0
Cycle -> 190, Infected -> 0
Cycle -> 191, Infected -> 0
Cycle -> 192, Infected -> 0
Cycle -> 193, Infected -> 0
Cycle -> 194, Infected -> 0
Cycle -> 195, Infected -> 0
Cycle -> 196, Infected -> 0
Cycle -> 197, Infected -> 0
Cycle -> 198, Infected -> 0
Cycle -> 199, Infected -> 0

Recovered Peers per cycle : 
Cycle -> 0, Recovered -> 0
Cycle -> 1, Recovered -> 2
Cycle -> 2, Recovered -> 44
Cycle -> 3, Recovered -> 85
Cycle -> 4, Recovered -> 153
Cycle -> 5, Recovered -> 301
Cycle -> 6, Recovered -> 406
Cycle -> 7, Recovered -> 469
Cycle -> 8, Recovered -> 519
Cycle -> 9, Recovered -> 553
Cycle -> 10, Recovered -> 591
Cycle -> 11, Recovered -> 695
Cycle -> 12, Recovered -> 704
Cycle -> 13, Recovered -> 716
Cycle -> 14, Recovered -> 763
Cycle -> 15, Recovered -> 773
Cycle -> 16, Recovered -> 763
Cycle -> 17, Recovered -> 724
Cycle -> 18, Recovered -> 727
Cycle -> 19, Recovered -> 673
Cycle -> 20, Recovered -> 699
Cycle -> 21, Recovered -> 635
Cycle -> 22, Recovered -> 687
Cycle -> 23, Recovered -> 579
Cycle -> 24, Recovered -> 582
Cycle -> 25, Recovered -> 611
Cycle -> 26, Recovered -> 602
Cycle -> 27, Recovered -> 558
Cycle -> 28, Recovered -> 571
Cycle -> 29, Recovered -> 529
Cycle -> 30, Recovered -> 495
Cycle -> 31, Recovered -> 509
Cycle -> 32, Recovered -> 451
Cycle -> 33, Recovered -> 455
Cycle -> 34, Recovered -> 470
Cycle -> 35, Recovered -> 386
Cycle -> 36, Recovered -> 419
Cycle -> 37, Recovered -> 376
Cycle -> 38, Recovered -> 347
Cycle -> 39, Recovered -> 338
Cycle -> 40, Recovered -> 341
Cycle -> 41, Recovered -> 308
Cycle -> 42, Recovered -> 270
Cycle -> 43, Recovered -> 299
Cycle -> 44, Recovered -> 285
Cycle -> 45, Recovered -> 238
Cycle -> 46, Recovered -> 241
Cycle -> 47, Recovered -> 202
Cycle -> 48, Recovered -> 205
Cycle -> 49, Recovered -> 227
Cycle -> 50, Recovered -> 176
Cycle -> 51, Recovered -> 198
Cycle -> 52, Recovered -> 187
Cycle -> 53, Recovered -> 153
Cycle -> 54, Recovered -> 147
Cycle -> 55, Recovered -> 159
Cycle -> 56, Recovered -> 139
Cycle -> 57, Recovered -> 125
Cycle -> 58, Recovered -> 116
Cycle -> 59, Recovered -> 109
Cycle -> 60, Recovered -> 118
Cycle -> 61, Recovered -> 105
Cycle -> 62, Recovered -> 102
Cycle -> 63, Recovered -> 100
Cycle -> 64, Recovered -> 98
Cycle -> 65, Recovered -> 86
Cycle -> 66, Recovered -> 88
Cycle -> 67, Recovered -> 68
Cycle -> 68, Recovered -> 76
Cycle -> 69, Recovered -> 59
Cycle -> 70, Recovered -> 80
Cycle -> 71, Recovered -> 71
Cycle -> 72, Recovered -> 62
Cycle -> 73, Recovered -> 49
Cycle -> 74, Recovered -> 50
Cycle -> 75, Recovered -> 54
Cycle -> 76, Recovered -> 54
Cycle -> 77, Recovered -> 48
Cycle -> 78, Recovered -> 61
Cycle -> 79, Recovered -> 44
Cycle -> 80, Recovered -> 32
Cycle -> 81, Recovered -> 29
Cycle -> 82, Recovered -> 41
Cycle -> 83, Recovered -> 32
Cycle -> 84, Recovered -> 32
Cycle -> 85, Recovered -> 42
Cycle -> 86, Recovered -> 36
Cycle -> 87, Recovered -> 25
Cycle -> 88, Recovered -> 30
Cycle -> 89, Recovered -> 30
Cycle -> 90, Recovered -> 29
Cycle -> 91, Recovered -> 23
Cycle -> 92, Recovered -> 28
Cycle -> 93, Recovered -> 26
Cycle -> 94, Recovered -> 21
Cycle -> 95, Recovered -> 17
Cycle -> 96, Recovered -> 28
Cycle -> 97, Recovered -> 21
Cycle -> 98, Recovered -> 23
Cycle -> 99, Recovered -> 23
Cycle -> 100, Recovered -> 14
Cycle -> 101, Recovered -> 11
Cycle -> 102, Recovered -> 11
Cycle -> 103, Recovered -> 15
Cycle -> 104, Recovered -> 8
Cycle -> 105, Recovered -> 8
Cycle -> 106, Recovered -> 10
Cycle -> 107, Recovered -> 15
Cycle -> 108, Recovered -> 13
Cycle -> 109, Recovered -> 12
Cycle -> 110, Recovered -> 8
Cycle -> 111, Recovered -> 6
Cycle -> 112, Recovered -> 5
Cycle -> 113, Recovered -> 5
Cycle -> 114, Recovered -> 7
Cycle -> 115, Recovered -> 6
Cycle -> 116, Recovered -> 4
Cycle -> 117, Recovered -> 6
Cycle -> 118, Recovered -> 5
Cycle -> 119, Recovered -> 4
Cycle -> 120, Recovered -> 4
Cycle -> 121, Recovered -> 4
Cycle -> 122, Recovered -> 9
Cycle -> 123, Recovered -> 2
Cycle -> 124, Recovered -> 1
Cycle -> 125, Recovered -> 6
Cycle -> 126, Recovered -> 5
Cycle -> 127, Recovered -> 5
Cycle -> 128, Recovered -> 3
Cycle -> 129, Recovered -> 5
Cycle -> 130, Recovered -> 6
Cycle -> 131, Recovered -> 3
Cycle -> 132, Recovered -> 2
Cycle -> 133, Recovered -> 2
Cycle -> 134, Recovered -> 3
Cycle -> 135, Recovered -> 2
Cycle -> 136, Recovered -> 3
Cycle -> 137, Recovered -> 3
Cycle -> 138, Recovered -> 1
Cycle -> 139, Recovered -> 4
Cycle -> 140, Recovered -> 3
Cycle -> 141, Recovered -> 1
Cycle -> 142, Recovered -> 2
Cycle -> 143, Recovered -> 3
Cycle -> 144, Recovered -> 1
Cycle -> 145, Recovered -> 1
Cycle -> 146, Recovered -> 1
Cycle -> 147, Recovered -> 2
Cycle -> 148, Recovered -> 1
Cycle -> 149, Recovered -> 0
Cycle -> 150, Recovered -> 4
Cycle -> 151, Recovered -> 2
Cycle -> 152, Recovered -> 1
Cycle -> 153, Recovered -> 1
Cycle -> 154, Recovered -> 2
Cycle -> 155, Recovered -> 0
Cycle -> 156, Recovered -> 2
Cycle -> 157, Recovered -> 1
Cycle -> 158, Recovered -> 1
Cycle -> 159, Recovered -> 0
Cycle -> 160, Recovered -> 0
Cycle -> 161, Recovered -> 0
Cycle -> 162, Recovered -> 0
Cycle -> 163, Recovered -> 0
Cycle -> 164, Recovered -> 0
Cycle -> 165, Recovered -> 1
Cycle -> 166, Recovered -> 2
Cycle -> 167, Recovered -> 0
Cycle -> 168, Recovered -> 1
Cycle -> 169, Recovered -> 3
Cycle -> 170, Recovered -> 0
Cycle -> 171, Recovered -> 0
Cycle -> 172, Recovered -> 0
Cycle -> 173, Recovered -> 0
Cycle -> 174, Recovered -> 0
Cycle -> 175, Recovered -> 0
Cycle -> 176, Recovered -> 0
Cycle -> 177, Recovered -> 0
Cycle -> 178, Recovered -> 0
Cycle -> 179, Recovered -> 0
Cycle -> 180, Recovered -> 0
Cycle -> 181, Recovered -> 1
Cycle -> 182, Recovered -> 0
Cycle -> 183, Recovered -> 0
Cycle -> 184, Recovered -> 1
Cycle -> 185, Recovered -> 0
Cycle -> 186, Recovered -> 0
Cycle -> 187, Recovered -> 0
Cycle -> 188, Recovered -> 0
Cycle -> 189, Recovered -> 0
Cycle -> 190, Recovered -> 0
Cycle -> 191, Recovered -> 0
Cycle -> 192, Recovered -> 0
Cycle -> 193, Recovered -> 0
Cycle -> 194, Recovered -> 0
Cycle -> 195, Recovered -> 0
Cycle -> 196, Recovered -> 0
Cycle -> 197, Recovered -> 0
Cycle -> 198, Recovered -> 0
Cycle -> 199, Recovered -> 0

Immuned Peers per cycle : 
Cycle -> 0, Immuned -> 3033
Cycle -> 1, Immuned -> 2834
Cycle -> 2, Immuned -> 2714
Cycle -> 3, Immuned -> 2436
Cycle -> 4, Immuned -> 2288
Cycle -> 5, Immuned -> 2039
Cycle -> 6, Immuned -> 1786
Cycle -> 7, Immuned -> 1570
Cycle -> 8, Immuned -> 1523
Cycle -> 9, Immuned -> 1326
Cycle -> 10, Immuned -> 1149
Cycle -> 11, Immuned -> 1069
Cycle -> 12, Immuned -> 913
Cycle -> 13, Immuned -> 824
Cycle -> 14, Immuned -> 755
Cycle -> 15, Immuned -> 636
Cycle -> 16, Immuned -> 536
Cycle -> 17, Immuned -> 483
Cycle -> 18, Immuned -> 431
Cycle -> 19, Immuned -> 433
Cycle -> 20, Immuned -> 419
Cycle -> 21, Immuned -> 380
Cycle -> 22, Immuned -> 335
Cycle -> 23, Immuned -> 311
Cycle -> 24, Immuned -> 304
Cycle -> 25, Immuned -> 256
Cycle -> 26, Immuned -> 235
Cycle -> 27, Immuned -> 200
Cycle -> 28, Immuned -> 153
Cycle -> 29, Immuned -> 135
Cycle -> 30, Immuned -> 121
Cycle -> 31, Immuned -> 103
Cycle -> 32, Immuned -> 95
Cycle -> 33, Immuned -> 104
Cycle -> 34, Immuned -> 97
Cycle -> 35, Immuned -> 81
Cycle -> 36, Immuned -> 70
Cycle -> 37, Immuned -> 72
Cycle -> 38, Immuned -> 73
Cycle -> 39, Immuned -> 65
Cycle -> 40, Immuned -> 57
Cycle -> 41, Immuned -> 61
Cycle -> 42, Immuned -> 46
Cycle -> 43, Immuned -> 49
Cycle -> 44, Immuned -> 57
Cycle -> 45, Immuned -> 50
Cycle -> 46, Immuned -> 60
Cycle -> 47, Immuned -> 51
Cycle -> 48, Immuned -> 36
Cycle -> 49, Immuned -> 29
Cycle -> 50, Immuned -> 44
Cycle -> 51, Immuned -> 43
Cycle -> 52, Immuned -> 27
Cycle -> 53, Immuned -> 19
Cycle -> 54, Immuned -> 26
Cycle -> 55, Immuned -> 25
Cycle -> 56, Immuned -> 23
Cycle -> 57, Immuned -> 26
Cycle -> 58, Immuned -> 25
Cycle -> 59, Immuned -> 22
Cycle -> 60, Immuned -> 19
Cycle -> 61, Immuned -> 24
Cycle -> 62, Immuned -> 18
Cycle -> 63, Immuned -> 17
Cycle -> 64, Immuned -> 18
Cycle -> 65, Immuned -> 16
Cycle -> 66, Immuned -> 13
Cycle -> 67, Immuned -> 11
Cycle -> 68, Immuned -> 12
Cycle -> 69, Immuned -> 20
Cycle -> 70, Immuned -> 8
Cycle -> 71, Immuned -> 16
Cycle -> 72, Immuned -> 13
Cycle -> 73, Immuned -> 8
Cycle -> 74, Immuned -> 16
Cycle -> 75, Immuned -> 8
Cycle -> 76, Immuned -> 7
Cycle -> 77, Immuned -> 17
Cycle -> 78, Immuned -> 12
Cycle -> 79, Immuned -> 7
Cycle -> 80, Immuned -> 3
Cycle -> 81, Immuned -> 6
Cycle -> 82, Immuned -> 7
Cycle -> 83, Immuned -> 8
Cycle -> 84, Immuned -> 8
Cycle -> 85, Immuned -> 6
Cycle -> 86, Immuned -> 3
Cycle -> 87, Immuned -> 5
Cycle -> 88, Immuned -> 5
Cycle -> 89, Immuned -> 5
Cycle -> 90, Immuned -> 9
Cycle -> 91, Immuned -> 2
Cycle -> 92, Immuned -> 4
Cycle -> 93, Immuned -> 2
Cycle -> 94, Immuned -> 7
Cycle -> 95, Immuned -> 7
Cycle -> 96, Immuned -> 1
Cycle -> 97, Immuned -> 3
Cycle -> 98, Immuned -> 2
Cycle -> 99, Immuned -> 6
Cycle -> 100, Immuned -> 0
Cycle -> 101, Immuned -> 4
Cycle -> 102, Immuned -> 2
Cycle -> 103, Immuned -> 5
Cycle -> 104, Immuned -> 2
Cycle -> 105, Immuned -> 2
Cycle -> 106, Immuned -> 4
Cycle -> 107, Immuned -> 1
Cycle -> 108, Immuned -> 1
Cycle -> 109, Immuned -> 3
Cycle -> 110, Immuned -> 2
Cycle -> 111, Immuned -> 0
Cycle -> 112, Immuned -> 1
Cycle -> 113, Immuned -> 0
Cycle -> 114, Immuned -> 0
Cycle -> 115, Immuned -> 1
Cycle -> 116, Immuned -> 1
Cycle -> 117, Immuned -> 1
Cycle -> 118, Immuned -> 2
Cycle -> 119, Immuned -> 1
Cycle -> 120, Immuned -> 2
Cycle -> 121, Immuned -> 0
Cycle -> 122, Immuned -> 1
Cycle -> 123, Immuned -> 0
Cycle -> 124, Immuned -> 1
Cycle -> 125, Immuned -> 3
Cycle -> 126, Immuned -> 2
Cycle -> 127, Immuned -> 0
Cycle -> 128, Immuned -> 0
Cycle -> 129, Immuned -> 1
Cycle -> 130, Immuned -> 0
Cycle -> 131, Immuned -> 0
Cycle -> 132, Immuned -> 0
Cycle -> 133, Immuned -> 0
Cycle -> 134, Immuned -> 2
Cycle -> 135, Immuned -> 0
Cycle -> 136, Immuned -> 0
Cycle -> 137, Immuned -> 0
Cycle -> 138, Immuned -> 0
Cycle -> 139, Immuned -> 0
Cycle -> 140, Immuned -> 0
Cycle -> 141, Immuned -> 0
Cycle -> 142, Immuned -> 0
Cycle -> 143, Immuned -> 0
Cycle -> 144, Immuned -> 0
Cycle -> 145, Immuned -> 0
Cycle -> 146, Immuned -> 0
Cycle -> 147, Immuned -> 0
Cycle -> 148, Immuned -> 0
Cycle -> 149, Immuned -> 0
Cycle -> 150, Immuned -> 0
Cycle -> 151, Immuned -> 1
Cycle -> 152, Immuned -> 0
Cycle -> 153, Immuned -> 1
Cycle -> 154, Immuned -> 0
Cycle -> 155, Immuned -> 0
Cycle -> 156, Immuned -> 0
Cycle -> 157, Immuned -> 0
Cycle -> 158, Immuned -> 0
Cycle -> 159, Immuned -> 0
Cycle -> 160, Immuned -> 0
Cycle -> 161, Immuned -> 0
Cycle -> 162, Immuned -> 0
Cycle -> 163, Immuned -> 0
Cycle -> 164, Immuned -> 0
Cycle -> 165, Immuned -> 1
Cycle -> 166, Immuned -> 0
Cycle -> 167, Immuned -> 0
Cycle -> 168, Immuned -> 0
Cycle -> 169, Immuned -> 0
Cycle -> 170, Immuned -> 0
Cycle -> 171, Immuned -> 0
Cycle -> 172, Immuned -> 0
Cycle -> 173, Immuned -> 0
Cycle -> 174, Immuned -> 0
Cycle -> 175, Immuned -> 0
Cycle -> 176, Immuned -> 0
Cycle -> 177, Immuned -> 0
Cycle -> 178, Immuned -> 0
Cycle -> 179, Immuned -> 0
Cycle -> 180, Immuned -> 0
Cycle -> 181, Immuned -> 0
Cycle -> 182, Immuned -> 0
Cycle -> 183, Immuned -> 0
Cycle -> 184, Immuned -> 0
Cycle -> 185, Immuned -> 0
Cycle -> 186, Immuned -> 0
Cycle -> 187, Immuned -> 0
Cycle -> 188, Immuned -> 0
Cycle -> 189, Immuned -> 0
Cycle -> 190, Immuned -> 0
Cycle -> 191, Immuned -> 0
Cycle -> 192, Immuned -> 0
Cycle -> 193, Immuned -> 0
Cycle -> 194, Immuned -> 0
Cycle -> 195, Immuned -> 0
Cycle -> 196, Immuned -> 0
Cycle -> 197, Immuned -> 0
Cycle -> 198, Immuned -> 0
Cycle -> 199, Immuned -> 0

