Stats

Infected OS : ANDROID

Population with Android : 22745
Population with IOS : 37167
Population with OTHERS : 88

Peers spawned near hotspots : 42000
Peers spawned randomly : 18000

Infected Peers : 4448
Recovered Peers : 0
Immuned Peers : 55550

Infected Peers per cycle : 
5
16
36
156
260
150
151
184
238
154
 157
 171
 240
 210
 172
 150
 110
 92
 87
 72
 112
 138
 161
 133
 129
 103
 90
 93
 52
 48
 45
 46
 58
 41
 29
 25
 25
 31
 24
 20
 19
 6
 9
 10
 5
 8
 6
 6
 4
 8
 9
 7
 5
 6
 2
 6
 1
 2
 4
 3
 8
 2
 4
Cycle -> 63, Infected -> 4
Cycle -> 64, Infected -> 6
Cycle -> 65, Infected -> 2
Cycle -> 66, Infected -> 3
Cycle -> 67, Infected -> 6
Cycle -> 68, Infected -> 7
Cycle -> 69, Infected -> 2
Cycle -> 70, Infected -> 4
Cycle -> 71, Infected -> 1
Cycle -> 72, Infected -> 1
Cycle -> 73, Infected -> 6
Cycle -> 74, Infected -> 4
Cycle -> 75, Infected -> 1
Cycle -> 76, Infected -> 5
Cycle -> 77, Infected -> 3
Cycle -> 78, Infected -> 4
Cycle -> 79, Infected -> 2
Cycle -> 80, Infected -> 1
Cycle -> 81, Infected -> 0
Cycle -> 82, Infected -> 3
Cycle -> 83, Infected -> 0
Cycle -> 84, Infected -> 0
Cycle -> 85, Infected -> 2
Cycle -> 86, Infected -> 6
Cycle -> 87, Infected -> 3
Cycle -> 88, Infected -> 1
Cycle -> 89, Infected -> 1
Cycle -> 90, Infected -> 2
Cycle -> 91, Infected -> 1
Cycle -> 92, Infected -> 0
Cycle -> 93, Infected -> 0
Cycle -> 94, Infected -> 1
Cycle -> 95, Infected -> 0
Cycle -> 96, Infected -> 0
Cycle -> 97, Infected -> 2
Cycle -> 98, Infected -> 0
Cycle -> 99, Infected -> 0
Cycle -> 100, Infected -> 1
Cycle -> 101, Infected -> 0
Cycle -> 102, Infected -> 0
Cycle -> 103, Infected -> 1
Cycle -> 104, Infected -> 0
Cycle -> 105, Infected -> 1
Cycle -> 106, Infected -> 0
Cycle -> 107, Infected -> 0
Cycle -> 108, Infected -> 0
Cycle -> 109, Infected -> 0
Cycle -> 110, Infected -> 0
Cycle -> 111, Infected -> 0
Cycle -> 112, Infected -> 1
Cycle -> 113, Infected -> 0
Cycle -> 114, Infected -> 0
Cycle -> 115, Infected -> 0
Cycle -> 116, Infected -> 0
Cycle -> 117, Infected -> 1
Cycle -> 118, Infected -> 0
Cycle -> 119, Infected -> 0
Cycle -> 120, Infected -> 0
Cycle -> 121, Infected -> 1
Cycle -> 122, Infected -> 0
Cycle -> 123, Infected -> 1
Cycle -> 124, Infected -> 0
Cycle -> 125, Infected -> 0
Cycle -> 126, Infected -> 0
Cycle -> 127, Infected -> 1
Cycle -> 128, Infected -> 0
Cycle -> 129, Infected -> 0
Cycle -> 130, Infected -> 0
Cycle -> 131, Infected -> 0
Cycle -> 132, Infected -> 0
Cycle -> 133, Infected -> 0
Cycle -> 134, Infected -> 1
Cycle -> 135, Infected -> 0
Cycle -> 136, Infected -> 0
Cycle -> 137, Infected -> 0
Cycle -> 138, Infected -> 0
Cycle -> 139, Infected -> 0
Cycle -> 140, Infected -> 0
Cycle -> 141, Infected -> 0
Cycle -> 142, Infected -> 0
Cycle -> 143, Infected -> 0
Cycle -> 144, Infected -> 0
Cycle -> 145, Infected -> 0
Cycle -> 146, Infected -> 0
Cycle -> 147, Infected -> 0
Cycle -> 148, Infected -> 0
Cycle -> 149, Infected -> 0
Cycle -> 150, Infected -> 0
Cycle -> 151, Infected -> 0
Cycle -> 152, Infected -> 0
Cycle -> 153, Infected -> 0
Cycle -> 154, Infected -> 0
Cycle -> 155, Infected -> 0
Cycle -> 156, Infected -> 0
Cycle -> 157, Infected -> 0
Cycle -> 158, Infected -> 0
Cycle -> 159, Infected -> 0
Cycle -> 160, Infected -> 0
Cycle -> 161, Infected -> 0
Cycle -> 162, Infected -> 0
Cycle -> 163, Infected -> 0
Cycle -> 164, Infected -> 0
Cycle -> 165, Infected -> 0
Cycle -> 166, Infected -> 0
Cycle -> 167, Infected -> 0
Cycle -> 168, Infected -> 0
Cycle -> 169, Infected -> 0
Cycle -> 170, Infected -> 0
Cycle -> 171, Infected -> 0
Cycle -> 172, Infected -> 0
Cycle -> 173, Infected -> 0
Cycle -> 174, Infected -> 0
Cycle -> 175, Infected -> 0
Cycle -> 176, Infected -> 0
Cycle -> 177, Infected -> 0
Cycle -> 178, Infected -> 0
Cycle -> 179, Infected -> 0
Cycle -> 180, Infected -> 0
Cycle -> 181, Infected -> 0
Cycle -> 182, Infected -> 0
Cycle -> 183, Infected -> 0
Cycle -> 184, Infected -> 0
Cycle -> 185, Infected -> 0
Cycle -> 186, Infected -> 0
Cycle -> 187, Infected -> 0
Cycle -> 188, Infected -> 0
Cycle -> 189, Infected -> 0
Cycle -> 190, Infected -> 0
Cycle -> 191, Infected -> 0
Cycle -> 192, Infected -> 0
Cycle -> 193, Infected -> 0
Cycle -> 194, Infected -> 0
Cycle -> 195, Infected -> 0
Cycle -> 196, Infected -> 0
Cycle -> 197, Infected -> 0
Cycle -> 198, Infected -> 0
Cycle -> 199, Infected -> 0

Recovered Peers per cycle : 
Cycle -> 0, Recovered -> 0
Cycle -> 1, Recovered -> 0
Cycle -> 2, Recovered -> 0
Cycle -> 3, Recovered -> 0
Cycle -> 4, Recovered -> 0
Cycle -> 5, Recovered -> 0
Cycle -> 6, Recovered -> 0
Cycle -> 7, Recovered -> 0
Cycle -> 8, Recovered -> 0
Cycle -> 9, Recovered -> 0
Cycle -> 10, Recovered -> 0
Cycle -> 11, Recovered -> 0
Cycle -> 12, Recovered -> 0
Cycle -> 13, Recovered -> 0
Cycle -> 14, Recovered -> 0
Cycle -> 15, Recovered -> 0
Cycle -> 16, Recovered -> 0
Cycle -> 17, Recovered -> 0
Cycle -> 18, Recovered -> 0
Cycle -> 19, Recovered -> 0
Cycle -> 20, Recovered -> 0
Cycle -> 21, Recovered -> 0
Cycle -> 22, Recovered -> 0
Cycle -> 23, Recovered -> 0
Cycle -> 24, Recovered -> 0
Cycle -> 25, Recovered -> 0
Cycle -> 26, Recovered -> 0
Cycle -> 27, Recovered -> 0
Cycle -> 28, Recovered -> 0
Cycle -> 29, Recovered -> 0
Cycle -> 30, Recovered -> 0
Cycle -> 31, Recovered -> 0
Cycle -> 32, Recovered -> 0
Cycle -> 33, Recovered -> 0
Cycle -> 34, Recovered -> 0
Cycle -> 35, Recovered -> 0
Cycle -> 36, Recovered -> 0
Cycle -> 37, Recovered -> 0
Cycle -> 38, Recovered -> 0
Cycle -> 39, Recovered -> 0
Cycle -> 40, Recovered -> 0
Cycle -> 41, Recovered -> 0
Cycle -> 42, Recovered -> 0
Cycle -> 43, Recovered -> 0
Cycle -> 44, Recovered -> 0
Cycle -> 45, Recovered -> 0
Cycle -> 46, Recovered -> 0
Cycle -> 47, Recovered -> 0
Cycle -> 48, Recovered -> 0
Cycle -> 49, Recovered -> 0
Cycle -> 50, Recovered -> 0
Cycle -> 51, Recovered -> 0
Cycle -> 52, Recovered -> 0
Cycle -> 53, Recovered -> 0
Cycle -> 54, Recovered -> 0
Cycle -> 55, Recovered -> 0
Cycle -> 56, Recovered -> 0
Cycle -> 57, Recovered -> 0
Cycle -> 58, Recovered -> 0
Cycle -> 59, Recovered -> 0
Cycle -> 60, Recovered -> 0
Cycle -> 61, Recovered -> 0
Cycle -> 62, Recovered -> 0
Cycle -> 63, Recovered -> 0
Cycle -> 64, Recovered -> 0
Cycle -> 65, Recovered -> 0
Cycle -> 66, Recovered -> 0
Cycle -> 67, Recovered -> 0
Cycle -> 68, Recovered -> 0
Cycle -> 69, Recovered -> 0
Cycle -> 70, Recovered -> 0
Cycle -> 71, Recovered -> 0
Cycle -> 72, Recovered -> 0
Cycle -> 73, Recovered -> 0
Cycle -> 74, Recovered -> 0
Cycle -> 75, Recovered -> 0
Cycle -> 76, Recovered -> 0
Cycle -> 77, Recovered -> 0
Cycle -> 78, Recovered -> 0
Cycle -> 79, Recovered -> 0
Cycle -> 80, Recovered -> 0
Cycle -> 81, Recovered -> 0
Cycle -> 82, Recovered -> 0
Cycle -> 83, Recovered -> 0
Cycle -> 84, Recovered -> 0
Cycle -> 85, Recovered -> 0
Cycle -> 86, Recovered -> 0
Cycle -> 87, Recovered -> 0
Cycle -> 88, Recovered -> 0
Cycle -> 89, Recovered -> 0
Cycle -> 90, Recovered -> 0
Cycle -> 91, Recovered -> 0
Cycle -> 92, Recovered -> 0
Cycle -> 93, Recovered -> 0
Cycle -> 94, Recovered -> 0
Cycle -> 95, Recovered -> 0
Cycle -> 96, Recovered -> 0
Cycle -> 97, Recovered -> 0
Cycle -> 98, Recovered -> 0
Cycle -> 99, Recovered -> 0
Cycle -> 100, Recovered -> 0
Cycle -> 101, Recovered -> 0
Cycle -> 102, Recovered -> 0
Cycle -> 103, Recovered -> 0
Cycle -> 104, Recovered -> 0
Cycle -> 105, Recovered -> 0
Cycle -> 106, Recovered -> 0
Cycle -> 107, Recovered -> 0
Cycle -> 108, Recovered -> 0
Cycle -> 109, Recovered -> 0
Cycle -> 110, Recovered -> 0
Cycle -> 111, Recovered -> 0
Cycle -> 112, Recovered -> 0
Cycle -> 113, Recovered -> 0
Cycle -> 114, Recovered -> 0
Cycle -> 115, Recovered -> 0
Cycle -> 116, Recovered -> 0
Cycle -> 117, Recovered -> 0
Cycle -> 118, Recovered -> 0
Cycle -> 119, Recovered -> 0
Cycle -> 120, Recovered -> 0
Cycle -> 121, Recovered -> 0
Cycle -> 122, Recovered -> 0
Cycle -> 123, Recovered -> 0
Cycle -> 124, Recovered -> 0
Cycle -> 125, Recovered -> 0
Cycle -> 126, Recovered -> 0
Cycle -> 127, Recovered -> 0
Cycle -> 128, Recovered -> 0
Cycle -> 129, Recovered -> 0
Cycle -> 130, Recovered -> 0
Cycle -> 131, Recovered -> 0
Cycle -> 132, Recovered -> 0
Cycle -> 133, Recovered -> 0
Cycle -> 134, Recovered -> 0
Cycle -> 135, Recovered -> 0
Cycle -> 136, Recovered -> 0
Cycle -> 137, Recovered -> 0
Cycle -> 138, Recovered -> 0
Cycle -> 139, Recovered -> 0
Cycle -> 140, Recovered -> 0
Cycle -> 141, Recovered -> 0
Cycle -> 142, Recovered -> 0
Cycle -> 143, Recovered -> 0
Cycle -> 144, Recovered -> 0
Cycle -> 145, Recovered -> 0
Cycle -> 146, Recovered -> 0
Cycle -> 147, Recovered -> 0
Cycle -> 148, Recovered -> 0
Cycle -> 149, Recovered -> 0
Cycle -> 150, Recovered -> 0
Cycle -> 151, Recovered -> 0
Cycle -> 152, Recovered -> 0
Cycle -> 153, Recovered -> 0
Cycle -> 154, Recovered -> 0
Cycle -> 155, Recovered -> 0
Cycle -> 156, Recovered -> 0
Cycle -> 157, Recovered -> 0
Cycle -> 158, Recovered -> 0
Cycle -> 159, Recovered -> 0
Cycle -> 160, Recovered -> 0
Cycle -> 161, Recovered -> 0
Cycle -> 162, Recovered -> 0
Cycle -> 163, Recovered -> 0
Cycle -> 164, Recovered -> 0
Cycle -> 165, Recovered -> 0
Cycle -> 166, Recovered -> 0
Cycle -> 167, Recovered -> 0
Cycle -> 168, Recovered -> 0
Cycle -> 169, Recovered -> 0
Cycle -> 170, Recovered -> 0
Cycle -> 171, Recovered -> 0
Cycle -> 172, Recovered -> 0
Cycle -> 173, Recovered -> 0
Cycle -> 174, Recovered -> 0
Cycle -> 175, Recovered -> 0
Cycle -> 176, Recovered -> 0
Cycle -> 177, Recovered -> 0
Cycle -> 178, Recovered -> 0
Cycle -> 179, Recovered -> 0
Cycle -> 180, Recovered -> 0
Cycle -> 181, Recovered -> 0
Cycle -> 182, Recovered -> 0
Cycle -> 183, Recovered -> 0
Cycle -> 184, Recovered -> 0
Cycle -> 185, Recovered -> 0
Cycle -> 186, Recovered -> 0
Cycle -> 187, Recovered -> 0
Cycle -> 188, Recovered -> 0
Cycle -> 189, Recovered -> 0
Cycle -> 190, Recovered -> 0
Cycle -> 191, Recovered -> 0
Cycle -> 192, Recovered -> 0
Cycle -> 193, Recovered -> 0
Cycle -> 194, Recovered -> 0
Cycle -> 195, Recovered -> 0
Cycle -> 196, Recovered -> 0
Cycle -> 197, Recovered -> 0
Cycle -> 198, Recovered -> 0
Cycle -> 199, Recovered -> 0

Immuned Peers per cycle : 
Cycle -> 0, Immuned -> 2984
Cycle -> 1, Immuned -> 2854
Cycle -> 2, Immuned -> 2734
Cycle -> 3, Immuned -> 2512
Cycle -> 4, Immuned -> 2450
Cycle -> 5, Immuned -> 2345
Cycle -> 6, Immuned -> 2223
Cycle -> 7, Immuned -> 2073
Cycle -> 8, Immuned -> 1991
Cycle -> 9, Immuned -> 1868
Cycle -> 10, Immuned -> 1825
Cycle -> 11, Immuned -> 1627
Cycle -> 12, Immuned -> 1518
Cycle -> 13, Immuned -> 1394
Cycle -> 14, Immuned -> 1337
Cycle -> 15, Immuned -> 1270
Cycle -> 16, Immuned -> 1209
Cycle -> 17, Immuned -> 1132
Cycle -> 18, Immuned -> 1095
Cycle -> 19, Immuned -> 1074
Cycle -> 20, Immuned -> 1008
Cycle -> 21, Immuned -> 956
Cycle -> 22, Immuned -> 860
Cycle -> 23, Immuned -> 819
Cycle -> 24, Immuned -> 763
Cycle -> 25, Immuned -> 735
Cycle -> 26, Immuned -> 715
Cycle -> 27, Immuned -> 613
Cycle -> 28, Immuned -> 611
Cycle -> 29, Immuned -> 598
Cycle -> 30, Immuned -> 539
Cycle -> 31, Immuned -> 518
Cycle -> 32, Immuned -> 510
Cycle -> 33, Immuned -> 443
Cycle -> 34, Immuned -> 460
Cycle -> 35, Immuned -> 437
Cycle -> 36, Immuned -> 395
Cycle -> 37, Immuned -> 337
Cycle -> 38, Immuned -> 318
Cycle -> 39, Immuned -> 342
Cycle -> 40, Immuned -> 330
Cycle -> 41, Immuned -> 308
Cycle -> 42, Immuned -> 286
Cycle -> 43, Immuned -> 250
Cycle -> 44, Immuned -> 259
Cycle -> 45, Immuned -> 244
Cycle -> 46, Immuned -> 234
Cycle -> 47, Immuned -> 202
Cycle -> 48, Immuned -> 190
Cycle -> 49, Immuned -> 182
Cycle -> 50, Immuned -> 153
Cycle -> 51, Immuned -> 202
Cycle -> 52, Immuned -> 161
Cycle -> 53, Immuned -> 162
Cycle -> 54, Immuned -> 169
Cycle -> 55, Immuned -> 125
Cycle -> 56, Immuned -> 141
Cycle -> 57, Immuned -> 138
Cycle -> 58, Immuned -> 133
Cycle -> 59, Immuned -> 132
Cycle -> 60, Immuned -> 106
Cycle -> 61, Immuned -> 87
Cycle -> 62, Immuned -> 107
Cycle -> 63, Immuned -> 109
Cycle -> 64, Immuned -> 86
Cycle -> 65, Immuned -> 90
Cycle -> 66, Immuned -> 72
Cycle -> 67, Immuned -> 76
Cycle -> 68, Immuned -> 67
Cycle -> 69, Immuned -> 57
Cycle -> 70, Immuned -> 65
Cycle -> 71, Immuned -> 75
Cycle -> 72, Immuned -> 52
Cycle -> 73, Immuned -> 53
Cycle -> 74, Immuned -> 44
Cycle -> 75, Immuned -> 49
Cycle -> 76, Immuned -> 36
Cycle -> 77, Immuned -> 59
Cycle -> 78, Immuned -> 40
Cycle -> 79, Immuned -> 40
Cycle -> 80, Immuned -> 36
Cycle -> 81, Immuned -> 32
Cycle -> 82, Immuned -> 31
Cycle -> 83, Immuned -> 31
Cycle -> 84, Immuned -> 22
Cycle -> 85, Immuned -> 27
Cycle -> 86, Immuned -> 31
Cycle -> 87, Immuned -> 17
Cycle -> 88, Immuned -> 27
Cycle -> 89, Immuned -> 25
Cycle -> 90, Immuned -> 27
Cycle -> 91, Immuned -> 22
Cycle -> 92, Immuned -> 20
Cycle -> 93, Immuned -> 25
Cycle -> 94, Immuned -> 14
Cycle -> 95, Immuned -> 21
Cycle -> 96, Immuned -> 14
Cycle -> 97, Immuned -> 16
Cycle -> 98, Immuned -> 15
Cycle -> 99, Immuned -> 15
Cycle -> 100, Immuned -> 14
Cycle -> 101, Immuned -> 6
Cycle -> 102, Immuned -> 10
Cycle -> 103, Immuned -> 10
Cycle -> 104, Immuned -> 10
Cycle -> 105, Immuned -> 7
Cycle -> 106, Immuned -> 9
Cycle -> 107, Immuned -> 8
Cycle -> 108, Immuned -> 4
Cycle -> 109, Immuned -> 8
Cycle -> 110, Immuned -> 6
Cycle -> 111, Immuned -> 7
Cycle -> 112, Immuned -> 4
Cycle -> 113, Immuned -> 7
Cycle -> 114, Immuned -> 4
Cycle -> 115, Immuned -> 6
Cycle -> 116, Immuned -> 7
Cycle -> 117, Immuned -> 4
Cycle -> 118, Immuned -> 4
Cycle -> 119, Immuned -> 6
Cycle -> 120, Immuned -> 5
Cycle -> 121, Immuned -> 4
Cycle -> 122, Immuned -> 6
Cycle -> 123, Immuned -> 0
Cycle -> 124, Immuned -> 5
Cycle -> 125, Immuned -> 3
Cycle -> 126, Immuned -> 2
Cycle -> 127, Immuned -> 0
Cycle -> 128, Immuned -> 4
Cycle -> 129, Immuned -> 2
Cycle -> 130, Immuned -> 1
Cycle -> 131, Immuned -> 1
Cycle -> 132, Immuned -> 4
Cycle -> 133, Immuned -> 1
Cycle -> 134, Immuned -> 3
Cycle -> 135, Immuned -> 5
Cycle -> 136, Immuned -> 0
Cycle -> 137, Immuned -> 2
Cycle -> 138, Immuned -> 1
Cycle -> 139, Immuned -> 3
Cycle -> 140, Immuned -> 1
Cycle -> 141, Immuned -> 0
Cycle -> 142, Immuned -> 4
Cycle -> 143, Immuned -> 4
Cycle -> 144, Immuned -> 1
Cycle -> 145, Immuned -> 1
Cycle -> 146, Immuned -> 3
Cycle -> 147, Immuned -> 2
Cycle -> 148, Immuned -> 2
Cycle -> 149, Immuned -> 0
Cycle -> 150, Immuned -> 1
Cycle -> 151, Immuned -> 0
Cycle -> 152, Immuned -> 0
Cycle -> 153, Immuned -> 0
Cycle -> 154, Immuned -> 0
Cycle -> 155, Immuned -> 0
Cycle -> 156, Immuned -> 0
Cycle -> 157, Immuned -> 0
Cycle -> 158, Immuned -> 0
Cycle -> 159, Immuned -> 0
Cycle -> 160, Immuned -> 2
Cycle -> 161, Immuned -> 0
Cycle -> 162, Immuned -> 0
Cycle -> 163, Immuned -> 0
Cycle -> 164, Immuned -> 0
Cycle -> 165, Immuned -> 0
Cycle -> 166, Immuned -> 0
Cycle -> 167, Immuned -> 0
Cycle -> 168, Immuned -> 1
Cycle -> 169, Immuned -> 1
Cycle -> 170, Immuned -> 0
Cycle -> 171, Immuned -> 0
Cycle -> 172, Immuned -> 0
Cycle -> 173, Immuned -> 0
Cycle -> 174, Immuned -> 0
Cycle -> 175, Immuned -> 0
Cycle -> 176, Immuned -> 0
Cycle -> 177, Immuned -> 0
Cycle -> 178, Immuned -> 0
Cycle -> 179, Immuned -> 1
Cycle -> 180, Immuned -> 1
Cycle -> 181, Immuned -> 0
Cycle -> 182, Immuned -> 0
Cycle -> 183, Immuned -> 0
Cycle -> 184, Immuned -> 0
Cycle -> 185, Immuned -> 0
Cycle -> 186, Immuned -> 0
Cycle -> 187, Immuned -> 0
Cycle -> 188, Immuned -> 0
Cycle -> 189, Immuned -> 0
Cycle -> 190, Immuned -> 0
Cycle -> 191, Immuned -> 1
Cycle -> 192, Immuned -> 0
Cycle -> 193, Immuned -> 0
Cycle -> 194, Immuned -> 0
Cycle -> 195, Immuned -> 0
Cycle -> 196, Immuned -> 0
Cycle -> 197, Immuned -> 0
Cycle -> 198, Immuned -> 0
Cycle -> 199, Immuned -> 0

