Stats

Infected OS : ANDROID

Population with Android : 22991
Population with IOS : 36929
Population with OTHERS : 80

Peers spawned near hotspots : 42000
Peers spawned randomly : 18000

Infected Peers : 2885
Recovered Peers : 0
Immuned Peers : 57115

Infected Peers per cycle : 
7
42
85
118
49
39
77
121
150
172
 221
 172
 151
 107
 77
 61
 52
 62
 40
 51
 74
 105
 54
 50
 43
 33
 29
 31
 37
 41
 33
 25
 15
 22
 23
 35
 38
 31
 19
 24
 14
 15
 20
 22
 17
 16
 13
 15
 11
 9
 8
 5
 3
 6
 1
 5
 2
 3
 4
 2
 4
 2
 0
Cycle -> 63, Infected -> 4
Cycle -> 64, Infected -> 3
Cycle -> 65, Infected -> 0
Cycle -> 66, Infected -> 2
Cycle -> 67, Infected -> 0
Cycle -> 68, Infected -> 2
Cycle -> 69, Infected -> 2
Cycle -> 70, Infected -> 4
Cycle -> 71, Infected -> 4
Cycle -> 72, Infected -> 2
Cycle -> 73, Infected -> 5
Cycle -> 74, Infected -> 1
Cycle -> 75, Infected -> 1
Cycle -> 76, Infected -> 2
Cycle -> 77, Infected -> 3
Cycle -> 78, Infected -> 3
Cycle -> 79, Infected -> 2
Cycle -> 80, Infected -> 0
Cycle -> 81, Infected -> 1
Cycle -> 82, Infected -> 1
Cycle -> 83, Infected -> 1
Cycle -> 84, Infected -> 4
Cycle -> 85, Infected -> 0
Cycle -> 86, Infected -> 1
Cycle -> 87, Infected -> 2
Cycle -> 88, Infected -> 0
Cycle -> 89, Infected -> 1
Cycle -> 90, Infected -> 1
Cycle -> 91, Infected -> 2
Cycle -> 92, Infected -> 1
Cycle -> 93, Infected -> 0
Cycle -> 94, Infected -> 2
Cycle -> 95, Infected -> 3
Cycle -> 96, Infected -> 0
Cycle -> 97, Infected -> 1
Cycle -> 98, Infected -> 0
Cycle -> 99, Infected -> 0
Cycle -> 100, Infected -> 1
Cycle -> 101, Infected -> 1
Cycle -> 102, Infected -> 0
Cycle -> 103, Infected -> 1
Cycle -> 104, Infected -> 0
Cycle -> 105, Infected -> 0
Cycle -> 106, Infected -> 0
Cycle -> 107, Infected -> 0
Cycle -> 108, Infected -> 1
Cycle -> 109, Infected -> 0
Cycle -> 110, Infected -> 1
Cycle -> 111, Infected -> 0
Cycle -> 112, Infected -> 0
Cycle -> 113, Infected -> 0
Cycle -> 114, Infected -> 1
Cycle -> 115, Infected -> 0
Cycle -> 116, Infected -> 1
Cycle -> 117, Infected -> 0
Cycle -> 118, Infected -> 0
Cycle -> 119, Infected -> 1
Cycle -> 120, Infected -> 0
Cycle -> 121, Infected -> 0
Cycle -> 122, Infected -> 0
Cycle -> 123, Infected -> 0
Cycle -> 124, Infected -> 0
Cycle -> 125, Infected -> 0
Cycle -> 126, Infected -> 0
Cycle -> 127, Infected -> 0
Cycle -> 128, Infected -> 0
Cycle -> 129, Infected -> 0
Cycle -> 130, Infected -> 0
Cycle -> 131, Infected -> 0
Cycle -> 132, Infected -> 0
Cycle -> 133, Infected -> 0
Cycle -> 134, Infected -> 0
Cycle -> 135, Infected -> 0
Cycle -> 136, Infected -> 0
Cycle -> 137, Infected -> 0
Cycle -> 138, Infected -> 0
Cycle -> 139, Infected -> 0
Cycle -> 140, Infected -> 0
Cycle -> 141, Infected -> 0
Cycle -> 142, Infected -> 0
Cycle -> 143, Infected -> 0
Cycle -> 144, Infected -> 0
Cycle -> 145, Infected -> 0
Cycle -> 146, Infected -> 0
Cycle -> 147, Infected -> 0
Cycle -> 148, Infected -> 1
Cycle -> 149, Infected -> 0
Cycle -> 150, Infected -> 0
Cycle -> 151, Infected -> 0
Cycle -> 152, Infected -> 0
Cycle -> 153, Infected -> 0
Cycle -> 154, Infected -> 0
Cycle -> 155, Infected -> 0
Cycle -> 156, Infected -> 1
Cycle -> 157, Infected -> 0
Cycle -> 158, Infected -> 0
Cycle -> 159, Infected -> 0
Cycle -> 160, Infected -> 0
Cycle -> 161, Infected -> 0
Cycle -> 162, Infected -> 0
Cycle -> 163, Infected -> 0
Cycle -> 164, Infected -> 0
Cycle -> 165, Infected -> 0
Cycle -> 166, Infected -> 0
Cycle -> 167, Infected -> 0
Cycle -> 168, Infected -> 0
Cycle -> 169, Infected -> 0
Cycle -> 170, Infected -> 0
Cycle -> 171, Infected -> 0
Cycle -> 172, Infected -> 0
Cycle -> 173, Infected -> 0
Cycle -> 174, Infected -> 0
Cycle -> 175, Infected -> 0
Cycle -> 176, Infected -> 0
Cycle -> 177, Infected -> 0
Cycle -> 178, Infected -> 0
Cycle -> 179, Infected -> 0
Cycle -> 180, Infected -> 0
Cycle -> 181, Infected -> 0
Cycle -> 182, Infected -> 0
Cycle -> 183, Infected -> 0
Cycle -> 184, Infected -> 0
Cycle -> 185, Infected -> 0
Cycle -> 186, Infected -> 0
Cycle -> 187, Infected -> 0
Cycle -> 188, Infected -> 0
Cycle -> 189, Infected -> 0
Cycle -> 190, Infected -> 0
Cycle -> 191, Infected -> 0
Cycle -> 192, Infected -> 0
Cycle -> 193, Infected -> 0
Cycle -> 194, Infected -> 0
Cycle -> 195, Infected -> 0
Cycle -> 196, Infected -> 0
Cycle -> 197, Infected -> 0
Cycle -> 198, Infected -> 0
Cycle -> 199, Infected -> 0

Recovered Peers per cycle : 
Cycle -> 0, Recovered -> 0
Cycle -> 1, Recovered -> 0
Cycle -> 2, Recovered -> 0
Cycle -> 3, Recovered -> 0
Cycle -> 4, Recovered -> 0
Cycle -> 5, Recovered -> 0
Cycle -> 6, Recovered -> 0
Cycle -> 7, Recovered -> 0
Cycle -> 8, Recovered -> 0
Cycle -> 9, Recovered -> 0
Cycle -> 10, Recovered -> 0
Cycle -> 11, Recovered -> 0
Cycle -> 12, Recovered -> 0
Cycle -> 13, Recovered -> 0
Cycle -> 14, Recovered -> 0
Cycle -> 15, Recovered -> 0
Cycle -> 16, Recovered -> 0
Cycle -> 17, Recovered -> 0
Cycle -> 18, Recovered -> 0
Cycle -> 19, Recovered -> 0
Cycle -> 20, Recovered -> 0
Cycle -> 21, Recovered -> 0
Cycle -> 22, Recovered -> 0
Cycle -> 23, Recovered -> 0
Cycle -> 24, Recovered -> 0
Cycle -> 25, Recovered -> 0
Cycle -> 26, Recovered -> 0
Cycle -> 27, Recovered -> 0
Cycle -> 28, Recovered -> 0
Cycle -> 29, Recovered -> 0
Cycle -> 30, Recovered -> 0
Cycle -> 31, Recovered -> 0
Cycle -> 32, Recovered -> 0
Cycle -> 33, Recovered -> 0
Cycle -> 34, Recovered -> 0
Cycle -> 35, Recovered -> 0
Cycle -> 36, Recovered -> 0
Cycle -> 37, Recovered -> 0
Cycle -> 38, Recovered -> 0
Cycle -> 39, Recovered -> 0
Cycle -> 40, Recovered -> 0
Cycle -> 41, Recovered -> 0
Cycle -> 42, Recovered -> 0
Cycle -> 43, Recovered -> 0
Cycle -> 44, Recovered -> 0
Cycle -> 45, Recovered -> 0
Cycle -> 46, Recovered -> 0
Cycle -> 47, Recovered -> 0
Cycle -> 48, Recovered -> 0
Cycle -> 49, Recovered -> 0
Cycle -> 50, Recovered -> 0
Cycle -> 51, Recovered -> 0
Cycle -> 52, Recovered -> 0
Cycle -> 53, Recovered -> 0
Cycle -> 54, Recovered -> 0
Cycle -> 55, Recovered -> 0
Cycle -> 56, Recovered -> 0
Cycle -> 57, Recovered -> 0
Cycle -> 58, Recovered -> 0
Cycle -> 59, Recovered -> 0
Cycle -> 60, Recovered -> 0
Cycle -> 61, Recovered -> 0
Cycle -> 62, Recovered -> 0
Cycle -> 63, Recovered -> 0
Cycle -> 64, Recovered -> 0
Cycle -> 65, Recovered -> 0
Cycle -> 66, Recovered -> 0
Cycle -> 67, Recovered -> 0
Cycle -> 68, Recovered -> 0
Cycle -> 69, Recovered -> 0
Cycle -> 70, Recovered -> 0
Cycle -> 71, Recovered -> 0
Cycle -> 72, Recovered -> 0
Cycle -> 73, Recovered -> 0
Cycle -> 74, Recovered -> 0
Cycle -> 75, Recovered -> 0
Cycle -> 76, Recovered -> 0
Cycle -> 77, Recovered -> 0
Cycle -> 78, Recovered -> 0
Cycle -> 79, Recovered -> 0
Cycle -> 80, Recovered -> 0
Cycle -> 81, Recovered -> 0
Cycle -> 82, Recovered -> 0
Cycle -> 83, Recovered -> 0
Cycle -> 84, Recovered -> 0
Cycle -> 85, Recovered -> 0
Cycle -> 86, Recovered -> 0
Cycle -> 87, Recovered -> 0
Cycle -> 88, Recovered -> 0
Cycle -> 89, Recovered -> 0
Cycle -> 90, Recovered -> 0
Cycle -> 91, Recovered -> 0
Cycle -> 92, Recovered -> 0
Cycle -> 93, Recovered -> 0
Cycle -> 94, Recovered -> 0
Cycle -> 95, Recovered -> 0
Cycle -> 96, Recovered -> 0
Cycle -> 97, Recovered -> 0
Cycle -> 98, Recovered -> 0
Cycle -> 99, Recovered -> 0
Cycle -> 100, Recovered -> 0
Cycle -> 101, Recovered -> 0
Cycle -> 102, Recovered -> 0
Cycle -> 103, Recovered -> 0
Cycle -> 104, Recovered -> 0
Cycle -> 105, Recovered -> 0
Cycle -> 106, Recovered -> 0
Cycle -> 107, Recovered -> 0
Cycle -> 108, Recovered -> 0
Cycle -> 109, Recovered -> 0
Cycle -> 110, Recovered -> 0
Cycle -> 111, Recovered -> 0
Cycle -> 112, Recovered -> 0
Cycle -> 113, Recovered -> 0
Cycle -> 114, Recovered -> 0
Cycle -> 115, Recovered -> 0
Cycle -> 116, Recovered -> 0
Cycle -> 117, Recovered -> 0
Cycle -> 118, Recovered -> 0
Cycle -> 119, Recovered -> 0
Cycle -> 120, Recovered -> 0
Cycle -> 121, Recovered -> 0
Cycle -> 122, Recovered -> 0
Cycle -> 123, Recovered -> 0
Cycle -> 124, Recovered -> 0
Cycle -> 125, Recovered -> 0
Cycle -> 126, Recovered -> 0
Cycle -> 127, Recovered -> 0
Cycle -> 128, Recovered -> 0
Cycle -> 129, Recovered -> 0
Cycle -> 130, Recovered -> 0
Cycle -> 131, Recovered -> 0
Cycle -> 132, Recovered -> 0
Cycle -> 133, Recovered -> 0
Cycle -> 134, Recovered -> 0
Cycle -> 135, Recovered -> 0
Cycle -> 136, Recovered -> 0
Cycle -> 137, Recovered -> 0
Cycle -> 138, Recovered -> 0
Cycle -> 139, Recovered -> 0
Cycle -> 140, Recovered -> 0
Cycle -> 141, Recovered -> 0
Cycle -> 142, Recovered -> 0
Cycle -> 143, Recovered -> 0
Cycle -> 144, Recovered -> 0
Cycle -> 145, Recovered -> 0
Cycle -> 146, Recovered -> 0
Cycle -> 147, Recovered -> 0
Cycle -> 148, Recovered -> 0
Cycle -> 149, Recovered -> 0
Cycle -> 150, Recovered -> 0
Cycle -> 151, Recovered -> 0
Cycle -> 152, Recovered -> 0
Cycle -> 153, Recovered -> 0
Cycle -> 154, Recovered -> 0
Cycle -> 155, Recovered -> 0
Cycle -> 156, Recovered -> 0
Cycle -> 157, Recovered -> 0
Cycle -> 158, Recovered -> 0
Cycle -> 159, Recovered -> 0
Cycle -> 160, Recovered -> 0
Cycle -> 161, Recovered -> 0
Cycle -> 162, Recovered -> 0
Cycle -> 163, Recovered -> 0
Cycle -> 164, Recovered -> 0
Cycle -> 165, Recovered -> 0
Cycle -> 166, Recovered -> 0
Cycle -> 167, Recovered -> 0
Cycle -> 168, Recovered -> 0
Cycle -> 169, Recovered -> 0
Cycle -> 170, Recovered -> 0
Cycle -> 171, Recovered -> 0
Cycle -> 172, Recovered -> 0
Cycle -> 173, Recovered -> 0
Cycle -> 174, Recovered -> 0
Cycle -> 175, Recovered -> 0
Cycle -> 176, Recovered -> 0
Cycle -> 177, Recovered -> 0
Cycle -> 178, Recovered -> 0
Cycle -> 179, Recovered -> 0
Cycle -> 180, Recovered -> 0
Cycle -> 181, Recovered -> 0
Cycle -> 182, Recovered -> 0
Cycle -> 183, Recovered -> 0
Cycle -> 184, Recovered -> 0
Cycle -> 185, Recovered -> 0
Cycle -> 186, Recovered -> 0
Cycle -> 187, Recovered -> 0
Cycle -> 188, Recovered -> 0
Cycle -> 189, Recovered -> 0
Cycle -> 190, Recovered -> 0
Cycle -> 191, Recovered -> 0
Cycle -> 192, Recovered -> 0
Cycle -> 193, Recovered -> 0
Cycle -> 194, Recovered -> 0
Cycle -> 195, Recovered -> 0
Cycle -> 196, Recovered -> 0
Cycle -> 197, Recovered -> 0
Cycle -> 198, Recovered -> 0
Cycle -> 199, Recovered -> 0

Immuned Peers per cycle : 
Cycle -> 0, Immuned -> 3049
Cycle -> 1, Immuned -> 2833
Cycle -> 2, Immuned -> 2671
Cycle -> 3, Immuned -> 2576
Cycle -> 4, Immuned -> 2459
Cycle -> 5, Immuned -> 2307
Cycle -> 6, Immuned -> 2173
Cycle -> 7, Immuned -> 2060
Cycle -> 8, Immuned -> 1949
Cycle -> 9, Immuned -> 1853
Cycle -> 10, Immuned -> 1753
Cycle -> 11, Immuned -> 1690
Cycle -> 12, Immuned -> 1647
Cycle -> 13, Immuned -> 1440
Cycle -> 14, Immuned -> 1409
Cycle -> 15, Immuned -> 1304
Cycle -> 16, Immuned -> 1243
Cycle -> 17, Immuned -> 1160
Cycle -> 18, Immuned -> 1146
Cycle -> 19, Immuned -> 1091
Cycle -> 20, Immuned -> 1026
Cycle -> 21, Immuned -> 1010
Cycle -> 22, Immuned -> 932
Cycle -> 23, Immuned -> 883
Cycle -> 24, Immuned -> 822
Cycle -> 25, Immuned -> 757
Cycle -> 26, Immuned -> 700
Cycle -> 27, Immuned -> 653
Cycle -> 28, Immuned -> 650
Cycle -> 29, Immuned -> 600
Cycle -> 30, Immuned -> 629
Cycle -> 31, Immuned -> 514
Cycle -> 32, Immuned -> 513
Cycle -> 33, Immuned -> 447
Cycle -> 34, Immuned -> 498
Cycle -> 35, Immuned -> 450
Cycle -> 36, Immuned -> 439
Cycle -> 37, Immuned -> 375
Cycle -> 38, Immuned -> 361
Cycle -> 39, Immuned -> 350
Cycle -> 40, Immuned -> 369
Cycle -> 41, Immuned -> 306
Cycle -> 42, Immuned -> 294
Cycle -> 43, Immuned -> 326
Cycle -> 44, Immuned -> 275
Cycle -> 45, Immuned -> 282
Cycle -> 46, Immuned -> 258
Cycle -> 47, Immuned -> 222
Cycle -> 48, Immuned -> 198
Cycle -> 49, Immuned -> 209
Cycle -> 50, Immuned -> 206
Cycle -> 51, Immuned -> 187
Cycle -> 52, Immuned -> 176
Cycle -> 53, Immuned -> 151
Cycle -> 54, Immuned -> 141
Cycle -> 55, Immuned -> 169
Cycle -> 56, Immuned -> 160
Cycle -> 57, Immuned -> 144
Cycle -> 58, Immuned -> 129
Cycle -> 59, Immuned -> 129
Cycle -> 60, Immuned -> 123
Cycle -> 61, Immuned -> 115
Cycle -> 62, Immuned -> 101
Cycle -> 63, Immuned -> 96
Cycle -> 64, Immuned -> 97
Cycle -> 65, Immuned -> 93
Cycle -> 66, Immuned -> 85
Cycle -> 67, Immuned -> 97
Cycle -> 68, Immuned -> 79
Cycle -> 69, Immuned -> 80
Cycle -> 70, Immuned -> 72
Cycle -> 71, Immuned -> 62
Cycle -> 72, Immuned -> 83
Cycle -> 73, Immuned -> 54
Cycle -> 74, Immuned -> 67
Cycle -> 75, Immuned -> 47
Cycle -> 76, Immuned -> 67
Cycle -> 77, Immuned -> 41
Cycle -> 78, Immuned -> 51
Cycle -> 79, Immuned -> 49
Cycle -> 80, Immuned -> 43
Cycle -> 81, Immuned -> 41
Cycle -> 82, Immuned -> 34
Cycle -> 83, Immuned -> 31
Cycle -> 84, Immuned -> 39
Cycle -> 85, Immuned -> 25
Cycle -> 86, Immuned -> 31
Cycle -> 87, Immuned -> 22
Cycle -> 88, Immuned -> 27
Cycle -> 89, Immuned -> 28
Cycle -> 90, Immuned -> 28
Cycle -> 91, Immuned -> 34
Cycle -> 92, Immuned -> 16
Cycle -> 93, Immuned -> 19
Cycle -> 94, Immuned -> 22
Cycle -> 95, Immuned -> 13
Cycle -> 96, Immuned -> 20
Cycle -> 97, Immuned -> 21
Cycle -> 98, Immuned -> 17
Cycle -> 99, Immuned -> 11
Cycle -> 100, Immuned -> 13
Cycle -> 101, Immuned -> 19
Cycle -> 102, Immuned -> 15
Cycle -> 103, Immuned -> 10
Cycle -> 104, Immuned -> 10
Cycle -> 105, Immuned -> 14
Cycle -> 106, Immuned -> 13
Cycle -> 107, Immuned -> 14
Cycle -> 108, Immuned -> 5
Cycle -> 109, Immuned -> 12
Cycle -> 110, Immuned -> 4
Cycle -> 111, Immuned -> 6
Cycle -> 112, Immuned -> 11
Cycle -> 113, Immuned -> 6
Cycle -> 114, Immuned -> 10
Cycle -> 115, Immuned -> 6
Cycle -> 116, Immuned -> 5
Cycle -> 117, Immuned -> 6
Cycle -> 118, Immuned -> 6
Cycle -> 119, Immuned -> 3
Cycle -> 120, Immuned -> 6
Cycle -> 121, Immuned -> 8
Cycle -> 122, Immuned -> 6
Cycle -> 123, Immuned -> 5
Cycle -> 124, Immuned -> 1
Cycle -> 125, Immuned -> 0
Cycle -> 126, Immuned -> 2
Cycle -> 127, Immuned -> 1
Cycle -> 128, Immuned -> 4
Cycle -> 129, Immuned -> 3
Cycle -> 130, Immuned -> 2
Cycle -> 131, Immuned -> 5
Cycle -> 132, Immuned -> 2
Cycle -> 133, Immuned -> 1
Cycle -> 134, Immuned -> 2
Cycle -> 135, Immuned -> 6
Cycle -> 136, Immuned -> 2
Cycle -> 137, Immuned -> 1
Cycle -> 138, Immuned -> 6
Cycle -> 139, Immuned -> 3
Cycle -> 140, Immuned -> 2
Cycle -> 141, Immuned -> 2
Cycle -> 142, Immuned -> 3
Cycle -> 143, Immuned -> 1
Cycle -> 144, Immuned -> 1
Cycle -> 145, Immuned -> 1
Cycle -> 146, Immuned -> 3
Cycle -> 147, Immuned -> 0
Cycle -> 148, Immuned -> 0
Cycle -> 149, Immuned -> 2
Cycle -> 150, Immuned -> 3
Cycle -> 151, Immuned -> 1
Cycle -> 152, Immuned -> 1
Cycle -> 153, Immuned -> 3
Cycle -> 154, Immuned -> 0
Cycle -> 155, Immuned -> 0
Cycle -> 156, Immuned -> 0
Cycle -> 157, Immuned -> 0
Cycle -> 158, Immuned -> 0
Cycle -> 159, Immuned -> 1
Cycle -> 160, Immuned -> 0
Cycle -> 161, Immuned -> 0
Cycle -> 162, Immuned -> 0
Cycle -> 163, Immuned -> 0
Cycle -> 164, Immuned -> 0
Cycle -> 165, Immuned -> 0
Cycle -> 166, Immuned -> 0
Cycle -> 167, Immuned -> 0
Cycle -> 168, Immuned -> 0
Cycle -> 169, Immuned -> 0
Cycle -> 170, Immuned -> 0
Cycle -> 171, Immuned -> 0
Cycle -> 172, Immuned -> 0
Cycle -> 173, Immuned -> 1
Cycle -> 174, Immuned -> 0
Cycle -> 175, Immuned -> 0
Cycle -> 176, Immuned -> 0
Cycle -> 177, Immuned -> 0
Cycle -> 178, Immuned -> 1
Cycle -> 179, Immuned -> 0
Cycle -> 180, Immuned -> 0
Cycle -> 181, Immuned -> 0
Cycle -> 182, Immuned -> 0
Cycle -> 183, Immuned -> 0
Cycle -> 184, Immuned -> 0
Cycle -> 185, Immuned -> 0
Cycle -> 186, Immuned -> 0
Cycle -> 187, Immuned -> 0
Cycle -> 188, Immuned -> 0
Cycle -> 189, Immuned -> 0
Cycle -> 190, Immuned -> 0
Cycle -> 191, Immuned -> 0
Cycle -> 192, Immuned -> 0
Cycle -> 193, Immuned -> 0
Cycle -> 194, Immuned -> 1
Cycle -> 195, Immuned -> 0
Cycle -> 196, Immuned -> 0
Cycle -> 197, Immuned -> 0
Cycle -> 198, Immuned -> 0
Cycle -> 199, Immuned -> 0

