Stats

Infected OS : ANDROID

Population with Android : 24363
Population with IOS : 4539
Population with OTHERS : 98

Peers spawned near hotspots : 20300
Peers spawned randomly : 8700

Infected Peers : 0
Recovered Peers : 10714
Immuned Peers : 18286

Infected Peers per cycle : 
34
158
594
765
764
504
606
401
633
531
395
609
619
391
235
197
113
295
395
250
160
246
189
157
105
121
140
204
111
191
228
181
53
30
18
12
14
9
9
2
1
3
1
1
6
3
3
1
1
0
1
2
1
0
2
1
1
3
2
0
1
0
1
0
3
0
0
0
0
0
0
0
1
0
0
1
1
0
0
1
0
0
0
1
0
0
0
0
0
0
1

Recovered Peers per cycle : 
0
5
9
43
69
83
119
163
194
215
 208
 216
 233
 261
 225
 274
 258
 282
 267
 248
 245
 272
 253
 226
 245
 238
 224
 215
 264
 227
 202
 227
 231
 195
 205
 190
 197
 162
 175
 146
 135
 145
 137
 121
 128
 112
 127
 99
 99
 84
 75
 73
 81
 77
 70
 62
 59
 52
 65
 58
 38
 49
 62
 53
 33
 41
 51
 49
 40
 38
 34
 35
 36
33
23
28
21
18
22
22
26
32
15
16
11
11
16
15
16
8
8
18
4
16
12
11
7
5
11
4
 4
 9
 6
 9
 6
 10
 5
 6
 4
 8
 4
 6
 3
 4
 6
 4
 1
 3
 3
 6
 2
 3
 2
 3
 1
 2
 2
 2
 0
 1
 2
 4
 1
 3
 3
 1
 0
 4
 1
 0
 1
 0
 0
 1
 2
 0
 0
 1
 0
 1
 0
 0
 1
 0
 0
 0
 0
 1
 0
 0
 0
 0
 1
 0
 0
 0
 1
 0
 1
 0
 0
 1

Immuned Peers per cycle : 
Cycle -> 0, Immuned -> 1469
Cycle -> 1, Immuned -> 1367
Cycle -> 2, Immuned -> 1285
Cycle -> 3, Immuned -> 1202
Cycle -> 4, Immuned -> 1099
Cycle -> 5, Immuned -> 1034
Cycle -> 6, Immuned -> 946
Cycle -> 7, Immuned -> 820
Cycle -> 8, Immuned -> 815
Cycle -> 9, Immuned -> 681
Cycle -> 10, Immuned -> 641
Cycle -> 11, Immuned -> 648
Cycle -> 12, Immuned -> 547
Cycle -> 13, Immuned -> 527
Cycle -> 14, Immuned -> 461
Cycle -> 15, Immuned -> 387
Cycle -> 16, Immuned -> 403
Cycle -> 17, Immuned -> 375
Cycle -> 18, Immuned -> 331
Cycle -> 19, Immuned -> 299
Cycle -> 20, Immuned -> 265
Cycle -> 21, Immuned -> 204
Cycle -> 22, Immuned -> 220
Cycle -> 23, Immuned -> 180
Cycle -> 24, Immuned -> 179
Cycle -> 25, Immuned -> 178
Cycle -> 26, Immuned -> 126
Cycle -> 27, Immuned -> 150
Cycle -> 28, Immuned -> 123
Cycle -> 29, Immuned -> 106
Cycle -> 30, Immuned -> 97
Cycle -> 31, Immuned -> 73
Cycle -> 32, Immuned -> 61
Cycle -> 33, Immuned -> 51
Cycle -> 34, Immuned -> 48
Cycle -> 35, Immuned -> 62
Cycle -> 36, Immuned -> 43
Cycle -> 37, Immuned -> 40
Cycle -> 38, Immuned -> 37
Cycle -> 39, Immuned -> 36
Cycle -> 40, Immuned -> 32
Cycle -> 41, Immuned -> 41
Cycle -> 42, Immuned -> 28
Cycle -> 43, Immuned -> 33
Cycle -> 44, Immuned -> 29
Cycle -> 45, Immuned -> 30
Cycle -> 46, Immuned -> 35
Cycle -> 47, Immuned -> 21
Cycle -> 48, Immuned -> 24
Cycle -> 49, Immuned -> 19
Cycle -> 50, Immuned -> 23
Cycle -> 51, Immuned -> 25
Cycle -> 52, Immuned -> 11
Cycle -> 53, Immuned -> 25
Cycle -> 54, Immuned -> 15
Cycle -> 55, Immuned -> 18
Cycle -> 56, Immuned -> 12
Cycle -> 57, Immuned -> 13
Cycle -> 58, Immuned -> 11
Cycle -> 59, Immuned -> 18
Cycle -> 60, Immuned -> 15
Cycle -> 61, Immuned -> 10
Cycle -> 62, Immuned -> 6
Cycle -> 63, Immuned -> 10
Cycle -> 64, Immuned -> 9
Cycle -> 65, Immuned -> 11
Cycle -> 66, Immuned -> 3
Cycle -> 67, Immuned -> 8
Cycle -> 68, Immuned -> 6
Cycle -> 69, Immuned -> 5
Cycle -> 70, Immuned -> 6
Cycle -> 71, Immuned -> 4
Cycle -> 72, Immuned -> 10
Cycle -> 73, Immuned -> 3
Cycle -> 74, Immuned -> 6
Cycle -> 75, Immuned -> 8
Cycle -> 76, Immuned -> 5
Cycle -> 77, Immuned -> 4
Cycle -> 78, Immuned -> 0
Cycle -> 79, Immuned -> 5
Cycle -> 80, Immuned -> 3
Cycle -> 81, Immuned -> 4
Cycle -> 82, Immuned -> 1
Cycle -> 83, Immuned -> 3
Cycle -> 84, Immuned -> 1
Cycle -> 85, Immuned -> 1
Cycle -> 86, Immuned -> 3
Cycle -> 87, Immuned -> 0
Cycle -> 88, Immuned -> 5
Cycle -> 89, Immuned -> 5
Cycle -> 90, Immuned -> 4
Cycle -> 91, Immuned -> 1
Cycle -> 92, Immuned -> 3
Cycle -> 93, Immuned -> 1
Cycle -> 94, Immuned -> 2
Cycle -> 95, Immuned -> 2
Cycle -> 96, Immuned -> 3
Cycle -> 97, Immuned -> 0
Cycle -> 98, Immuned -> 2
Cycle -> 99, Immuned -> 2
Cycle -> 100, Immuned -> 2
Cycle -> 101, Immuned -> 2
Cycle -> 102, Immuned -> 2
Cycle -> 103, Immuned -> 1
Cycle -> 104, Immuned -> 1
Cycle -> 105, Immuned -> 2
Cycle -> 106, Immuned -> 1
Cycle -> 107, Immuned -> 0
Cycle -> 108, Immuned -> 1
Cycle -> 109, Immuned -> 1
Cycle -> 110, Immuned -> 0
Cycle -> 111, Immuned -> 1
Cycle -> 112, Immuned -> 2
Cycle -> 113, Immuned -> 0
Cycle -> 114, Immuned -> 2
Cycle -> 115, Immuned -> 0
Cycle -> 116, Immuned -> 1
Cycle -> 117, Immuned -> 0
Cycle -> 118, Immuned -> 0
Cycle -> 119, Immuned -> 1
Cycle -> 120, Immuned -> 0
Cycle -> 121, Immuned -> 1
Cycle -> 122, Immuned -> 0
Cycle -> 123, Immuned -> 1
Cycle -> 124, Immuned -> 0
Cycle -> 125, Immuned -> 0
Cycle -> 126, Immuned -> 0
Cycle -> 127, Immuned -> 0
Cycle -> 128, Immuned -> 0
Cycle -> 129, Immuned -> 0
Cycle -> 130, Immuned -> 0
Cycle -> 131, Immuned -> 0
Cycle -> 132, Immuned -> 0
Cycle -> 133, Immuned -> 0
Cycle -> 134, Immuned -> 2
Cycle -> 135, Immuned -> 0
Cycle -> 136, Immuned -> 0
Cycle -> 137, Immuned -> 0
Cycle -> 138, Immuned -> 0
Cycle -> 139, Immuned -> 0
Cycle -> 140, Immuned -> 1
Cycle -> 141, Immuned -> 0
Cycle -> 142, Immuned -> 0
Cycle -> 143, Immuned -> 0
Cycle -> 144, Immuned -> 0
Cycle -> 145, Immuned -> 0
Cycle -> 146, Immuned -> 0
Cycle -> 147, Immuned -> 0
Cycle -> 148, Immuned -> 0
Cycle -> 149, Immuned -> 0
Cycle -> 150, Immuned -> 0
Cycle -> 151, Immuned -> 0
Cycle -> 152, Immuned -> 0
Cycle -> 153, Immuned -> 1
Cycle -> 154, Immuned -> 0
Cycle -> 155, Immuned -> 0
Cycle -> 156, Immuned -> 0
Cycle -> 157, Immuned -> 0
Cycle -> 158, Immuned -> 0
Cycle -> 159, Immuned -> 0
Cycle -> 160, Immuned -> 0
Cycle -> 161, Immuned -> 0
Cycle -> 162, Immuned -> 0
Cycle -> 163, Immuned -> 0
Cycle -> 164, Immuned -> 0
Cycle -> 165, Immuned -> 0
Cycle -> 166, Immuned -> 0
Cycle -> 167, Immuned -> 0
Cycle -> 168, Immuned -> 0
Cycle -> 169, Immuned -> 0
Cycle -> 170, Immuned -> 0
Cycle -> 171, Immuned -> 0
Cycle -> 172, Immuned -> 0
Cycle -> 173, Immuned -> 1
Cycle -> 174, Immuned -> 0
Cycle -> 175, Immuned -> 0
Cycle -> 176, Immuned -> 0
Cycle -> 177, Immuned -> 0
Cycle -> 178, Immuned -> 0
Cycle -> 179, Immuned -> 0
Cycle -> 180, Immuned -> 0
Cycle -> 181, Immuned -> 0
Cycle -> 182, Immuned -> 0
Cycle -> 183, Immuned -> 0
Cycle -> 184, Immuned -> 0
Cycle -> 185, Immuned -> 0
Cycle -> 186, Immuned -> 0
Cycle -> 187, Immuned -> 0
Cycle -> 188, Immuned -> 0
Cycle -> 189, Immuned -> 0
Cycle -> 190, Immuned -> 0
Cycle -> 191, Immuned -> 0
Cycle -> 192, Immuned -> 0
Cycle -> 193, Immuned -> 0
Cycle -> 194, Immuned -> 0
Cycle -> 195, Immuned -> 0
Cycle -> 196, Immuned -> 0
Cycle -> 197, Immuned -> 0
Cycle -> 198, Immuned -> 0
Cycle -> 199, Immuned -> 0

