Stats

Infected OS : ANDROID

Population with Android : 24470
Population with IOS : 4424
Population with OTHERS : 106

Peers spawned near hotspots : 20300
Peers spawned randomly : 8700

Infected Peers : 3
Recovered Peers : 13196
Immuned Peers : 15801

Infected Peers per cycle : 
68
218
440
587
609
960
998
1022
1190
928
744
627
553
990
678
430
412
322
232
222
240
182
185
121
106
37
46
20
9
6
5
2
3
1
1
0
0
2
0
0
0
0
0
0
1
0
0
0
0
0
0
0
0
0
0
0
0
0
0
0
1

Recovered Peers per cycle : 
0
7
9
37
69
82
123
180
252
265
283
311
360
366
378
332
403
438
431
407
364
365
340
341
326
308
324
308
280
265
285
257
235
242
228
205
198
196
155
166
145
131
147
133
118
121
95
86
91
99
121
93
88
81
79
81
56
58
49
65
45
57
48
64
52
47
34
35
40
39
32
27
19
27
24
24
27
23
25
18
21
20
20
16
16
19
12
12
11
12
16
16
18
14
13
9
10
15
4
3
5
9
7
10
8
4
7
4
8
4
6
6
7
1
2
1
2
5
5
3
2
2
2
4
3
2
1
1

Immuned Peers per cycle : 
Cycle -> 0, Immuned -> 1502
Cycle -> 1, Immuned -> 1421
Cycle -> 2, Immuned -> 1245
Cycle -> 3, Immuned -> 1196
Cycle -> 4, Immuned -> 1160
Cycle -> 5, Immuned -> 1048
Cycle -> 6, Immuned -> 908
Cycle -> 7, Immuned -> 825
Cycle -> 8, Immuned -> 755
Cycle -> 9, Immuned -> 662
Cycle -> 10, Immuned -> 577
Cycle -> 11, Immuned -> 499
Cycle -> 12, Immuned -> 434
Cycle -> 13, Immuned -> 393
Cycle -> 14, Immuned -> 346
Cycle -> 15, Immuned -> 291
Cycle -> 16, Immuned -> 230
Cycle -> 17, Immuned -> 210
Cycle -> 18, Immuned -> 172
Cycle -> 19, Immuned -> 175
Cycle -> 20, Immuned -> 125
Cycle -> 21, Immuned -> 113
Cycle -> 22, Immuned -> 96
Cycle -> 23, Immuned -> 97
Cycle -> 24, Immuned -> 80
Cycle -> 25, Immuned -> 72
Cycle -> 26, Immuned -> 66
Cycle -> 27, Immuned -> 62
Cycle -> 28, Immuned -> 48
Cycle -> 29, Immuned -> 51
Cycle -> 30, Immuned -> 55
Cycle -> 31, Immuned -> 47
Cycle -> 32, Immuned -> 36
Cycle -> 33, Immuned -> 50
Cycle -> 34, Immuned -> 35
Cycle -> 35, Immuned -> 44
Cycle -> 36, Immuned -> 30
Cycle -> 37, Immuned -> 34
Cycle -> 38, Immuned -> 53
Cycle -> 39, Immuned -> 34
Cycle -> 40, Immuned -> 19
Cycle -> 41, Immuned -> 29
Cycle -> 42, Immuned -> 23
Cycle -> 43, Immuned -> 21
Cycle -> 44, Immuned -> 17
Cycle -> 45, Immuned -> 15
Cycle -> 46, Immuned -> 22
Cycle -> 47, Immuned -> 14
Cycle -> 48, Immuned -> 12
Cycle -> 49, Immuned -> 16
Cycle -> 50, Immuned -> 13
Cycle -> 51, Immuned -> 16
Cycle -> 52, Immuned -> 13
Cycle -> 53, Immuned -> 16
Cycle -> 54, Immuned -> 11
Cycle -> 55, Immuned -> 20
Cycle -> 56, Immuned -> 10
Cycle -> 57, Immuned -> 14
Cycle -> 58, Immuned -> 14
Cycle -> 59, Immuned -> 14
Cycle -> 60, Immuned -> 17
Cycle -> 61, Immuned -> 10
Cycle -> 62, Immuned -> 4
Cycle -> 63, Immuned -> 12
Cycle -> 64, Immuned -> 8
Cycle -> 65, Immuned -> 8
Cycle -> 66, Immuned -> 6
Cycle -> 67, Immuned -> 7
Cycle -> 68, Immuned -> 7
Cycle -> 69, Immuned -> 5
Cycle -> 70, Immuned -> 4
Cycle -> 71, Immuned -> 5
Cycle -> 72, Immuned -> 7
Cycle -> 73, Immuned -> 4
Cycle -> 74, Immuned -> 5
Cycle -> 75, Immuned -> 5
Cycle -> 76, Immuned -> 5
Cycle -> 77, Immuned -> 6
Cycle -> 78, Immuned -> 4
Cycle -> 79, Immuned -> 2
Cycle -> 80, Immuned -> 4
Cycle -> 81, Immuned -> 2
Cycle -> 82, Immuned -> 1
Cycle -> 83, Immuned -> 5
Cycle -> 84, Immuned -> 3
Cycle -> 85, Immuned -> 1
Cycle -> 86, Immuned -> 4
Cycle -> 87, Immuned -> 4
Cycle -> 88, Immuned -> 3
Cycle -> 89, Immuned -> 1
Cycle -> 90, Immuned -> 4
Cycle -> 91, Immuned -> 0
Cycle -> 92, Immuned -> 5
Cycle -> 93, Immuned -> 1
Cycle -> 94, Immuned -> 2
Cycle -> 95, Immuned -> 0
Cycle -> 96, Immuned -> 1
Cycle -> 97, Immuned -> 1
Cycle -> 98, Immuned -> 0
Cycle -> 99, Immuned -> 2
Cycle -> 100, Immuned -> 0
Cycle -> 101, Immuned -> 0
Cycle -> 102, Immuned -> 0
Cycle -> 103, Immuned -> 0
Cycle -> 104, Immuned -> 0
Cycle -> 105, Immuned -> 0
Cycle -> 106, Immuned -> 2
Cycle -> 107, Immuned -> 0
Cycle -> 108, Immuned -> 0
Cycle -> 109, Immuned -> 1
Cycle -> 110, Immuned -> 1
Cycle -> 111, Immuned -> 2
Cycle -> 112, Immuned -> 1
Cycle -> 113, Immuned -> 2
Cycle -> 114, Immuned -> 0
Cycle -> 115, Immuned -> 0
Cycle -> 116, Immuned -> 0
Cycle -> 117, Immuned -> 1
Cycle -> 118, Immuned -> 1
Cycle -> 119, Immuned -> 2
Cycle -> 120, Immuned -> 0
Cycle -> 121, Immuned -> 0
Cycle -> 122, Immuned -> 1
Cycle -> 123, Immuned -> 1
Cycle -> 124, Immuned -> 0
Cycle -> 125, Immuned -> 0
Cycle -> 126, Immuned -> 0
Cycle -> 127, Immuned -> 1
Cycle -> 128, Immuned -> 0
Cycle -> 129, Immuned -> 0
Cycle -> 130, Immuned -> 0
Cycle -> 131, Immuned -> 1
Cycle -> 132, Immuned -> 1
Cycle -> 133, Immuned -> 0
Cycle -> 134, Immuned -> 0
Cycle -> 135, Immuned -> 0
Cycle -> 136, Immuned -> 0
Cycle -> 137, Immuned -> 0
Cycle -> 138, Immuned -> 0
Cycle -> 139, Immuned -> 0
Cycle -> 140, Immuned -> 0
Cycle -> 141, Immuned -> 0
Cycle -> 142, Immuned -> 0
Cycle -> 143, Immuned -> 0
Cycle -> 144, Immuned -> 0
Cycle -> 145, Immuned -> 0
Cycle -> 146, Immuned -> 0
Cycle -> 147, Immuned -> 0
Cycle -> 148, Immuned -> 0
Cycle -> 149, Immuned -> 0
Cycle -> 150, Immuned -> 0
Cycle -> 151, Immuned -> 0
Cycle -> 152, Immuned -> 0
Cycle -> 153, Immuned -> 1
Cycle -> 154, Immuned -> 0
Cycle -> 155, Immuned -> 0
Cycle -> 156, Immuned -> 0
Cycle -> 157, Immuned -> 0
Cycle -> 158, Immuned -> 0
Cycle -> 159, Immuned -> 0
Cycle -> 160, Immuned -> 0
Cycle -> 161, Immuned -> 0
Cycle -> 162, Immuned -> 0
Cycle -> 163, Immuned -> 0
Cycle -> 164, Immuned -> 0
Cycle -> 165, Immuned -> 0
Cycle -> 166, Immuned -> 0
Cycle -> 167, Immuned -> 0
Cycle -> 168, Immuned -> 0
Cycle -> 169, Immuned -> 0
Cycle -> 170, Immuned -> 0
Cycle -> 171, Immuned -> 1
Cycle -> 172, Immuned -> 0
Cycle -> 173, Immuned -> 0
Cycle -> 174, Immuned -> 0
Cycle -> 175, Immuned -> 0
Cycle -> 176, Immuned -> 0
Cycle -> 177, Immuned -> 0
Cycle -> 178, Immuned -> 0
Cycle -> 179, Immuned -> 0
Cycle -> 180, Immuned -> 0
Cycle -> 181, Immuned -> 0
Cycle -> 182, Immuned -> 0
Cycle -> 183, Immuned -> 0
Cycle -> 184, Immuned -> 0
Cycle -> 185, Immuned -> 0
Cycle -> 186, Immuned -> 0
Cycle -> 187, Immuned -> 0
Cycle -> 188, Immuned -> 0
Cycle -> 189, Immuned -> 0
Cycle -> 190, Immuned -> 0
Cycle -> 191, Immuned -> 0
Cycle -> 192, Immuned -> 0
Cycle -> 193, Immuned -> 0
Cycle -> 194, Immuned -> 0
Cycle -> 195, Immuned -> 0
Cycle -> 196, Immuned -> 0
Cycle -> 197, Immuned -> 0
Cycle -> 198, Immuned -> 0
Cycle -> 199, Immuned -> 0

