Stats

Infected OS : IOS

Population with Android : 22895
Population with IOS : 37026
Population with OTHERS : 79

Peers spawned near hotspots : 42000
Peers spawned randomly : 18000

Infected Peers : 1
Recovered Peers : 18704
Immuned Peers : 41294

Infected Peers per cycle : 
42
300
597
1314
1292
1556
1869
1417
1320
1556
 879
 537
 631
 424
 594
 575
 339
 243
 232
 231
 168
 213
 319
 330
 258
 238
 243
 219
 101
 97
 141
 204
 111
 42
 12
 12
 22
 10
 6
 3
 4
 1
 0
 1
 0
 1
 0
 0
 0
 0
 0
 0
 0
 0
 0
 0
 0
 0
 0
 0
 0
 0
 0
 0
 0
 0
Cycle -> 66, Infected -> 0
Cycle -> 67, Infected -> 0
Cycle -> 68, Infected -> 0
Cycle -> 69, Infected -> 0
Cycle -> 70, Infected -> 0
Cycle -> 71, Infected -> 0
Cycle -> 72, Infected -> 0
Cycle -> 73, Infected -> 0
Cycle -> 74, Infected -> 0
Cycle -> 75, Infected -> 0
Cycle -> 76, Infected -> 0
Cycle -> 77, Infected -> 0
Cycle -> 78, Infected -> 0
Cycle -> 79, Infected -> 0
Cycle -> 80, Infected -> 0
Cycle -> 81, Infected -> 0
Cycle -> 82, Infected -> 0
Cycle -> 83, Infected -> 0
Cycle -> 84, Infected -> 0
Cycle -> 85, Infected -> 0
Cycle -> 86, Infected -> 0
Cycle -> 87, Infected -> 0
Cycle -> 88, Infected -> 0
Cycle -> 89, Infected -> 0
Cycle -> 90, Infected -> 0
Cycle -> 91, Infected -> 0
Cycle -> 92, Infected -> 0
Cycle -> 93, Infected -> 0
Cycle -> 94, Infected -> 0
Cycle -> 95, Infected -> 0
Cycle -> 96, Infected -> 0
Cycle -> 97, Infected -> 0
Cycle -> 98, Infected -> 0
Cycle -> 99, Infected -> 0
Cycle -> 100, Infected -> 0
Cycle -> 101, Infected -> 0
Cycle -> 102, Infected -> 0
Cycle -> 103, Infected -> 0
Cycle -> 104, Infected -> 0
Cycle -> 105, Infected -> 0
Cycle -> 106, Infected -> 0
Cycle -> 107, Infected -> 0
Cycle -> 108, Infected -> 0
Cycle -> 109, Infected -> 0
Cycle -> 110, Infected -> 0
Cycle -> 111, Infected -> 0
Cycle -> 112, Infected -> 0
Cycle -> 113, Infected -> 0
Cycle -> 114, Infected -> 0
Cycle -> 115, Infected -> 0
Cycle -> 116, Infected -> 0
Cycle -> 117, Infected -> 0
Cycle -> 118, Infected -> 0
Cycle -> 119, Infected -> 0
Cycle -> 120, Infected -> 0
Cycle -> 121, Infected -> 0
Cycle -> 122, Infected -> 0
Cycle -> 123, Infected -> 0
Cycle -> 124, Infected -> 0
Cycle -> 125, Infected -> 0
Cycle -> 126, Infected -> 0
Cycle -> 127, Infected -> 0
Cycle -> 128, Infected -> 0
Cycle -> 129, Infected -> 0
Cycle -> 130, Infected -> 0
Cycle -> 131, Infected -> 0
Cycle -> 132, Infected -> 0
Cycle -> 133, Infected -> 0
Cycle -> 134, Infected -> 0
Cycle -> 135, Infected -> 0
Cycle -> 136, Infected -> 0
Cycle -> 137, Infected -> 0
Cycle -> 138, Infected -> 0
Cycle -> 139, Infected -> 0
Cycle -> 140, Infected -> 0
Cycle -> 141, Infected -> 0
Cycle -> 142, Infected -> 0
Cycle -> 143, Infected -> 0
Cycle -> 144, Infected -> 0
Cycle -> 145, Infected -> 0
Cycle -> 146, Infected -> 0
Cycle -> 147, Infected -> 0
Cycle -> 148, Infected -> 0
Cycle -> 149, Infected -> 0
Cycle -> 150, Infected -> 0
Cycle -> 151, Infected -> 0
Cycle -> 152, Infected -> 0
Cycle -> 153, Infected -> 0
Cycle -> 154, Infected -> 0
Cycle -> 155, Infected -> 0
Cycle -> 156, Infected -> 0
Cycle -> 157, Infected -> 0
Cycle -> 158, Infected -> 0
Cycle -> 159, Infected -> 0
Cycle -> 160, Infected -> 0
Cycle -> 161, Infected -> 0
Cycle -> 162, Infected -> 0
Cycle -> 163, Infected -> 0
Cycle -> 164, Infected -> 0
Cycle -> 165, Infected -> 0
Cycle -> 166, Infected -> 0
Cycle -> 167, Infected -> 0
Cycle -> 168, Infected -> 0
Cycle -> 169, Infected -> 0
Cycle -> 170, Infected -> 0
Cycle -> 171, Infected -> 0
Cycle -> 172, Infected -> 0
Cycle -> 173, Infected -> 0
Cycle -> 174, Infected -> 0
Cycle -> 175, Infected -> 0
Cycle -> 176, Infected -> 0
Cycle -> 177, Infected -> 0
Cycle -> 178, Infected -> 0
Cycle -> 179, Infected -> 0
Cycle -> 180, Infected -> 0
Cycle -> 181, Infected -> 0
Cycle -> 182, Infected -> 0
Cycle -> 183, Infected -> 0
Cycle -> 184, Infected -> 0
Cycle -> 185, Infected -> 0
Cycle -> 186, Infected -> 0
Cycle -> 187, Infected -> 0
Cycle -> 188, Infected -> 0
Cycle -> 189, Infected -> 0
Cycle -> 190, Infected -> 0
Cycle -> 191, Infected -> 0
Cycle -> 192, Infected -> 0
Cycle -> 193, Infected -> 0
Cycle -> 194, Infected -> 0
Cycle -> 195, Infected -> 0
Cycle -> 196, Infected -> 0
Cycle -> 197, Infected -> 0
Cycle -> 198, Infected -> 0
Cycle -> 199, Infected -> 0

Recovered Peers per cycle : 
0
2
18
40
120
172
247
342
353
407
506
485
475
539
514
515
516
540
469
451
459
432
439
427
408
403
453
415
401
377
353
360
338
322
310
333
259
254
286
234
218
230
217
198
193
185
165
162
149
161
131
150
121
120
116
109
95
112
108
86
90
73
64
86
63
74
69
64
61
45
61
56
46
48
38
40
42
46
26
36
30
33
22
29
23
23
24
21
24
15
19
14
10
18
8
12
12
12
8
9
 6
 9
 10
 14
 8
 12
 7
 6
 6
 9
 7
 5
 5
 4
 4
 3
 8
 4
 4
 4
 3
 3
 2
 3
 8
 2
 0
 4
 4
 1
 3
ycle -> 131, Recovered -> 2
ycle -> 132, Recovered -> 0
ycle -> 133, Recovered -> 0
ycle -> 134, Recovered -> 2
ycle -> 135, Recovered -> 1
ycle -> 136, Recovered -> 5
ycle -> 137, Recovered -> 1
ycle -> 138, Recovered -> 3
ycle -> 139, Recovered -> 1
ycle -> 140, Recovered -> 0
Cycle -> 141, Recovered -> 5
Cycle -> 142, Recovered -> 1
Cycle -> 143, Recovered -> 2
Cycle -> 144, Recovered -> 0
Cycle -> 145, Recovered -> 2
Cycle -> 146, Recovered -> 2
Cycle -> 147, Recovered -> 0
Cycle -> 148, Recovered -> 0
Cycle -> 149, Recovered -> 1
Cycle -> 150, Recovered -> 1
Cycle -> 151, Recovered -> 2
Cycle -> 152, Recovered -> 2
Cycle -> 153, Recovered -> 1
Cycle -> 154, Recovered -> 1
Cycle -> 155, Recovered -> 1
Cycle -> 156, Recovered -> 0
Cycle -> 157, Recovered -> 0
Cycle -> 158, Recovered -> 0
Cycle -> 159, Recovered -> 0
Cycle -> 160, Recovered -> 1
Cycle -> 161, Recovered -> 0
Cycle -> 162, Recovered -> 0
Cycle -> 163, Recovered -> 0
Cycle -> 164, Recovered -> 0
Cycle -> 165, Recovered -> 0
Cycle -> 166, Recovered -> 0
Cycle -> 167, Recovered -> 0
Cycle -> 168, Recovered -> 0
Cycle -> 169, Recovered -> 0
Cycle -> 170, Recovered -> 0
Cycle -> 171, Recovered -> 0
Cycle -> 172, Recovered -> 2
Cycle -> 173, Recovered -> 0
Cycle -> 174, Recovered -> 0
Cycle -> 175, Recovered -> 0
Cycle -> 176, Recovered -> 0
Cycle -> 177, Recovered -> 0
Cycle -> 178, Recovered -> 0
Cycle -> 179, Recovered -> 0
Cycle -> 180, Recovered -> 1
Cycle -> 181, Recovered -> 1
Cycle -> 182, Recovered -> 0
Cycle -> 183, Recovered -> 0
Cycle -> 184, Recovered -> 0
Cycle -> 185, Recovered -> 0
Cycle -> 186, Recovered -> 0
Cycle -> 187, Recovered -> 0
Cycle -> 188, Recovered -> 0
Cycle -> 189, Recovered -> 0
Cycle -> 190, Recovered -> 0
Cycle -> 191, Recovered -> 0
Cycle -> 192, Recovered -> 0
Cycle -> 193, Recovered -> 1
Cycle -> 194, Recovered -> 0
Cycle -> 195, Recovered -> 0
Cycle -> 196, Recovered -> 0
Cycle -> 197, Recovered -> 0
Cycle -> 198, Recovered -> 0
Cycle -> 199, Recovered -> 0

Immuned Peers per cycle : 
Cycle -> 0, Immuned -> 3036
Cycle -> 1, Immuned -> 2898
Cycle -> 2, Immuned -> 2617
Cycle -> 3, Immuned -> 2495
Cycle -> 4, Immuned -> 2351
Cycle -> 5, Immuned -> 2085
Cycle -> 6, Immuned -> 1981
Cycle -> 7, Immuned -> 1821
Cycle -> 8, Immuned -> 1529
Cycle -> 9, Immuned -> 1518
Cycle -> 10, Immuned -> 1296
Cycle -> 11, Immuned -> 1272
Cycle -> 12, Immuned -> 1161
Cycle -> 13, Immuned -> 1066
Cycle -> 14, Immuned -> 1021
Cycle -> 15, Immuned -> 880
Cycle -> 16, Immuned -> 814
Cycle -> 17, Immuned -> 740
Cycle -> 18, Immuned -> 719
Cycle -> 19, Immuned -> 621
Cycle -> 20, Immuned -> 651
Cycle -> 21, Immuned -> 623
Cycle -> 22, Immuned -> 517
Cycle -> 23, Immuned -> 492
Cycle -> 24, Immuned -> 442
Cycle -> 25, Immuned -> 427
Cycle -> 26, Immuned -> 351
Cycle -> 27, Immuned -> 336
Cycle -> 28, Immuned -> 312
Cycle -> 29, Immuned -> 274
Cycle -> 30, Immuned -> 302
Cycle -> 31, Immuned -> 241
Cycle -> 32, Immuned -> 227
Cycle -> 33, Immuned -> 231
Cycle -> 34, Immuned -> 194
Cycle -> 35, Immuned -> 176
Cycle -> 36, Immuned -> 186
Cycle -> 37, Immuned -> 182
Cycle -> 38, Immuned -> 150
Cycle -> 39, Immuned -> 137
Cycle -> 40, Immuned -> 137
Cycle -> 41, Immuned -> 133
Cycle -> 42, Immuned -> 136
Cycle -> 43, Immuned -> 121
Cycle -> 44, Immuned -> 115
Cycle -> 45, Immuned -> 104
Cycle -> 46, Immuned -> 106
Cycle -> 47, Immuned -> 108
Cycle -> 48, Immuned -> 101
Cycle -> 49, Immuned -> 96
Cycle -> 50, Immuned -> 91
Cycle -> 51, Immuned -> 78
Cycle -> 52, Immuned -> 79
Cycle -> 53, Immuned -> 79
Cycle -> 54, Immuned -> 76
Cycle -> 55, Immuned -> 72
Cycle -> 56, Immuned -> 64
Cycle -> 57, Immuned -> 69
Cycle -> 58, Immuned -> 66
Cycle -> 59, Immuned -> 46
Cycle -> 60, Immuned -> 44
Cycle -> 61, Immuned -> 38
Cycle -> 62, Immuned -> 46
Cycle -> 63, Immuned -> 44
Cycle -> 64, Immuned -> 39
Cycle -> 65, Immuned -> 39
Cycle -> 66, Immuned -> 41
Cycle -> 67, Immuned -> 44
Cycle -> 68, Immuned -> 34
Cycle -> 69, Immuned -> 26
Cycle -> 70, Immuned -> 39
Cycle -> 71, Immuned -> 32
Cycle -> 72, Immuned -> 19
Cycle -> 73, Immuned -> 35
Cycle -> 74, Immuned -> 25
Cycle -> 75, Immuned -> 26
Cycle -> 76, Immuned -> 17
Cycle -> 77, Immuned -> 19
Cycle -> 78, Immuned -> 14
Cycle -> 79, Immuned -> 20
Cycle -> 80, Immuned -> 22
Cycle -> 81, Immuned -> 23
Cycle -> 82, Immuned -> 13
Cycle -> 83, Immuned -> 12
Cycle -> 84, Immuned -> 15
Cycle -> 85, Immuned -> 16
Cycle -> 86, Immuned -> 12
Cycle -> 87, Immuned -> 15
Cycle -> 88, Immuned -> 12
Cycle -> 89, Immuned -> 14
Cycle -> 90, Immuned -> 11
Cycle -> 91, Immuned -> 15
Cycle -> 92, Immuned -> 16
Cycle -> 93, Immuned -> 11
Cycle -> 94, Immuned -> 10
Cycle -> 95, Immuned -> 9
Cycle -> 96, Immuned -> 11
Cycle -> 97, Immuned -> 9
Cycle -> 98, Immuned -> 4
Cycle -> 99, Immuned -> 5
Cycle -> 100, Immuned -> 5
Cycle -> 101, Immuned -> 10
Cycle -> 102, Immuned -> 10
Cycle -> 103, Immuned -> 5
Cycle -> 104, Immuned -> 7
Cycle -> 105, Immuned -> 6
Cycle -> 106, Immuned -> 4
Cycle -> 107, Immuned -> 5
Cycle -> 108, Immuned -> 4
Cycle -> 109, Immuned -> 9
Cycle -> 110, Immuned -> 5
Cycle -> 111, Immuned -> 3
Cycle -> 112, Immuned -> 3
Cycle -> 113, Immuned -> 3
Cycle -> 114, Immuned -> 1
Cycle -> 115, Immuned -> 8
Cycle -> 116, Immuned -> 2
Cycle -> 117, Immuned -> 4
Cycle -> 118, Immuned -> 2
Cycle -> 119, Immuned -> 2
Cycle -> 120, Immuned -> 1
Cycle -> 121, Immuned -> 0
Cycle -> 122, Immuned -> 3
Cycle -> 123, Immuned -> 0
Cycle -> 124, Immuned -> 2
Cycle -> 125, Immuned -> 4
Cycle -> 126, Immuned -> 4
Cycle -> 127, Immuned -> 1
Cycle -> 128, Immuned -> 2
Cycle -> 129, Immuned -> 2
Cycle -> 130, Immuned -> 1
Cycle -> 131, Immuned -> 1
Cycle -> 132, Immuned -> 1
Cycle -> 133, Immuned -> 3
Cycle -> 134, Immuned -> 0
Cycle -> 135, Immuned -> 4
Cycle -> 136, Immuned -> 0
Cycle -> 137, Immuned -> 1
Cycle -> 138, Immuned -> 0
Cycle -> 139, Immuned -> 1
Cycle -> 140, Immuned -> 1
Cycle -> 141, Immuned -> 1
Cycle -> 142, Immuned -> 1
Cycle -> 143, Immuned -> 1
Cycle -> 144, Immuned -> 0
Cycle -> 145, Immuned -> 0
Cycle -> 146, Immuned -> 0
Cycle -> 147, Immuned -> 0
Cycle -> 148, Immuned -> 0
Cycle -> 149, Immuned -> 0
Cycle -> 150, Immuned -> 0
Cycle -> 151, Immuned -> 0
Cycle -> 152, Immuned -> 1
Cycle -> 153, Immuned -> 0
Cycle -> 154, Immuned -> 2
Cycle -> 155, Immuned -> 0
Cycle -> 156, Immuned -> 1
Cycle -> 157, Immuned -> 0
Cycle -> 158, Immuned -> 2
Cycle -> 159, Immuned -> 0
Cycle -> 160, Immuned -> 0
Cycle -> 161, Immuned -> 1
Cycle -> 162, Immuned -> 0
Cycle -> 163, Immuned -> 0
Cycle -> 164, Immuned -> 0
Cycle -> 165, Immuned -> 0
Cycle -> 166, Immuned -> 0
Cycle -> 167, Immuned -> 0
Cycle -> 168, Immuned -> 0
Cycle -> 169, Immuned -> 1
Cycle -> 170, Immuned -> 0
Cycle -> 171, Immuned -> 2
Cycle -> 172, Immuned -> 0
Cycle -> 173, Immuned -> 2
Cycle -> 174, Immuned -> 2
Cycle -> 175, Immuned -> 0
Cycle -> 176, Immuned -> 0
Cycle -> 177, Immuned -> 0
Cycle -> 178, Immuned -> 0
Cycle -> 179, Immuned -> 0
Cycle -> 180, Immuned -> 0
Cycle -> 181, Immuned -> 1
Cycle -> 182, Immuned -> 0
Cycle -> 183, Immuned -> 0
Cycle -> 184, Immuned -> 0
Cycle -> 185, Immuned -> 1
Cycle -> 186, Immuned -> 0
Cycle -> 187, Immuned -> 0
Cycle -> 188, Immuned -> 0
Cycle -> 189, Immuned -> 0
Cycle -> 190, Immuned -> 0
Cycle -> 191, Immuned -> 0
Cycle -> 192, Immuned -> 0
Cycle -> 193, Immuned -> 0
Cycle -> 194, Immuned -> 0
Cycle -> 195, Immuned -> 0
Cycle -> 196, Immuned -> 0
Cycle -> 197, Immuned -> 0
Cycle -> 198, Immuned -> 0
Cycle -> 199, Immuned -> 0

