Stats

Infected OS : IOS

Population with Android : 22893
Population with IOS : 37034
Population with OTHERS : 73

Peers spawned near hotspots : 42000
Peers spawned randomly : 18000

Infected Peers : 1
Recovered Peers : 16093
Immuned Peers : 43902

Infected Peers per cycle : 
50
218
209
679
1168
1352
1024
1248
882
482
 489
 806
 797
 739
 700
 636
 162
 157
 204
 147
 140
 315
 358
 303
 450
 534
 346
 211
 125
 89
 158
 171
 204
 93
 53
 81
 87
 119
 38
 16
 8
 13
 20
 10
 1
 0
 0
 0
 0
 0
 0
 0
 0
 0
 0
 0
 0
 0
 0
 0
 0
 1
 0
 0
 0
 0
 0
 0
 0
 0
 0
 0
Cycle -> 72, Infected -> 0
Cycle -> 73, Infected -> 0
Cycle -> 74, Infected -> 0
Cycle -> 75, Infected -> 0
Cycle -> 76, Infected -> 0
Cycle -> 77, Infected -> 0
Cycle -> 78, Infected -> 0
Cycle -> 79, Infected -> 0
Cycle -> 80, Infected -> 0
Cycle -> 81, Infected -> 0
Cycle -> 82, Infected -> 0
Cycle -> 83, Infected -> 0
Cycle -> 84, Infected -> 0
Cycle -> 85, Infected -> 0
Cycle -> 86, Infected -> 0
Cycle -> 87, Infected -> 0
Cycle -> 88, Infected -> 0
Cycle -> 89, Infected -> 0
Cycle -> 90, Infected -> 0
Cycle -> 91, Infected -> 0
Cycle -> 92, Infected -> 0
Cycle -> 93, Infected -> 0
Cycle -> 94, Infected -> 0
Cycle -> 95, Infected -> 0
Cycle -> 96, Infected -> 0
Cycle -> 97, Infected -> 0
Cycle -> 98, Infected -> 0
Cycle -> 99, Infected -> 0
Cycle -> 100, Infected -> 0
Cycle -> 101, Infected -> 0
Cycle -> 102, Infected -> 0
Cycle -> 103, Infected -> 0
Cycle -> 104, Infected -> 0
Cycle -> 105, Infected -> 0
Cycle -> 106, Infected -> 0
Cycle -> 107, Infected -> 0
Cycle -> 108, Infected -> 0
Cycle -> 109, Infected -> 0
Cycle -> 110, Infected -> 0
Cycle -> 111, Infected -> 0
Cycle -> 112, Infected -> 0
Cycle -> 113, Infected -> 0
Cycle -> 114, Infected -> 0
Cycle -> 115, Infected -> 0
Cycle -> 116, Infected -> 0
Cycle -> 117, Infected -> 0
Cycle -> 118, Infected -> 0
Cycle -> 119, Infected -> 0
Cycle -> 120, Infected -> 0
Cycle -> 121, Infected -> 0
Cycle -> 122, Infected -> 0
Cycle -> 123, Infected -> 0
Cycle -> 124, Infected -> 0
Cycle -> 125, Infected -> 0
Cycle -> 126, Infected -> 0
Cycle -> 127, Infected -> 0
Cycle -> 128, Infected -> 0
Cycle -> 129, Infected -> 0
Cycle -> 130, Infected -> 0
Cycle -> 131, Infected -> 0
Cycle -> 132, Infected -> 0
Cycle -> 133, Infected -> 0
Cycle -> 134, Infected -> 0
Cycle -> 135, Infected -> 0
Cycle -> 136, Infected -> 0
Cycle -> 137, Infected -> 0
Cycle -> 138, Infected -> 0
Cycle -> 139, Infected -> 0
Cycle -> 140, Infected -> 0
Cycle -> 141, Infected -> 0
Cycle -> 142, Infected -> 0
Cycle -> 143, Infected -> 0
Cycle -> 144, Infected -> 0
Cycle -> 145, Infected -> 0
Cycle -> 146, Infected -> 0
Cycle -> 147, Infected -> 0
Cycle -> 148, Infected -> 0
Cycle -> 149, Infected -> 0
Cycle -> 150, Infected -> 0
Cycle -> 151, Infected -> 0
Cycle -> 152, Infected -> 0
Cycle -> 153, Infected -> 0
Cycle -> 154, Infected -> 0
Cycle -> 155, Infected -> 0
Cycle -> 156, Infected -> 0
Cycle -> 157, Infected -> 0
Cycle -> 158, Infected -> 0
Cycle -> 159, Infected -> 0
Cycle -> 160, Infected -> 0
Cycle -> 161, Infected -> 0
Cycle -> 162, Infected -> 0
Cycle -> 163, Infected -> 0
Cycle -> 164, Infected -> 0
Cycle -> 165, Infected -> 0
Cycle -> 166, Infected -> 0
Cycle -> 167, Infected -> 0
Cycle -> 168, Infected -> 0
Cycle -> 169, Infected -> 0
Cycle -> 170, Infected -> 0
Cycle -> 171, Infected -> 0
Cycle -> 172, Infected -> 0
Cycle -> 173, Infected -> 0
Cycle -> 174, Infected -> 0
Cycle -> 175, Infected -> 0
Cycle -> 176, Infected -> 0
Cycle -> 177, Infected -> 0
Cycle -> 178, Infected -> 0
Cycle -> 179, Infected -> 0
Cycle -> 180, Infected -> 0
Cycle -> 181, Infected -> 0
Cycle -> 182, Infected -> 0
Cycle -> 183, Infected -> 0
Cycle -> 184, Infected -> 0
Cycle -> 185, Infected -> 0
Cycle -> 186, Infected -> 0
Cycle -> 187, Infected -> 0
Cycle -> 188, Infected -> 0
Cycle -> 189, Infected -> 0
Cycle -> 190, Infected -> 0
Cycle -> 191, Infected -> 0
Cycle -> 192, Infected -> 0
Cycle -> 193, Infected -> 0
Cycle -> 194, Infected -> 0
Cycle -> 195, Infected -> 0
Cycle -> 196, Infected -> 0
Cycle -> 197, Infected -> 0
Cycle -> 198, Infected -> 0
Cycle -> 199, Infected -> 0

Recovered Peers per cycle : 
0
1
18
15
59
126
156
246
278
302
305
324
370
382
398
386
444
404
372
397
354
339
343
346
348
360
365
366
344
343
324
340
341
312
280
288
249
247
249
238
221
241
176
201
207
226
164
163
161
161
143
146
139
115
135
118
83
97
96
95
86
89
74
65
59
63
53
56
47
58
45
52
47
46
39
30
42
26
37
32
33
30
27
27
22
24
19
21
15
12
15
18
16
13
14
17
12
16
14
10
 13
 5
 11
 6
 10
 9
 12
 10
 9
 9
 7
 6
 8
 3
 9
 7
 6
 3
 2
 5
 5
 1
 2
 4
 3
 1
 3
 2
 4
 5
 3
 2
 3
 0
 3
 0
 1
 0
ycle -> 138, Recovered -> 3
ycle -> 139, Recovered -> 1
ycle -> 140, Recovered -> 2
ycle -> 141, Recovered -> 1
ycle -> 142, Recovered -> 1
ycle -> 143, Recovered -> 0
ycle -> 144, Recovered -> 0
ycle -> 145, Recovered -> 2
ycle -> 146, Recovered -> 1
ycle -> 147, Recovered -> 1
Cycle -> 148, Recovered -> 1
Cycle -> 149, Recovered -> 1
Cycle -> 150, Recovered -> 1
Cycle -> 151, Recovered -> 1
Cycle -> 152, Recovered -> 0
Cycle -> 153, Recovered -> 1
Cycle -> 154, Recovered -> 1
Cycle -> 155, Recovered -> 2
Cycle -> 156, Recovered -> 1
Cycle -> 157, Recovered -> 0
Cycle -> 158, Recovered -> 1
Cycle -> 159, Recovered -> 0
Cycle -> 160, Recovered -> 2
Cycle -> 161, Recovered -> 0
Cycle -> 162, Recovered -> 0
Cycle -> 163, Recovered -> 0
Cycle -> 164, Recovered -> 1
Cycle -> 165, Recovered -> 1
Cycle -> 166, Recovered -> 0
Cycle -> 167, Recovered -> 2
Cycle -> 168, Recovered -> 1
Cycle -> 169, Recovered -> 0
Cycle -> 170, Recovered -> 1
Cycle -> 171, Recovered -> 0
Cycle -> 172, Recovered -> 1
Cycle -> 173, Recovered -> 1
Cycle -> 174, Recovered -> 0
Cycle -> 175, Recovered -> 0
Cycle -> 176, Recovered -> 1
Cycle -> 177, Recovered -> 0
Cycle -> 178, Recovered -> 0
Cycle -> 179, Recovered -> 0
Cycle -> 180, Recovered -> 0
Cycle -> 181, Recovered -> 0
Cycle -> 182, Recovered -> 0
Cycle -> 183, Recovered -> 0
Cycle -> 184, Recovered -> 0
Cycle -> 185, Recovered -> 0
Cycle -> 186, Recovered -> 0
Cycle -> 187, Recovered -> 0
Cycle -> 188, Recovered -> 0
Cycle -> 189, Recovered -> 0
Cycle -> 190, Recovered -> 0
Cycle -> 191, Recovered -> 0
Cycle -> 192, Recovered -> 0
Cycle -> 193, Recovered -> 0
Cycle -> 194, Recovered -> 0
Cycle -> 195, Recovered -> 0
Cycle -> 196, Recovered -> 0
Cycle -> 197, Recovered -> 0
Cycle -> 198, Recovered -> 0
Cycle -> 199, Recovered -> 0

Immuned Peers per cycle : 
Cycle -> 0, Immuned -> 2942
Cycle -> 1, Immuned -> 2877
Cycle -> 2, Immuned -> 2762
Cycle -> 3, Immuned -> 2441
Cycle -> 4, Immuned -> 2421
Cycle -> 5, Immuned -> 2269
Cycle -> 6, Immuned -> 2142
Cycle -> 7, Immuned -> 1813
Cycle -> 8, Immuned -> 1726
Cycle -> 9, Immuned -> 1606
Cycle -> 10, Immuned -> 1454
Cycle -> 11, Immuned -> 1368
Cycle -> 12, Immuned -> 1255
Cycle -> 13, Immuned -> 1233
Cycle -> 14, Immuned -> 1070
Cycle -> 15, Immuned -> 1005
Cycle -> 16, Immuned -> 879
Cycle -> 17, Immuned -> 860
Cycle -> 18, Immuned -> 781
Cycle -> 19, Immuned -> 763
Cycle -> 20, Immuned -> 715
Cycle -> 21, Immuned -> 663
Cycle -> 22, Immuned -> 633
Cycle -> 23, Immuned -> 566
Cycle -> 24, Immuned -> 508
Cycle -> 25, Immuned -> 528
Cycle -> 26, Immuned -> 413
Cycle -> 27, Immuned -> 388
Cycle -> 28, Immuned -> 324
Cycle -> 29, Immuned -> 324
Cycle -> 30, Immuned -> 317
Cycle -> 31, Immuned -> 275
Cycle -> 32, Immuned -> 280
Cycle -> 33, Immuned -> 238
Cycle -> 34, Immuned -> 208
Cycle -> 35, Immuned -> 216
Cycle -> 36, Immuned -> 206
Cycle -> 37, Immuned -> 169
Cycle -> 38, Immuned -> 179
Cycle -> 39, Immuned -> 176
Cycle -> 40, Immuned -> 136
Cycle -> 41, Immuned -> 131
Cycle -> 42, Immuned -> 153
Cycle -> 43, Immuned -> 115
Cycle -> 44, Immuned -> 113
Cycle -> 45, Immuned -> 121
Cycle -> 46, Immuned -> 107
Cycle -> 47, Immuned -> 100
Cycle -> 48, Immuned -> 108
Cycle -> 49, Immuned -> 83
Cycle -> 50, Immuned -> 99
Cycle -> 51, Immuned -> 83
Cycle -> 52, Immuned -> 69
Cycle -> 53, Immuned -> 78
Cycle -> 54, Immuned -> 78
Cycle -> 55, Immuned -> 57
Cycle -> 56, Immuned -> 68
Cycle -> 57, Immuned -> 62
Cycle -> 58, Immuned -> 40
Cycle -> 59, Immuned -> 49
Cycle -> 60, Immuned -> 44
Cycle -> 61, Immuned -> 51
Cycle -> 62, Immuned -> 44
Cycle -> 63, Immuned -> 54
Cycle -> 64, Immuned -> 43
Cycle -> 65, Immuned -> 42
Cycle -> 66, Immuned -> 40
Cycle -> 67, Immuned -> 32
Cycle -> 68, Immuned -> 28
Cycle -> 69, Immuned -> 33
Cycle -> 70, Immuned -> 35
Cycle -> 71, Immuned -> 32
Cycle -> 72, Immuned -> 33
Cycle -> 73, Immuned -> 38
Cycle -> 74, Immuned -> 33
Cycle -> 75, Immuned -> 21
Cycle -> 76, Immuned -> 12
Cycle -> 77, Immuned -> 33
Cycle -> 78, Immuned -> 27
Cycle -> 79, Immuned -> 19
Cycle -> 80, Immuned -> 13
Cycle -> 81, Immuned -> 11
Cycle -> 82, Immuned -> 16
Cycle -> 83, Immuned -> 11
Cycle -> 84, Immuned -> 17
Cycle -> 85, Immuned -> 15
Cycle -> 86, Immuned -> 7
Cycle -> 87, Immuned -> 9
Cycle -> 88, Immuned -> 15
Cycle -> 89, Immuned -> 14
Cycle -> 90, Immuned -> 8
Cycle -> 91, Immuned -> 15
Cycle -> 92, Immuned -> 10
Cycle -> 93, Immuned -> 13
Cycle -> 94, Immuned -> 8
Cycle -> 95, Immuned -> 11
Cycle -> 96, Immuned -> 8
Cycle -> 97, Immuned -> 8
Cycle -> 98, Immuned -> 5
Cycle -> 99, Immuned -> 3
Cycle -> 100, Immuned -> 14
Cycle -> 101, Immuned -> 6
Cycle -> 102, Immuned -> 6
Cycle -> 103, Immuned -> 7
Cycle -> 104, Immuned -> 7
Cycle -> 105, Immuned -> 9
Cycle -> 106, Immuned -> 5
Cycle -> 107, Immuned -> 6
Cycle -> 108, Immuned -> 7
Cycle -> 109, Immuned -> 4
Cycle -> 110, Immuned -> 6
Cycle -> 111, Immuned -> 3
Cycle -> 112, Immuned -> 6
Cycle -> 113, Immuned -> 5
Cycle -> 114, Immuned -> 4
Cycle -> 115, Immuned -> 3
Cycle -> 116, Immuned -> 1
Cycle -> 117, Immuned -> 0
Cycle -> 118, Immuned -> 2
Cycle -> 119, Immuned -> 2
Cycle -> 120, Immuned -> 2
Cycle -> 121, Immuned -> 1
Cycle -> 122, Immuned -> 1
Cycle -> 123, Immuned -> 3
Cycle -> 124, Immuned -> 1
Cycle -> 125, Immuned -> 3
Cycle -> 126, Immuned -> 5
Cycle -> 127, Immuned -> 3
Cycle -> 128, Immuned -> 1
Cycle -> 129, Immuned -> 0
Cycle -> 130, Immuned -> 3
Cycle -> 131, Immuned -> 2
Cycle -> 132, Immuned -> 0
Cycle -> 133, Immuned -> 2
Cycle -> 134, Immuned -> 0
Cycle -> 135, Immuned -> 1
Cycle -> 136, Immuned -> 2
Cycle -> 137, Immuned -> 0
Cycle -> 138, Immuned -> 0
Cycle -> 139, Immuned -> 1
Cycle -> 140, Immuned -> 1
Cycle -> 141, Immuned -> 2
Cycle -> 142, Immuned -> 0
Cycle -> 143, Immuned -> 0
Cycle -> 144, Immuned -> 1
Cycle -> 145, Immuned -> 0
Cycle -> 146, Immuned -> 1
Cycle -> 147, Immuned -> 0
Cycle -> 148, Immuned -> 0
Cycle -> 149, Immuned -> 2
Cycle -> 150, Immuned -> 0
Cycle -> 151, Immuned -> 0
Cycle -> 152, Immuned -> 0
Cycle -> 153, Immuned -> 0
Cycle -> 154, Immuned -> 0
Cycle -> 155, Immuned -> 1
Cycle -> 156, Immuned -> 0
Cycle -> 157, Immuned -> 0
Cycle -> 158, Immuned -> 1
Cycle -> 159, Immuned -> 0
Cycle -> 160, Immuned -> 0
Cycle -> 161, Immuned -> 2
Cycle -> 162, Immuned -> 1
Cycle -> 163, Immuned -> 0
Cycle -> 164, Immuned -> 1
Cycle -> 165, Immuned -> 0
Cycle -> 166, Immuned -> 0
Cycle -> 167, Immuned -> 0
Cycle -> 168, Immuned -> 0
Cycle -> 169, Immuned -> 0
Cycle -> 170, Immuned -> 0
Cycle -> 171, Immuned -> 0
Cycle -> 172, Immuned -> 0
Cycle -> 173, Immuned -> 0
Cycle -> 174, Immuned -> 0
Cycle -> 175, Immuned -> 0
Cycle -> 176, Immuned -> 0
Cycle -> 177, Immuned -> 0
Cycle -> 178, Immuned -> 0
Cycle -> 179, Immuned -> 0
Cycle -> 180, Immuned -> 0
Cycle -> 181, Immuned -> 0
Cycle -> 182, Immuned -> 0
Cycle -> 183, Immuned -> 0
Cycle -> 184, Immuned -> 0
Cycle -> 185, Immuned -> 0
Cycle -> 186, Immuned -> 0
Cycle -> 187, Immuned -> 0
Cycle -> 188, Immuned -> 0
Cycle -> 189, Immuned -> 0
Cycle -> 190, Immuned -> 0
Cycle -> 191, Immuned -> 0
Cycle -> 192, Immuned -> 1
Cycle -> 193, Immuned -> 0
Cycle -> 194, Immuned -> 0
Cycle -> 195, Immuned -> 0
Cycle -> 196, Immuned -> 0
Cycle -> 197, Immuned -> 0
Cycle -> 198, Immuned -> 0
Cycle -> 199, Immuned -> 0

