Stats

Infected OS : IOS

Population with Android : 22924
Population with IOS : 36982
Population with OTHERS : 94

Peers spawned near hotspots : 42000
Peers spawned randomly : 18000

Infected Peers : 0
Recovered Peers : 14213
Immuned Peers : 45786

Infected Peers per cycle : 
46
345
227
665
627
847
698
655
591
755
 473
 764
 664
 682
 515
 435
 415
 348
 351
 374
 213
 142
 286
 473
 447
 322
 149
 124
 73
 123
 166
 73
 134
 129
 139
 133
 71
 70
 116
 97
 72
 50
 26
 15
 9
 9
 12
 16
 10
 4
 3
 6
 4
 4
 2
 2
 3
 2
 2
 0
 3
 1
 0
 0
 0
 0
 0
 0
 0
Cycle -> 69, Infected -> 0
Cycle -> 70, Infected -> 0
Cycle -> 71, Infected -> 0
Cycle -> 72, Infected -> 0
Cycle -> 73, Infected -> 0
Cycle -> 74, Infected -> 0
Cycle -> 75, Infected -> 0
Cycle -> 76, Infected -> 0
Cycle -> 77, Infected -> 0
Cycle -> 78, Infected -> 0
Cycle -> 79, Infected -> 0
Cycle -> 80, Infected -> 0
Cycle -> 81, Infected -> 0
Cycle -> 82, Infected -> 0
Cycle -> 83, Infected -> 0
Cycle -> 84, Infected -> 0
Cycle -> 85, Infected -> 0
Cycle -> 86, Infected -> 0
Cycle -> 87, Infected -> 0
Cycle -> 88, Infected -> 0
Cycle -> 89, Infected -> 0
Cycle -> 90, Infected -> 0
Cycle -> 91, Infected -> 0
Cycle -> 92, Infected -> 0
Cycle -> 93, Infected -> 0
Cycle -> 94, Infected -> 0
Cycle -> 95, Infected -> 0
Cycle -> 96, Infected -> 0
Cycle -> 97, Infected -> 0
Cycle -> 98, Infected -> 0
Cycle -> 99, Infected -> 0
Cycle -> 100, Infected -> 0
Cycle -> 101, Infected -> 0
Cycle -> 102, Infected -> 0
Cycle -> 103, Infected -> 0
Cycle -> 104, Infected -> 0
Cycle -> 105, Infected -> 0
Cycle -> 106, Infected -> 0
Cycle -> 107, Infected -> 0
Cycle -> 108, Infected -> 0
Cycle -> 109, Infected -> 0
Cycle -> 110, Infected -> 0
Cycle -> 111, Infected -> 0
Cycle -> 112, Infected -> 0
Cycle -> 113, Infected -> 0
Cycle -> 114, Infected -> 0
Cycle -> 115, Infected -> 0
Cycle -> 116, Infected -> 0
Cycle -> 117, Infected -> 0
Cycle -> 118, Infected -> 0
Cycle -> 119, Infected -> 0
Cycle -> 120, Infected -> 0
Cycle -> 121, Infected -> 0
Cycle -> 122, Infected -> 0
Cycle -> 123, Infected -> 0
Cycle -> 124, Infected -> 0
Cycle -> 125, Infected -> 0
Cycle -> 126, Infected -> 0
Cycle -> 127, Infected -> 0
Cycle -> 128, Infected -> 0
Cycle -> 129, Infected -> 0
Cycle -> 130, Infected -> 0
Cycle -> 131, Infected -> 0
Cycle -> 132, Infected -> 0
Cycle -> 133, Infected -> 0
Cycle -> 134, Infected -> 0
Cycle -> 135, Infected -> 0
Cycle -> 136, Infected -> 0
Cycle -> 137, Infected -> 0
Cycle -> 138, Infected -> 0
Cycle -> 139, Infected -> 0
Cycle -> 140, Infected -> 0
Cycle -> 141, Infected -> 0
Cycle -> 142, Infected -> 0
Cycle -> 143, Infected -> 0
Cycle -> 144, Infected -> 0
Cycle -> 145, Infected -> 0
Cycle -> 146, Infected -> 0
Cycle -> 147, Infected -> 0
Cycle -> 148, Infected -> 0
Cycle -> 149, Infected -> 0
Cycle -> 150, Infected -> 0
Cycle -> 151, Infected -> 0
Cycle -> 152, Infected -> 0
Cycle -> 153, Infected -> 0
Cycle -> 154, Infected -> 0
Cycle -> 155, Infected -> 0
Cycle -> 156, Infected -> 0
Cycle -> 157, Infected -> 0
Cycle -> 158, Infected -> 0
Cycle -> 159, Infected -> 0
Cycle -> 160, Infected -> 0
Cycle -> 161, Infected -> 0
Cycle -> 162, Infected -> 0
Cycle -> 163, Infected -> 0
Cycle -> 164, Infected -> 0
Cycle -> 165, Infected -> 0
Cycle -> 166, Infected -> 0
Cycle -> 167, Infected -> 0
Cycle -> 168, Infected -> 0
Cycle -> 169, Infected -> 0
Cycle -> 170, Infected -> 0
Cycle -> 171, Infected -> 0
Cycle -> 172, Infected -> 0
Cycle -> 173, Infected -> 0
Cycle -> 174, Infected -> 0
Cycle -> 175, Infected -> 0
Cycle -> 176, Infected -> 0
Cycle -> 177, Infected -> 0
Cycle -> 178, Infected -> 0
Cycle -> 179, Infected -> 0
Cycle -> 180, Infected -> 0
Cycle -> 181, Infected -> 0
Cycle -> 182, Infected -> 0
Cycle -> 183, Infected -> 0
Cycle -> 184, Infected -> 0
Cycle -> 185, Infected -> 0
Cycle -> 186, Infected -> 0
Cycle -> 187, Infected -> 0
Cycle -> 188, Infected -> 0
Cycle -> 189, Infected -> 0
Cycle -> 190, Infected -> 0
Cycle -> 191, Infected -> 0
Cycle -> 192, Infected -> 0
Cycle -> 193, Infected -> 0
Cycle -> 194, Infected -> 0
Cycle -> 195, Infected -> 0
Cycle -> 196, Infected -> 0
Cycle -> 197, Infected -> 0
Cycle -> 198, Infected -> 0
Cycle -> 199, Infected -> 0

Recovered Peers per cycle : 
0
2
17
29
53
90
111
152
188
180
214
239
277
286
296
347
313
349
335
302
349
375
302
308
300
330
334
314
323
270
278
274
255
301
267
228
262
253
243
220
188
220
217
182
179
157
185
155
147
153
138
137
141
130
102
118
99
108
99
95
95
80
65
63
64
65
61
52
72
47
65
51
46
44
40
38
36
34
34
38
34
26
30
20
28
23
18
25
14
21
20
14
14
19
21
14
16
13
10
9
 13
 11
 11
 6
 6
 6
 7
 6
 8
 9
 10
 3
 7
 5
 2
 4
 2
 3
 5
 4
 5
 1
 4
 3
 12
 3
 9
 4
 3
 2
 1
ycle -> 131, Recovered -> 3
ycle -> 132, Recovered -> 3
ycle -> 133, Recovered -> 3
ycle -> 134, Recovered -> 4
ycle -> 135, Recovered -> 0
ycle -> 136, Recovered -> 2
ycle -> 137, Recovered -> 0
ycle -> 138, Recovered -> 4
ycle -> 139, Recovered -> 4
ycle -> 140, Recovered -> 2
Cycle -> 141, Recovered -> 2
Cycle -> 142, Recovered -> 1
Cycle -> 143, Recovered -> 0
Cycle -> 144, Recovered -> 0
Cycle -> 145, Recovered -> 1
Cycle -> 146, Recovered -> 2
Cycle -> 147, Recovered -> 0
Cycle -> 148, Recovered -> 0
Cycle -> 149, Recovered -> 0
Cycle -> 150, Recovered -> 1
Cycle -> 151, Recovered -> 0
Cycle -> 152, Recovered -> 0
Cycle -> 153, Recovered -> 0
Cycle -> 154, Recovered -> 0
Cycle -> 155, Recovered -> 2
Cycle -> 156, Recovered -> 0
Cycle -> 157, Recovered -> 0
Cycle -> 158, Recovered -> 0
Cycle -> 159, Recovered -> 0
Cycle -> 160, Recovered -> 0
Cycle -> 161, Recovered -> 2
Cycle -> 162, Recovered -> 0
Cycle -> 163, Recovered -> 0
Cycle -> 164, Recovered -> 2
Cycle -> 165, Recovered -> 0
Cycle -> 166, Recovered -> 0
Cycle -> 167, Recovered -> 0
Cycle -> 168, Recovered -> 0
Cycle -> 169, Recovered -> 0
Cycle -> 170, Recovered -> 0
Cycle -> 171, Recovered -> 0
Cycle -> 172, Recovered -> 0
Cycle -> 173, Recovered -> 0
Cycle -> 174, Recovered -> 0
Cycle -> 175, Recovered -> 0
Cycle -> 176, Recovered -> 0
Cycle -> 177, Recovered -> 0
Cycle -> 178, Recovered -> 1
Cycle -> 179, Recovered -> 0
Cycle -> 180, Recovered -> 0
Cycle -> 181, Recovered -> 0
Cycle -> 182, Recovered -> 0
Cycle -> 183, Recovered -> 1
Cycle -> 184, Recovered -> 0
Cycle -> 185, Recovered -> 2
Cycle -> 186, Recovered -> 0
Cycle -> 187, Recovered -> 0
Cycle -> 188, Recovered -> 0
Cycle -> 189, Recovered -> 0
Cycle -> 190, Recovered -> 0
Cycle -> 191, Recovered -> 0
Cycle -> 192, Recovered -> 0
Cycle -> 193, Recovered -> 0
Cycle -> 194, Recovered -> 0
Cycle -> 195, Recovered -> 0
Cycle -> 196, Recovered -> 1
Cycle -> 197, Recovered -> 0
Cycle -> 198, Recovered -> 0
Cycle -> 199, Recovered -> 0

Immuned Peers per cycle : 
Cycle -> 0, Immuned -> 2967
Cycle -> 1, Immuned -> 2851
Cycle -> 2, Immuned -> 2738
Cycle -> 3, Immuned -> 2519
Cycle -> 4, Immuned -> 2362
Cycle -> 5, Immuned -> 2186
Cycle -> 6, Immuned -> 2139
Cycle -> 7, Immuned -> 1855
Cycle -> 8, Immuned -> 1830
Cycle -> 9, Immuned -> 1674
Cycle -> 10, Immuned -> 1625
Cycle -> 11, Immuned -> 1459
Cycle -> 12, Immuned -> 1330
Cycle -> 13, Immuned -> 1285
Cycle -> 14, Immuned -> 1157
Cycle -> 15, Immuned -> 1066
Cycle -> 16, Immuned -> 1069
Cycle -> 17, Immuned -> 936
Cycle -> 18, Immuned -> 872
Cycle -> 19, Immuned -> 827
Cycle -> 20, Immuned -> 727
Cycle -> 21, Immuned -> 673
Cycle -> 22, Immuned -> 666
Cycle -> 23, Immuned -> 589
Cycle -> 24, Immuned -> 544
Cycle -> 25, Immuned -> 558
Cycle -> 26, Immuned -> 489
Cycle -> 27, Immuned -> 449
Cycle -> 28, Immuned -> 417
Cycle -> 29, Immuned -> 380
Cycle -> 30, Immuned -> 299
Cycle -> 31, Immuned -> 305
Cycle -> 32, Immuned -> 301
Cycle -> 33, Immuned -> 261
Cycle -> 34, Immuned -> 234
Cycle -> 35, Immuned -> 237
Cycle -> 36, Immuned -> 192
Cycle -> 37, Immuned -> 207
Cycle -> 38, Immuned -> 214
Cycle -> 39, Immuned -> 186
Cycle -> 40, Immuned -> 177
Cycle -> 41, Immuned -> 150
Cycle -> 42, Immuned -> 136
Cycle -> 43, Immuned -> 130
Cycle -> 44, Immuned -> 117
Cycle -> 45, Immuned -> 125
Cycle -> 46, Immuned -> 118
Cycle -> 47, Immuned -> 95
Cycle -> 48, Immuned -> 104
Cycle -> 49, Immuned -> 99
Cycle -> 50, Immuned -> 103
Cycle -> 51, Immuned -> 80
Cycle -> 52, Immuned -> 91
Cycle -> 53, Immuned -> 75
Cycle -> 54, Immuned -> 74
Cycle -> 55, Immuned -> 55
Cycle -> 56, Immuned -> 75
Cycle -> 57, Immuned -> 77
Cycle -> 58, Immuned -> 70
Cycle -> 59, Immuned -> 65
Cycle -> 60, Immuned -> 54
Cycle -> 61, Immuned -> 42
Cycle -> 62, Immuned -> 53
Cycle -> 63, Immuned -> 50
Cycle -> 64, Immuned -> 41
Cycle -> 65, Immuned -> 45
Cycle -> 66, Immuned -> 39
Cycle -> 67, Immuned -> 43
Cycle -> 68, Immuned -> 29
Cycle -> 69, Immuned -> 35
Cycle -> 70, Immuned -> 31
Cycle -> 71, Immuned -> 29
Cycle -> 72, Immuned -> 25
Cycle -> 73, Immuned -> 36
Cycle -> 74, Immuned -> 22
Cycle -> 75, Immuned -> 23
Cycle -> 76, Immuned -> 34
Cycle -> 77, Immuned -> 20
Cycle -> 78, Immuned -> 19
Cycle -> 79, Immuned -> 19
Cycle -> 80, Immuned -> 20
Cycle -> 81, Immuned -> 23
Cycle -> 82, Immuned -> 17
Cycle -> 83, Immuned -> 17
Cycle -> 84, Immuned -> 12
Cycle -> 85, Immuned -> 20
Cycle -> 86, Immuned -> 15
Cycle -> 87, Immuned -> 13
Cycle -> 88, Immuned -> 10
Cycle -> 89, Immuned -> 12
Cycle -> 90, Immuned -> 10
Cycle -> 91, Immuned -> 20
Cycle -> 92, Immuned -> 12
Cycle -> 93, Immuned -> 7
Cycle -> 94, Immuned -> 7
Cycle -> 95, Immuned -> 8
Cycle -> 96, Immuned -> 9
Cycle -> 97, Immuned -> 8
Cycle -> 98, Immuned -> 10
Cycle -> 99, Immuned -> 9
Cycle -> 100, Immuned -> 5
Cycle -> 101, Immuned -> 9
Cycle -> 102, Immuned -> 11
Cycle -> 103, Immuned -> 6
Cycle -> 104, Immuned -> 3
Cycle -> 105, Immuned -> 5
Cycle -> 106, Immuned -> 8
Cycle -> 107, Immuned -> 4
Cycle -> 108, Immuned -> 5
Cycle -> 109, Immuned -> 4
Cycle -> 110, Immuned -> 2
Cycle -> 111, Immuned -> 3
Cycle -> 112, Immuned -> 5
Cycle -> 113, Immuned -> 6
Cycle -> 114, Immuned -> 4
Cycle -> 115, Immuned -> 6
Cycle -> 116, Immuned -> 3
Cycle -> 117, Immuned -> 2
Cycle -> 118, Immuned -> 2
Cycle -> 119, Immuned -> 5
Cycle -> 120, Immuned -> 6
Cycle -> 121, Immuned -> 4
Cycle -> 122, Immuned -> 1
Cycle -> 123, Immuned -> 2
Cycle -> 124, Immuned -> 4
Cycle -> 125, Immuned -> 1
Cycle -> 126, Immuned -> 2
Cycle -> 127, Immuned -> 0
Cycle -> 128, Immuned -> 3
Cycle -> 129, Immuned -> 2
Cycle -> 130, Immuned -> 1
Cycle -> 131, Immuned -> 1
Cycle -> 132, Immuned -> 1
Cycle -> 133, Immuned -> 0
Cycle -> 134, Immuned -> 1
Cycle -> 135, Immuned -> 0
Cycle -> 136, Immuned -> 1
Cycle -> 137, Immuned -> 4
Cycle -> 138, Immuned -> 0
Cycle -> 139, Immuned -> 1
Cycle -> 140, Immuned -> 0
Cycle -> 141, Immuned -> 1
Cycle -> 142, Immuned -> 0
Cycle -> 143, Immuned -> 2
Cycle -> 144, Immuned -> 0
Cycle -> 145, Immuned -> 1
Cycle -> 146, Immuned -> 0
Cycle -> 147, Immuned -> 0
Cycle -> 148, Immuned -> 1
Cycle -> 149, Immuned -> 0
Cycle -> 150, Immuned -> 0
Cycle -> 151, Immuned -> 1
Cycle -> 152, Immuned -> 0
Cycle -> 153, Immuned -> 0
Cycle -> 154, Immuned -> 0
Cycle -> 155, Immuned -> 0
Cycle -> 156, Immuned -> 0
Cycle -> 157, Immuned -> 0
Cycle -> 158, Immuned -> 0
Cycle -> 159, Immuned -> 0
Cycle -> 160, Immuned -> 1
Cycle -> 161, Immuned -> 0
Cycle -> 162, Immuned -> 1
Cycle -> 163, Immuned -> 0
Cycle -> 164, Immuned -> 1
Cycle -> 165, Immuned -> 0
Cycle -> 166, Immuned -> 1
Cycle -> 167, Immuned -> 0
Cycle -> 168, Immuned -> 0
Cycle -> 169, Immuned -> 1
Cycle -> 170, Immuned -> 0
Cycle -> 171, Immuned -> 0
Cycle -> 172, Immuned -> 0
Cycle -> 173, Immuned -> 0
Cycle -> 174, Immuned -> 1
Cycle -> 175, Immuned -> 0
Cycle -> 176, Immuned -> 0
Cycle -> 177, Immuned -> 0
Cycle -> 178, Immuned -> 0
Cycle -> 179, Immuned -> 0
Cycle -> 180, Immuned -> 0
Cycle -> 181, Immuned -> 0
Cycle -> 182, Immuned -> 0
Cycle -> 183, Immuned -> 0
Cycle -> 184, Immuned -> 0
Cycle -> 185, Immuned -> 0
Cycle -> 186, Immuned -> 0
Cycle -> 187, Immuned -> 0
Cycle -> 188, Immuned -> 0
Cycle -> 189, Immuned -> 0
Cycle -> 190, Immuned -> 1
Cycle -> 191, Immuned -> 0
Cycle -> 192, Immuned -> 1
Cycle -> 193, Immuned -> 0
Cycle -> 194, Immuned -> 0
Cycle -> 195, Immuned -> 0
Cycle -> 196, Immuned -> 0
Cycle -> 197, Immuned -> 0
Cycle -> 198, Immuned -> 0
Cycle -> 199, Immuned -> 0

