Stats

Infected OS : IOS

Population with Android : 23156
Population with IOS : 36748
Population with OTHERS : 96

Peers spawned near hotspots : 42000
Peers spawned randomly : 18000

Infected Peers : 1
Recovered Peers : 19748
Immuned Peers : 40250

Infected Peers per cycle : 
Cycle -> 0, Infected -> 48
Cycle -> 1, Infected -> 144
Cycle -> 2, Infected -> 645
Cycle -> 3, Infected -> 2098
Cycle -> 4, Infected -> 1814
Cycle -> 5, Infected -> 1398
Cycle -> 6, Infected -> 1336
Cycle -> 7, Infected -> 1091
Cycle -> 8, Infected -> 1265
Cycle -> 9, Infected -> 1135
Cycle -> 10, Infected -> 534
Cycle -> 11, Infected -> 1044
Cycle -> 12, Infected -> 1581
Cycle -> 13, Infected -> 721
Cycle -> 14, Infected -> 591
Cycle -> 15, Infected -> 675
Cycle -> 16, Infected -> 494
Cycle -> 17, Infected -> 482
Cycle -> 18, Infected -> 437
Cycle -> 19, Infected -> 288
Cycle -> 20, Infected -> 211
Cycle -> 21, Infected -> 263
Cycle -> 22, Infected -> 282
Cycle -> 23, Infected -> 355
Cycle -> 24, Infected -> 255
Cycle -> 25, Infected -> 263
Cycle -> 26, Infected -> 136
Cycle -> 27, Infected -> 55
Cycle -> 28, Infected -> 25
Cycle -> 29, Infected -> 11
Cycle -> 30, Infected -> 16
Cycle -> 31, Infected -> 14
Cycle -> 32, Infected -> 9
Cycle -> 33, Infected -> 9
Cycle -> 34, Infected -> 4
Cycle -> 35, Infected -> 4
Cycle -> 36, Infected -> 2
Cycle -> 37, Infected -> 2
Cycle -> 38, Infected -> 0
Cycle -> 39, Infected -> 3
Cycle -> 40, Infected -> 2
Cycle -> 41, Infected -> 1
Cycle -> 42, Infected -> 1
Cycle -> 43, Infected -> 1
Cycle -> 44, Infected -> 0
Cycle -> 45, Infected -> 0
Cycle -> 46, Infected -> 0
Cycle -> 47, Infected -> 0
Cycle -> 48, Infected -> 1
Cycle -> 49, Infected -> 0
Cycle -> 50, Infected -> 0
Cycle -> 51, Infected -> 0
Cycle -> 52, Infected -> 0
Cycle -> 53, Infected -> 0
Cycle -> 54, Infected -> 0
Cycle -> 55, Infected -> 0
Cycle -> 56, Infected -> 0
Cycle -> 57, Infected -> 1
Cycle -> 58, Infected -> 0
Cycle -> 59, Infected -> 0
Cycle -> 60, Infected -> 0
Cycle -> 61, Infected -> 0
Cycle -> 62, Infected -> 0
Cycle -> 63, Infected -> 1
Cycle -> 64, Infected -> 0
Cycle -> 65, Infected -> 0
Cycle -> 66, Infected -> 0
Cycle -> 67, Infected -> 0
Cycle -> 68, Infected -> 0
Cycle -> 69, Infected -> 0
Cycle -> 70, Infected -> 0
Cycle -> 71, Infected -> 0
Cycle -> 72, Infected -> 0
Cycle -> 73, Infected -> 0
Cycle -> 74, Infected -> 0
Cycle -> 75, Infected -> 0
Cycle -> 76, Infected -> 0
Cycle -> 77, Infected -> 0
Cycle -> 78, Infected -> 0
Cycle -> 79, Infected -> 0
Cycle -> 80, Infected -> 0
Cycle -> 81, Infected -> 0
Cycle -> 82, Infected -> 0
Cycle -> 83, Infected -> 0
Cycle -> 84, Infected -> 0
Cycle -> 85, Infected -> 0
Cycle -> 86, Infected -> 0
Cycle -> 87, Infected -> 0
Cycle -> 88, Infected -> 0
Cycle -> 89, Infected -> 0
Cycle -> 90, Infected -> 0
Cycle -> 91, Infected -> 0
Cycle -> 92, Infected -> 0
Cycle -> 93, Infected -> 0
Cycle -> 94, Infected -> 0
Cycle -> 95, Infected -> 0
Cycle -> 96, Infected -> 0
Cycle -> 97, Infected -> 0
Cycle -> 98, Infected -> 0
Cycle -> 99, Infected -> 0
Cycle -> 100, Infected -> 0
Cycle -> 101, Infected -> 0
Cycle -> 102, Infected -> 0
Cycle -> 103, Infected -> 0
Cycle -> 104, Infected -> 0
Cycle -> 105, Infected -> 0
Cycle -> 106, Infected -> 0
Cycle -> 107, Infected -> 0
Cycle -> 108, Infected -> 0
Cycle -> 109, Infected -> 0
Cycle -> 110, Infected -> 0
Cycle -> 111, Infected -> 0
Cycle -> 112, Infected -> 0
Cycle -> 113, Infected -> 0
Cycle -> 114, Infected -> 0
Cycle -> 115, Infected -> 0
Cycle -> 116, Infected -> 0
Cycle -> 117, Infected -> 0
Cycle -> 118, Infected -> 0
Cycle -> 119, Infected -> 0
Cycle -> 120, Infected -> 0
Cycle -> 121, Infected -> 0
Cycle -> 122, Infected -> 0
Cycle -> 123, Infected -> 0
Cycle -> 124, Infected -> 0
Cycle -> 125, Infected -> 0
Cycle -> 126, Infected -> 0
Cycle -> 127, Infected -> 0
Cycle -> 128, Infected -> 0
Cycle -> 129, Infected -> 0
Cycle -> 130, Infected -> 0
Cycle -> 131, Infected -> 0
Cycle -> 132, Infected -> 0
Cycle -> 133, Infected -> 0
Cycle -> 134, Infected -> 0
Cycle -> 135, Infected -> 0
Cycle -> 136, Infected -> 0
Cycle -> 137, Infected -> 0
Cycle -> 138, Infected -> 0
Cycle -> 139, Infected -> 0
Cycle -> 140, Infected -> 0
Cycle -> 141, Infected -> 0
Cycle -> 142, Infected -> 0
Cycle -> 143, Infected -> 0
Cycle -> 144, Infected -> 0
Cycle -> 145, Infected -> 0
Cycle -> 146, Infected -> 0
Cycle -> 147, Infected -> 0
Cycle -> 148, Infected -> 0
Cycle -> 149, Infected -> 0
Cycle -> 150, Infected -> 0
Cycle -> 151, Infected -> 0
Cycle -> 152, Infected -> 0
Cycle -> 153, Infected -> 0
Cycle -> 154, Infected -> 0
Cycle -> 155, Infected -> 0
Cycle -> 156, Infected -> 0
Cycle -> 157, Infected -> 0
Cycle -> 158, Infected -> 0
Cycle -> 159, Infected -> 0
Cycle -> 160, Infected -> 0
Cycle -> 161, Infected -> 0
Cycle -> 162, Infected -> 0
Cycle -> 163, Infected -> 0
Cycle -> 164, Infected -> 0
Cycle -> 165, Infected -> 0
Cycle -> 166, Infected -> 0
Cycle -> 167, Infected -> 0
Cycle -> 168, Infected -> 0
Cycle -> 169, Infected -> 0
Cycle -> 170, Infected -> 0
Cycle -> 171, Infected -> 0
Cycle -> 172, Infected -> 0
Cycle -> 173, Infected -> 0
Cycle -> 174, Infected -> 0
Cycle -> 175, Infected -> 0
Cycle -> 176, Infected -> 0
Cycle -> 177, Infected -> 0
Cycle -> 178, Infected -> 0
Cycle -> 179, Infected -> 0
Cycle -> 180, Infected -> 0
Cycle -> 181, Infected -> 0
Cycle -> 182, Infected -> 0
Cycle -> 183, Infected -> 0
Cycle -> 184, Infected -> 0
Cycle -> 185, Infected -> 0
Cycle -> 186, Infected -> 0
Cycle -> 187, Infected -> 0
Cycle -> 188, Infected -> 0
Cycle -> 189, Infected -> 0
Cycle -> 190, Infected -> 0
Cycle -> 191, Infected -> 0
Cycle -> 192, Infected -> 0
Cycle -> 193, Infected -> 0
Cycle -> 194, Infected -> 0
Cycle -> 195, Infected -> 0
Cycle -> 196, Infected -> 0
Cycle -> 197, Infected -> 0
Cycle -> 198, Infected -> 0
Cycle -> 199, Infected -> 0

Recovered Peers per cycle : 
Cycle -> 0, Recovered -> 0
Cycle -> 1, Recovered -> 2
Cycle -> 2, Recovered -> 9
Cycle -> 3, Recovered -> 39
Cycle -> 4, Recovered -> 151
Cycle -> 5, Recovered -> 250
Cycle -> 6, Recovered -> 258
Cycle -> 7, Recovered -> 309
Cycle -> 8, Recovered -> 388
Cycle -> 9, Recovered -> 423
Cycle -> 10, Recovered -> 468
Cycle -> 11, Recovered -> 452
Cycle -> 12, Recovered -> 538
Cycle -> 13, Recovered -> 561
Cycle -> 14, Recovered -> 565
Cycle -> 15, Recovered -> 543
Cycle -> 16, Recovered -> 556
Cycle -> 17, Recovered -> 554
Cycle -> 18, Recovered -> 518
Cycle -> 19, Recovered -> 535
Cycle -> 20, Recovered -> 538
Cycle -> 21, Recovered -> 542
Cycle -> 22, Recovered -> 514
Cycle -> 23, Recovered -> 486
Cycle -> 24, Recovered -> 457
Cycle -> 25, Recovered -> 485
Cycle -> 26, Recovered -> 441
Cycle -> 27, Recovered -> 471
Cycle -> 28, Recovered -> 418
Cycle -> 29, Recovered -> 423
Cycle -> 30, Recovered -> 403
Cycle -> 31, Recovered -> 352
Cycle -> 32, Recovered -> 347
Cycle -> 33, Recovered -> 363
Cycle -> 34, Recovered -> 312
Cycle -> 35, Recovered -> 315
Cycle -> 36, Recovered -> 281
Cycle -> 37, Recovered -> 282
Cycle -> 38, Recovered -> 231
Cycle -> 39, Recovered -> 237
Cycle -> 40, Recovered -> 255
Cycle -> 41, Recovered -> 194
Cycle -> 42, Recovered -> 227
Cycle -> 43, Recovered -> 177
Cycle -> 44, Recovered -> 195
Cycle -> 45, Recovered -> 181
Cycle -> 46, Recovered -> 189
Cycle -> 47, Recovered -> 149
Cycle -> 48, Recovered -> 156
Cycle -> 49, Recovered -> 143
Cycle -> 50, Recovered -> 120
Cycle -> 51, Recovered -> 116
Cycle -> 52, Recovered -> 139
Cycle -> 53, Recovered -> 125
Cycle -> 54, Recovered -> 124
Cycle -> 55, Recovered -> 108
Cycle -> 56, Recovered -> 86
Cycle -> 57, Recovered -> 94
Cycle -> 58, Recovered -> 90
Cycle -> 59, Recovered -> 84
Cycle -> 60, Recovered -> 86
Cycle -> 61, Recovered -> 76
Cycle -> 62, Recovered -> 88
Cycle -> 63, Recovered -> 74
Cycle -> 64, Recovered -> 74
Cycle -> 65, Recovered -> 63
Cycle -> 66, Recovered -> 56
Cycle -> 67, Recovered -> 56
Cycle -> 68, Recovered -> 64
Cycle -> 69, Recovered -> 67
Cycle -> 70, Recovered -> 47
Cycle -> 71, Recovered -> 65
Cycle -> 72, Recovered -> 44
Cycle -> 73, Recovered -> 42
Cycle -> 74, Recovered -> 37
Cycle -> 75, Recovered -> 48
Cycle -> 76, Recovered -> 37
Cycle -> 77, Recovered -> 45
Cycle -> 78, Recovered -> 31
Cycle -> 79, Recovered -> 33
Cycle -> 80, Recovered -> 26
Cycle -> 81, Recovered -> 36
Cycle -> 82, Recovered -> 35
Cycle -> 83, Recovered -> 44
Cycle -> 84, Recovered -> 26
Cycle -> 85, Recovered -> 21
Cycle -> 86, Recovered -> 25
Cycle -> 87, Recovered -> 27
Cycle -> 88, Recovered -> 20
Cycle -> 89, Recovered -> 15
Cycle -> 90, Recovered -> 12
Cycle -> 91, Recovered -> 16
Cycle -> 92, Recovered -> 19
Cycle -> 93, Recovered -> 12
Cycle -> 94, Recovered -> 19
Cycle -> 95, Recovered -> 13
Cycle -> 96, Recovered -> 10
Cycle -> 97, Recovered -> 9
Cycle -> 98, Recovered -> 17
Cycle -> 99, Recovered -> 9
Cycle -> 100, Recovered -> 10
Cycle -> 101, Recovered -> 16
Cycle -> 102, Recovered -> 13
Cycle -> 103, Recovered -> 10
Cycle -> 104, Recovered -> 4
Cycle -> 105, Recovered -> 7
Cycle -> 106, Recovered -> 6
Cycle -> 107, Recovered -> 9
Cycle -> 108, Recovered -> 12
Cycle -> 109, Recovered -> 10
Cycle -> 110, Recovered -> 4
Cycle -> 111, Recovered -> 6
Cycle -> 112, Recovered -> 10
Cycle -> 113, Recovered -> 5
Cycle -> 114, Recovered -> 5
Cycle -> 115, Recovered -> 3
Cycle -> 116, Recovered -> 5
Cycle -> 117, Recovered -> 7
Cycle -> 118, Recovered -> 8
Cycle -> 119, Recovered -> 6
Cycle -> 120, Recovered -> 4
Cycle -> 121, Recovered -> 2
Cycle -> 122, Recovered -> 3
Cycle -> 123, Recovered -> 5
Cycle -> 124, Recovered -> 3
Cycle -> 125, Recovered -> 6
Cycle -> 126, Recovered -> 3
Cycle -> 127, Recovered -> 2
Cycle -> 128, Recovered -> 3
Cycle -> 129, Recovered -> 1
Cycle -> 130, Recovered -> 3
Cycle -> 131, Recovered -> 1
Cycle -> 132, Recovered -> 1
Cycle -> 133, Recovered -> 0
Cycle -> 134, Recovered -> 1
Cycle -> 135, Recovered -> 1
Cycle -> 136, Recovered -> 1
Cycle -> 137, Recovered -> 0
Cycle -> 138, Recovered -> 1
Cycle -> 139, Recovered -> 2
Cycle -> 140, Recovered -> 1
Cycle -> 141, Recovered -> 2
Cycle -> 142, Recovered -> 1
Cycle -> 143, Recovered -> 2
Cycle -> 144, Recovered -> 0
Cycle -> 145, Recovered -> 1
Cycle -> 146, Recovered -> 2
Cycle -> 147, Recovered -> 0
Cycle -> 148, Recovered -> 1
Cycle -> 149, Recovered -> 2
Cycle -> 150, Recovered -> 1
Cycle -> 151, Recovered -> 2
Cycle -> 152, Recovered -> 1
Cycle -> 153, Recovered -> 1
Cycle -> 154, Recovered -> 0
Cycle -> 155, Recovered -> 0
Cycle -> 156, Recovered -> 1
Cycle -> 157, Recovered -> 2
Cycle -> 158, Recovered -> 2
Cycle -> 159, Recovered -> 1
Cycle -> 160, Recovered -> 0
Cycle -> 161, Recovered -> 1
Cycle -> 162, Recovered -> 0
Cycle -> 163, Recovered -> 0
Cycle -> 164, Recovered -> 0
Cycle -> 165, Recovered -> 0
Cycle -> 166, Recovered -> 0
Cycle -> 167, Recovered -> 1
Cycle -> 168, Recovered -> 0
Cycle -> 169, Recovered -> 0
Cycle -> 170, Recovered -> 0
Cycle -> 171, Recovered -> 0
Cycle -> 172, Recovered -> 1
Cycle -> 173, Recovered -> 2
Cycle -> 174, Recovered -> 0
Cycle -> 175, Recovered -> 0
Cycle -> 176, Recovered -> 1
Cycle -> 177, Recovered -> 1
Cycle -> 178, Recovered -> 1
Cycle -> 179, Recovered -> 1
Cycle -> 180, Recovered -> 0
Cycle -> 181, Recovered -> 0
Cycle -> 182, Recovered -> 0
Cycle -> 183, Recovered -> 0
Cycle -> 184, Recovered -> 0
Cycle -> 185, Recovered -> 1
Cycle -> 186, Recovered -> 0
Cycle -> 187, Recovered -> 0
Cycle -> 188, Recovered -> 1
Cycle -> 189, Recovered -> 0
Cycle -> 190, Recovered -> 2
Cycle -> 191, Recovered -> 0
Cycle -> 192, Recovered -> 0
Cycle -> 193, Recovered -> 0
Cycle -> 194, Recovered -> 0
Cycle -> 195, Recovered -> 0
Cycle -> 196, Recovered -> 0
Cycle -> 197, Recovered -> 0
Cycle -> 198, Recovered -> 0
Cycle -> 199, Recovered -> 0

Immuned Peers per cycle : 
Cycle -> 0, Immuned -> 2965
Cycle -> 1, Immuned -> 2808
Cycle -> 2, Immuned -> 2599
Cycle -> 3, Immuned -> 2599
Cycle -> 4, Immuned -> 2275
Cycle -> 5, Immuned -> 2144
Cycle -> 6, Immuned -> 1937
Cycle -> 7, Immuned -> 1765
Cycle -> 8, Immuned -> 1655
Cycle -> 9, Immuned -> 1424
Cycle -> 10, Immuned -> 1360
Cycle -> 11, Immuned -> 1308
Cycle -> 12, Immuned -> 1151
Cycle -> 13, Immuned -> 1009
Cycle -> 14, Immuned -> 932
Cycle -> 15, Immuned -> 809
Cycle -> 16, Immuned -> 725
Cycle -> 17, Immuned -> 702
Cycle -> 18, Immuned -> 644
Cycle -> 19, Immuned -> 602
Cycle -> 20, Immuned -> 558
Cycle -> 21, Immuned -> 496
Cycle -> 22, Immuned -> 480
Cycle -> 23, Immuned -> 424
Cycle -> 24, Immuned -> 391
Cycle -> 25, Immuned -> 340
Cycle -> 26, Immuned -> 292
Cycle -> 27, Immuned -> 319
Cycle -> 28, Immuned -> 329
Cycle -> 29, Immuned -> 257
Cycle -> 30, Immuned -> 255
Cycle -> 31, Immuned -> 221
Cycle -> 32, Immuned -> 238
Cycle -> 33, Immuned -> 236
Cycle -> 34, Immuned -> 185
Cycle -> 35, Immuned -> 177
Cycle -> 36, Immuned -> 169
Cycle -> 37, Immuned -> 161
Cycle -> 38, Immuned -> 154
Cycle -> 39, Immuned -> 177
Cycle -> 40, Immuned -> 128
Cycle -> 41, Immuned -> 147
Cycle -> 42, Immuned -> 135
Cycle -> 43, Immuned -> 96
Cycle -> 44, Immuned -> 136
Cycle -> 45, Immuned -> 106
Cycle -> 46, Immuned -> 108
Cycle -> 47, Immuned -> 106
Cycle -> 48, Immuned -> 94
Cycle -> 49, Immuned -> 93
Cycle -> 50, Immuned -> 93
Cycle -> 51, Immuned -> 91
Cycle -> 52, Immuned -> 70
Cycle -> 53, Immuned -> 76
Cycle -> 54, Immuned -> 66
Cycle -> 55, Immuned -> 96
Cycle -> 56, Immuned -> 65
Cycle -> 57, Immuned -> 82
Cycle -> 58, Immuned -> 52
Cycle -> 59, Immuned -> 59
Cycle -> 60, Immuned -> 59
Cycle -> 61, Immuned -> 43
Cycle -> 62, Immuned -> 42
Cycle -> 63, Immuned -> 40
Cycle -> 64, Immuned -> 42
Cycle -> 65, Immuned -> 48
Cycle -> 66, Immuned -> 36
Cycle -> 67, Immuned -> 32
Cycle -> 68, Immuned -> 42
Cycle -> 69, Immuned -> 30
Cycle -> 70, Immuned -> 30
Cycle -> 71, Immuned -> 29
Cycle -> 72, Immuned -> 39
Cycle -> 73, Immuned -> 15
Cycle -> 74, Immuned -> 25
Cycle -> 75, Immuned -> 29
Cycle -> 76, Immuned -> 24
Cycle -> 77, Immuned -> 33
Cycle -> 78, Immuned -> 20
Cycle -> 79, Immuned -> 25
Cycle -> 80, Immuned -> 15
Cycle -> 81, Immuned -> 18
Cycle -> 82, Immuned -> 26
Cycle -> 83, Immuned -> 18
Cycle -> 84, Immuned -> 15
Cycle -> 85, Immuned -> 11
Cycle -> 86, Immuned -> 11
Cycle -> 87, Immuned -> 19
Cycle -> 88, Immuned -> 18
Cycle -> 89, Immuned -> 11
Cycle -> 90, Immuned -> 14
Cycle -> 91, Immuned -> 7
Cycle -> 92, Immuned -> 11
Cycle -> 93, Immuned -> 11
Cycle -> 94, Immuned -> 10
Cycle -> 95, Immuned -> 9
Cycle -> 96, Immuned -> 8
Cycle -> 97, Immuned -> 7
Cycle -> 98, Immuned -> 9
Cycle -> 99, Immuned -> 6
Cycle -> 100, Immuned -> 6
Cycle -> 101, Immuned -> 8
Cycle -> 102, Immuned -> 3
Cycle -> 103, Immuned -> 2
Cycle -> 104, Immuned -> 5
Cycle -> 105, Immuned -> 4
Cycle -> 106, Immuned -> 5
Cycle -> 107, Immuned -> 4
Cycle -> 108, Immuned -> 6
Cycle -> 109, Immuned -> 8
Cycle -> 110, Immuned -> 8
Cycle -> 111, Immuned -> 5
Cycle -> 112, Immuned -> 6
Cycle -> 113, Immuned -> 4
Cycle -> 114, Immuned -> 6
Cycle -> 115, Immuned -> 2
Cycle -> 116, Immuned -> 4
Cycle -> 117, Immuned -> 2
Cycle -> 118, Immuned -> 1
Cycle -> 119, Immuned -> 1
Cycle -> 120, Immuned -> 6
Cycle -> 121, Immuned -> 3
Cycle -> 122, Immuned -> 1
Cycle -> 123, Immuned -> 5
Cycle -> 124, Immuned -> 0
Cycle -> 125, Immuned -> 3
Cycle -> 126, Immuned -> 0
Cycle -> 127, Immuned -> 1
Cycle -> 128, Immuned -> 3
Cycle -> 129, Immuned -> 2
Cycle -> 130, Immuned -> 3
Cycle -> 131, Immuned -> 2
Cycle -> 132, Immuned -> 1
Cycle -> 133, Immuned -> 0
Cycle -> 134, Immuned -> 1
Cycle -> 135, Immuned -> 0
Cycle -> 136, Immuned -> 2
Cycle -> 137, Immuned -> 0
Cycle -> 138, Immuned -> 1
Cycle -> 139, Immuned -> 0
Cycle -> 140, Immuned -> 0
Cycle -> 141, Immuned -> 2
Cycle -> 142, Immuned -> 0
Cycle -> 143, Immuned -> 2
Cycle -> 144, Immuned -> 0
Cycle -> 145, Immuned -> 1
Cycle -> 146, Immuned -> 0
Cycle -> 147, Immuned -> 1
Cycle -> 148, Immuned -> 1
Cycle -> 149, Immuned -> 1
Cycle -> 150, Immuned -> 1
Cycle -> 151, Immuned -> 0
Cycle -> 152, Immuned -> 0
Cycle -> 153, Immuned -> 0
Cycle -> 154, Immuned -> 0
Cycle -> 155, Immuned -> 0
Cycle -> 156, Immuned -> 2
Cycle -> 157, Immuned -> 4
Cycle -> 158, Immuned -> 0
Cycle -> 159, Immuned -> 0
Cycle -> 160, Immuned -> 0
Cycle -> 161, Immuned -> 0
Cycle -> 162, Immuned -> 0
Cycle -> 163, Immuned -> 0
Cycle -> 164, Immuned -> 1
Cycle -> 165, Immuned -> 0
Cycle -> 166, Immuned -> 0
Cycle -> 167, Immuned -> 0
Cycle -> 168, Immuned -> 0
Cycle -> 169, Immuned -> 0
Cycle -> 170, Immuned -> 0
Cycle -> 171, Immuned -> 0
Cycle -> 172, Immuned -> 0
Cycle -> 173, Immuned -> 0
Cycle -> 174, Immuned -> 0
Cycle -> 175, Immuned -> 0
Cycle -> 176, Immuned -> 0
Cycle -> 177, Immuned -> 0
Cycle -> 178, Immuned -> 0
Cycle -> 179, Immuned -> 0
Cycle -> 180, Immuned -> 0
Cycle -> 181, Immuned -> 0
Cycle -> 182, Immuned -> 0
Cycle -> 183, Immuned -> 0
Cycle -> 184, Immuned -> 0
Cycle -> 185, Immuned -> 0
Cycle -> 186, Immuned -> 0
Cycle -> 187, Immuned -> 0
Cycle -> 188, Immuned -> 0
Cycle -> 189, Immuned -> 0
Cycle -> 190, Immuned -> 0
Cycle -> 191, Immuned -> 0
Cycle -> 192, Immuned -> 0
Cycle -> 193, Immuned -> 0
Cycle -> 194, Immuned -> 0
Cycle -> 195, Immuned -> 0
Cycle -> 196, Immuned -> 1
Cycle -> 197, Immuned -> 0
Cycle -> 198, Immuned -> 0
Cycle -> 199, Immuned -> 1

