Stats

Infected OS : ANDROID

Population with Android : 44906
Population with IOS : 62913
Population with OTHERS : 181

Peers spawned near hotspots : 75600
Peers spawned randomly : 32400

Infected Peers : 564
Recovered Peers : 19992
Immuned Peers : 88182

Infected Peers per cycle : 
159
1901
1828
1464
1489
1284
1184
1034
1124
1417
 1281
 782
 605
 562
 279
 311
 237
 233
 231
 267
 231
 228
 133
 146
 108
 92
 88
 55
 31
 48
 37
 32
 30
 32
 50
 38
 49
 32
 56
 139
 384
 223
 166
 58
 38
 24
 31
 95
 45
 11
 9
 8
 5
 19
 45
 20
 8
 11
 13
 10
 0
 0
 0
 1
 1
 0
 0
 1
 2
 0
 0
 0
 0
 0
 0
 0
 0
 0
 0
 0
 0
Cycle -> 81, Infected -> 0
Cycle -> 82, Infected -> 0
Cycle -> 83, Infected -> 0
Cycle -> 84, Infected -> 0
Cycle -> 85, Infected -> 0
Cycle -> 86, Infected -> 0
Cycle -> 87, Infected -> 0
Cycle -> 88, Infected -> 0
Cycle -> 89, Infected -> 0
Cycle -> 90, Infected -> 0
Cycle -> 91, Infected -> 0
Cycle -> 92, Infected -> 0
Cycle -> 93, Infected -> 0
Cycle -> 94, Infected -> 0
Cycle -> 95, Infected -> 0
Cycle -> 96, Infected -> 0
Cycle -> 97, Infected -> 0
Cycle -> 98, Infected -> 0
Cycle -> 99, Infected -> 0
Cycle -> 100, Infected -> 0
Cycle -> 101, Infected -> 0
Cycle -> 102, Infected -> 0
Cycle -> 103, Infected -> 0
Cycle -> 104, Infected -> 0
Cycle -> 105, Infected -> 0
Cycle -> 106, Infected -> 0
Cycle -> 107, Infected -> 0
Cycle -> 108, Infected -> 0
Cycle -> 109, Infected -> 0
Cycle -> 110, Infected -> 0
Cycle -> 111, Infected -> 0
Cycle -> 112, Infected -> 0
Cycle -> 113, Infected -> 0
Cycle -> 114, Infected -> 0
Cycle -> 115, Infected -> 0
Cycle -> 116, Infected -> 0
Cycle -> 117, Infected -> 0
Cycle -> 118, Infected -> 0
Cycle -> 119, Infected -> 0
Cycle -> 120, Infected -> 0
Cycle -> 121, Infected -> 0
Cycle -> 122, Infected -> 0
Cycle -> 123, Infected -> 0
Cycle -> 124, Infected -> 0
Cycle -> 125, Infected -> 0
Cycle -> 126, Infected -> 0
Cycle -> 127, Infected -> 0
Cycle -> 128, Infected -> 0
Cycle -> 129, Infected -> 0
Cycle -> 130, Infected -> 0
Cycle -> 131, Infected -> 0
Cycle -> 132, Infected -> 0
Cycle -> 133, Infected -> 0
Cycle -> 134, Infected -> 0
Cycle -> 135, Infected -> 0
Cycle -> 136, Infected -> 0
Cycle -> 137, Infected -> 0
Cycle -> 138, Infected -> 0
Cycle -> 139, Infected -> 0
Cycle -> 140, Infected -> 0
Cycle -> 141, Infected -> 0
Cycle -> 142, Infected -> 0
Cycle -> 143, Infected -> 0
Cycle -> 144, Infected -> 0
Cycle -> 145, Infected -> 0
Cycle -> 146, Infected -> 0
Cycle -> 147, Infected -> 0
Cycle -> 148, Infected -> 0
Cycle -> 149, Infected -> 0
Cycle -> 150, Infected -> 0
Cycle -> 151, Infected -> 0
Cycle -> 152, Infected -> 0
Cycle -> 153, Infected -> 0
Cycle -> 154, Infected -> 0
Cycle -> 155, Infected -> 0
Cycle -> 156, Infected -> 0
Cycle -> 157, Infected -> 0
Cycle -> 158, Infected -> 0
Cycle -> 159, Infected -> 0
Cycle -> 160, Infected -> 0
Cycle -> 161, Infected -> 0
Cycle -> 162, Infected -> 0
Cycle -> 163, Infected -> 0
Cycle -> 164, Infected -> 0
Cycle -> 165, Infected -> 0
Cycle -> 166, Infected -> 0
Cycle -> 167, Infected -> 0
Cycle -> 168, Infected -> 0
Cycle -> 169, Infected -> 0
Cycle -> 170, Infected -> 0
Cycle -> 171, Infected -> 0
Cycle -> 172, Infected -> 0
Cycle -> 173, Infected -> 0
Cycle -> 174, Infected -> 0
Cycle -> 175, Infected -> 0
Cycle -> 176, Infected -> 0
Cycle -> 177, Infected -> 0
Cycle -> 178, Infected -> 0
Cycle -> 179, Infected -> 0
Cycle -> 180, Infected -> 0
Cycle -> 181, Infected -> 0
Cycle -> 182, Infected -> 0
Cycle -> 183, Infected -> 0
Cycle -> 184, Infected -> 0
Cycle -> 185, Infected -> 0
Cycle -> 186, Infected -> 0
Cycle -> 187, Infected -> 0
Cycle -> 188, Infected -> 0
Cycle -> 189, Infected -> 0
Cycle -> 190, Infected -> 0
Cycle -> 191, Infected -> 0
Cycle -> 192, Infected -> 0
Cycle -> 193, Infected -> 0
Cycle -> 194, Infected -> 0
Cycle -> 195, Infected -> 0
Cycle -> 196, Infected -> 0
Cycle -> 197, Infected -> 0
Cycle -> 198, Infected -> 0
Cycle -> 199, Infected -> 0

Recovered Peers per cycle : 
0
10
125
265
305
326
399
438
506
494
520
530
580
534
512
512
501
506
468
462
491
466
406
432
380
394
375
369
344
359
316
319
303
234
240
249
264
233
205
209
213
198
247
218
225
189
193
177
196
177
174
141
137
133
140
124
110
135
120
85
103
100
95
93
78
82
77
68
73
66
62
49
59
59
47
38
50
33
44
41
38
43
33
38
39
34
33
30
30
19
17
19
21
22
24
19
14
11
13
15
 15
 11
 15
 7
 10
 8
 12
 9
 5
 5
 5
 6
 12
 8
 4
 10
 8
 5
 5
 3
 1
 5
 2
 1
 3
 3
 5
 3
 3
 2
 2
 2
 4
 4
 3
 1
ycle -> 136, Recovered -> 1
ycle -> 137, Recovered -> 1
ycle -> 138, Recovered -> 4
ycle -> 139, Recovered -> 2
ycle -> 140, Recovered -> 2
ycle -> 141, Recovered -> 1
ycle -> 142, Recovered -> 0
ycle -> 143, Recovered -> 1
ycle -> 144, Recovered -> 3
ycle -> 145, Recovered -> 0
Cycle -> 146, Recovered -> 2
Cycle -> 147, Recovered -> 1
Cycle -> 148, Recovered -> 0
Cycle -> 149, Recovered -> 0
Cycle -> 150, Recovered -> 1
Cycle -> 151, Recovered -> 2
Cycle -> 152, Recovered -> 1
Cycle -> 153, Recovered -> 5
Cycle -> 154, Recovered -> 0
Cycle -> 155, Recovered -> 1
Cycle -> 156, Recovered -> 0
Cycle -> 157, Recovered -> 0
Cycle -> 158, Recovered -> 0
Cycle -> 159, Recovered -> 0
Cycle -> 160, Recovered -> 2
Cycle -> 161, Recovered -> 1
Cycle -> 162, Recovered -> 0
Cycle -> 163, Recovered -> 1
Cycle -> 164, Recovered -> 0
Cycle -> 165, Recovered -> 1
Cycle -> 166, Recovered -> 0
Cycle -> 167, Recovered -> 0
Cycle -> 168, Recovered -> 1
Cycle -> 169, Recovered -> 2
Cycle -> 170, Recovered -> 0
Cycle -> 171, Recovered -> 0
Cycle -> 172, Recovered -> 0
Cycle -> 173, Recovered -> 1
Cycle -> 174, Recovered -> 0
Cycle -> 175, Recovered -> 0
Cycle -> 176, Recovered -> 0
Cycle -> 177, Recovered -> 0
Cycle -> 178, Recovered -> 0
Cycle -> 179, Recovered -> 1
Cycle -> 180, Recovered -> 0
Cycle -> 181, Recovered -> 0
Cycle -> 182, Recovered -> 1
Cycle -> 183, Recovered -> 0
Cycle -> 184, Recovered -> 1
Cycle -> 185, Recovered -> 0
Cycle -> 186, Recovered -> 0
Cycle -> 187, Recovered -> 1
Cycle -> 188, Recovered -> 0
Cycle -> 189, Recovered -> 0
Cycle -> 190, Recovered -> 0
Cycle -> 191, Recovered -> 0
Cycle -> 192, Recovered -> 0
Cycle -> 193, Recovered -> 0
Cycle -> 194, Recovered -> 1
Cycle -> 195, Recovered -> 1
Cycle -> 196, Recovered -> 0
Cycle -> 197, Recovered -> 0
Cycle -> 198, Recovered -> 0
Cycle -> 199, Recovered -> 0

Immuned Peers per cycle : 
Cycle -> 0, Immuned -> 5265
Cycle -> 1, Immuned -> 5141
Cycle -> 2, Immuned -> 4690
Cycle -> 3, Immuned -> 4436
Cycle -> 4, Immuned -> 4028
Cycle -> 5, Immuned -> 3843
Cycle -> 6, Immuned -> 3459
Cycle -> 7, Immuned -> 3260
Cycle -> 8, Immuned -> 3114
Cycle -> 9, Immuned -> 2979
Cycle -> 10, Immuned -> 2815
Cycle -> 11, Immuned -> 2585
Cycle -> 12, Immuned -> 2538
Cycle -> 13, Immuned -> 2314
Cycle -> 14, Immuned -> 2050
Cycle -> 15, Immuned -> 1945
Cycle -> 16, Immuned -> 1859
Cycle -> 17, Immuned -> 1798
Cycle -> 18, Immuned -> 1743
Cycle -> 19, Immuned -> 1553
Cycle -> 20, Immuned -> 1470
Cycle -> 21, Immuned -> 1449
Cycle -> 22, Immuned -> 1309
Cycle -> 23, Immuned -> 1237
Cycle -> 24, Immuned -> 1195
Cycle -> 25, Immuned -> 1139
Cycle -> 26, Immuned -> 1060
Cycle -> 27, Immuned -> 940
Cycle -> 28, Immuned -> 933
Cycle -> 29, Immuned -> 869
Cycle -> 30, Immuned -> 873
Cycle -> 31, Immuned -> 824
Cycle -> 32, Immuned -> 776
Cycle -> 33, Immuned -> 678
Cycle -> 34, Immuned -> 637
Cycle -> 35, Immuned -> 638
Cycle -> 36, Immuned -> 590
Cycle -> 37, Immuned -> 542
Cycle -> 38, Immuned -> 531
Cycle -> 39, Immuned -> 480
Cycle -> 40, Immuned -> 550
Cycle -> 41, Immuned -> 434
Cycle -> 42, Immuned -> 398
Cycle -> 43, Immuned -> 391
Cycle -> 44, Immuned -> 385
Cycle -> 45, Immuned -> 301
Cycle -> 46, Immuned -> 320
Cycle -> 47, Immuned -> 316
Cycle -> 48, Immuned -> 265
Cycle -> 49, Immuned -> 274
Cycle -> 50, Immuned -> 242
Cycle -> 51, Immuned -> 233
Cycle -> 52, Immuned -> 217
Cycle -> 53, Immuned -> 211
Cycle -> 54, Immuned -> 201
Cycle -> 55, Immuned -> 188
Cycle -> 56, Immuned -> 170
Cycle -> 57, Immuned -> 166
Cycle -> 58, Immuned -> 150
Cycle -> 59, Immuned -> 154
Cycle -> 60, Immuned -> 136
Cycle -> 61, Immuned -> 158
Cycle -> 62, Immuned -> 139
Cycle -> 63, Immuned -> 134
Cycle -> 64, Immuned -> 117
Cycle -> 65, Immuned -> 110
Cycle -> 66, Immuned -> 132
Cycle -> 67, Immuned -> 114
Cycle -> 68, Immuned -> 93
Cycle -> 69, Immuned -> 103
Cycle -> 70, Immuned -> 99
Cycle -> 71, Immuned -> 80
Cycle -> 72, Immuned -> 78
Cycle -> 73, Immuned -> 75
Cycle -> 74, Immuned -> 58
Cycle -> 75, Immuned -> 76
Cycle -> 76, Immuned -> 69
Cycle -> 77, Immuned -> 63
Cycle -> 78, Immuned -> 56
Cycle -> 79, Immuned -> 50
Cycle -> 80, Immuned -> 56
Cycle -> 81, Immuned -> 54
Cycle -> 82, Immuned -> 46
Cycle -> 83, Immuned -> 32
Cycle -> 84, Immuned -> 35
Cycle -> 85, Immuned -> 48
Cycle -> 86, Immuned -> 38
Cycle -> 87, Immuned -> 34
Cycle -> 88, Immuned -> 32
Cycle -> 89, Immuned -> 35
Cycle -> 90, Immuned -> 34
Cycle -> 91, Immuned -> 27
Cycle -> 92, Immuned -> 20
Cycle -> 93, Immuned -> 36
Cycle -> 94, Immuned -> 30
Cycle -> 95, Immuned -> 29
Cycle -> 96, Immuned -> 30
Cycle -> 97, Immuned -> 34
Cycle -> 98, Immuned -> 24
Cycle -> 99, Immuned -> 21
Cycle -> 100, Immuned -> 19
Cycle -> 101, Immuned -> 21
Cycle -> 102, Immuned -> 22
Cycle -> 103, Immuned -> 15
Cycle -> 104, Immuned -> 14
Cycle -> 105, Immuned -> 18
Cycle -> 106, Immuned -> 13
Cycle -> 107, Immuned -> 9
Cycle -> 108, Immuned -> 14
Cycle -> 109, Immuned -> 11
Cycle -> 110, Immuned -> 13
Cycle -> 111, Immuned -> 9
Cycle -> 112, Immuned -> 10
Cycle -> 113, Immuned -> 11
Cycle -> 114, Immuned -> 6
Cycle -> 115, Immuned -> 12
Cycle -> 116, Immuned -> 6
Cycle -> 117, Immuned -> 13
Cycle -> 118, Immuned -> 13
Cycle -> 119, Immuned -> 8
Cycle -> 120, Immuned -> 12
Cycle -> 121, Immuned -> 6
Cycle -> 122, Immuned -> 5
Cycle -> 123, Immuned -> 4
Cycle -> 124, Immuned -> 5
Cycle -> 125, Immuned -> 5
Cycle -> 126, Immuned -> 3
Cycle -> 127, Immuned -> 4
Cycle -> 128, Immuned -> 7
Cycle -> 129, Immuned -> 2
Cycle -> 130, Immuned -> 8
Cycle -> 131, Immuned -> 1
Cycle -> 132, Immuned -> 6
Cycle -> 133, Immuned -> 4
Cycle -> 134, Immuned -> 5
Cycle -> 135, Immuned -> 4
Cycle -> 136, Immuned -> 4
Cycle -> 137, Immuned -> 2
Cycle -> 138, Immuned -> 0
Cycle -> 139, Immuned -> 4
Cycle -> 140, Immuned -> 3
Cycle -> 141, Immuned -> 3
Cycle -> 142, Immuned -> 3
Cycle -> 143, Immuned -> 3
Cycle -> 144, Immuned -> 0
Cycle -> 145, Immuned -> 3
Cycle -> 146, Immuned -> 2
Cycle -> 147, Immuned -> 1
Cycle -> 148, Immuned -> 4
Cycle -> 149, Immuned -> 0
Cycle -> 150, Immuned -> 0
Cycle -> 151, Immuned -> 0
Cycle -> 152, Immuned -> 0
Cycle -> 153, Immuned -> 2
Cycle -> 154, Immuned -> 2
Cycle -> 155, Immuned -> 3
Cycle -> 156, Immuned -> 1
Cycle -> 157, Immuned -> 0
Cycle -> 158, Immuned -> 4
Cycle -> 159, Immuned -> 2
Cycle -> 160, Immuned -> 1
Cycle -> 161, Immuned -> 0
Cycle -> 162, Immuned -> 1
Cycle -> 163, Immuned -> 1
Cycle -> 164, Immuned -> 0
Cycle -> 165, Immuned -> 1
Cycle -> 166, Immuned -> 0
Cycle -> 167, Immuned -> 0
Cycle -> 168, Immuned -> 0
Cycle -> 169, Immuned -> 1
Cycle -> 170, Immuned -> 1
Cycle -> 171, Immuned -> 0
Cycle -> 172, Immuned -> 0
Cycle -> 173, Immuned -> 1
Cycle -> 174, Immuned -> 0
Cycle -> 175, Immuned -> 2
Cycle -> 176, Immuned -> 0
Cycle -> 177, Immuned -> 0
Cycle -> 178, Immuned -> 0
Cycle -> 179, Immuned -> 0
Cycle -> 180, Immuned -> 1
Cycle -> 181, Immuned -> 1
Cycle -> 182, Immuned -> 0
Cycle -> 183, Immuned -> 0
Cycle -> 184, Immuned -> 0
Cycle -> 185, Immuned -> 0
Cycle -> 186, Immuned -> 0
Cycle -> 187, Immuned -> 0
Cycle -> 188, Immuned -> 0
Cycle -> 189, Immuned -> 0
Cycle -> 190, Immuned -> 0
Cycle -> 191, Immuned -> 0
Cycle -> 192, Immuned -> 0
Cycle -> 193, Immuned -> 0
Cycle -> 194, Immuned -> 0
Cycle -> 195, Immuned -> 0
Cycle -> 196, Immuned -> 1
Cycle -> 197, Immuned -> 0
Cycle -> 198, Immuned -> 0
Cycle -> 199, Immuned -> 0

