Stats

Infected OS : IOS

Population with Android : 44872
Population with IOS : 62942
Population with OTHERS : 186

Peers spawned near hotspots : 75600
Peers spawned randomly : 32400

Infected Peers : 487
Recovered Peers : 18669
Immuned Peers : 89467

Infected Peers per cycle : 
236
1196
1463
1207
759
582
538
520
476
343
 541
 603
 673
 510
 578
 495
 568
 646
 896
 715
 431
 278
 193
 171
 146
 132
 100
 132
 173
 180
 203
 204
 267
 239
 225
 227
 244
 143
 88
 97
 106
 124
 141
 106
 90
 102
 111
 84
 141
 92
 87
 101
 113
 114
 90
 27
 21
 20
 8
 9
 9
 7
 6
 6
Cycle -> 64, Infected -> 3
Cycle -> 65, Infected -> 2
Cycle -> 66, Infected -> 1
Cycle -> 67, Infected -> 1
Cycle -> 68, Infected -> 3
Cycle -> 69, Infected -> 2
Cycle -> 70, Infected -> 0
Cycle -> 71, Infected -> 0
Cycle -> 72, Infected -> 1
Cycle -> 73, Infected -> 0
Cycle -> 74, Infected -> 2
Cycle -> 75, Infected -> 0
Cycle -> 76, Infected -> 1
Cycle -> 77, Infected -> 0
Cycle -> 78, Infected -> 1
Cycle -> 79, Infected -> 0
Cycle -> 80, Infected -> 1
Cycle -> 81, Infected -> 0
Cycle -> 82, Infected -> 1
Cycle -> 83, Infected -> 0
Cycle -> 84, Infected -> 1
Cycle -> 85, Infected -> 0
Cycle -> 86, Infected -> 1
Cycle -> 87, Infected -> 0
Cycle -> 88, Infected -> 0
Cycle -> 89, Infected -> 1
Cycle -> 90, Infected -> 0
Cycle -> 91, Infected -> 0
Cycle -> 92, Infected -> 0
Cycle -> 93, Infected -> 0
Cycle -> 94, Infected -> 0
Cycle -> 95, Infected -> 0
Cycle -> 96, Infected -> 0
Cycle -> 97, Infected -> 0
Cycle -> 98, Infected -> 0
Cycle -> 99, Infected -> 0
Cycle -> 100, Infected -> 0
Cycle -> 101, Infected -> 0
Cycle -> 102, Infected -> 0
Cycle -> 103, Infected -> 0
Cycle -> 104, Infected -> 0
Cycle -> 105, Infected -> 0
Cycle -> 106, Infected -> 0
Cycle -> 107, Infected -> 0
Cycle -> 108, Infected -> 0
Cycle -> 109, Infected -> 0
Cycle -> 110, Infected -> 0
Cycle -> 111, Infected -> 0
Cycle -> 112, Infected -> 0
Cycle -> 113, Infected -> 0
Cycle -> 114, Infected -> 0
Cycle -> 115, Infected -> 0
Cycle -> 116, Infected -> 0
Cycle -> 117, Infected -> 0
Cycle -> 118, Infected -> 0
Cycle -> 119, Infected -> 0
Cycle -> 120, Infected -> 0
Cycle -> 121, Infected -> 0
Cycle -> 122, Infected -> 0
Cycle -> 123, Infected -> 0
Cycle -> 124, Infected -> 0
Cycle -> 125, Infected -> 0
Cycle -> 126, Infected -> 0
Cycle -> 127, Infected -> 0
Cycle -> 128, Infected -> 0
Cycle -> 129, Infected -> 0
Cycle -> 130, Infected -> 0
Cycle -> 131, Infected -> 0
Cycle -> 132, Infected -> 0
Cycle -> 133, Infected -> 0
Cycle -> 134, Infected -> 0
Cycle -> 135, Infected -> 0
Cycle -> 136, Infected -> 0
Cycle -> 137, Infected -> 0
Cycle -> 138, Infected -> 0
Cycle -> 139, Infected -> 0
Cycle -> 140, Infected -> 0
Cycle -> 141, Infected -> 0
Cycle -> 142, Infected -> 0
Cycle -> 143, Infected -> 0
Cycle -> 144, Infected -> 0
Cycle -> 145, Infected -> 0
Cycle -> 146, Infected -> 0
Cycle -> 147, Infected -> 0
Cycle -> 148, Infected -> 0
Cycle -> 149, Infected -> 0
Cycle -> 150, Infected -> 0
Cycle -> 151, Infected -> 0
Cycle -> 152, Infected -> 0
Cycle -> 153, Infected -> 0
Cycle -> 154, Infected -> 0
Cycle -> 155, Infected -> 0
Cycle -> 156, Infected -> 0
Cycle -> 157, Infected -> 0
Cycle -> 158, Infected -> 0
Cycle -> 159, Infected -> 0
Cycle -> 160, Infected -> 0
Cycle -> 161, Infected -> 0
Cycle -> 162, Infected -> 0
Cycle -> 163, Infected -> 0
Cycle -> 164, Infected -> 0
Cycle -> 165, Infected -> 0
Cycle -> 166, Infected -> 0
Cycle -> 167, Infected -> 0
Cycle -> 168, Infected -> 0
Cycle -> 169, Infected -> 0
Cycle -> 170, Infected -> 0
Cycle -> 171, Infected -> 0
Cycle -> 172, Infected -> 0
Cycle -> 173, Infected -> 0
Cycle -> 174, Infected -> 0
Cycle -> 175, Infected -> 0
Cycle -> 176, Infected -> 0
Cycle -> 177, Infected -> 0
Cycle -> 178, Infected -> 0
Cycle -> 179, Infected -> 0
Cycle -> 180, Infected -> 0
Cycle -> 181, Infected -> 0
Cycle -> 182, Infected -> 0
Cycle -> 183, Infected -> 0
Cycle -> 184, Infected -> 0
Cycle -> 185, Infected -> 0
Cycle -> 186, Infected -> 0
Cycle -> 187, Infected -> 0
Cycle -> 188, Infected -> 0
Cycle -> 189, Infected -> 0
Cycle -> 190, Infected -> 0
Cycle -> 191, Infected -> 0
Cycle -> 192, Infected -> 0
Cycle -> 193, Infected -> 0
Cycle -> 194, Infected -> 0
Cycle -> 195, Infected -> 0
Cycle -> 196, Infected -> 0
Cycle -> 197, Infected -> 0
Cycle -> 198, Infected -> 0
Cycle -> 199, Infected -> 0

Recovered Peers per cycle : 
0
77
87
136
168
260
263
287
298
312
306
303
283
342
304
275
326
369
360
373
366
366
401
396
375
357
333
361
323
332
328
309
297
316
296
294
295
304
308
248
272
222
254
244
254
227
228
233
206
206
208
186
169
197
182
191
172
129
170
150
138
147
131
125
115
118
101
106
92
86
84
68
82
72
72
78
74
45
65
55
45
42
54
42
40
34
37
29
30
34
23
30
23
34
28
29
17
20
26
21
 16
 18
 11
 12
 18
 14
 15
 16
 10
 10
 13
 9
 14
 5
 7
 10
 7
 14
 6
 9
 10
 10
 6
 2
 2
 3
 2
 6
 2
 2
 5
ycle -> 131, Recovered -> 1
ycle -> 132, Recovered -> 2
ycle -> 133, Recovered -> 1
ycle -> 134, Recovered -> 2
ycle -> 135, Recovered -> 3
ycle -> 136, Recovered -> 2
ycle -> 137, Recovered -> 4
ycle -> 138, Recovered -> 1
ycle -> 139, Recovered -> 2
ycle -> 140, Recovered -> 4
Cycle -> 141, Recovered -> 3
Cycle -> 142, Recovered -> 1
Cycle -> 143, Recovered -> 2
Cycle -> 144, Recovered -> 1
Cycle -> 145, Recovered -> 2
Cycle -> 146, Recovered -> 0
Cycle -> 147, Recovered -> 5
Cycle -> 148, Recovered -> 1
Cycle -> 149, Recovered -> 0
Cycle -> 150, Recovered -> 2
Cycle -> 151, Recovered -> 1
Cycle -> 152, Recovered -> 1
Cycle -> 153, Recovered -> 1
Cycle -> 154, Recovered -> 0
Cycle -> 155, Recovered -> 1
Cycle -> 156, Recovered -> 2
Cycle -> 157, Recovered -> 1
Cycle -> 158, Recovered -> 0
Cycle -> 159, Recovered -> 0
Cycle -> 160, Recovered -> 1
Cycle -> 161, Recovered -> 1
Cycle -> 162, Recovered -> 0
Cycle -> 163, Recovered -> 0
Cycle -> 164, Recovered -> 2
Cycle -> 165, Recovered -> 0
Cycle -> 166, Recovered -> 0
Cycle -> 167, Recovered -> 0
Cycle -> 168, Recovered -> 0
Cycle -> 169, Recovered -> 0
Cycle -> 170, Recovered -> 0
Cycle -> 171, Recovered -> 0
Cycle -> 172, Recovered -> 0
Cycle -> 173, Recovered -> 0
Cycle -> 174, Recovered -> 0
Cycle -> 175, Recovered -> 1
Cycle -> 176, Recovered -> 0
Cycle -> 177, Recovered -> 1
Cycle -> 178, Recovered -> 0
Cycle -> 179, Recovered -> 0
Cycle -> 180, Recovered -> 0
Cycle -> 181, Recovered -> 1
Cycle -> 182, Recovered -> 0
Cycle -> 183, Recovered -> 1
Cycle -> 184, Recovered -> 1
Cycle -> 185, Recovered -> 0
Cycle -> 186, Recovered -> 0
Cycle -> 187, Recovered -> 0
Cycle -> 188, Recovered -> 1
Cycle -> 189, Recovered -> 0
Cycle -> 190, Recovered -> 2
Cycle -> 191, Recovered -> 0
Cycle -> 192, Recovered -> 0
Cycle -> 193, Recovered -> 0
Cycle -> 194, Recovered -> 0
Cycle -> 195, Recovered -> 0
Cycle -> 196, Recovered -> 0
Cycle -> 197, Recovered -> 0
Cycle -> 198, Recovered -> 0
Cycle -> 199, Recovered -> 1

Immuned Peers per cycle : 
Cycle -> 0, Immuned -> 5434
Cycle -> 1, Immuned -> 4892
Cycle -> 2, Immuned -> 4801
Cycle -> 3, Immuned -> 4434
Cycle -> 4, Immuned -> 4240
Cycle -> 5, Immuned -> 3863
Cycle -> 6, Immuned -> 3586
Cycle -> 7, Immuned -> 3480
Cycle -> 8, Immuned -> 3286
Cycle -> 9, Immuned -> 3009
Cycle -> 10, Immuned -> 3078
Cycle -> 11, Immuned -> 2973
Cycle -> 12, Immuned -> 2655
Cycle -> 13, Immuned -> 2424
Cycle -> 14, Immuned -> 2359
Cycle -> 15, Immuned -> 2180
Cycle -> 16, Immuned -> 2078
Cycle -> 17, Immuned -> 1902
Cycle -> 18, Immuned -> 1790
Cycle -> 19, Immuned -> 1645
Cycle -> 20, Immuned -> 1544
Cycle -> 21, Immuned -> 1524
Cycle -> 22, Immuned -> 1425
Cycle -> 23, Immuned -> 1295
Cycle -> 24, Immuned -> 1218
Cycle -> 25, Immuned -> 1208
Cycle -> 26, Immuned -> 1030
Cycle -> 27, Immuned -> 1073
Cycle -> 28, Immuned -> 926
Cycle -> 29, Immuned -> 862
Cycle -> 30, Immuned -> 853
Cycle -> 31, Immuned -> 753
Cycle -> 32, Immuned -> 736
Cycle -> 33, Immuned -> 692
Cycle -> 34, Immuned -> 651
Cycle -> 35, Immuned -> 611
Cycle -> 36, Immuned -> 575
Cycle -> 37, Immuned -> 492
Cycle -> 38, Immuned -> 451
Cycle -> 39, Immuned -> 422
Cycle -> 40, Immuned -> 456
Cycle -> 41, Immuned -> 421
Cycle -> 42, Immuned -> 396
Cycle -> 43, Immuned -> 363
Cycle -> 44, Immuned -> 330
Cycle -> 45, Immuned -> 307
Cycle -> 46, Immuned -> 286
Cycle -> 47, Immuned -> 235
Cycle -> 48, Immuned -> 229
Cycle -> 49, Immuned -> 226
Cycle -> 50, Immuned -> 203
Cycle -> 51, Immuned -> 218
Cycle -> 52, Immuned -> 182
Cycle -> 53, Immuned -> 200
Cycle -> 54, Immuned -> 150
Cycle -> 55, Immuned -> 140
Cycle -> 56, Immuned -> 143
Cycle -> 57, Immuned -> 132
Cycle -> 58, Immuned -> 133
Cycle -> 59, Immuned -> 127
Cycle -> 60, Immuned -> 137
Cycle -> 61, Immuned -> 115
Cycle -> 62, Immuned -> 111
Cycle -> 63, Immuned -> 96
Cycle -> 64, Immuned -> 91
Cycle -> 65, Immuned -> 91
Cycle -> 66, Immuned -> 69
Cycle -> 67, Immuned -> 73
Cycle -> 68, Immuned -> 71
Cycle -> 69, Immuned -> 59
Cycle -> 70, Immuned -> 62
Cycle -> 71, Immuned -> 67
Cycle -> 72, Immuned -> 42
Cycle -> 73, Immuned -> 60
Cycle -> 74, Immuned -> 51
Cycle -> 75, Immuned -> 45
Cycle -> 76, Immuned -> 43
Cycle -> 77, Immuned -> 47
Cycle -> 78, Immuned -> 38
Cycle -> 79, Immuned -> 39
Cycle -> 80, Immuned -> 40
Cycle -> 81, Immuned -> 35
Cycle -> 82, Immuned -> 32
Cycle -> 83, Immuned -> 37
Cycle -> 84, Immuned -> 33
Cycle -> 85, Immuned -> 32
Cycle -> 86, Immuned -> 23
Cycle -> 87, Immuned -> 34
Cycle -> 88, Immuned -> 26
Cycle -> 89, Immuned -> 22
Cycle -> 90, Immuned -> 15
Cycle -> 91, Immuned -> 23
Cycle -> 92, Immuned -> 16
Cycle -> 93, Immuned -> 16
Cycle -> 94, Immuned -> 8
Cycle -> 95, Immuned -> 15
Cycle -> 96, Immuned -> 15
Cycle -> 97, Immuned -> 16
Cycle -> 98, Immuned -> 12
Cycle -> 99, Immuned -> 10
Cycle -> 100, Immuned -> 8
Cycle -> 101, Immuned -> 10
Cycle -> 102, Immuned -> 18
Cycle -> 103, Immuned -> 15
Cycle -> 104, Immuned -> 11
Cycle -> 105, Immuned -> 15
Cycle -> 106, Immuned -> 9
Cycle -> 107, Immuned -> 7
Cycle -> 108, Immuned -> 10
Cycle -> 109, Immuned -> 15
Cycle -> 110, Immuned -> 5
Cycle -> 111, Immuned -> 6
Cycle -> 112, Immuned -> 12
Cycle -> 113, Immuned -> 11
Cycle -> 114, Immuned -> 8
Cycle -> 115, Immuned -> 6
Cycle -> 116, Immuned -> 7
Cycle -> 117, Immuned -> 4
Cycle -> 118, Immuned -> 7
Cycle -> 119, Immuned -> 5
Cycle -> 120, Immuned -> 9
Cycle -> 121, Immuned -> 1
Cycle -> 122, Immuned -> 5
Cycle -> 123, Immuned -> 4
Cycle -> 124, Immuned -> 4
Cycle -> 125, Immuned -> 9
Cycle -> 126, Immuned -> 5
Cycle -> 127, Immuned -> 3
Cycle -> 128, Immuned -> 1
Cycle -> 129, Immuned -> 3
Cycle -> 130, Immuned -> 2
Cycle -> 131, Immuned -> 2
Cycle -> 132, Immuned -> 3
Cycle -> 133, Immuned -> 2
Cycle -> 134, Immuned -> 1
Cycle -> 135, Immuned -> 0
Cycle -> 136, Immuned -> 0
Cycle -> 137, Immuned -> 1
Cycle -> 138, Immuned -> 3
Cycle -> 139, Immuned -> 1
Cycle -> 140, Immuned -> 0
Cycle -> 141, Immuned -> 2
Cycle -> 142, Immuned -> 0
Cycle -> 143, Immuned -> 0
Cycle -> 144, Immuned -> 0
Cycle -> 145, Immuned -> 3
Cycle -> 146, Immuned -> 0
Cycle -> 147, Immuned -> 0
Cycle -> 148, Immuned -> 0
Cycle -> 149, Immuned -> 0
Cycle -> 150, Immuned -> 1
Cycle -> 151, Immuned -> 1
Cycle -> 152, Immuned -> 1
Cycle -> 153, Immuned -> 1
Cycle -> 154, Immuned -> 1
Cycle -> 155, Immuned -> 1
Cycle -> 156, Immuned -> 3
Cycle -> 157, Immuned -> 0
Cycle -> 158, Immuned -> 1
Cycle -> 159, Immuned -> 1
Cycle -> 160, Immuned -> 0
Cycle -> 161, Immuned -> 0
Cycle -> 162, Immuned -> 0
Cycle -> 163, Immuned -> 0
Cycle -> 164, Immuned -> 1
Cycle -> 165, Immuned -> 2
Cycle -> 166, Immuned -> 0
Cycle -> 167, Immuned -> 1
Cycle -> 168, Immuned -> 0
Cycle -> 169, Immuned -> 1
Cycle -> 170, Immuned -> 0
Cycle -> 171, Immuned -> 2
Cycle -> 172, Immuned -> 0
Cycle -> 173, Immuned -> 0
Cycle -> 174, Immuned -> 0
Cycle -> 175, Immuned -> 0
Cycle -> 176, Immuned -> 0
Cycle -> 177, Immuned -> 0
Cycle -> 178, Immuned -> 0
Cycle -> 179, Immuned -> 1
Cycle -> 180, Immuned -> 0
Cycle -> 181, Immuned -> 0
Cycle -> 182, Immuned -> 0
Cycle -> 183, Immuned -> 0
Cycle -> 184, Immuned -> 0
Cycle -> 185, Immuned -> 0
Cycle -> 186, Immuned -> 0
Cycle -> 187, Immuned -> 0
Cycle -> 188, Immuned -> 0
Cycle -> 189, Immuned -> 0
Cycle -> 190, Immuned -> 0
Cycle -> 191, Immuned -> 0
Cycle -> 192, Immuned -> 1
Cycle -> 193, Immuned -> 0
Cycle -> 194, Immuned -> 0
Cycle -> 195, Immuned -> 0
Cycle -> 196, Immuned -> 0
Cycle -> 197, Immuned -> 0
Cycle -> 198, Immuned -> 0
Cycle -> 199, Immuned -> 0

