Stats

Infected OS : ANDROID

Population with Android : 51348
Population with IOS : 8474
Population with OTHERS : 178

Peers spawned near hotspots : 42000
Peers spawned randomly : 18000

Infected Peers : 1
Recovered Peers : 27584
Immuned Peers : 32414

Infected Peers per cycle : 
262
1298
1178
1704
1424
1768
1439
1685
1402
1847
 1224
 970
 1050
 969
 1087
 1764
 2005
 1131
 799
 491
 395
 446
 354
 303
 343
 185
 34
 21
 6
 0
 0
 0
 0
 0
 0
 0
 0
 0
 0
 0
 0
 0
 0
 0
 0
 0
 0
 0
 0
 0
 0
 0
 0
 0
 0
 0
 0
 0
 0
 0
 0
 0
 0
 0
 0
 0
Cycle -> 66, Infected -> 0
Cycle -> 67, Infected -> 0
Cycle -> 68, Infected -> 0
Cycle -> 69, Infected -> 0
Cycle -> 70, Infected -> 0
Cycle -> 71, Infected -> 0
Cycle -> 72, Infected -> 0
Cycle -> 73, Infected -> 0
Cycle -> 74, Infected -> 0
Cycle -> 75, Infected -> 0
Cycle -> 76, Infected -> 0
Cycle -> 77, Infected -> 0
Cycle -> 78, Infected -> 0
Cycle -> 79, Infected -> 0
Cycle -> 80, Infected -> 0
Cycle -> 81, Infected -> 0
Cycle -> 82, Infected -> 0
Cycle -> 83, Infected -> 0
Cycle -> 84, Infected -> 0
Cycle -> 85, Infected -> 0
Cycle -> 86, Infected -> 0
Cycle -> 87, Infected -> 0
Cycle -> 88, Infected -> 0
Cycle -> 89, Infected -> 0
Cycle -> 90, Infected -> 0
Cycle -> 91, Infected -> 0
Cycle -> 92, Infected -> 0
Cycle -> 93, Infected -> 0
Cycle -> 94, Infected -> 0
Cycle -> 95, Infected -> 0
Cycle -> 96, Infected -> 0
Cycle -> 97, Infected -> 0
Cycle -> 98, Infected -> 0
Cycle -> 99, Infected -> 0
Cycle -> 100, Infected -> 0
Cycle -> 101, Infected -> 0
Cycle -> 102, Infected -> 0
Cycle -> 103, Infected -> 0
Cycle -> 104, Infected -> 0
Cycle -> 105, Infected -> 0
Cycle -> 106, Infected -> 0
Cycle -> 107, Infected -> 0
Cycle -> 108, Infected -> 0
Cycle -> 109, Infected -> 0
Cycle -> 110, Infected -> 0
Cycle -> 111, Infected -> 0
Cycle -> 112, Infected -> 0
Cycle -> 113, Infected -> 0
Cycle -> 114, Infected -> 0
Cycle -> 115, Infected -> 0
Cycle -> 116, Infected -> 0
Cycle -> 117, Infected -> 0
Cycle -> 118, Infected -> 0
Cycle -> 119, Infected -> 0
Cycle -> 120, Infected -> 0
Cycle -> 121, Infected -> 0
Cycle -> 122, Infected -> 0
Cycle -> 123, Infected -> 0
Cycle -> 124, Infected -> 0
Cycle -> 125, Infected -> 0
Cycle -> 126, Infected -> 0
Cycle -> 127, Infected -> 0
Cycle -> 128, Infected -> 0
Cycle -> 129, Infected -> 0
Cycle -> 130, Infected -> 0
Cycle -> 131, Infected -> 0
Cycle -> 132, Infected -> 0
Cycle -> 133, Infected -> 0
Cycle -> 134, Infected -> 0
Cycle -> 135, Infected -> 0
Cycle -> 136, Infected -> 0
Cycle -> 137, Infected -> 0
Cycle -> 138, Infected -> 0
Cycle -> 139, Infected -> 0
Cycle -> 140, Infected -> 0
Cycle -> 141, Infected -> 0
Cycle -> 142, Infected -> 0
Cycle -> 143, Infected -> 0
Cycle -> 144, Infected -> 0
Cycle -> 145, Infected -> 0
Cycle -> 146, Infected -> 0
Cycle -> 147, Infected -> 0
Cycle -> 148, Infected -> 0
Cycle -> 149, Infected -> 0
Cycle -> 150, Infected -> 0
Cycle -> 151, Infected -> 0
Cycle -> 152, Infected -> 0
Cycle -> 153, Infected -> 0
Cycle -> 154, Infected -> 0
Cycle -> 155, Infected -> 0
Cycle -> 156, Infected -> 0
Cycle -> 157, Infected -> 0
Cycle -> 158, Infected -> 0
Cycle -> 159, Infected -> 0
Cycle -> 160, Infected -> 0
Cycle -> 161, Infected -> 0
Cycle -> 162, Infected -> 0
Cycle -> 163, Infected -> 0
Cycle -> 164, Infected -> 0
Cycle -> 165, Infected -> 0
Cycle -> 166, Infected -> 0
Cycle -> 167, Infected -> 0
Cycle -> 168, Infected -> 0
Cycle -> 169, Infected -> 0
Cycle -> 170, Infected -> 0
Cycle -> 171, Infected -> 0
Cycle -> 172, Infected -> 0
Cycle -> 173, Infected -> 0
Cycle -> 174, Infected -> 0
Cycle -> 175, Infected -> 0
Cycle -> 176, Infected -> 0
Cycle -> 177, Infected -> 0
Cycle -> 178, Infected -> 0
Cycle -> 179, Infected -> 0
Cycle -> 180, Infected -> 0
Cycle -> 181, Infected -> 0
Cycle -> 182, Infected -> 0
Cycle -> 183, Infected -> 0
Cycle -> 184, Infected -> 0
Cycle -> 185, Infected -> 0
Cycle -> 186, Infected -> 0
Cycle -> 187, Infected -> 0
Cycle -> 188, Infected -> 0
Cycle -> 189, Infected -> 0
Cycle -> 190, Infected -> 0
Cycle -> 191, Infected -> 0
Cycle -> 192, Infected -> 0
Cycle -> 193, Infected -> 0
Cycle -> 194, Infected -> 0
Cycle -> 195, Infected -> 0
Cycle -> 196, Infected -> 0
Cycle -> 197, Infected -> 0
Cycle -> 198, Infected -> 0
Cycle -> 199, Infected -> 0

Recovered Peers per cycle : 
0
10
68
149
206
289
385
390
453
514
 569
 596
 587
 696
 680
 716
 706
 835
 812
 836
 816
 771
 755
 695
 730
 727
 661
 632
 601
 588
 540
 550
 484
 455
 412
 449
 468
 399
 367
 362
 316
 314
 262
 277
 254
 247
 258
 240
 235
 169
 203
 200
 174
 143
 144
 172
 149
 156
 135
 138
 145
 123
 96
 104
 94
 109
 83
 82
 81
 78
 71
 75
 81
 55
 58
 62
 51
 57
 44
 43
 36
 40
 39
 33
 38
 34
 31
 27
 25
 19
 28
29
14
22
28
13
24
17
19
11
 14
 14
 10
 19
 14
 9
 14
 10
 6
 16
 14
 7
 8
 7
 10
 7
 7
 8
 4
 8
 8
 7
 5
 2
 9
 6
 6
 10
 7
 3
 1
 2
 3
 5
 3
 4
 3
 2
ycle -> 138, Recovered -> 1
ycle -> 139, Recovered -> 2
ycle -> 140, Recovered -> 3
ycle -> 141, Recovered -> 2
ycle -> 142, Recovered -> 0
ycle -> 143, Recovered -> 0
ycle -> 144, Recovered -> 1
ycle -> 145, Recovered -> 1
ycle -> 146, Recovered -> 0
ycle -> 147, Recovered -> 0
ycle -> 148, Recovered -> 2
ycle -> 149, Recovered -> 2
ycle -> 150, Recovered -> 1
ycle -> 151, Recovered -> 0
ycle -> 152, Recovered -> 0
ycle -> 153, Recovered -> 1
ycle -> 154, Recovered -> 0
ycle -> 155, Recovered -> 0
ycle -> 156, Recovered -> 2
ycle -> 157, Recovered -> 0
ycle -> 158, Recovered -> 0
ycle -> 159, Recovered -> 1
ycle -> 160, Recovered -> 1
ycle -> 161, Recovered -> 0
ycle -> 162, Recovered -> 1
ycle -> 163, Recovered -> 0
ycle -> 164, Recovered -> 1
ycle -> 165, Recovered -> 0
ycle -> 166, Recovered -> 0
ycle -> 167, Recovered -> 1
ycle -> 168, Recovered -> 0
ycle -> 169, Recovered -> 0
ycle -> 170, Recovered -> 1
ycle -> 171, Recovered -> 0
ycle -> 172, Recovered -> 0
ycle -> 173, Recovered -> 0
ycle -> 174, Recovered -> 0
ycle -> 175, Recovered -> 0
ycle -> 176, Recovered -> 0
ycle -> 177, Recovered -> 1
ycle -> 178, Recovered -> 0
ycle -> 179, Recovered -> 1
ycle -> 180, Recovered -> 1
ycle -> 181, Recovered -> 0
ycle -> 182, Recovered -> 0
ycle -> 183, Recovered -> 0
ycle -> 184, Recovered -> 0
ycle -> 185, Recovered -> 0
ycle -> 186, Recovered -> 1
ycle -> 187, Recovered -> 0
ycle -> 188, Recovered -> 0
ycle -> 189, Recovered -> 0
ycle -> 190, Recovered -> 0
ycle -> 191, Recovered -> 0
ycle -> 192, Recovered -> 0
ycle -> 193, Recovered -> 0
ycle -> 194, Recovered -> 0
ycle -> 195, Recovered -> 0
ycle -> 196, Recovered -> 0
ycle -> 197, Recovered -> 0
ycle -> 198, Recovered -> 0
ycle -> 199, Recovered -> 0
mmuned Peers per cycle : 
ycle -> 0, Immuned -> 3052
ycle -> 1, Immuned -> 2806
ycle -> 2, Immuned -> 2622
ycle -> 3, Immuned -> 2343
ycle -> 4, Immuned -> 2223
ycle -> 5, Immuned -> 2086
ycle -> 6, Immuned -> 1842
ycle -> 7, Immuned -> 1690
ycle -> 8, Immuned -> 1511
ycle -> 9, Immuned -> 1413
ycle -> 10, Immuned -> 1228
ycle -> 11, Immuned -> 1051
ycle -> 12, Immuned -> 996
ycle -> 13, Immuned -> 836
ycle -> 14, Immuned -> 820
ycle -> 15, Immuned -> 710
ycle -> 16, Immuned -> 564
ycle -> 17, Immuned -> 452
ycle -> 18, Immuned -> 388
ycle -> 19, Immuned -> 340
ycle -> 20, Immuned -> 257
ycle -> 21, Immuned -> 261
ycle -> 22, Immuned -> 213
ycle -> 23, Immuned -> 170
ycle -> 24, Immuned -> 165
ycle -> 25, Immuned -> 130
ycle -> 26, Immuned -> 121
Cycle -> 27, Immuned -> 105
Cycle -> 28, Immuned -> 111
Cycle -> 29, Immuned -> 102
Cycle -> 30, Immuned -> 99
Cycle -> 31, Immuned -> 95
Cycle -> 32, Immuned -> 72
Cycle -> 33, Immuned -> 75
Cycle -> 34, Immuned -> 73
Cycle -> 35, Immuned -> 62
Cycle -> 36, Immuned -> 63
Cycle -> 37, Immuned -> 48
Cycle -> 38, Immuned -> 80
Cycle -> 39, Immuned -> 46
Cycle -> 40, Immuned -> 54
Cycle -> 41, Immuned -> 43
Cycle -> 42, Immuned -> 53
Cycle -> 43, Immuned -> 45
Cycle -> 44, Immuned -> 42
Cycle -> 45, Immuned -> 39
Cycle -> 46, Immuned -> 44
Cycle -> 47, Immuned -> 37
Cycle -> 48, Immuned -> 37
Cycle -> 49, Immuned -> 40
Cycle -> 50, Immuned -> 31
Cycle -> 51, Immuned -> 31
Cycle -> 52, Immuned -> 31
Cycle -> 53, Immuned -> 22
Cycle -> 54, Immuned -> 24
Cycle -> 55, Immuned -> 20
Cycle -> 56, Immuned -> 31
Cycle -> 57, Immuned -> 23
Cycle -> 58, Immuned -> 22
Cycle -> 59, Immuned -> 26
Cycle -> 60, Immuned -> 15
Cycle -> 61, Immuned -> 20
Cycle -> 62, Immuned -> 20
Cycle -> 63, Immuned -> 19
Cycle -> 64, Immuned -> 21
Cycle -> 65, Immuned -> 15
Cycle -> 66, Immuned -> 13
Cycle -> 67, Immuned -> 13
Cycle -> 68, Immuned -> 14
Cycle -> 69, Immuned -> 14
Cycle -> 70, Immuned -> 14
Cycle -> 71, Immuned -> 9
Cycle -> 72, Immuned -> 9
Cycle -> 73, Immuned -> 5
Cycle -> 74, Immuned -> 8
Cycle -> 75, Immuned -> 13
Cycle -> 76, Immuned -> 7
Cycle -> 77, Immuned -> 10
Cycle -> 78, Immuned -> 10
Cycle -> 79, Immuned -> 11
Cycle -> 80, Immuned -> 4
Cycle -> 81, Immuned -> 10
Cycle -> 82, Immuned -> 2
Cycle -> 83, Immuned -> 8
Cycle -> 84, Immuned -> 7
Cycle -> 85, Immuned -> 2
Cycle -> 86, Immuned -> 7
Cycle -> 87, Immuned -> 3
Cycle -> 88, Immuned -> 7
Cycle -> 89, Immuned -> 4
Cycle -> 90, Immuned -> 8
Cycle -> 91, Immuned -> 4
Cycle -> 92, Immuned -> 7
Cycle -> 93, Immuned -> 3
Cycle -> 94, Immuned -> 4
Cycle -> 95, Immuned -> 2
Cycle -> 96, Immuned -> 2
Cycle -> 97, Immuned -> 3
Cycle -> 98, Immuned -> 4
Cycle -> 99, Immuned -> 2
Cycle -> 100, Immuned -> 3
Cycle -> 101, Immuned -> 2
Cycle -> 102, Immuned -> 1
Cycle -> 103, Immuned -> 1
Cycle -> 104, Immuned -> 5
Cycle -> 105, Immuned -> 2
Cycle -> 106, Immuned -> 1
Cycle -> 107, Immuned -> 2
Cycle -> 108, Immuned -> 0
Cycle -> 109, Immuned -> 1
Cycle -> 110, Immuned -> 1
Cycle -> 111, Immuned -> 0
Cycle -> 112, Immuned -> 1
Cycle -> 113, Immuned -> 1
Cycle -> 114, Immuned -> 2
Cycle -> 115, Immuned -> 2
Cycle -> 116, Immuned -> 1
Cycle -> 117, Immuned -> 1
Cycle -> 118, Immuned -> 2
Cycle -> 119, Immuned -> 0
Cycle -> 120, Immuned -> 0
Cycle -> 121, Immuned -> 2
Cycle -> 122, Immuned -> 0
Cycle -> 123, Immuned -> 2
Cycle -> 124, Immuned -> 1
Cycle -> 125, Immuned -> 0
Cycle -> 126, Immuned -> 0
Cycle -> 127, Immuned -> 0
Cycle -> 128, Immuned -> 1
Cycle -> 129, Immuned -> 0
Cycle -> 130, Immuned -> 0
Cycle -> 131, Immuned -> 1
Cycle -> 132, Immuned -> 0
Cycle -> 133, Immuned -> 1
Cycle -> 134, Immuned -> 0
Cycle -> 135, Immuned -> 1
Cycle -> 136, Immuned -> 0
Cycle -> 137, Immuned -> 0
Cycle -> 138, Immuned -> 0
Cycle -> 139, Immuned -> 1
Cycle -> 140, Immuned -> 0
Cycle -> 141, Immuned -> 0
Cycle -> 142, Immuned -> 0
Cycle -> 143, Immuned -> 0
Cycle -> 144, Immuned -> 0
Cycle -> 145, Immuned -> 0
Cycle -> 146, Immuned -> 0
Cycle -> 147, Immuned -> 0
Cycle -> 148, Immuned -> 0
Cycle -> 149, Immuned -> 0
Cycle -> 150, Immuned -> 1
Cycle -> 151, Immuned -> 0
Cycle -> 152, Immuned -> 1
Cycle -> 153, Immuned -> 1
Cycle -> 154, Immuned -> 0
Cycle -> 155, Immuned -> 0
Cycle -> 156, Immuned -> 0
Cycle -> 157, Immuned -> 0
Cycle -> 158, Immuned -> 0
Cycle -> 159, Immuned -> 0
Cycle -> 160, Immuned -> 0
Cycle -> 161, Immuned -> 0
Cycle -> 162, Immuned -> 0
Cycle -> 163, Immuned -> 0
Cycle -> 164, Immuned -> 0
Cycle -> 165, Immuned -> 0
Cycle -> 166, Immuned -> 0
Cycle -> 167, Immuned -> 0
Cycle -> 168, Immuned -> 0
Cycle -> 169, Immuned -> 0
Cycle -> 170, Immuned -> 0
Cycle -> 171, Immuned -> 0
Cycle -> 172, Immuned -> 0
Cycle -> 173, Immuned -> 1
Cycle -> 174, Immuned -> 0
Cycle -> 175, Immuned -> 1
Cycle -> 176, Immuned -> 0
Cycle -> 177, Immuned -> 0
Cycle -> 178, Immuned -> 0
Cycle -> 179, Immuned -> 0
Cycle -> 180, Immuned -> 0
Cycle -> 181, Immuned -> 0
Cycle -> 182, Immuned -> 0
Cycle -> 183, Immuned -> 0
Cycle -> 184, Immuned -> 0
Cycle -> 185, Immuned -> 0
Cycle -> 186, Immuned -> 0
Cycle -> 187, Immuned -> 0
Cycle -> 188, Immuned -> 0
Cycle -> 189, Immuned -> 0
Cycle -> 190, Immuned -> 0
Cycle -> 191, Immuned -> 0
Cycle -> 192, Immuned -> 0
Cycle -> 193, Immuned -> 1
Cycle -> 194, Immuned -> 0
Cycle -> 195, Immuned -> 0
Cycle -> 196, Immuned -> 0
Cycle -> 197, Immuned -> 0
Cycle -> 198, Immuned -> 0
Cycle -> 199, Immuned -> 0

