Stats

Infected OS : ANDROID

Population with Android : 51289
Population with IOS : 8538
Population with OTHERS : 173

Peers spawned near hotspots : 42000
Peers spawned randomly : 18000

Infected Peers : 1
Recovered Peers : 25366
Immuned Peers : 34633

Infected Peers per cycle : 
358
1127
704
1613
2202
1848
2076
1738
1562
1692
 612
 442
 568
 860
 945
 586
 912
 502
 325
 206
 168
 785
 355
 368
 200
 312
 366
 593
 451
 518
 218
 77
 49
 20
 7
 1
 0
 0
 0
 0
 0
 0
 0
 0
 0
 0
 0
 0
 0
 0
 0
 0
 0
 0
 0
 0
 0
 0
 0
 0
 0
 0
 0
 0
 0
 0
 0
 0
 0
Cycle -> 69, Infected -> 0
Cycle -> 70, Infected -> 0
Cycle -> 71, Infected -> 0
Cycle -> 72, Infected -> 0
Cycle -> 73, Infected -> 0
Cycle -> 74, Infected -> 0
Cycle -> 75, Infected -> 0
Cycle -> 76, Infected -> 0
Cycle -> 77, Infected -> 0
Cycle -> 78, Infected -> 0
Cycle -> 79, Infected -> 0
Cycle -> 80, Infected -> 0
Cycle -> 81, Infected -> 0
Cycle -> 82, Infected -> 0
Cycle -> 83, Infected -> 0
Cycle -> 84, Infected -> 0
Cycle -> 85, Infected -> 0
Cycle -> 86, Infected -> 0
Cycle -> 87, Infected -> 0
Cycle -> 88, Infected -> 0
Cycle -> 89, Infected -> 0
Cycle -> 90, Infected -> 0
Cycle -> 91, Infected -> 0
Cycle -> 92, Infected -> 0
Cycle -> 93, Infected -> 0
Cycle -> 94, Infected -> 0
Cycle -> 95, Infected -> 0
Cycle -> 96, Infected -> 0
Cycle -> 97, Infected -> 0
Cycle -> 98, Infected -> 0
Cycle -> 99, Infected -> 0
Cycle -> 100, Infected -> 0
Cycle -> 101, Infected -> 0
Cycle -> 102, Infected -> 0
Cycle -> 103, Infected -> 0
Cycle -> 104, Infected -> 0
Cycle -> 105, Infected -> 0
Cycle -> 106, Infected -> 0
Cycle -> 107, Infected -> 0
Cycle -> 108, Infected -> 0
Cycle -> 109, Infected -> 0
Cycle -> 110, Infected -> 0
Cycle -> 111, Infected -> 0
Cycle -> 112, Infected -> 0
Cycle -> 113, Infected -> 0
Cycle -> 114, Infected -> 0
Cycle -> 115, Infected -> 0
Cycle -> 116, Infected -> 0
Cycle -> 117, Infected -> 0
Cycle -> 118, Infected -> 0
Cycle -> 119, Infected -> 0
Cycle -> 120, Infected -> 0
Cycle -> 121, Infected -> 0
Cycle -> 122, Infected -> 0
Cycle -> 123, Infected -> 0
Cycle -> 124, Infected -> 0
Cycle -> 125, Infected -> 0
Cycle -> 126, Infected -> 0
Cycle -> 127, Infected -> 0
Cycle -> 128, Infected -> 0
Cycle -> 129, Infected -> 0
Cycle -> 130, Infected -> 0
Cycle -> 131, Infected -> 0
Cycle -> 132, Infected -> 0
Cycle -> 133, Infected -> 0
Cycle -> 134, Infected -> 0
Cycle -> 135, Infected -> 0
Cycle -> 136, Infected -> 0
Cycle -> 137, Infected -> 0
Cycle -> 138, Infected -> 0
Cycle -> 139, Infected -> 0
Cycle -> 140, Infected -> 0
Cycle -> 141, Infected -> 0
Cycle -> 142, Infected -> 0
Cycle -> 143, Infected -> 0
Cycle -> 144, Infected -> 0
Cycle -> 145, Infected -> 0
Cycle -> 146, Infected -> 0
Cycle -> 147, Infected -> 0
Cycle -> 148, Infected -> 0
Cycle -> 149, Infected -> 0
Cycle -> 150, Infected -> 0
Cycle -> 151, Infected -> 0
Cycle -> 152, Infected -> 0
Cycle -> 153, Infected -> 0
Cycle -> 154, Infected -> 0
Cycle -> 155, Infected -> 0
Cycle -> 156, Infected -> 0
Cycle -> 157, Infected -> 0
Cycle -> 158, Infected -> 0
Cycle -> 159, Infected -> 0
Cycle -> 160, Infected -> 0
Cycle -> 161, Infected -> 0
Cycle -> 162, Infected -> 0
Cycle -> 163, Infected -> 0
Cycle -> 164, Infected -> 0
Cycle -> 165, Infected -> 0
Cycle -> 166, Infected -> 0
Cycle -> 167, Infected -> 0
Cycle -> 168, Infected -> 0
Cycle -> 169, Infected -> 0
Cycle -> 170, Infected -> 0
Cycle -> 171, Infected -> 0
Cycle -> 172, Infected -> 0
Cycle -> 173, Infected -> 0
Cycle -> 174, Infected -> 0
Cycle -> 175, Infected -> 0
Cycle -> 176, Infected -> 0
Cycle -> 177, Infected -> 0
Cycle -> 178, Infected -> 0
Cycle -> 179, Infected -> 0
Cycle -> 180, Infected -> 0
Cycle -> 181, Infected -> 0
Cycle -> 182, Infected -> 0
Cycle -> 183, Infected -> 0
Cycle -> 184, Infected -> 0
Cycle -> 185, Infected -> 0
Cycle -> 186, Infected -> 0
Cycle -> 187, Infected -> 0
Cycle -> 188, Infected -> 0
Cycle -> 189, Infected -> 0
Cycle -> 190, Infected -> 0
Cycle -> 191, Infected -> 0
Cycle -> 192, Infected -> 0
Cycle -> 193, Infected -> 0
Cycle -> 194, Infected -> 0
Cycle -> 195, Infected -> 0
Cycle -> 196, Infected -> 0
Cycle -> 197, Infected -> 0
Cycle -> 198, Infected -> 0
Cycle -> 199, Infected -> 0

Recovered Peers per cycle : 
0
13
78
97
158
293
386
413
534
572
601
616
613
605
600
616
624
643
665
604
603
568
586
585
585
553
578
554
537
524
548
534
491
456
438
408
389
371
374
347
343
297
290
281
242
249
227
230
204
210
191
181
174
194
149
155
156
129
138
126
123
107
111
94
109
97
70
91
88
92
81
52
64
53
57
63
50
48
60
55
39
46
35
31
36
36
32
27
34
26
32
28
24
19
16
18
17
17
20
23
 15
 8
 15
 8
 20
 12
 13
 6
 8
 19
 13
 6
 4
 6
 8
 13
 11
 8
 6
 6
 5
 6
 9
 6
 2
 8
 5
 6
 1
 0
 4
 3
 0
 5
 3
 3
 4
 3
 2
 1
 4
 5
 1
 2
 2
 3
 2
 0
 1
 0
 0
 0
 2
 0
 0
 0
ycle -> 156, Recovered -> 0
ycle -> 157, Recovered -> 1
ycle -> 158, Recovered -> 0
ycle -> 159, Recovered -> 0
ycle -> 160, Recovered -> 0
ycle -> 161, Recovered -> 0
ycle -> 162, Recovered -> 2
ycle -> 163, Recovered -> 1
ycle -> 164, Recovered -> 2
ycle -> 165, Recovered -> 1
Cycle -> 166, Recovered -> 1
Cycle -> 167, Recovered -> 1
Cycle -> 168, Recovered -> 1
Cycle -> 169, Recovered -> 0
Cycle -> 170, Recovered -> 0
Cycle -> 171, Recovered -> 1
Cycle -> 172, Recovered -> 1
Cycle -> 173, Recovered -> 0
Cycle -> 174, Recovered -> 0
Cycle -> 175, Recovered -> 2
Cycle -> 176, Recovered -> 1
Cycle -> 177, Recovered -> 0
Cycle -> 178, Recovered -> 1
Cycle -> 179, Recovered -> 0
Cycle -> 180, Recovered -> 0
Cycle -> 181, Recovered -> 0
Cycle -> 182, Recovered -> 0
Cycle -> 183, Recovered -> 0
Cycle -> 184, Recovered -> 0
Cycle -> 185, Recovered -> 0
Cycle -> 186, Recovered -> 0
Cycle -> 187, Recovered -> 0
Cycle -> 188, Recovered -> 0
Cycle -> 189, Recovered -> 0
Cycle -> 190, Recovered -> 0
Cycle -> 191, Recovered -> 0
Cycle -> 192, Recovered -> 0
Cycle -> 193, Recovered -> 0
Cycle -> 194, Recovered -> 0
Cycle -> 195, Recovered -> 0
Cycle -> 196, Recovered -> 0
Cycle -> 197, Recovered -> 0
Cycle -> 198, Recovered -> 0
Cycle -> 199, Recovered -> 0

Immuned Peers per cycle : 
Cycle -> 0, Immuned -> 2969
Cycle -> 1, Immuned -> 2875
Cycle -> 2, Immuned -> 2661
Cycle -> 3, Immuned -> 2442
Cycle -> 4, Immuned -> 2270
Cycle -> 5, Immuned -> 2102
Cycle -> 6, Immuned -> 1753
Cycle -> 7, Immuned -> 1619
Cycle -> 8, Immuned -> 1584
Cycle -> 9, Immuned -> 1308
Cycle -> 10, Immuned -> 1172
Cycle -> 11, Immuned -> 1081
Cycle -> 12, Immuned -> 985
Cycle -> 13, Immuned -> 956
Cycle -> 14, Immuned -> 815
Cycle -> 15, Immuned -> 790
Cycle -> 16, Immuned -> 702
Cycle -> 17, Immuned -> 571
Cycle -> 18, Immuned -> 584
Cycle -> 19, Immuned -> 476
Cycle -> 20, Immuned -> 451
Cycle -> 21, Immuned -> 452
Cycle -> 22, Immuned -> 428
Cycle -> 23, Immuned -> 351
Cycle -> 24, Immuned -> 299
Cycle -> 25, Immuned -> 264
Cycle -> 26, Immuned -> 268
Cycle -> 27, Immuned -> 194
Cycle -> 28, Immuned -> 173
Cycle -> 29, Immuned -> 144
Cycle -> 30, Immuned -> 113
Cycle -> 31, Immuned -> 110
Cycle -> 32, Immuned -> 89
Cycle -> 33, Immuned -> 95
Cycle -> 34, Immuned -> 85
Cycle -> 35, Immuned -> 59
Cycle -> 36, Immuned -> 72
Cycle -> 37, Immuned -> 68
Cycle -> 38, Immuned -> 55
Cycle -> 39, Immuned -> 56
Cycle -> 40, Immuned -> 57
Cycle -> 41, Immuned -> 40
Cycle -> 42, Immuned -> 53
Cycle -> 43, Immuned -> 46
Cycle -> 44, Immuned -> 48
Cycle -> 45, Immuned -> 42
Cycle -> 46, Immuned -> 50
Cycle -> 47, Immuned -> 26
Cycle -> 48, Immuned -> 39
Cycle -> 49, Immuned -> 28
Cycle -> 50, Immuned -> 37
Cycle -> 51, Immuned -> 27
Cycle -> 52, Immuned -> 32
Cycle -> 53, Immuned -> 31
Cycle -> 54, Immuned -> 25
Cycle -> 55, Immuned -> 30
Cycle -> 56, Immuned -> 22
Cycle -> 57, Immuned -> 22
Cycle -> 58, Immuned -> 27
Cycle -> 59, Immuned -> 22
Cycle -> 60, Immuned -> 24
Cycle -> 61, Immuned -> 26
Cycle -> 62, Immuned -> 12
Cycle -> 63, Immuned -> 15
Cycle -> 64, Immuned -> 19
Cycle -> 65, Immuned -> 15
Cycle -> 66, Immuned -> 17
Cycle -> 67, Immuned -> 11
Cycle -> 68, Immuned -> 16
Cycle -> 69, Immuned -> 14
Cycle -> 70, Immuned -> 13
Cycle -> 71, Immuned -> 14
Cycle -> 72, Immuned -> 12
Cycle -> 73, Immuned -> 11
Cycle -> 74, Immuned -> 7
Cycle -> 75, Immuned -> 8
Cycle -> 76, Immuned -> 10
Cycle -> 77, Immuned -> 3
Cycle -> 78, Immuned -> 10
Cycle -> 79, Immuned -> 4
Cycle -> 80, Immuned -> 10
Cycle -> 81, Immuned -> 7
Cycle -> 82, Immuned -> 8
Cycle -> 83, Immuned -> 5
Cycle -> 84, Immuned -> 2
Cycle -> 85, Immuned -> 2
Cycle -> 86, Immuned -> 5
Cycle -> 87, Immuned -> 1
Cycle -> 88, Immuned -> 5
Cycle -> 89, Immuned -> 7
Cycle -> 90, Immuned -> 4
Cycle -> 91, Immuned -> 6
Cycle -> 92, Immuned -> 3
Cycle -> 93, Immuned -> 3
Cycle -> 94, Immuned -> 5
Cycle -> 95, Immuned -> 3
Cycle -> 96, Immuned -> 1
Cycle -> 97, Immuned -> 2
Cycle -> 98, Immuned -> 1
Cycle -> 99, Immuned -> 5
Cycle -> 100, Immuned -> 3
Cycle -> 101, Immuned -> 2
Cycle -> 102, Immuned -> 3
Cycle -> 103, Immuned -> 5
Cycle -> 104, Immuned -> 2
Cycle -> 105, Immuned -> 1
Cycle -> 106, Immuned -> 1
Cycle -> 107, Immuned -> 3
Cycle -> 108, Immuned -> 2
Cycle -> 109, Immuned -> 0
Cycle -> 110, Immuned -> 2
Cycle -> 111, Immuned -> 0
Cycle -> 112, Immuned -> 2
Cycle -> 113, Immuned -> 0
Cycle -> 114, Immuned -> 2
Cycle -> 115, Immuned -> 0
Cycle -> 116, Immuned -> 1
Cycle -> 117, Immuned -> 0
Cycle -> 118, Immuned -> 0
Cycle -> 119, Immuned -> 1
Cycle -> 120, Immuned -> 2
Cycle -> 121, Immuned -> 2
Cycle -> 122, Immuned -> 0
Cycle -> 123, Immuned -> 1
Cycle -> 124, Immuned -> 1
Cycle -> 125, Immuned -> 0
Cycle -> 126, Immuned -> 1
Cycle -> 127, Immuned -> 0
Cycle -> 128, Immuned -> 0
Cycle -> 129, Immuned -> 0
Cycle -> 130, Immuned -> 1
Cycle -> 131, Immuned -> 0
Cycle -> 132, Immuned -> 0
Cycle -> 133, Immuned -> 0
Cycle -> 134, Immuned -> 1
Cycle -> 135, Immuned -> 0
Cycle -> 136, Immuned -> 0
Cycle -> 137, Immuned -> 0
Cycle -> 138, Immuned -> 0
Cycle -> 139, Immuned -> 1
Cycle -> 140, Immuned -> 0
Cycle -> 141, Immuned -> 0
Cycle -> 142, Immuned -> 0
Cycle -> 143, Immuned -> 0
Cycle -> 144, Immuned -> 0
Cycle -> 145, Immuned -> 0
Cycle -> 146, Immuned -> 0
Cycle -> 147, Immuned -> 0
Cycle -> 148, Immuned -> 0
Cycle -> 149, Immuned -> 0
Cycle -> 150, Immuned -> 0
Cycle -> 151, Immuned -> 1
Cycle -> 152, Immuned -> 0
Cycle -> 153, Immuned -> 0
Cycle -> 154, Immuned -> 0
Cycle -> 155, Immuned -> 0
Cycle -> 156, Immuned -> 0
Cycle -> 157, Immuned -> 0
Cycle -> 158, Immuned -> 0
Cycle -> 159, Immuned -> 0
Cycle -> 160, Immuned -> 0
Cycle -> 161, Immuned -> 0
Cycle -> 162, Immuned -> 0
Cycle -> 163, Immuned -> 0
Cycle -> 164, Immuned -> 0
Cycle -> 165, Immuned -> 0
Cycle -> 166, Immuned -> 0
Cycle -> 167, Immuned -> 0
Cycle -> 168, Immuned -> 0
Cycle -> 169, Immuned -> 0
Cycle -> 170, Immuned -> 1
Cycle -> 171, Immuned -> 0
Cycle -> 172, Immuned -> 0
Cycle -> 173, Immuned -> 0
Cycle -> 174, Immuned -> 0
Cycle -> 175, Immuned -> 0
Cycle -> 176, Immuned -> 0
Cycle -> 177, Immuned -> 0
Cycle -> 178, Immuned -> 0
Cycle -> 179, Immuned -> 0
Cycle -> 180, Immuned -> 0
Cycle -> 181, Immuned -> 0
Cycle -> 182, Immuned -> 0
Cycle -> 183, Immuned -> 0
Cycle -> 184, Immuned -> 0
Cycle -> 185, Immuned -> 0
Cycle -> 186, Immuned -> 0
Cycle -> 187, Immuned -> 0
Cycle -> 188, Immuned -> 0
Cycle -> 189, Immuned -> 0
Cycle -> 190, Immuned -> 0
Cycle -> 191, Immuned -> 0
Cycle -> 192, Immuned -> 0
Cycle -> 193, Immuned -> 0
Cycle -> 194, Immuned -> 0
Cycle -> 195, Immuned -> 0
Cycle -> 196, Immuned -> 0
Cycle -> 197, Immuned -> 0
Cycle -> 198, Immuned -> 0
Cycle -> 199, Immuned -> 0

