Stats

Infected OS : ANDROID

Population with Android : 51275
Population with IOS : 8546
Population with OTHERS : 179

Peers spawned near hotspots : 42000
Peers spawned randomly : 18000

Infected Peers : 1
Recovered Peers : 28652
Immuned Peers : 31345

Infected Peers per cycle : 
237
912
1298
1928
2806
2825
1976
1730
822
883
 1669
 1659
 1515
 1065
 1229
 1291
 848
 812
 366
 457
 1018
 734
 200
 133
 120
 59
 21
 11
 11
 6
 3
 3
 3
 0
 1
 0
 1
 0
 0
 0
 0
 0
 0
 0
 0
 0
 0
 0
 0
 0
 0
 0
 0
 0
 0
 0
 0
 0
 0
 0
 0
 0
 0
 0
 0
 0
 0
Cycle -> 67, Infected -> 0
Cycle -> 68, Infected -> 0
Cycle -> 69, Infected -> 0
Cycle -> 70, Infected -> 0
Cycle -> 71, Infected -> 0
Cycle -> 72, Infected -> 0
Cycle -> 73, Infected -> 0
Cycle -> 74, Infected -> 0
Cycle -> 75, Infected -> 0
Cycle -> 76, Infected -> 0
Cycle -> 77, Infected -> 0
Cycle -> 78, Infected -> 0
Cycle -> 79, Infected -> 0
Cycle -> 80, Infected -> 0
Cycle -> 81, Infected -> 0
Cycle -> 82, Infected -> 0
Cycle -> 83, Infected -> 0
Cycle -> 84, Infected -> 0
Cycle -> 85, Infected -> 0
Cycle -> 86, Infected -> 0
Cycle -> 87, Infected -> 0
Cycle -> 88, Infected -> 0
Cycle -> 89, Infected -> 0
Cycle -> 90, Infected -> 0
Cycle -> 91, Infected -> 0
Cycle -> 92, Infected -> 0
Cycle -> 93, Infected -> 0
Cycle -> 94, Infected -> 0
Cycle -> 95, Infected -> 0
Cycle -> 96, Infected -> 0
Cycle -> 97, Infected -> 0
Cycle -> 98, Infected -> 0
Cycle -> 99, Infected -> 0
Cycle -> 100, Infected -> 0
Cycle -> 101, Infected -> 0
Cycle -> 102, Infected -> 0
Cycle -> 103, Infected -> 0
Cycle -> 104, Infected -> 0
Cycle -> 105, Infected -> 0
Cycle -> 106, Infected -> 0
Cycle -> 107, Infected -> 0
Cycle -> 108, Infected -> 0
Cycle -> 109, Infected -> 0
Cycle -> 110, Infected -> 0
Cycle -> 111, Infected -> 0
Cycle -> 112, Infected -> 0
Cycle -> 113, Infected -> 0
Cycle -> 114, Infected -> 0
Cycle -> 115, Infected -> 0
Cycle -> 116, Infected -> 0
Cycle -> 117, Infected -> 0
Cycle -> 118, Infected -> 0
Cycle -> 119, Infected -> 0
Cycle -> 120, Infected -> 0
Cycle -> 121, Infected -> 0
Cycle -> 122, Infected -> 0
Cycle -> 123, Infected -> 0
Cycle -> 124, Infected -> 0
Cycle -> 125, Infected -> 0
Cycle -> 126, Infected -> 0
Cycle -> 127, Infected -> 0
Cycle -> 128, Infected -> 0
Cycle -> 129, Infected -> 0
Cycle -> 130, Infected -> 0
Cycle -> 131, Infected -> 0
Cycle -> 132, Infected -> 0
Cycle -> 133, Infected -> 0
Cycle -> 134, Infected -> 0
Cycle -> 135, Infected -> 0
Cycle -> 136, Infected -> 0
Cycle -> 137, Infected -> 0
Cycle -> 138, Infected -> 0
Cycle -> 139, Infected -> 0
Cycle -> 140, Infected -> 0
Cycle -> 141, Infected -> 0
Cycle -> 142, Infected -> 0
Cycle -> 143, Infected -> 0
Cycle -> 144, Infected -> 0
Cycle -> 145, Infected -> 0
Cycle -> 146, Infected -> 0
Cycle -> 147, Infected -> 0
Cycle -> 148, Infected -> 0
Cycle -> 149, Infected -> 0
Cycle -> 150, Infected -> 0
Cycle -> 151, Infected -> 0
Cycle -> 152, Infected -> 0
Cycle -> 153, Infected -> 0
Cycle -> 154, Infected -> 0
Cycle -> 155, Infected -> 0
Cycle -> 156, Infected -> 0
Cycle -> 157, Infected -> 0
Cycle -> 158, Infected -> 0
Cycle -> 159, Infected -> 0
Cycle -> 160, Infected -> 0
Cycle -> 161, Infected -> 0
Cycle -> 162, Infected -> 0
Cycle -> 163, Infected -> 0
Cycle -> 164, Infected -> 0
Cycle -> 165, Infected -> 0
Cycle -> 166, Infected -> 0
Cycle -> 167, Infected -> 0
Cycle -> 168, Infected -> 0
Cycle -> 169, Infected -> 0
Cycle -> 170, Infected -> 0
Cycle -> 171, Infected -> 0
Cycle -> 172, Infected -> 0
Cycle -> 173, Infected -> 0
Cycle -> 174, Infected -> 0
Cycle -> 175, Infected -> 0
Cycle -> 176, Infected -> 0
Cycle -> 177, Infected -> 0
Cycle -> 178, Infected -> 0
Cycle -> 179, Infected -> 0
Cycle -> 180, Infected -> 0
Cycle -> 181, Infected -> 0
Cycle -> 182, Infected -> 0
Cycle -> 183, Infected -> 0
Cycle -> 184, Infected -> 0
Cycle -> 185, Infected -> 0
Cycle -> 186, Infected -> 0
Cycle -> 187, Infected -> 0
Cycle -> 188, Infected -> 0
Cycle -> 189, Infected -> 0
Cycle -> 190, Infected -> 0
Cycle -> 191, Infected -> 0
Cycle -> 192, Infected -> 0
Cycle -> 193, Infected -> 0
Cycle -> 194, Infected -> 0
Cycle -> 195, Infected -> 0
Cycle -> 196, Infected -> 0
Cycle -> 197, Infected -> 0
Cycle -> 198, Infected -> 0
Cycle -> 199, Infected -> 0

Recovered Peers per cycle : 
0
13
65
101
223
339
502
509
611
608
676
632
709
771
732
820
801
843
840
821
811
793
831
783
708
685
656
599
592
581
540
531
491
469
459
420
396
386
376
363
301
346
277
269
256
259
241
220
227
227
201
199
170
189
164
161
127
149
134
93
113
104
107
88
86
91
96
87
70
74
78
80
62
57
63
69
61
43
46
51
43
31
34
42
33
38
30
28
33
22
34
23
19
23
28
15
23
25
11
12
 17
 13
 11
 10
 14
 10
 11
 8
 15
 8
 5
 8
 6
 6
 10
 9
 6
 6
 7
 8
 2
 1
 9
 6
 6
 8
 4
 5
 1
 5
 3
 1
 1
 2
 3
 1
 1
 1
 1
 0
 2
 2
 0
 3
 1
 0
 1
 0
 2
 0
 0
 1
 5
 1
 1
 0
 0
 0
 0
 0
 0
 2
 1
 2
 0
 0
ycle -> 166, Recovered -> 1
ycle -> 167, Recovered -> 2
ycle -> 168, Recovered -> 0
ycle -> 169, Recovered -> 0
ycle -> 170, Recovered -> 0
ycle -> 171, Recovered -> 0
ycle -> 172, Recovered -> 0
ycle -> 173, Recovered -> 0
ycle -> 174, Recovered -> 0
ycle -> 175, Recovered -> 0
Cycle -> 176, Recovered -> 1
Cycle -> 177, Recovered -> 0
Cycle -> 178, Recovered -> 0
Cycle -> 179, Recovered -> 0
Cycle -> 180, Recovered -> 0
Cycle -> 181, Recovered -> 1
Cycle -> 182, Recovered -> 0
Cycle -> 183, Recovered -> 2
Cycle -> 184, Recovered -> 0
Cycle -> 185, Recovered -> 0
Cycle -> 186, Recovered -> 1
Cycle -> 187, Recovered -> 0
Cycle -> 188, Recovered -> 0
Cycle -> 189, Recovered -> 0
Cycle -> 190, Recovered -> 0
Cycle -> 191, Recovered -> 2
Cycle -> 192, Recovered -> 0
Cycle -> 193, Recovered -> 0
Cycle -> 194, Recovered -> 0
Cycle -> 195, Recovered -> 0
Cycle -> 196, Recovered -> 0
Cycle -> 197, Recovered -> 0
Cycle -> 198, Recovered -> 0
Cycle -> 199, Recovered -> 0

Immuned Peers per cycle : 
Cycle -> 0, Immuned -> 3035
Cycle -> 1, Immuned -> 2926
Cycle -> 2, Immuned -> 2695
Cycle -> 3, Immuned -> 2504
Cycle -> 4, Immuned -> 2317
Cycle -> 5, Immuned -> 1974
Cycle -> 6, Immuned -> 1773
Cycle -> 7, Immuned -> 1572
Cycle -> 8, Immuned -> 1326
Cycle -> 9, Immuned -> 1258
Cycle -> 10, Immuned -> 1117
Cycle -> 11, Immuned -> 968
Cycle -> 12, Immuned -> 937
Cycle -> 13, Immuned -> 769
Cycle -> 14, Immuned -> 683
Cycle -> 15, Immuned -> 556
Cycle -> 16, Immuned -> 501
Cycle -> 17, Immuned -> 428
Cycle -> 18, Immuned -> 375
Cycle -> 19, Immuned -> 289
Cycle -> 20, Immuned -> 288
Cycle -> 21, Immuned -> 208
Cycle -> 22, Immuned -> 156
Cycle -> 23, Immuned -> 154
Cycle -> 24, Immuned -> 137
Cycle -> 25, Immuned -> 128
Cycle -> 26, Immuned -> 132
Cycle -> 27, Immuned -> 105
Cycle -> 28, Immuned -> 100
Cycle -> 29, Immuned -> 75
Cycle -> 30, Immuned -> 103
Cycle -> 31, Immuned -> 86
Cycle -> 32, Immuned -> 88
Cycle -> 33, Immuned -> 74
Cycle -> 34, Immuned -> 78
Cycle -> 35, Immuned -> 60
Cycle -> 36, Immuned -> 73
Cycle -> 37, Immuned -> 66
Cycle -> 38, Immuned -> 59
Cycle -> 39, Immuned -> 63
Cycle -> 40, Immuned -> 59
Cycle -> 41, Immuned -> 58
Cycle -> 42, Immuned -> 55
Cycle -> 43, Immuned -> 51
Cycle -> 44, Immuned -> 48
Cycle -> 45, Immuned -> 49
Cycle -> 46, Immuned -> 30
Cycle -> 47, Immuned -> 35
Cycle -> 48, Immuned -> 22
Cycle -> 49, Immuned -> 31
Cycle -> 50, Immuned -> 29
Cycle -> 51, Immuned -> 38
Cycle -> 52, Immuned -> 25
Cycle -> 53, Immuned -> 33
Cycle -> 54, Immuned -> 22
Cycle -> 55, Immuned -> 30
Cycle -> 56, Immuned -> 17
Cycle -> 57, Immuned -> 27
Cycle -> 58, Immuned -> 23
Cycle -> 59, Immuned -> 18
Cycle -> 60, Immuned -> 22
Cycle -> 61, Immuned -> 22
Cycle -> 62, Immuned -> 24
Cycle -> 63, Immuned -> 21
Cycle -> 64, Immuned -> 22
Cycle -> 65, Immuned -> 14
Cycle -> 66, Immuned -> 23
Cycle -> 67, Immuned -> 10
Cycle -> 68, Immuned -> 9
Cycle -> 69, Immuned -> 13
Cycle -> 70, Immuned -> 13
Cycle -> 71, Immuned -> 16
Cycle -> 72, Immuned -> 8
Cycle -> 73, Immuned -> 5
Cycle -> 74, Immuned -> 7
Cycle -> 75, Immuned -> 8
Cycle -> 76, Immuned -> 7
Cycle -> 77, Immuned -> 8
Cycle -> 78, Immuned -> 6
Cycle -> 79, Immuned -> 11
Cycle -> 80, Immuned -> 6
Cycle -> 81, Immuned -> 9
Cycle -> 82, Immuned -> 4
Cycle -> 83, Immuned -> 5
Cycle -> 84, Immuned -> 4
Cycle -> 85, Immuned -> 5
Cycle -> 86, Immuned -> 5
Cycle -> 87, Immuned -> 7
Cycle -> 88, Immuned -> 7
Cycle -> 89, Immuned -> 3
Cycle -> 90, Immuned -> 3
Cycle -> 91, Immuned -> 1
Cycle -> 92, Immuned -> 4
Cycle -> 93, Immuned -> 6
Cycle -> 94, Immuned -> 3
Cycle -> 95, Immuned -> 8
Cycle -> 96, Immuned -> 3
Cycle -> 97, Immuned -> 1
Cycle -> 98, Immuned -> 4
Cycle -> 99, Immuned -> 4
Cycle -> 100, Immuned -> 1
Cycle -> 101, Immuned -> 4
Cycle -> 102, Immuned -> 4
Cycle -> 103, Immuned -> 1
Cycle -> 104, Immuned -> 3
Cycle -> 105, Immuned -> 0
Cycle -> 106, Immuned -> 3
Cycle -> 107, Immuned -> 2
Cycle -> 108, Immuned -> 3
Cycle -> 109, Immuned -> 2
Cycle -> 110, Immuned -> 2
Cycle -> 111, Immuned -> 2
Cycle -> 112, Immuned -> 1
Cycle -> 113, Immuned -> 1
Cycle -> 114, Immuned -> 1
Cycle -> 115, Immuned -> 1
Cycle -> 116, Immuned -> 0
Cycle -> 117, Immuned -> 2
Cycle -> 118, Immuned -> 1
Cycle -> 119, Immuned -> 2
Cycle -> 120, Immuned -> 2
Cycle -> 121, Immuned -> 1
Cycle -> 122, Immuned -> 0
Cycle -> 123, Immuned -> 0
Cycle -> 124, Immuned -> 0
Cycle -> 125, Immuned -> 0
Cycle -> 126, Immuned -> 1
Cycle -> 127, Immuned -> 0
Cycle -> 128, Immuned -> 0
Cycle -> 129, Immuned -> 1
Cycle -> 130, Immuned -> 0
Cycle -> 131, Immuned -> 0
Cycle -> 132, Immuned -> 0
Cycle -> 133, Immuned -> 1
Cycle -> 134, Immuned -> 1
Cycle -> 135, Immuned -> 0
Cycle -> 136, Immuned -> 1
Cycle -> 137, Immuned -> 0
Cycle -> 138, Immuned -> 0
Cycle -> 139, Immuned -> 0
Cycle -> 140, Immuned -> 1
Cycle -> 141, Immuned -> 0
Cycle -> 142, Immuned -> 0
Cycle -> 143, Immuned -> 0
Cycle -> 144, Immuned -> 0
Cycle -> 145, Immuned -> 0
Cycle -> 146, Immuned -> 0
Cycle -> 147, Immuned -> 0
Cycle -> 148, Immuned -> 0
Cycle -> 149, Immuned -> 0
Cycle -> 150, Immuned -> 0
Cycle -> 151, Immuned -> 0
Cycle -> 152, Immuned -> 0
Cycle -> 153, Immuned -> 0
Cycle -> 154, Immuned -> 0
Cycle -> 155, Immuned -> 0
Cycle -> 156, Immuned -> 1
Cycle -> 157, Immuned -> 0
Cycle -> 158, Immuned -> 0
Cycle -> 159, Immuned -> 0
Cycle -> 160, Immuned -> 1
Cycle -> 161, Immuned -> 0
Cycle -> 162, Immuned -> 0
Cycle -> 163, Immuned -> 0
Cycle -> 164, Immuned -> 0
Cycle -> 165, Immuned -> 0
Cycle -> 166, Immuned -> 1
Cycle -> 167, Immuned -> 0
Cycle -> 168, Immuned -> 0
Cycle -> 169, Immuned -> 0
Cycle -> 170, Immuned -> 0
Cycle -> 171, Immuned -> 0
Cycle -> 172, Immuned -> 0
Cycle -> 173, Immuned -> 0
Cycle -> 174, Immuned -> 0
Cycle -> 175, Immuned -> 0
Cycle -> 176, Immuned -> 0
Cycle -> 177, Immuned -> 0
Cycle -> 178, Immuned -> 0
Cycle -> 179, Immuned -> 0
Cycle -> 180, Immuned -> 0
Cycle -> 181, Immuned -> 0
Cycle -> 182, Immuned -> 0
Cycle -> 183, Immuned -> 0
Cycle -> 184, Immuned -> 0
Cycle -> 185, Immuned -> 0
Cycle -> 186, Immuned -> 0
Cycle -> 187, Immuned -> 0
Cycle -> 188, Immuned -> 0
Cycle -> 189, Immuned -> 0
Cycle -> 190, Immuned -> 0
Cycle -> 191, Immuned -> 0
Cycle -> 192, Immuned -> 0
Cycle -> 193, Immuned -> 0
Cycle -> 194, Immuned -> 0
Cycle -> 195, Immuned -> 0
Cycle -> 196, Immuned -> 0
Cycle -> 197, Immuned -> 0
Cycle -> 198, Immuned -> 0
Cycle -> 199, Immuned -> 0

