Stats

Infected OS : ANDROID

Population with Android : 51251
Population with IOS : 8575
Population with OTHERS : 174

Peers spawned near hotspots : 42000
Peers spawned randomly : 18000

Infected Peers : 0
Recovered Peers : 28598
Immuned Peers : 31401

Infected Peers per cycle : 
253
863
770
1279
1964
3108
2154
1919
3326
2169
 1522
 564
 970
 1359
 559
 762
 923
 851
 691
 415
 291
 869
 502
 165
 96
 75
 48
 53
 46
 20
 6
 4
 0
 0
 0
 1
 0
 0
 0
 0
 0
 0
 0
 0
 0
 0
 0
 0
 0
 0
 0
 0
 0
 0
 0
 0
 0
 0
 0
 0
 0
 0
 0
 0
 0
 0
 0
 0
 0
 0
 0
 0
 0
 0
 0
 0
 0
 0
 0
 0
 0
 0
 0
 0
 0
 0
 0
 0
 0
 0
 0
 0
 0
 0
 0
 0
 0
 0
 0
 0
> 0
> 0
> 0
> 0
> 0
> 0
> 0
> 0
> 0
> 0
> 0
> 0
> 0
> 0
> 0
> 0
> 0
> 0
> 0
> 0
> 0
> 0
> 0
> 0
> 0
> 0
> 0
> 0
> 0
> 0
> 0
> 0
> 0
> 0
> 0
> 0
> 0
> 0
> 0
> 0
> 0
> 0
> 0
> 0
> 0
> 0
> 0
> 0
> 0
> 0
> 0
> 0
> 0
> 0
> 0
> 0
> 0
> 0
> 0
> 0
> 0
> 0
> 0
> 0
> 0
> 0
> 0
> 0
> 0
> 0
> 0
> 0
> 0
> 0
> 0
> 0
> 0
> 0
> 0
> 0
> 0
> 0
> 0
> 0
> 0
> 0
> 0
> 0
> 0
> 0
> 0
> 0
> 0
> 0
> 0
> 0
> 0
> 0
> 0
> 0

Recovered Peers per cycle : 
0
14
57
90
139
226
397
486
573
657
775
836
797
786
864
846
783
843
779
813
799
755
748
768
743
707
653
622
600
538
482
531
475
460
463
448
401
362
342
350
306
318
322
276
257
245
222
207
232
199
226
206
203
167
158
148
130
129
131
102
126
112
116
113
94
87
91
70
75
60
63
78
74
60
61
61
47
63
48
47
44
47
46
39
30
31
31
32
26
33
26
21
20
26
25
25
19
19
18
13
15
16
21
10
10
16
12
6
13
13
10
6
3
9
4
5
2
8
6
5
3
4
5
4
4
3
3
cle -> 127, Recovered -> 5
cle -> 128, Recovered -> 4
cle -> 129, Recovered -> 4
cle -> 130, Recovered -> 2
cle -> 131, Recovered -> 1
cle -> 132, Recovered -> 7
cle -> 133, Recovered -> 2
cle -> 134, Recovered -> 3
cle -> 135, Recovered -> 1
cle -> 136, Recovered -> 4
ycle -> 137, Recovered -> 1
ycle -> 138, Recovered -> 4
ycle -> 139, Recovered -> 1
ycle -> 140, Recovered -> 3
ycle -> 141, Recovered -> 0
ycle -> 142, Recovered -> 0
ycle -> 143, Recovered -> 2
ycle -> 144, Recovered -> 0
ycle -> 145, Recovered -> 2
ycle -> 146, Recovered -> 1
ycle -> 147, Recovered -> 2
ycle -> 148, Recovered -> 0
ycle -> 149, Recovered -> 0
ycle -> 150, Recovered -> 2
ycle -> 151, Recovered -> 0
ycle -> 152, Recovered -> 0
ycle -> 153, Recovered -> 1
ycle -> 154, Recovered -> 1
ycle -> 155, Recovered -> 1
ycle -> 156, Recovered -> 1
ycle -> 157, Recovered -> 2
ycle -> 158, Recovered -> 0
ycle -> 159, Recovered -> 1
ycle -> 160, Recovered -> 0
ycle -> 161, Recovered -> 1
ycle -> 162, Recovered -> 0
ycle -> 163, Recovered -> 1
ycle -> 164, Recovered -> 1
ycle -> 165, Recovered -> 1
ycle -> 166, Recovered -> 1
ycle -> 167, Recovered -> 0
ycle -> 168, Recovered -> 0
ycle -> 169, Recovered -> 1
ycle -> 170, Recovered -> 0
ycle -> 171, Recovered -> 0
ycle -> 172, Recovered -> 0
ycle -> 173, Recovered -> 1
ycle -> 174, Recovered -> 0
ycle -> 175, Recovered -> 2
ycle -> 176, Recovered -> 0
ycle -> 177, Recovered -> 1
ycle -> 178, Recovered -> 2
ycle -> 179, Recovered -> 0
ycle -> 180, Recovered -> 1
ycle -> 181, Recovered -> 0
ycle -> 182, Recovered -> 0
ycle -> 183, Recovered -> 0
ycle -> 184, Recovered -> 0
ycle -> 185, Recovered -> 2
ycle -> 186, Recovered -> 0
ycle -> 187, Recovered -> 0
ycle -> 188, Recovered -> 0
ycle -> 189, Recovered -> 0
ycle -> 190, Recovered -> 0
ycle -> 191, Recovered -> 0
ycle -> 192, Recovered -> 0
ycle -> 193, Recovered -> 0
ycle -> 194, Recovered -> 0
ycle -> 195, Recovered -> 0
ycle -> 196, Recovered -> 0
ycle -> 197, Recovered -> 0
ycle -> 198, Recovered -> 0
ycle -> 199, Recovered -> 0
mmuned Peers per cycle : 
ycle -> 0, Immuned -> 3037
ycle -> 1, Immuned -> 2949
ycle -> 2, Immuned -> 2658
ycle -> 3, Immuned -> 2429
ycle -> 4, Immuned -> 2214
ycle -> 5, Immuned -> 2093
ycle -> 6, Immuned -> 1858
ycle -> 7, Immuned -> 1646
ycle -> 8, Immuned -> 1432
ycle -> 9, Immuned -> 1235
ycle -> 10, Immuned -> 1037
ycle -> 11, Immuned -> 830
ycle -> 12, Immuned -> 853
ycle -> 13, Immuned -> 781
ycle -> 14, Immuned -> 608
ycle -> 15, Immuned -> 603
ycle -> 16, Immuned -> 528
ycle -> 17, Immuned -> 451
ycle -> 18, Immuned -> 362
ycle -> 19, Immuned -> 319
ycle -> 20, Immuned -> 261
ycle -> 21, Immuned -> 251
ycle -> 22, Immuned -> 184
ycle -> 23, Immuned -> 178
ycle -> 24, Immuned -> 173
Cycle -> 25, Immuned -> 155
Cycle -> 26, Immuned -> 124
Cycle -> 27, Immuned -> 121
Cycle -> 28, Immuned -> 110
Cycle -> 29, Immuned -> 108
Cycle -> 30, Immuned -> 102
Cycle -> 31, Immuned -> 78
Cycle -> 32, Immuned -> 99
Cycle -> 33, Immuned -> 72
Cycle -> 34, Immuned -> 62
Cycle -> 35, Immuned -> 76
Cycle -> 36, Immuned -> 56
Cycle -> 37, Immuned -> 58
Cycle -> 38, Immuned -> 57
Cycle -> 39, Immuned -> 56
Cycle -> 40, Immuned -> 56
Cycle -> 41, Immuned -> 52
Cycle -> 42, Immuned -> 43
Cycle -> 43, Immuned -> 36
Cycle -> 44, Immuned -> 51
Cycle -> 45, Immuned -> 48
Cycle -> 46, Immuned -> 40
Cycle -> 47, Immuned -> 37
Cycle -> 48, Immuned -> 35
Cycle -> 49, Immuned -> 43
Cycle -> 50, Immuned -> 38
Cycle -> 51, Immuned -> 37
Cycle -> 52, Immuned -> 31
Cycle -> 53, Immuned -> 14
Cycle -> 54, Immuned -> 16
Cycle -> 55, Immuned -> 21
Cycle -> 56, Immuned -> 21
Cycle -> 57, Immuned -> 30
Cycle -> 58, Immuned -> 20
Cycle -> 59, Immuned -> 22
Cycle -> 60, Immuned -> 19
Cycle -> 61, Immuned -> 17
Cycle -> 62, Immuned -> 17
Cycle -> 63, Immuned -> 16
Cycle -> 64, Immuned -> 20
Cycle -> 65, Immuned -> 11
Cycle -> 66, Immuned -> 21
Cycle -> 67, Immuned -> 7
Cycle -> 68, Immuned -> 16
Cycle -> 69, Immuned -> 17
Cycle -> 70, Immuned -> 13
Cycle -> 71, Immuned -> 4
Cycle -> 72, Immuned -> 8
Cycle -> 73, Immuned -> 8
Cycle -> 74, Immuned -> 9
Cycle -> 75, Immuned -> 10
Cycle -> 76, Immuned -> 8
Cycle -> 77, Immuned -> 7
Cycle -> 78, Immuned -> 7
Cycle -> 79, Immuned -> 7
Cycle -> 80, Immuned -> 6
Cycle -> 81, Immuned -> 9
Cycle -> 82, Immuned -> 5
Cycle -> 83, Immuned -> 8
Cycle -> 84, Immuned -> 11
Cycle -> 85, Immuned -> 3
Cycle -> 86, Immuned -> 7
Cycle -> 87, Immuned -> 5
Cycle -> 88, Immuned -> 9
Cycle -> 89, Immuned -> 6
Cycle -> 90, Immuned -> 5
Cycle -> 91, Immuned -> 4
Cycle -> 92, Immuned -> 3
Cycle -> 93, Immuned -> 5
Cycle -> 94, Immuned -> 2
Cycle -> 95, Immuned -> 7
Cycle -> 96, Immuned -> 6
Cycle -> 97, Immuned -> 1
Cycle -> 98, Immuned -> 3
Cycle -> 99, Immuned -> 2
Cycle -> 100, Immuned -> 2
Cycle -> 101, Immuned -> 3
Cycle -> 102, Immuned -> 3
Cycle -> 103, Immuned -> 4
Cycle -> 104, Immuned -> 1
Cycle -> 105, Immuned -> 1
Cycle -> 106, Immuned -> 3
Cycle -> 107, Immuned -> 3
Cycle -> 108, Immuned -> 2
Cycle -> 109, Immuned -> 1
Cycle -> 110, Immuned -> 1
Cycle -> 111, Immuned -> 1
Cycle -> 112, Immuned -> 1
Cycle -> 113, Immuned -> 0
Cycle -> 114, Immuned -> 0
Cycle -> 115, Immuned -> 0
Cycle -> 116, Immuned -> 0
Cycle -> 117, Immuned -> 3
Cycle -> 118, Immuned -> 1
Cycle -> 119, Immuned -> 3
Cycle -> 120, Immuned -> 1
Cycle -> 121, Immuned -> 2
Cycle -> 122, Immuned -> 0
Cycle -> 123, Immuned -> 0
Cycle -> 124, Immuned -> 1
Cycle -> 125, Immuned -> 0
Cycle -> 126, Immuned -> 1
Cycle -> 127, Immuned -> 2
Cycle -> 128, Immuned -> 0
Cycle -> 129, Immuned -> 0
Cycle -> 130, Immuned -> 1
Cycle -> 131, Immuned -> 0
Cycle -> 132, Immuned -> 0
Cycle -> 133, Immuned -> 0
Cycle -> 134, Immuned -> 1
Cycle -> 135, Immuned -> 0
Cycle -> 136, Immuned -> 1
Cycle -> 137, Immuned -> 1
Cycle -> 138, Immuned -> 2
Cycle -> 139, Immuned -> 1
Cycle -> 140, Immuned -> 0
Cycle -> 141, Immuned -> 0
Cycle -> 142, Immuned -> 0
Cycle -> 143, Immuned -> 0
Cycle -> 144, Immuned -> 1
Cycle -> 145, Immuned -> 1
Cycle -> 146, Immuned -> 1
Cycle -> 147, Immuned -> 0
Cycle -> 148, Immuned -> 0
Cycle -> 149, Immuned -> 1
Cycle -> 150, Immuned -> 1
Cycle -> 151, Immuned -> 1
Cycle -> 152, Immuned -> 0
Cycle -> 153, Immuned -> 0
Cycle -> 154, Immuned -> 1
Cycle -> 155, Immuned -> 0
Cycle -> 156, Immuned -> 1
Cycle -> 157, Immuned -> 0
Cycle -> 158, Immuned -> 0
Cycle -> 159, Immuned -> 0
Cycle -> 160, Immuned -> 0
Cycle -> 161, Immuned -> 0
Cycle -> 162, Immuned -> 0
Cycle -> 163, Immuned -> 0
Cycle -> 164, Immuned -> 1
Cycle -> 165, Immuned -> 0
Cycle -> 166, Immuned -> 0
Cycle -> 167, Immuned -> 0
Cycle -> 168, Immuned -> 0
Cycle -> 169, Immuned -> 0
Cycle -> 170, Immuned -> 0
Cycle -> 171, Immuned -> 0
Cycle -> 172, Immuned -> 0
Cycle -> 173, Immuned -> 0
Cycle -> 174, Immuned -> 0
Cycle -> 175, Immuned -> 0
Cycle -> 176, Immuned -> 0
Cycle -> 177, Immuned -> 0
Cycle -> 178, Immuned -> 0
Cycle -> 179, Immuned -> 0
Cycle -> 180, Immuned -> 0
Cycle -> 181, Immuned -> 0
Cycle -> 182, Immuned -> 0
Cycle -> 183, Immuned -> 0
Cycle -> 184, Immuned -> 0
Cycle -> 185, Immuned -> 0
Cycle -> 186, Immuned -> 0
Cycle -> 187, Immuned -> 0
Cycle -> 188, Immuned -> 0
Cycle -> 189, Immuned -> 0
Cycle -> 190, Immuned -> 0
Cycle -> 191, Immuned -> 0
Cycle -> 192, Immuned -> 0
Cycle -> 193, Immuned -> 1
Cycle -> 194, Immuned -> 0
Cycle -> 195, Immuned -> 0
Cycle -> 196, Immuned -> 0
Cycle -> 197, Immuned -> 0
Cycle -> 198, Immuned -> 0
Cycle -> 199, Immuned -> 0

