Stats

Infected OS : ANDROID

Population with Android : 24331
Population with IOS : 4545
Population with OTHERS : 124

Peers spawned near hotspots : 20300
Peers spawned randomly : 8700

Infected Peers : 0
Recovered Peers : 10310
Immuned Peers : 18690

Infected Peers per cycle : 
 10
 120
 254
 431
 718
 972
 768
 477
 623
 532
 546
 418
 273
 415
 236
 265
 256
 227
 366
 294
 203
 194
 147
 100
 96
 89
 161
 231
 159
 83
 58
 77
 37
 30
 33
 35
 45
 47
 39
 41
 47
 49
 18
 8
 9
 13
 9
 5
 8
 5
 8
 5
 1
 1
 4
 2
 3
 2
 1
 0
 2
 1
 0
 0
 0
 0
 1
 0
 0
 0
 0
 0
 0
 0
 0
 0
 0
 0
 0
 0
 0
 0
 0
 0
 0
 0
 1
 0
 0
 0
 0
 0
 0
 0
 0
 0
 0
 0
 0
 0
Cycle -> 100, Infected -> 0
Cycle -> 101, Infected -> 0
Cycle -> 102, Infected -> 0
Cycle -> 103, Infected -> 0
Cycle -> 104, Infected -> 0
Cycle -> 105, Infected -> 0
Cycle -> 106, Infected -> 0
Cycle -> 107, Infected -> 0
Cycle -> 108, Infected -> 0
Cycle -> 109, Infected -> 0
Cycle -> 110, Infected -> 0
Cycle -> 111, Infected -> 0
Cycle -> 112, Infected -> 0
Cycle -> 113, Infected -> 0
Cycle -> 114, Infected -> 0
Cycle -> 115, Infected -> 0
Cycle -> 116, Infected -> 0
Cycle -> 117, Infected -> 0
Cycle -> 118, Infected -> 0
Cycle -> 119, Infected -> 0
Cycle -> 120, Infected -> 0
Cycle -> 121, Infected -> 0
Cycle -> 122, Infected -> 0
Cycle -> 123, Infected -> 0
Cycle -> 124, Infected -> 0
Cycle -> 125, Infected -> 0
Cycle -> 126, Infected -> 0
Cycle -> 127, Infected -> 0
Cycle -> 128, Infected -> 0
Cycle -> 129, Infected -> 0
Cycle -> 130, Infected -> 0
Cycle -> 131, Infected -> 0
Cycle -> 132, Infected -> 0
Cycle -> 133, Infected -> 0
Cycle -> 134, Infected -> 0
Cycle -> 135, Infected -> 0
Cycle -> 136, Infected -> 0
Cycle -> 137, Infected -> 0
Cycle -> 138, Infected -> 0
Cycle -> 139, Infected -> 0
Cycle -> 140, Infected -> 0
Cycle -> 141, Infected -> 0
Cycle -> 142, Infected -> 0
Cycle -> 143, Infected -> 0
Cycle -> 144, Infected -> 0
Cycle -> 145, Infected -> 0
Cycle -> 146, Infected -> 0
Cycle -> 147, Infected -> 0
Cycle -> 148, Infected -> 0
Cycle -> 149, Infected -> 0
Cycle -> 150, Infected -> 0
Cycle -> 151, Infected -> 0
Cycle -> 152, Infected -> 0
Cycle -> 153, Infected -> 0
Cycle -> 154, Infected -> 0
Cycle -> 155, Infected -> 0
Cycle -> 156, Infected -> 0
Cycle -> 157, Infected -> 0
Cycle -> 158, Infected -> 0
Cycle -> 159, Infected -> 0
Cycle -> 160, Infected -> 0
Cycle -> 161, Infected -> 0
Cycle -> 162, Infected -> 0
Cycle -> 163, Infected -> 0
Cycle -> 164, Infected -> 0
Cycle -> 165, Infected -> 0
Cycle -> 166, Infected -> 0
Cycle -> 167, Infected -> 0
Cycle -> 168, Infected -> 0
Cycle -> 169, Infected -> 0
Cycle -> 170, Infected -> 0
Cycle -> 171, Infected -> 0
Cycle -> 172, Infected -> 0
Cycle -> 173, Infected -> 0
Cycle -> 174, Infected -> 0
Cycle -> 175, Infected -> 0
Cycle -> 176, Infected -> 0
Cycle -> 177, Infected -> 0
Cycle -> 178, Infected -> 0
Cycle -> 179, Infected -> 0
Cycle -> 180, Infected -> 0
Cycle -> 181, Infected -> 0
Cycle -> 182, Infected -> 0
Cycle -> 183, Infected -> 0
Cycle -> 184, Infected -> 0
Cycle -> 185, Infected -> 0
Cycle -> 186, Infected -> 0
Cycle -> 187, Infected -> 0
Cycle -> 188, Infected -> 0
Cycle -> 189, Infected -> 0
Cycle -> 190, Infected -> 0
Cycle -> 191, Infected -> 0
Cycle -> 192, Infected -> 0
Cycle -> 193, Infected -> 0
Cycle -> 194, Infected -> 0
Cycle -> 195, Infected -> 0
Cycle -> 196, Infected -> 0
Cycle -> 197, Infected -> 0
Cycle -> 198, Infected -> 0
Cycle -> 199, Infected -> 0

Recovered Peers per cycle : 
 0
 3
 8
 24
 22
 89
 111
 162
 164
 203
199
217
243
230
251
273
225
260
253
233
233
250
232
244
238
230
222
256
206
226
212
185
195
191
155
181
189
162
149
134
141
142
131
122
132
135
99
107
103
92
97
80
87
74
73
56
82
58
70
57
58
55
62
49
49
32
31
43
47
29
23
31
34
24
27
31
23
19
17
24
22
17
21
18
20
20
17
18
8
19
15
9
9
6
11
6
11
7
10
13
 9
 1
 1
 3
 5
 5
 1
 8
 3
 6
 5
 3
 2
 0
 3
 5
 6
 0
 4
 5
 3
 2
 2
 5
 1
 3
 0
 3
 2
 4
 1
 0
 2
 2
 1
 2
 1
 0
 2
 0
 1
 1
 1
 0
 1
 1
 0
 1
 0
 0
 1
 0
 1
 0
 0
 0
 2
 1
 1
 0
 0
 0
 0
 0
 2
 0
 0
 0
 0
 0
 1
 1
 0
 0
 0
 0
 0
 0
Cycle -> 178, Recovered -> 0
Cycle -> 179, Recovered -> 0
Cycle -> 180, Recovered -> 0
Cycle -> 181, Recovered -> 0
Cycle -> 182, Recovered -> 0
Cycle -> 183, Recovered -> 0
Cycle -> 184, Recovered -> 0
Cycle -> 185, Recovered -> 0
Cycle -> 186, Recovered -> 0
Cycle -> 187, Recovered -> 0
Cycle -> 188, Recovered -> 0
Cycle -> 189, Recovered -> 0
Cycle -> 190, Recovered -> 0
Cycle -> 191, Recovered -> 0
Cycle -> 192, Recovered -> 0
Cycle -> 193, Recovered -> 0
Cycle -> 194, Recovered -> 0
Cycle -> 195, Recovered -> 0
Cycle -> 196, Recovered -> 0
Cycle -> 197, Recovered -> 0
Cycle -> 198, Recovered -> 0
Cycle -> 199, Recovered -> 0

Immuned Peers per cycle : 
Cycle -> 0, Immuned -> 1414
Cycle -> 1, Immuned -> 1364
Cycle -> 2, Immuned -> 1233
Cycle -> 3, Immuned -> 1246
Cycle -> 4, Immuned -> 1099
Cycle -> 5, Immuned -> 1071
Cycle -> 6, Immuned -> 935
Cycle -> 7, Immuned -> 902
Cycle -> 8, Immuned -> 785
Cycle -> 9, Immuned -> 692
Cycle -> 10, Immuned -> 659
Cycle -> 11, Immuned -> 627
Cycle -> 12, Immuned -> 575
Cycle -> 13, Immuned -> 501
Cycle -> 14, Immuned -> 451
Cycle -> 15, Immuned -> 435
Cycle -> 16, Immuned -> 397
Cycle -> 17, Immuned -> 355
Cycle -> 18, Immuned -> 341
Cycle -> 19, Immuned -> 291
Cycle -> 20, Immuned -> 288
Cycle -> 21, Immuned -> 248
Cycle -> 22, Immuned -> 239
Cycle -> 23, Immuned -> 214
Cycle -> 24, Immuned -> 200
Cycle -> 25, Immuned -> 150
Cycle -> 26, Immuned -> 186
Cycle -> 27, Immuned -> 148
Cycle -> 28, Immuned -> 120
Cycle -> 29, Immuned -> 127
Cycle -> 30, Immuned -> 95
Cycle -> 31, Immuned -> 101
Cycle -> 32, Immuned -> 84
Cycle -> 33, Immuned -> 80
Cycle -> 34, Immuned -> 84
Cycle -> 35, Immuned -> 56
Cycle -> 36, Immuned -> 65
Cycle -> 37, Immuned -> 49
Cycle -> 38, Immuned -> 50
Cycle -> 39, Immuned -> 54
Cycle -> 40, Immuned -> 50
Cycle -> 41, Immuned -> 37
Cycle -> 42, Immuned -> 34
Cycle -> 43, Immuned -> 28
Cycle -> 44, Immuned -> 31
Cycle -> 45, Immuned -> 20
Cycle -> 46, Immuned -> 22
Cycle -> 47, Immuned -> 30
Cycle -> 48, Immuned -> 21
Cycle -> 49, Immuned -> 8
Cycle -> 50, Immuned -> 24
Cycle -> 51, Immuned -> 16
Cycle -> 52, Immuned -> 18
Cycle -> 53, Immuned -> 18
Cycle -> 54, Immuned -> 15
Cycle -> 55, Immuned -> 22
Cycle -> 56, Immuned -> 16
Cycle -> 57, Immuned -> 8
Cycle -> 58, Immuned -> 10
Cycle -> 59, Immuned -> 11
Cycle -> 60, Immuned -> 11
Cycle -> 61, Immuned -> 10
Cycle -> 62, Immuned -> 12
Cycle -> 63, Immuned -> 5
Cycle -> 64, Immuned -> 13
Cycle -> 65, Immuned -> 13
Cycle -> 66, Immuned -> 9
Cycle -> 67, Immuned -> 8
Cycle -> 68, Immuned -> 6
Cycle -> 69, Immuned -> 5
Cycle -> 70, Immuned -> 5
Cycle -> 71, Immuned -> 12
Cycle -> 72, Immuned -> 5
Cycle -> 73, Immuned -> 4
Cycle -> 74, Immuned -> 8
Cycle -> 75, Immuned -> 5
Cycle -> 76, Immuned -> 3
Cycle -> 77, Immuned -> 8
Cycle -> 78, Immuned -> 11
Cycle -> 79, Immuned -> 4
Cycle -> 80, Immuned -> 0
Cycle -> 81, Immuned -> 3
Cycle -> 82, Immuned -> 3
Cycle -> 83, Immuned -> 1
Cycle -> 84, Immuned -> 2
Cycle -> 85, Immuned -> 6
Cycle -> 86, Immuned -> 2
Cycle -> 87, Immuned -> 1
Cycle -> 88, Immuned -> 2
Cycle -> 89, Immuned -> 1
Cycle -> 90, Immuned -> 3
Cycle -> 91, Immuned -> 3
Cycle -> 92, Immuned -> 1
Cycle -> 93, Immuned -> 5
Cycle -> 94, Immuned -> 3
Cycle -> 95, Immuned -> 0
Cycle -> 96, Immuned -> 4
Cycle -> 97, Immuned -> 2
Cycle -> 98, Immuned -> 4
Cycle -> 99, Immuned -> 3
Cycle -> 100, Immuned -> 3
Cycle -> 101, Immuned -> 2
Cycle -> 102, Immuned -> 1
Cycle -> 103, Immuned -> 1
Cycle -> 104, Immuned -> 4
Cycle -> 105, Immuned -> 1
Cycle -> 106, Immuned -> 2
Cycle -> 107, Immuned -> 0
Cycle -> 108, Immuned -> 1
Cycle -> 109, Immuned -> 2
Cycle -> 110, Immuned -> 2
Cycle -> 111, Immuned -> 1
Cycle -> 112, Immuned -> 0
Cycle -> 113, Immuned -> 1
Cycle -> 114, Immuned -> 0
Cycle -> 115, Immuned -> 0
Cycle -> 116, Immuned -> 2
Cycle -> 117, Immuned -> 0
Cycle -> 118, Immuned -> 1
Cycle -> 119, Immuned -> 1
Cycle -> 120, Immuned -> 0
Cycle -> 121, Immuned -> 1
Cycle -> 122, Immuned -> 0
Cycle -> 123, Immuned -> 2
Cycle -> 124, Immuned -> 0
Cycle -> 125, Immuned -> 0
Cycle -> 126, Immuned -> 0
Cycle -> 127, Immuned -> 1
Cycle -> 128, Immuned -> 0
Cycle -> 129, Immuned -> 0
Cycle -> 130, Immuned -> 0
Cycle -> 131, Immuned -> 1
Cycle -> 132, Immuned -> 0
Cycle -> 133, Immuned -> 0
Cycle -> 134, Immuned -> 0
Cycle -> 135, Immuned -> 0
Cycle -> 136, Immuned -> 0
Cycle -> 137, Immuned -> 0
Cycle -> 138, Immuned -> 1
Cycle -> 139, Immuned -> 0
Cycle -> 140, Immuned -> 0
Cycle -> 141, Immuned -> 0
Cycle -> 142, Immuned -> 0
Cycle -> 143, Immuned -> 0
Cycle -> 144, Immuned -> 0
Cycle -> 145, Immuned -> 0
Cycle -> 146, Immuned -> 1
Cycle -> 147, Immuned -> 0
Cycle -> 148, Immuned -> 0
Cycle -> 149, Immuned -> 0
Cycle -> 150, Immuned -> 0
Cycle -> 151, Immuned -> 0
Cycle -> 152, Immuned -> 0
Cycle -> 153, Immuned -> 1
Cycle -> 154, Immuned -> 1
Cycle -> 155, Immuned -> 0
Cycle -> 156, Immuned -> 0
Cycle -> 157, Immuned -> 0
Cycle -> 158, Immuned -> 0
Cycle -> 159, Immuned -> 0
Cycle -> 160, Immuned -> 0
Cycle -> 161, Immuned -> 0
Cycle -> 162, Immuned -> 0
Cycle -> 163, Immuned -> 0
Cycle -> 164, Immuned -> 0
Cycle -> 165, Immuned -> 0
Cycle -> 166, Immuned -> 0
Cycle -> 167, Immuned -> 0
Cycle -> 168, Immuned -> 0
Cycle -> 169, Immuned -> 0
Cycle -> 170, Immuned -> 0
Cycle -> 171, Immuned -> 0
Cycle -> 172, Immuned -> 0
Cycle -> 173, Immuned -> 0
Cycle -> 174, Immuned -> 0
Cycle -> 175, Immuned -> 0
Cycle -> 176, Immuned -> 0
Cycle -> 177, Immuned -> 0
Cycle -> 178, Immuned -> 0
Cycle -> 179, Immuned -> 0
Cycle -> 180, Immuned -> 0
Cycle -> 181, Immuned -> 0
Cycle -> 182, Immuned -> 0
Cycle -> 183, Immuned -> 0
Cycle -> 184, Immuned -> 0
Cycle -> 185, Immuned -> 0
Cycle -> 186, Immuned -> 0
Cycle -> 187, Immuned -> 0
Cycle -> 188, Immuned -> 0
Cycle -> 189, Immuned -> 0
Cycle -> 190, Immuned -> 0
Cycle -> 191, Immuned -> 0
Cycle -> 192, Immuned -> 0
Cycle -> 193, Immuned -> 0
Cycle -> 194, Immuned -> 0
Cycle -> 195, Immuned -> 0
Cycle -> 196, Immuned -> 0
Cycle -> 197, Immuned -> 0
Cycle -> 198, Immuned -> 0
Cycle -> 199, Immuned -> 0

