Stats

Infected OS : ANDROID

Population with Android : 24358
Population with IOS : 4547
Population with OTHERS : 95

Peers spawned near hotspots : 20300
Peers spawned randomly : 8700

Infected Peers : 3
Recovered Peers : 9160
Immuned Peers : 19836

Infected Peers per cycle : 
Cycle -> 0, Infected -> 38
Cycle -> 1, Infected -> 247
Cycle -> 2, Infected -> 229
Cycle -> 3, Infected -> 399
Cycle -> 4, Infected -> 409
Cycle -> 5, Infected -> 494
Cycle -> 6, Infected -> 582
Cycle -> 7, Infected -> 581
Cycle -> 8, Infected -> 621
Cycle -> 9, Infected -> 400
Cycle -> 10, Infected -> 336
Cycle -> 11, Infected -> 242
Cycle -> 12, Infected -> 205
Cycle -> 13, Infected -> 181
Cycle -> 14, Infected -> 228
Cycle -> 15, Infected -> 287
Cycle -> 16, Infected -> 335
Cycle -> 17, Infected -> 324
Cycle -> 18, Infected -> 354
Cycle -> 19, Infected -> 358
Cycle -> 20, Infected -> 193
Cycle -> 21, Infected -> 169
Cycle -> 22, Infected -> 143
Cycle -> 23, Infected -> 119
Cycle -> 24, Infected -> 167
Cycle -> 25, Infected -> 156
Cycle -> 26, Infected -> 251
Cycle -> 27, Infected -> 195
Cycle -> 28, Infected -> 60
Cycle -> 29, Infected -> 123
Cycle -> 30, Infected -> 74
Cycle -> 31, Infected -> 38
Cycle -> 32, Infected -> 56
Cycle -> 33, Infected -> 90
Cycle -> 34, Infected -> 76
Cycle -> 35, Infected -> 39
Cycle -> 36, Infected -> 7
Cycle -> 37, Infected -> 6
Cycle -> 38, Infected -> 8
Cycle -> 39, Infected -> 14
Cycle -> 40, Infected -> 9
Cycle -> 41, Infected -> 19
Cycle -> 42, Infected -> 10
Cycle -> 43, Infected -> 8
Cycle -> 44, Infected -> 6
Cycle -> 45, Infected -> 34
Cycle -> 46, Infected -> 69
Cycle -> 47, Infected -> 40
Cycle -> 48, Infected -> 43
Cycle -> 49, Infected -> 18
Cycle -> 50, Infected -> 11
Cycle -> 51, Infected -> 20
Cycle -> 52, Infected -> 14
Cycle -> 53, Infected -> 4
Cycle -> 54, Infected -> 6
Cycle -> 55, Infected -> 4
Cycle -> 56, Infected -> 0
Cycle -> 57, Infected -> 2
Cycle -> 58, Infected -> 4
Cycle -> 59, Infected -> 3
Cycle -> 60, Infected -> 0
Cycle -> 61, Infected -> 1
Cycle -> 62, Infected -> 0
Cycle -> 63, Infected -> 0
Cycle -> 64, Infected -> 1
Cycle -> 65, Infected -> 0
Cycle -> 66, Infected -> 0
Cycle -> 67, Infected -> 0
Cycle -> 68, Infected -> 0
Cycle -> 69, Infected -> 0
Cycle -> 70, Infected -> 0
Cycle -> 71, Infected -> 1
Cycle -> 72, Infected -> 0
Cycle -> 73, Infected -> 0
Cycle -> 74, Infected -> 1
Cycle -> 75, Infected -> 0
Cycle -> 76, Infected -> 0
Cycle -> 77, Infected -> 0
Cycle -> 78, Infected -> 0
Cycle -> 79, Infected -> 0
Cycle -> 80, Infected -> 0
Cycle -> 81, Infected -> 0
Cycle -> 82, Infected -> 0
Cycle -> 83, Infected -> 0
Cycle -> 84, Infected -> 0
Cycle -> 85, Infected -> 0
Cycle -> 86, Infected -> 0
Cycle -> 87, Infected -> 0
Cycle -> 88, Infected -> 0
Cycle -> 89, Infected -> 0
Cycle -> 90, Infected -> 0
Cycle -> 91, Infected -> 0
Cycle -> 92, Infected -> 0
Cycle -> 93, Infected -> 0
Cycle -> 94, Infected -> 0
Cycle -> 95, Infected -> 0
Cycle -> 96, Infected -> 0
Cycle -> 97, Infected -> 0
Cycle -> 98, Infected -> 0
Cycle -> 99, Infected -> 0
Cycle -> 100, Infected -> 0
Cycle -> 101, Infected -> 0
Cycle -> 102, Infected -> 0
Cycle -> 103, Infected -> 0
Cycle -> 104, Infected -> 0
Cycle -> 105, Infected -> 0
Cycle -> 106, Infected -> 0
Cycle -> 107, Infected -> 0
Cycle -> 108, Infected -> 0
Cycle -> 109, Infected -> 0
Cycle -> 110, Infected -> 0
Cycle -> 111, Infected -> 0
Cycle -> 112, Infected -> 0
Cycle -> 113, Infected -> 0
Cycle -> 114, Infected -> 0
Cycle -> 115, Infected -> 0
Cycle -> 116, Infected -> 0
Cycle -> 117, Infected -> 0
Cycle -> 118, Infected -> 0
Cycle -> 119, Infected -> 0
Cycle -> 120, Infected -> 0
Cycle -> 121, Infected -> 0
Cycle -> 122, Infected -> 0
Cycle -> 123, Infected -> 0
Cycle -> 124, Infected -> 0
Cycle -> 125, Infected -> 0
Cycle -> 126, Infected -> 0
Cycle -> 127, Infected -> 0
Cycle -> 128, Infected -> 0
Cycle -> 129, Infected -> 0
Cycle -> 130, Infected -> 0
Cycle -> 131, Infected -> 0
Cycle -> 132, Infected -> 0
Cycle -> 133, Infected -> 0
Cycle -> 134, Infected -> 0
Cycle -> 135, Infected -> 0
Cycle -> 136, Infected -> 0
Cycle -> 137, Infected -> 0
Cycle -> 138, Infected -> 0
Cycle -> 139, Infected -> 0
Cycle -> 140, Infected -> 0
Cycle -> 141, Infected -> 0
Cycle -> 142, Infected -> 0
Cycle -> 143, Infected -> 0
Cycle -> 144, Infected -> 0
Cycle -> 145, Infected -> 0
Cycle -> 146, Infected -> 0
Cycle -> 147, Infected -> 0
Cycle -> 148, Infected -> 0
Cycle -> 149, Infected -> 0
Cycle -> 150, Infected -> 0
Cycle -> 151, Infected -> 0
Cycle -> 152, Infected -> 0
Cycle -> 153, Infected -> 0
Cycle -> 154, Infected -> 0
Cycle -> 155, Infected -> 0
Cycle -> 156, Infected -> 0
Cycle -> 157, Infected -> 0
Cycle -> 158, Infected -> 0
Cycle -> 159, Infected -> 0
Cycle -> 160, Infected -> 0
Cycle -> 161, Infected -> 0
Cycle -> 162, Infected -> 0
Cycle -> 163, Infected -> 0
Cycle -> 164, Infected -> 0
Cycle -> 165, Infected -> 0
Cycle -> 166, Infected -> 0
Cycle -> 167, Infected -> 0
Cycle -> 168, Infected -> 0
Cycle -> 169, Infected -> 0
Cycle -> 170, Infected -> 0
Cycle -> 171, Infected -> 0
Cycle -> 172, Infected -> 0
Cycle -> 173, Infected -> 0
Cycle -> 174, Infected -> 0
Cycle -> 175, Infected -> 0
Cycle -> 176, Infected -> 0
Cycle -> 177, Infected -> 0
Cycle -> 178, Infected -> 0
Cycle -> 179, Infected -> 0
Cycle -> 180, Infected -> 0
Cycle -> 181, Infected -> 0
Cycle -> 182, Infected -> 0
Cycle -> 183, Infected -> 0
Cycle -> 184, Infected -> 0
Cycle -> 185, Infected -> 0
Cycle -> 186, Infected -> 0
Cycle -> 187, Infected -> 0
Cycle -> 188, Infected -> 0
Cycle -> 189, Infected -> 0
Cycle -> 190, Infected -> 0
Cycle -> 191, Infected -> 0
Cycle -> 192, Infected -> 0
Cycle -> 193, Infected -> 0
Cycle -> 194, Infected -> 0
Cycle -> 195, Infected -> 0
Cycle -> 196, Infected -> 0
Cycle -> 197, Infected -> 0
Cycle -> 198, Infected -> 0
Cycle -> 199, Infected -> 0

Recovered Peers per cycle : 
Cycle -> 0, Recovered -> 0
Cycle -> 1, Recovered -> 1
Cycle -> 2, Recovered -> 19
Cycle -> 3, Recovered -> 29
Cycle -> 4, Recovered -> 40
Cycle -> 5, Recovered -> 67
Cycle -> 6, Recovered -> 80
Cycle -> 7, Recovered -> 117
Cycle -> 8, Recovered -> 138
Cycle -> 9, Recovered -> 149
Cycle -> 10, Recovered -> 161
Cycle -> 11, Recovered -> 187
Cycle -> 12, Recovered -> 148
Cycle -> 13, Recovered -> 176
Cycle -> 14, Recovered -> 178
Cycle -> 15, Recovered -> 195
Cycle -> 16, Recovered -> 188
Cycle -> 17, Recovered -> 182
Cycle -> 18, Recovered -> 180
Cycle -> 19, Recovered -> 208
Cycle -> 20, Recovered -> 217
Cycle -> 21, Recovered -> 210
Cycle -> 22, Recovered -> 215
Cycle -> 23, Recovered -> 217
Cycle -> 24, Recovered -> 212
Cycle -> 25, Recovered -> 199
Cycle -> 26, Recovered -> 216
Cycle -> 27, Recovered -> 218
Cycle -> 28, Recovered -> 214
Cycle -> 29, Recovered -> 214
Cycle -> 30, Recovered -> 213
Cycle -> 31, Recovered -> 190
Cycle -> 32, Recovered -> 175
Cycle -> 33, Recovered -> 184
Cycle -> 34, Recovered -> 169
Cycle -> 35, Recovered -> 165
Cycle -> 36, Recovered -> 176
Cycle -> 37, Recovered -> 148
Cycle -> 38, Recovered -> 144
Cycle -> 39, Recovered -> 144
Cycle -> 40, Recovered -> 147
Cycle -> 41, Recovered -> 110
Cycle -> 42, Recovered -> 120
Cycle -> 43, Recovered -> 117
Cycle -> 44, Recovered -> 102
Cycle -> 45, Recovered -> 103
Cycle -> 46, Recovered -> 89
Cycle -> 47, Recovered -> 93
Cycle -> 48, Recovered -> 93
Cycle -> 49, Recovered -> 95
Cycle -> 50, Recovered -> 101
Cycle -> 51, Recovered -> 78
Cycle -> 52, Recovered -> 82
Cycle -> 53, Recovered -> 74
Cycle -> 54, Recovered -> 70
Cycle -> 55, Recovered -> 68
Cycle -> 56, Recovered -> 60
Cycle -> 57, Recovered -> 56
Cycle -> 58, Recovered -> 47
Cycle -> 59, Recovered -> 66
Cycle -> 60, Recovered -> 56
Cycle -> 61, Recovered -> 48
Cycle -> 62, Recovered -> 45
Cycle -> 63, Recovered -> 48
Cycle -> 64, Recovered -> 58
Cycle -> 65, Recovered -> 44
Cycle -> 66, Recovered -> 43
Cycle -> 67, Recovered -> 45
Cycle -> 68, Recovered -> 30
Cycle -> 69, Recovered -> 23
Cycle -> 70, Recovered -> 39
Cycle -> 71, Recovered -> 31
Cycle -> 72, Recovered -> 27
Cycle -> 73, Recovered -> 22
Cycle -> 74, Recovered -> 26
Cycle -> 75, Recovered -> 25
Cycle -> 76, Recovered -> 31
Cycle -> 77, Recovered -> 13
Cycle -> 78, Recovered -> 22
Cycle -> 79, Recovered -> 15
Cycle -> 80, Recovered -> 26
Cycle -> 81, Recovered -> 16
Cycle -> 82, Recovered -> 14
Cycle -> 83, Recovered -> 17
Cycle -> 84, Recovered -> 18
Cycle -> 85, Recovered -> 15
Cycle -> 86, Recovered -> 15
Cycle -> 87, Recovered -> 12
Cycle -> 88, Recovered -> 23
Cycle -> 89, Recovered -> 18
Cycle -> 90, Recovered -> 13
Cycle -> 91, Recovered -> 11
Cycle -> 92, Recovered -> 18
Cycle -> 93, Recovered -> 15
Cycle -> 94, Recovered -> 12
Cycle -> 95, Recovered -> 6
Cycle -> 96, Recovered -> 11
Cycle -> 97, Recovered -> 6
Cycle -> 98, Recovered -> 6
Cycle -> 99, Recovered -> 7
Cycle -> 100, Recovered -> 5
Cycle -> 101, Recovered -> 4
Cycle -> 102, Recovered -> 9
Cycle -> 103, Recovered -> 5
Cycle -> 104, Recovered -> 5
Cycle -> 105, Recovered -> 11
Cycle -> 106, Recovered -> 9
Cycle -> 107, Recovered -> 1
Cycle -> 108, Recovered -> 5
Cycle -> 109, Recovered -> 2
Cycle -> 110, Recovered -> 6
Cycle -> 111, Recovered -> 4
Cycle -> 112, Recovered -> 5
Cycle -> 113, Recovered -> 4
Cycle -> 114, Recovered -> 2
Cycle -> 115, Recovered -> 3
Cycle -> 116, Recovered -> 2
Cycle -> 117, Recovered -> 4
Cycle -> 118, Recovered -> 0
Cycle -> 119, Recovered -> 4
Cycle -> 120, Recovered -> 3
Cycle -> 121, Recovered -> 1
Cycle -> 122, Recovered -> 3
Cycle -> 123, Recovered -> 1
Cycle -> 124, Recovered -> 0
Cycle -> 125, Recovered -> 1
Cycle -> 126, Recovered -> 2
Cycle -> 127, Recovered -> 0
Cycle -> 128, Recovered -> 0
Cycle -> 129, Recovered -> 0
Cycle -> 130, Recovered -> 3
Cycle -> 131, Recovered -> 2
Cycle -> 132, Recovered -> 2
Cycle -> 133, Recovered -> 1
Cycle -> 134, Recovered -> 1
Cycle -> 135, Recovered -> 0
Cycle -> 136, Recovered -> 1
Cycle -> 137, Recovered -> 0
Cycle -> 138, Recovered -> 1
Cycle -> 139, Recovered -> 1
Cycle -> 140, Recovered -> 1
Cycle -> 141, Recovered -> 1
Cycle -> 142, Recovered -> 0
Cycle -> 143, Recovered -> 1
Cycle -> 144, Recovered -> 2
Cycle -> 145, Recovered -> 3
Cycle -> 146, Recovered -> 2
Cycle -> 147, Recovered -> 1
Cycle -> 148, Recovered -> 0
Cycle -> 149, Recovered -> 1
Cycle -> 150, Recovered -> 0
Cycle -> 151, Recovered -> 0
Cycle -> 152, Recovered -> 0
Cycle -> 153, Recovered -> 1
Cycle -> 154, Recovered -> 0
Cycle -> 155, Recovered -> 0
Cycle -> 156, Recovered -> 2
Cycle -> 157, Recovered -> 0
Cycle -> 158, Recovered -> 0
Cycle -> 159, Recovered -> 0
Cycle -> 160, Recovered -> 3
Cycle -> 161, Recovered -> 0
Cycle -> 162, Recovered -> 0
Cycle -> 163, Recovered -> 0
Cycle -> 164, Recovered -> 0
Cycle -> 165, Recovered -> 0
Cycle -> 166, Recovered -> 1
Cycle -> 167, Recovered -> 0
Cycle -> 168, Recovered -> 0
Cycle -> 169, Recovered -> 0
Cycle -> 170, Recovered -> 0
Cycle -> 171, Recovered -> 0
Cycle -> 172, Recovered -> 0
Cycle -> 173, Recovered -> 1
Cycle -> 174, Recovered -> 1
Cycle -> 175, Recovered -> 0
Cycle -> 176, Recovered -> 1
Cycle -> 177, Recovered -> 0
Cycle -> 178, Recovered -> 1
Cycle -> 179, Recovered -> 0
Cycle -> 180, Recovered -> 0
Cycle -> 181, Recovered -> 0
Cycle -> 182, Recovered -> 0
Cycle -> 183, Recovered -> 0
Cycle -> 184, Recovered -> 0
Cycle -> 185, Recovered -> 0
Cycle -> 186, Recovered -> 0
Cycle -> 187, Recovered -> 0
Cycle -> 188, Recovered -> 0
Cycle -> 189, Recovered -> 0
Cycle -> 190, Recovered -> 0
Cycle -> 191, Recovered -> 0
Cycle -> 192, Recovered -> 0
Cycle -> 193, Recovered -> 0
Cycle -> 194, Recovered -> 0
Cycle -> 195, Recovered -> 0
Cycle -> 196, Recovered -> 0
Cycle -> 197, Recovered -> 0
Cycle -> 198, Recovered -> 0
Cycle -> 199, Recovered -> 0

Immuned Peers per cycle : 
Cycle -> 0, Immuned -> 1440
Cycle -> 1, Immuned -> 1325
Cycle -> 2, Immuned -> 1336
Cycle -> 3, Immuned -> 1208
Cycle -> 4, Immuned -> 1168
Cycle -> 5, Immuned -> 1026
Cycle -> 6, Immuned -> 987
Cycle -> 7, Immuned -> 931
Cycle -> 8, Immuned -> 827
Cycle -> 9, Immuned -> 776
Cycle -> 10, Immuned -> 697
Cycle -> 11, Immuned -> 605
Cycle -> 12, Immuned -> 596
Cycle -> 13, Immuned -> 546
Cycle -> 14, Immuned -> 538
Cycle -> 15, Immuned -> 455
Cycle -> 16, Immuned -> 490
Cycle -> 17, Immuned -> 387
Cycle -> 18, Immuned -> 376
Cycle -> 19, Immuned -> 324
Cycle -> 20, Immuned -> 302
Cycle -> 21, Immuned -> 284
Cycle -> 22, Immuned -> 259
Cycle -> 23, Immuned -> 213
Cycle -> 24, Immuned -> 227
Cycle -> 25, Immuned -> 207
Cycle -> 26, Immuned -> 210
Cycle -> 27, Immuned -> 147
Cycle -> 28, Immuned -> 141
Cycle -> 29, Immuned -> 126
Cycle -> 30, Immuned -> 109
Cycle -> 31, Immuned -> 118
Cycle -> 32, Immuned -> 110
Cycle -> 33, Immuned -> 88
Cycle -> 34, Immuned -> 86
Cycle -> 35, Immuned -> 94
Cycle -> 36, Immuned -> 71
Cycle -> 37, Immuned -> 83
Cycle -> 38, Immuned -> 55
Cycle -> 39, Immuned -> 60
Cycle -> 40, Immuned -> 58
Cycle -> 41, Immuned -> 59
Cycle -> 42, Immuned -> 54
Cycle -> 43, Immuned -> 44
Cycle -> 44, Immuned -> 44
Cycle -> 45, Immuned -> 47
Cycle -> 46, Immuned -> 36
Cycle -> 47, Immuned -> 33
Cycle -> 48, Immuned -> 31
Cycle -> 49, Immuned -> 30
Cycle -> 50, Immuned -> 27
Cycle -> 51, Immuned -> 24
Cycle -> 52, Immuned -> 8
Cycle -> 53, Immuned -> 14
Cycle -> 54, Immuned -> 16
Cycle -> 55, Immuned -> 19
Cycle -> 56, Immuned -> 18
Cycle -> 57, Immuned -> 8
Cycle -> 58, Immuned -> 10
Cycle -> 59, Immuned -> 11
Cycle -> 60, Immuned -> 16
Cycle -> 61, Immuned -> 9
Cycle -> 62, Immuned -> 11
Cycle -> 63, Immuned -> 10
Cycle -> 64, Immuned -> 6
Cycle -> 65, Immuned -> 7
Cycle -> 66, Immuned -> 10
Cycle -> 67, Immuned -> 9
Cycle -> 68, Immuned -> 6
Cycle -> 69, Immuned -> 7
Cycle -> 70, Immuned -> 8
Cycle -> 71, Immuned -> 4
Cycle -> 72, Immuned -> 9
Cycle -> 73, Immuned -> 8
Cycle -> 74, Immuned -> 4
Cycle -> 75, Immuned -> 6
Cycle -> 76, Immuned -> 2
Cycle -> 77, Immuned -> 5
Cycle -> 78, Immuned -> 4
Cycle -> 79, Immuned -> 3
Cycle -> 80, Immuned -> 7
Cycle -> 81, Immuned -> 2
Cycle -> 82, Immuned -> 1
Cycle -> 83, Immuned -> 2
Cycle -> 84, Immuned -> 2
Cycle -> 85, Immuned -> 1
Cycle -> 86, Immuned -> 0
Cycle -> 87, Immuned -> 2
Cycle -> 88, Immuned -> 1
Cycle -> 89, Immuned -> 1
Cycle -> 90, Immuned -> 3
Cycle -> 91, Immuned -> 3
Cycle -> 92, Immuned -> 2
Cycle -> 93, Immuned -> 2
Cycle -> 94, Immuned -> 1
Cycle -> 95, Immuned -> 1
Cycle -> 96, Immuned -> 1
Cycle -> 97, Immuned -> 0
Cycle -> 98, Immuned -> 0
Cycle -> 99, Immuned -> 1
Cycle -> 100, Immuned -> 1
Cycle -> 101, Immuned -> 1
Cycle -> 102, Immuned -> 3
Cycle -> 103, Immuned -> 1
Cycle -> 104, Immuned -> 2
Cycle -> 105, Immuned -> 0
Cycle -> 106, Immuned -> 2
Cycle -> 107, Immuned -> 3
Cycle -> 108, Immuned -> 1
Cycle -> 109, Immuned -> 1
Cycle -> 110, Immuned -> 2
Cycle -> 111, Immuned -> 2
Cycle -> 112, Immuned -> 4
Cycle -> 113, Immuned -> 0
Cycle -> 114, Immuned -> 0
Cycle -> 115, Immuned -> 0
Cycle -> 116, Immuned -> 1
Cycle -> 117, Immuned -> 0
Cycle -> 118, Immuned -> 1
Cycle -> 119, Immuned -> 2
Cycle -> 120, Immuned -> 0
Cycle -> 121, Immuned -> 0
Cycle -> 122, Immuned -> 1
Cycle -> 123, Immuned -> 0
Cycle -> 124, Immuned -> 0
Cycle -> 125, Immuned -> 0
Cycle -> 126, Immuned -> 0
Cycle -> 127, Immuned -> 1
Cycle -> 128, Immuned -> 0
Cycle -> 129, Immuned -> 1
Cycle -> 130, Immuned -> 1
Cycle -> 131, Immuned -> 1
Cycle -> 132, Immuned -> 1
Cycle -> 133, Immuned -> 0
Cycle -> 134, Immuned -> 1
Cycle -> 135, Immuned -> 1
Cycle -> 136, Immuned -> 0
Cycle -> 137, Immuned -> 0
Cycle -> 138, Immuned -> 0
Cycle -> 139, Immuned -> 0
Cycle -> 140, Immuned -> 0
Cycle -> 141, Immuned -> 0
Cycle -> 142, Immuned -> 1
Cycle -> 143, Immuned -> 0
Cycle -> 144, Immuned -> 0
Cycle -> 145, Immuned -> 0
Cycle -> 146, Immuned -> 0
Cycle -> 147, Immuned -> 1
Cycle -> 148, Immuned -> 1
Cycle -> 149, Immuned -> 0
Cycle -> 150, Immuned -> 0
Cycle -> 151, Immuned -> 0
Cycle -> 152, Immuned -> 0
Cycle -> 153, Immuned -> 0
Cycle -> 154, Immuned -> 0
Cycle -> 155, Immuned -> 0
Cycle -> 156, Immuned -> 1
Cycle -> 157, Immuned -> 0
Cycle -> 158, Immuned -> 0
Cycle -> 159, Immuned -> 0
Cycle -> 160, Immuned -> 0
Cycle -> 161, Immuned -> 0
Cycle -> 162, Immuned -> 0
Cycle -> 163, Immuned -> 0
Cycle -> 164, Immuned -> 0
Cycle -> 165, Immuned -> 0
Cycle -> 166, Immuned -> 0
Cycle -> 167, Immuned -> 0
Cycle -> 168, Immuned -> 0
Cycle -> 169, Immuned -> 0
Cycle -> 170, Immuned -> 1
Cycle -> 171, Immuned -> 0
Cycle -> 172, Immuned -> 0
Cycle -> 173, Immuned -> 0
Cycle -> 174, Immuned -> 0
Cycle -> 175, Immuned -> 0
Cycle -> 176, Immuned -> 0
Cycle -> 177, Immuned -> 0
Cycle -> 178, Immuned -> 0
Cycle -> 179, Immuned -> 0
Cycle -> 180, Immuned -> 0
Cycle -> 181, Immuned -> 0
Cycle -> 182, Immuned -> 0
Cycle -> 183, Immuned -> 0
Cycle -> 184, Immuned -> 0
Cycle -> 185, Immuned -> 0
Cycle -> 186, Immuned -> 0
Cycle -> 187, Immuned -> 0
Cycle -> 188, Immuned -> 0
Cycle -> 189, Immuned -> 0
Cycle -> 190, Immuned -> 0
Cycle -> 191, Immuned -> 0
Cycle -> 192, Immuned -> 0
Cycle -> 193, Immuned -> 0
Cycle -> 194, Immuned -> 0
Cycle -> 195, Immuned -> 0
Cycle -> 196, Immuned -> 0
Cycle -> 197, Immuned -> 0
Cycle -> 198, Immuned -> 0
Cycle -> 199, Immuned -> 0

