Stats

Infected OS : ANDROID

Population with Android : 24245
Population with IOS : 4631
Population with OTHERS : 124

Peers spawned near hotspots : 20300
Peers spawned randomly : 8700

Infected Peers : 0
Recovered Peers : 10238
Immuned Peers : 18762

Infected Peers per cycle : 
51
180
255
664
759
582
508
622
1134
773
 492
 494
 248
 285
 412
 290
 178
 165
 124
 119
 196
 159
 119
 58
 90
 112
 152
 131
 68
 63
 77
 70
 75
 57
 46
 67
 65
 61
 32
 24
 26
 22
 16
 13
 6
 9
 7
 6
 7
 6
 5
 6
 8
 6
 5
 3
 5
 1
 3
 2
 3
 1
 1
 3
 2
 2
 1
 1
 1
 1
 0
 0
 0
 0
 0
 0
 1
 0
 0
 0
 0
 0
 0
 0
 0
 0
 0
 0
 0
 0
 0
 0
 0
 0
 0
 0
 0
 0
 1
 0
> 0
> 0
> 0
> 0
> 0
> 0
> 0
> 0
> 0
> 0
> 0
> 0
> 0
> 0
> 0
> 0
> 0
> 0
> 0
> 0
> 0
> 0
> 0
> 0
> 0
> 0
> 0
> 0
> 0
> 0
> 0
> 0
> 0
> 0
> 0
> 0
> 0
> 0
> 0
> 0
> 0
> 0
> 0
> 0
> 0
> 0
> 0
> 0
> 0
> 0
> 0
> 0
> 0
> 0
> 0
> 0
> 0
> 0
> 0
> 0
> 0
> 0
> 0
> 0
> 0
> 0
> 0
> 0
Cycle -> 168, Infected -> 0
Cycle -> 169, Infected -> 0
Cycle -> 170, Infected -> 0
Cycle -> 171, Infected -> 0
Cycle -> 172, Infected -> 0
Cycle -> 173, Infected -> 0
Cycle -> 174, Infected -> 0
Cycle -> 175, Infected -> 0
Cycle -> 176, Infected -> 0
Cycle -> 177, Infected -> 0
Cycle -> 178, Infected -> 0
Cycle -> 179, Infected -> 0
Cycle -> 180, Infected -> 0
Cycle -> 181, Infected -> 0
Cycle -> 182, Infected -> 0
Cycle -> 183, Infected -> 0
Cycle -> 184, Infected -> 0
Cycle -> 185, Infected -> 0
Cycle -> 186, Infected -> 0
Cycle -> 187, Infected -> 0
Cycle -> 188, Infected -> 0
Cycle -> 189, Infected -> 0
Cycle -> 190, Infected -> 0
Cycle -> 191, Infected -> 0
Cycle -> 192, Infected -> 0
Cycle -> 193, Infected -> 0
Cycle -> 194, Infected -> 0
Cycle -> 195, Infected -> 0
Cycle -> 196, Infected -> 0
Cycle -> 197, Infected -> 0
Cycle -> 198, Infected -> 0
Cycle -> 199, Infected -> 0

Recovered Peers per cycle : 
0
2
11
23
52
84
92
139
154
209
 261
 240
 275
 229
 267
 263
 266
 278
 257
 243
 257
 238
 245
 206
 228
 248
 202
 213
 216
 185
 188
 183
 197
 170
 165
 166
 147
 163
 159
 145
 149
 136
 127
 130
 109
 105
 105
 107
 103
 93
 84
 77
 77
 87
 67
 80
 74
 59
 63
 64
 60
 46
 50
 57
 38
 39
 46
 52
 33
 33
 40
 25
 30
 30
 24
 22
 24
 20
 20
 22
 22
 22
 22
 12
 9
 15
 10
 9
 13
 11
 12
 6
 8
 9
 18
 8
 10
 9
 6
 8
 7
 4
 4
 7
 6
 8
 4
 3
 5
 5
 4
 3
 1
 2
 6
 6
 4
 5
 3
 1
 2
 1
 2
 1
 0
 1
 0
 2
 1
 2
 2
 2
 2
> 2
> 0
> 2
> 0
> 1
> 0
> 0
> 0
> 0
> 0
> 1
> 1
> 0
> 2
> 0
> 1
Cycle -> 149, Recovered -> 2
Cycle -> 150, Recovered -> 1
Cycle -> 151, Recovered -> 0
Cycle -> 152, Recovered -> 0
Cycle -> 153, Recovered -> 0
Cycle -> 154, Recovered -> 0
Cycle -> 155, Recovered -> 0
Cycle -> 156, Recovered -> 0
Cycle -> 157, Recovered -> 2
Cycle -> 158, Recovered -> 0
Cycle -> 159, Recovered -> 0
Cycle -> 160, Recovered -> 0
Cycle -> 161, Recovered -> 3
Cycle -> 162, Recovered -> 0
Cycle -> 163, Recovered -> 1
Cycle -> 164, Recovered -> 0
Cycle -> 165, Recovered -> 1
Cycle -> 166, Recovered -> 0
Cycle -> 167, Recovered -> 0
Cycle -> 168, Recovered -> 0
Cycle -> 169, Recovered -> 0
Cycle -> 170, Recovered -> 0
Cycle -> 171, Recovered -> 0
Cycle -> 172, Recovered -> 0
Cycle -> 173, Recovered -> 0
Cycle -> 174, Recovered -> 0
Cycle -> 175, Recovered -> 0
Cycle -> 176, Recovered -> 0
Cycle -> 177, Recovered -> 0
Cycle -> 178, Recovered -> 0
Cycle -> 179, Recovered -> 0
Cycle -> 180, Recovered -> 0
Cycle -> 181, Recovered -> 0
Cycle -> 182, Recovered -> 0
Cycle -> 183, Recovered -> 0
Cycle -> 184, Recovered -> 0
Cycle -> 185, Recovered -> 0
Cycle -> 186, Recovered -> 0
Cycle -> 187, Recovered -> 0
Cycle -> 188, Recovered -> 0
Cycle -> 189, Recovered -> 0
Cycle -> 190, Recovered -> 0
Cycle -> 191, Recovered -> 0
Cycle -> 192, Recovered -> 0
Cycle -> 193, Recovered -> 0
Cycle -> 194, Recovered -> 0
Cycle -> 195, Recovered -> 0
Cycle -> 196, Recovered -> 0
Cycle -> 197, Recovered -> 0
Cycle -> 198, Recovered -> 0
Cycle -> 199, Recovered -> 0

Immuned Peers per cycle : 
Cycle -> 0, Immuned -> 1415
Cycle -> 1, Immuned -> 1384
Cycle -> 2, Immuned -> 1295
Cycle -> 3, Immuned -> 1236
Cycle -> 4, Immuned -> 1118
Cycle -> 5, Immuned -> 968
Cycle -> 6, Immuned -> 960
Cycle -> 7, Immuned -> 863
Cycle -> 8, Immuned -> 836
Cycle -> 9, Immuned -> 680
Cycle -> 10, Immuned -> 671
Cycle -> 11, Immuned -> 613
Cycle -> 12, Immuned -> 526
Cycle -> 13, Immuned -> 528
Cycle -> 14, Immuned -> 459
Cycle -> 15, Immuned -> 407
Cycle -> 16, Immuned -> 380
Cycle -> 17, Immuned -> 351
Cycle -> 18, Immuned -> 310
Cycle -> 19, Immuned -> 283
Cycle -> 20, Immuned -> 241
Cycle -> 21, Immuned -> 259
Cycle -> 22, Immuned -> 212
Cycle -> 23, Immuned -> 212
Cycle -> 24, Immuned -> 211
Cycle -> 25, Immuned -> 178
Cycle -> 26, Immuned -> 179
Cycle -> 27, Immuned -> 163
Cycle -> 28, Immuned -> 143
Cycle -> 29, Immuned -> 118
Cycle -> 30, Immuned -> 130
Cycle -> 31, Immuned -> 98
Cycle -> 32, Immuned -> 85
Cycle -> 33, Immuned -> 104
Cycle -> 34, Immuned -> 89
Cycle -> 35, Immuned -> 82
Cycle -> 36, Immuned -> 59
Cycle -> 37, Immuned -> 67
Cycle -> 38, Immuned -> 57
Cycle -> 39, Immuned -> 49
Cycle -> 40, Immuned -> 52
Cycle -> 41, Immuned -> 51
Cycle -> 42, Immuned -> 39
Cycle -> 43, Immuned -> 37
Cycle -> 44, Immuned -> 36
Cycle -> 45, Immuned -> 36
Cycle -> 46, Immuned -> 30
Cycle -> 47, Immuned -> 27
Cycle -> 48, Immuned -> 24
Cycle -> 49, Immuned -> 22
Cycle -> 50, Immuned -> 19
Cycle -> 51, Immuned -> 18
Cycle -> 52, Immuned -> 21
Cycle -> 53, Immuned -> 16
Cycle -> 54, Immuned -> 14
Cycle -> 55, Immuned -> 24
Cycle -> 56, Immuned -> 13
Cycle -> 57, Immuned -> 9
Cycle -> 58, Immuned -> 11
Cycle -> 59, Immuned -> 10
Cycle -> 60, Immuned -> 14
Cycle -> 61, Immuned -> 14
Cycle -> 62, Immuned -> 12
Cycle -> 63, Immuned -> 7
Cycle -> 64, Immuned -> 15
Cycle -> 65, Immuned -> 11
Cycle -> 66, Immuned -> 12
Cycle -> 67, Immuned -> 7
Cycle -> 68, Immuned -> 11
Cycle -> 69, Immuned -> 7
Cycle -> 70, Immuned -> 8
Cycle -> 71, Immuned -> 4
Cycle -> 72, Immuned -> 5
Cycle -> 73, Immuned -> 5
Cycle -> 74, Immuned -> 11
Cycle -> 75, Immuned -> 6
Cycle -> 76, Immuned -> 4
Cycle -> 77, Immuned -> 6
Cycle -> 78, Immuned -> 6
Cycle -> 79, Immuned -> 3
Cycle -> 80, Immuned -> 5
Cycle -> 81, Immuned -> 1
Cycle -> 82, Immuned -> 1
Cycle -> 83, Immuned -> 3
Cycle -> 84, Immuned -> 2
Cycle -> 85, Immuned -> 2
Cycle -> 86, Immuned -> 5
Cycle -> 87, Immuned -> 1
Cycle -> 88, Immuned -> 1
Cycle -> 89, Immuned -> 2
Cycle -> 90, Immuned -> 2
Cycle -> 91, Immuned -> 2
Cycle -> 92, Immuned -> 2
Cycle -> 93, Immuned -> 1
Cycle -> 94, Immuned -> 2
Cycle -> 95, Immuned -> 1
Cycle -> 96, Immuned -> 5
Cycle -> 97, Immuned -> 1
Cycle -> 98, Immuned -> 2
Cycle -> 99, Immuned -> 2
Cycle -> 100, Immuned -> 2
Cycle -> 101, Immuned -> 0
Cycle -> 102, Immuned -> 1
Cycle -> 103, Immuned -> 1
Cycle -> 104, Immuned -> 0
Cycle -> 105, Immuned -> 1
Cycle -> 106, Immuned -> 1
Cycle -> 107, Immuned -> 1
Cycle -> 108, Immuned -> 1
Cycle -> 109, Immuned -> 2
Cycle -> 110, Immuned -> 0
Cycle -> 111, Immuned -> 2
Cycle -> 112, Immuned -> 1
Cycle -> 113, Immuned -> 0
Cycle -> 114, Immuned -> 1
Cycle -> 115, Immuned -> 0
Cycle -> 116, Immuned -> 0
Cycle -> 117, Immuned -> 3
Cycle -> 118, Immuned -> 0
Cycle -> 119, Immuned -> 1
Cycle -> 120, Immuned -> 1
Cycle -> 121, Immuned -> 1
Cycle -> 122, Immuned -> 0
Cycle -> 123, Immuned -> 1
Cycle -> 124, Immuned -> 0
Cycle -> 125, Immuned -> 0
Cycle -> 126, Immuned -> 0
Cycle -> 127, Immuned -> 0
Cycle -> 128, Immuned -> 0
Cycle -> 129, Immuned -> 1
Cycle -> 130, Immuned -> 1
Cycle -> 131, Immuned -> 0
Cycle -> 132, Immuned -> 0
Cycle -> 133, Immuned -> 0
Cycle -> 134, Immuned -> 0
Cycle -> 135, Immuned -> 0
Cycle -> 136, Immuned -> 0
Cycle -> 137, Immuned -> 0
Cycle -> 138, Immuned -> 0
Cycle -> 139, Immuned -> 0
Cycle -> 140, Immuned -> 0
Cycle -> 141, Immuned -> 0
Cycle -> 142, Immuned -> 0
Cycle -> 143, Immuned -> 0
Cycle -> 144, Immuned -> 0
Cycle -> 145, Immuned -> 0
Cycle -> 146, Immuned -> 0
Cycle -> 147, Immuned -> 0
Cycle -> 148, Immuned -> 0
Cycle -> 149, Immuned -> 0
Cycle -> 150, Immuned -> 0
Cycle -> 151, Immuned -> 0
Cycle -> 152, Immuned -> 0
Cycle -> 153, Immuned -> 0
Cycle -> 154, Immuned -> 0
Cycle -> 155, Immuned -> 0
Cycle -> 156, Immuned -> 0
Cycle -> 157, Immuned -> 0
Cycle -> 158, Immuned -> 0
Cycle -> 159, Immuned -> 0
Cycle -> 160, Immuned -> 0
Cycle -> 161, Immuned -> 0
Cycle -> 162, Immuned -> 0
Cycle -> 163, Immuned -> 0
Cycle -> 164, Immuned -> 0
Cycle -> 165, Immuned -> 0
Cycle -> 166, Immuned -> 0
Cycle -> 167, Immuned -> 0
Cycle -> 168, Immuned -> 0
Cycle -> 169, Immuned -> 0
Cycle -> 170, Immuned -> 0
Cycle -> 171, Immuned -> 0
Cycle -> 172, Immuned -> 0
Cycle -> 173, Immuned -> 0
Cycle -> 174, Immuned -> 0
Cycle -> 175, Immuned -> 0
Cycle -> 176, Immuned -> 0
Cycle -> 177, Immuned -> 0
Cycle -> 178, Immuned -> 0
Cycle -> 179, Immuned -> 0
Cycle -> 180, Immuned -> 0
Cycle -> 181, Immuned -> 0
Cycle -> 182, Immuned -> 0
Cycle -> 183, Immuned -> 0
Cycle -> 184, Immuned -> 0
Cycle -> 185, Immuned -> 0
Cycle -> 186, Immuned -> 0
Cycle -> 187, Immuned -> 0
Cycle -> 188, Immuned -> 0
Cycle -> 189, Immuned -> 0
Cycle -> 190, Immuned -> 0
Cycle -> 191, Immuned -> 0
Cycle -> 192, Immuned -> 0
Cycle -> 193, Immuned -> 0
Cycle -> 194, Immuned -> 0
Cycle -> 195, Immuned -> 0
Cycle -> 196, Immuned -> 0
Cycle -> 197, Immuned -> 0
Cycle -> 198, Immuned -> 0
Cycle -> 199, Immuned -> 0

