Stats

Infected OS : ANDROID

Population with Android : 24354
Population with IOS : 4521
Population with OTHERS : 125

Peers spawned near hotspots : 20300
Peers spawned randomly : 8700

Infected Peers : 1
Recovered Peers : 9796
Immuned Peers : 19203

Infected Peers per cycle : 
 9
 65
 201
 339
 339
 712
 859
 906
 834
 508
 506
 387
 275
 182
 242
 212
 319
 269
 188
 142
 203
 181
 120
 64
 89
 127
 147
 139
 110
 113
 115
 115
 112
 76
 131
 141
 61
 57
 47
 26
 23
 9
 6
 6
 11
 3
 4
 5
 3
 7
 10
 11
 9
 3
 2
 1
 6
 4
 1
 0
 0
 0
 1
 0
 1
Cycle -> 65, Infected -> 0
Cycle -> 66, Infected -> 0
Cycle -> 67, Infected -> 0
Cycle -> 68, Infected -> 0
Cycle -> 69, Infected -> 0
Cycle -> 70, Infected -> 1
Cycle -> 71, Infected -> 0
Cycle -> 72, Infected -> 0
Cycle -> 73, Infected -> 0
Cycle -> 74, Infected -> 0
Cycle -> 75, Infected -> 0
Cycle -> 76, Infected -> 0
Cycle -> 77, Infected -> 1
Cycle -> 78, Infected -> 0
Cycle -> 79, Infected -> 0
Cycle -> 80, Infected -> 0
Cycle -> 81, Infected -> 0
Cycle -> 82, Infected -> 0
Cycle -> 83, Infected -> 0
Cycle -> 84, Infected -> 0
Cycle -> 85, Infected -> 0
Cycle -> 86, Infected -> 0
Cycle -> 87, Infected -> 0
Cycle -> 88, Infected -> 0
Cycle -> 89, Infected -> 0
Cycle -> 90, Infected -> 0
Cycle -> 91, Infected -> 0
Cycle -> 92, Infected -> 0
Cycle -> 93, Infected -> 0
Cycle -> 94, Infected -> 0
Cycle -> 95, Infected -> 0
Cycle -> 96, Infected -> 0
Cycle -> 97, Infected -> 0
Cycle -> 98, Infected -> 0
Cycle -> 99, Infected -> 0
Cycle -> 100, Infected -> 0
Cycle -> 101, Infected -> 0
Cycle -> 102, Infected -> 0
Cycle -> 103, Infected -> 0
Cycle -> 104, Infected -> 0
Cycle -> 105, Infected -> 0
Cycle -> 106, Infected -> 0
Cycle -> 107, Infected -> 0
Cycle -> 108, Infected -> 0
Cycle -> 109, Infected -> 0
Cycle -> 110, Infected -> 0
Cycle -> 111, Infected -> 0
Cycle -> 112, Infected -> 0
Cycle -> 113, Infected -> 0
Cycle -> 114, Infected -> 0
Cycle -> 115, Infected -> 0
Cycle -> 116, Infected -> 0
Cycle -> 117, Infected -> 0
Cycle -> 118, Infected -> 0
Cycle -> 119, Infected -> 0
Cycle -> 120, Infected -> 0
Cycle -> 121, Infected -> 0
Cycle -> 122, Infected -> 0
Cycle -> 123, Infected -> 0
Cycle -> 124, Infected -> 0
Cycle -> 125, Infected -> 0
Cycle -> 126, Infected -> 0
Cycle -> 127, Infected -> 0
Cycle -> 128, Infected -> 0
Cycle -> 129, Infected -> 0
Cycle -> 130, Infected -> 0
Cycle -> 131, Infected -> 0
Cycle -> 132, Infected -> 0
Cycle -> 133, Infected -> 0
Cycle -> 134, Infected -> 0
Cycle -> 135, Infected -> 0
Cycle -> 136, Infected -> 0
Cycle -> 137, Infected -> 0
Cycle -> 138, Infected -> 0
Cycle -> 139, Infected -> 0
Cycle -> 140, Infected -> 0
Cycle -> 141, Infected -> 0
Cycle -> 142, Infected -> 0
Cycle -> 143, Infected -> 0
Cycle -> 144, Infected -> 0
Cycle -> 145, Infected -> 0
Cycle -> 146, Infected -> 0
Cycle -> 147, Infected -> 0
Cycle -> 148, Infected -> 0
Cycle -> 149, Infected -> 0
Cycle -> 150, Infected -> 0
Cycle -> 151, Infected -> 0
Cycle -> 152, Infected -> 0
Cycle -> 153, Infected -> 0
Cycle -> 154, Infected -> 0
Cycle -> 155, Infected -> 0
Cycle -> 156, Infected -> 0
Cycle -> 157, Infected -> 0
Cycle -> 158, Infected -> 0
Cycle -> 159, Infected -> 0
Cycle -> 160, Infected -> 0
Cycle -> 161, Infected -> 0
Cycle -> 162, Infected -> 0
Cycle -> 163, Infected -> 0
Cycle -> 164, Infected -> 0
Cycle -> 165, Infected -> 0
Cycle -> 166, Infected -> 0
Cycle -> 167, Infected -> 0
Cycle -> 168, Infected -> 0
Cycle -> 169, Infected -> 0
Cycle -> 170, Infected -> 0
Cycle -> 171, Infected -> 0
Cycle -> 172, Infected -> 0
Cycle -> 173, Infected -> 0
Cycle -> 174, Infected -> 0
Cycle -> 175, Infected -> 0
Cycle -> 176, Infected -> 0
Cycle -> 177, Infected -> 0
Cycle -> 178, Infected -> 0
Cycle -> 179, Infected -> 0
Cycle -> 180, Infected -> 0
Cycle -> 181, Infected -> 0
Cycle -> 182, Infected -> 0
Cycle -> 183, Infected -> 0
Cycle -> 184, Infected -> 0
Cycle -> 185, Infected -> 0
Cycle -> 186, Infected -> 0
Cycle -> 187, Infected -> 0
Cycle -> 188, Infected -> 0
Cycle -> 189, Infected -> 0
Cycle -> 190, Infected -> 0
Cycle -> 191, Infected -> 0
Cycle -> 192, Infected -> 0
Cycle -> 193, Infected -> 0
Cycle -> 194, Infected -> 0
Cycle -> 195, Infected -> 0
Cycle -> 196, Infected -> 0
Cycle -> 197, Infected -> 0
Cycle -> 198, Infected -> 0
Cycle -> 199, Infected -> 0

Recovered Peers per cycle : 
0
0
1
21
22
48
91
120
178
191
236
190
226
233
221
236
221
219
241
235
235
211
230
217
193
186
217
200
211
185
196
174
171
179
185
161
161
147
159
160
146
143
136
144
128
110
118
121
101
81
91
82
81
78
77
88
79
66
63
57
47
46
57
45
58
41
38
37
37
30
29
39
38
35
25
25
25
27
17
20
26
23
15
17
16
13
13
14
12
11
9
8
10
7
5
9
5
7
12
11
 3
 10
 4
 4
 7
 2
 7
 4
 3
 3
 5
 5
 7
 2
 2
 1
 4
 1
 1
 4
 2
 2
 3
 4
 4
 7
 1
 3
 0
 2
 3
 0
 0
 3
 1
 0
 0
 2
 2
 2
 0
 0
 2
Cycle -> 143, Recovered -> 2
Cycle -> 144, Recovered -> 5
Cycle -> 145, Recovered -> 0
Cycle -> 146, Recovered -> 0
Cycle -> 147, Recovered -> 2
Cycle -> 148, Recovered -> 0
Cycle -> 149, Recovered -> 0
Cycle -> 150, Recovered -> 0
Cycle -> 151, Recovered -> 0
Cycle -> 152, Recovered -> 0
Cycle -> 153, Recovered -> 2
Cycle -> 154, Recovered -> 0
Cycle -> 155, Recovered -> 0
Cycle -> 156, Recovered -> 1
Cycle -> 157, Recovered -> 0
Cycle -> 158, Recovered -> 1
Cycle -> 159, Recovered -> 0
Cycle -> 160, Recovered -> 1
Cycle -> 161, Recovered -> 0
Cycle -> 162, Recovered -> 0
Cycle -> 163, Recovered -> 0
Cycle -> 164, Recovered -> 0
Cycle -> 165, Recovered -> 0
Cycle -> 166, Recovered -> 0
Cycle -> 167, Recovered -> 0
Cycle -> 168, Recovered -> 1
Cycle -> 169, Recovered -> 0
Cycle -> 170, Recovered -> 0
Cycle -> 171, Recovered -> 0
Cycle -> 172, Recovered -> 0
Cycle -> 173, Recovered -> 0
Cycle -> 174, Recovered -> 0
Cycle -> 175, Recovered -> 1
Cycle -> 176, Recovered -> 0
Cycle -> 177, Recovered -> 0
Cycle -> 178, Recovered -> 0
Cycle -> 179, Recovered -> 1
Cycle -> 180, Recovered -> 0
Cycle -> 181, Recovered -> 0
Cycle -> 182, Recovered -> 0
Cycle -> 183, Recovered -> 0
Cycle -> 184, Recovered -> 0
Cycle -> 185, Recovered -> 0
Cycle -> 186, Recovered -> 0
Cycle -> 187, Recovered -> 0
Cycle -> 188, Recovered -> 0
Cycle -> 189, Recovered -> 0
Cycle -> 190, Recovered -> 0
Cycle -> 191, Recovered -> 0
Cycle -> 192, Recovered -> 0
Cycle -> 193, Recovered -> 0
Cycle -> 194, Recovered -> 0
Cycle -> 195, Recovered -> 0
Cycle -> 196, Recovered -> 0
Cycle -> 197, Recovered -> 0
Cycle -> 198, Recovered -> 0
Cycle -> 199, Recovered -> 0

Immuned Peers per cycle : 
Cycle -> 0, Immuned -> 1469
Cycle -> 1, Immuned -> 1409
Cycle -> 2, Immuned -> 1329
Cycle -> 3, Immuned -> 1229
Cycle -> 4, Immuned -> 1121
Cycle -> 5, Immuned -> 1071
Cycle -> 6, Immuned -> 961
Cycle -> 7, Immuned -> 839
Cycle -> 8, Immuned -> 845
Cycle -> 9, Immuned -> 717
Cycle -> 10, Immuned -> 685
Cycle -> 11, Immuned -> 571
Cycle -> 12, Immuned -> 574
Cycle -> 13, Immuned -> 512
Cycle -> 14, Immuned -> 466
Cycle -> 15, Immuned -> 420
Cycle -> 16, Immuned -> 399
Cycle -> 17, Immuned -> 354
Cycle -> 18, Immuned -> 328
Cycle -> 19, Immuned -> 329
Cycle -> 20, Immuned -> 302
Cycle -> 21, Immuned -> 274
Cycle -> 22, Immuned -> 231
Cycle -> 23, Immuned -> 216
Cycle -> 24, Immuned -> 203
Cycle -> 25, Immuned -> 178
Cycle -> 26, Immuned -> 172
Cycle -> 27, Immuned -> 145
Cycle -> 28, Immuned -> 150
Cycle -> 29, Immuned -> 125
Cycle -> 30, Immuned -> 145
Cycle -> 31, Immuned -> 120
Cycle -> 32, Immuned -> 106
Cycle -> 33, Immuned -> 98
Cycle -> 34, Immuned -> 84
Cycle -> 35, Immuned -> 74
Cycle -> 36, Immuned -> 69
Cycle -> 37, Immuned -> 50
Cycle -> 38, Immuned -> 58
Cycle -> 39, Immuned -> 40
Cycle -> 40, Immuned -> 44
Cycle -> 41, Immuned -> 48
Cycle -> 42, Immuned -> 40
Cycle -> 43, Immuned -> 37
Cycle -> 44, Immuned -> 36
Cycle -> 45, Immuned -> 45
Cycle -> 46, Immuned -> 31
Cycle -> 47, Immuned -> 25
Cycle -> 48, Immuned -> 21
Cycle -> 49, Immuned -> 21
Cycle -> 50, Immuned -> 21
Cycle -> 51, Immuned -> 28
Cycle -> 52, Immuned -> 19
Cycle -> 53, Immuned -> 15
Cycle -> 54, Immuned -> 13
Cycle -> 55, Immuned -> 16
Cycle -> 56, Immuned -> 11
Cycle -> 57, Immuned -> 11
Cycle -> 58, Immuned -> 16
Cycle -> 59, Immuned -> 12
Cycle -> 60, Immuned -> 11
Cycle -> 61, Immuned -> 14
Cycle -> 62, Immuned -> 13
Cycle -> 63, Immuned -> 12
Cycle -> 64, Immuned -> 9
Cycle -> 65, Immuned -> 8
Cycle -> 66, Immuned -> 9
Cycle -> 67, Immuned -> 14
Cycle -> 68, Immuned -> 9
Cycle -> 69, Immuned -> 2
Cycle -> 70, Immuned -> 5
Cycle -> 71, Immuned -> 8
Cycle -> 72, Immuned -> 4
Cycle -> 73, Immuned -> 4
Cycle -> 74, Immuned -> 6
Cycle -> 75, Immuned -> 2
Cycle -> 76, Immuned -> 5
Cycle -> 77, Immuned -> 7
Cycle -> 78, Immuned -> 5
Cycle -> 79, Immuned -> 3
Cycle -> 80, Immuned -> 2
Cycle -> 81, Immuned -> 2
Cycle -> 82, Immuned -> 3
Cycle -> 83, Immuned -> 3
Cycle -> 84, Immuned -> 2
Cycle -> 85, Immuned -> 3
Cycle -> 86, Immuned -> 2
Cycle -> 87, Immuned -> 4
Cycle -> 88, Immuned -> 2
Cycle -> 89, Immuned -> 5
Cycle -> 90, Immuned -> 2
Cycle -> 91, Immuned -> 2
Cycle -> 92, Immuned -> 0
Cycle -> 93, Immuned -> 0
Cycle -> 94, Immuned -> 6
Cycle -> 95, Immuned -> 4
Cycle -> 96, Immuned -> 2
Cycle -> 97, Immuned -> 1
Cycle -> 98, Immuned -> 2
Cycle -> 99, Immuned -> 2
Cycle -> 100, Immuned -> 4
Cycle -> 101, Immuned -> 2
Cycle -> 102, Immuned -> 0
Cycle -> 103, Immuned -> 0
Cycle -> 104, Immuned -> 0
Cycle -> 105, Immuned -> 1
Cycle -> 106, Immuned -> 1
Cycle -> 107, Immuned -> 1
Cycle -> 108, Immuned -> 0
Cycle -> 109, Immuned -> 0
Cycle -> 110, Immuned -> 2
Cycle -> 111, Immuned -> 0
Cycle -> 112, Immuned -> 2
Cycle -> 113, Immuned -> 0
Cycle -> 114, Immuned -> 0
Cycle -> 115, Immuned -> 0
Cycle -> 116, Immuned -> 1
Cycle -> 117, Immuned -> 0
Cycle -> 118, Immuned -> 1
Cycle -> 119, Immuned -> 0
Cycle -> 120, Immuned -> 0
Cycle -> 121, Immuned -> 0
Cycle -> 122, Immuned -> 1
Cycle -> 123, Immuned -> 0
Cycle -> 124, Immuned -> 1
Cycle -> 125, Immuned -> 0
Cycle -> 126, Immuned -> 0
Cycle -> 127, Immuned -> 1
Cycle -> 128, Immuned -> 0
Cycle -> 129, Immuned -> 0
Cycle -> 130, Immuned -> 1
Cycle -> 131, Immuned -> 2
Cycle -> 132, Immuned -> 0
Cycle -> 133, Immuned -> 0
Cycle -> 134, Immuned -> 0
Cycle -> 135, Immuned -> 0
Cycle -> 136, Immuned -> 0
Cycle -> 137, Immuned -> 2
Cycle -> 138, Immuned -> 0
Cycle -> 139, Immuned -> 0
Cycle -> 140, Immuned -> 0
Cycle -> 141, Immuned -> 0
Cycle -> 142, Immuned -> 2
Cycle -> 143, Immuned -> 0
Cycle -> 144, Immuned -> 0
Cycle -> 145, Immuned -> 0
Cycle -> 146, Immuned -> 0
Cycle -> 147, Immuned -> 0
Cycle -> 148, Immuned -> 0
Cycle -> 149, Immuned -> 0
Cycle -> 150, Immuned -> 0
Cycle -> 151, Immuned -> 0
Cycle -> 152, Immuned -> 0
Cycle -> 153, Immuned -> 0
Cycle -> 154, Immuned -> 0
Cycle -> 155, Immuned -> 0
Cycle -> 156, Immuned -> 0
Cycle -> 157, Immuned -> 0
Cycle -> 158, Immuned -> 0
Cycle -> 159, Immuned -> 0
Cycle -> 160, Immuned -> 0
Cycle -> 161, Immuned -> 0
Cycle -> 162, Immuned -> 0
Cycle -> 163, Immuned -> 0
Cycle -> 164, Immuned -> 0
Cycle -> 165, Immuned -> 0
Cycle -> 166, Immuned -> 0
Cycle -> 167, Immuned -> 0
Cycle -> 168, Immuned -> 0
Cycle -> 169, Immuned -> 0
Cycle -> 170, Immuned -> 0
Cycle -> 171, Immuned -> 0
Cycle -> 172, Immuned -> 0
Cycle -> 173, Immuned -> 0
Cycle -> 174, Immuned -> 0
Cycle -> 175, Immuned -> 0
Cycle -> 176, Immuned -> 0
Cycle -> 177, Immuned -> 1
Cycle -> 178, Immuned -> 0
Cycle -> 179, Immuned -> 0
Cycle -> 180, Immuned -> 0
Cycle -> 181, Immuned -> 0
Cycle -> 182, Immuned -> 0
Cycle -> 183, Immuned -> 0
Cycle -> 184, Immuned -> 0
Cycle -> 185, Immuned -> 0
Cycle -> 186, Immuned -> 0
Cycle -> 187, Immuned -> 0
Cycle -> 188, Immuned -> 0
Cycle -> 189, Immuned -> 0
Cycle -> 190, Immuned -> 0
Cycle -> 191, Immuned -> 0
Cycle -> 192, Immuned -> 0
Cycle -> 193, Immuned -> 0
Cycle -> 194, Immuned -> 0
Cycle -> 195, Immuned -> 0
Cycle -> 196, Immuned -> 0
Cycle -> 197, Immuned -> 0
Cycle -> 198, Immuned -> 0
Cycle -> 199, Immuned -> 0

