Stats

Infected OS : IOS

Population with Android : 23063
Population with IOS : 36871
Population with OTHERS : 66

Peers spawned near hotspots : 42000
Peers spawned randomly : 18000

Infected Peers : 2
Recovered Peers : 20853
Immuned Peers : 39144

Infected Peers per cycle : 
90
419
730
1607
2017
1486
1571
2016
2280
1520
 872
 541
 781
 670
 387
 417
 908
 523
 214
 426
 247
 180
 131
 84
 177
 175
 84
 154
 34
 21
 40
 18
 24
 4
 0
 3
 1
 0
 0
 0
 0
 0
 1
 0
 1
 0
 0
 0
 0
 0
 0
 0
 0
 0
 0
 0
 0
 0
 0
 0
 0
 0
 0
 0
 0
 0
Cycle -> 66, Infected -> 0
Cycle -> 67, Infected -> 0
Cycle -> 68, Infected -> 0
Cycle -> 69, Infected -> 0
Cycle -> 70, Infected -> 0
Cycle -> 71, Infected -> 0
Cycle -> 72, Infected -> 0
Cycle -> 73, Infected -> 0
Cycle -> 74, Infected -> 0
Cycle -> 75, Infected -> 0
Cycle -> 76, Infected -> 0
Cycle -> 77, Infected -> 0
Cycle -> 78, Infected -> 0
Cycle -> 79, Infected -> 0
Cycle -> 80, Infected -> 0
Cycle -> 81, Infected -> 0
Cycle -> 82, Infected -> 0
Cycle -> 83, Infected -> 0
Cycle -> 84, Infected -> 0
Cycle -> 85, Infected -> 0
Cycle -> 86, Infected -> 0
Cycle -> 87, Infected -> 0
Cycle -> 88, Infected -> 0
Cycle -> 89, Infected -> 0
Cycle -> 90, Infected -> 0
Cycle -> 91, Infected -> 0
Cycle -> 92, Infected -> 0
Cycle -> 93, Infected -> 0
Cycle -> 94, Infected -> 0
Cycle -> 95, Infected -> 0
Cycle -> 96, Infected -> 0
Cycle -> 97, Infected -> 0
Cycle -> 98, Infected -> 0
Cycle -> 99, Infected -> 0
Cycle -> 100, Infected -> 0
Cycle -> 101, Infected -> 0
Cycle -> 102, Infected -> 0
Cycle -> 103, Infected -> 0
Cycle -> 104, Infected -> 0
Cycle -> 105, Infected -> 0
Cycle -> 106, Infected -> 0
Cycle -> 107, Infected -> 0
Cycle -> 108, Infected -> 0
Cycle -> 109, Infected -> 0
Cycle -> 110, Infected -> 0
Cycle -> 111, Infected -> 0
Cycle -> 112, Infected -> 0
Cycle -> 113, Infected -> 0
Cycle -> 114, Infected -> 0
Cycle -> 115, Infected -> 0
Cycle -> 116, Infected -> 0
Cycle -> 117, Infected -> 0
Cycle -> 118, Infected -> 0
Cycle -> 119, Infected -> 0
Cycle -> 120, Infected -> 0
Cycle -> 121, Infected -> 0
Cycle -> 122, Infected -> 0
Cycle -> 123, Infected -> 0
Cycle -> 124, Infected -> 0
Cycle -> 125, Infected -> 0
Cycle -> 126, Infected -> 0
Cycle -> 127, Infected -> 0
Cycle -> 128, Infected -> 0
Cycle -> 129, Infected -> 0
Cycle -> 130, Infected -> 0
Cycle -> 131, Infected -> 0
Cycle -> 132, Infected -> 0
Cycle -> 133, Infected -> 0
Cycle -> 134, Infected -> 0
Cycle -> 135, Infected -> 0
Cycle -> 136, Infected -> 0
Cycle -> 137, Infected -> 0
Cycle -> 138, Infected -> 0
Cycle -> 139, Infected -> 0
Cycle -> 140, Infected -> 0
Cycle -> 141, Infected -> 0
Cycle -> 142, Infected -> 0
Cycle -> 143, Infected -> 0
Cycle -> 144, Infected -> 0
Cycle -> 145, Infected -> 0
Cycle -> 146, Infected -> 0
Cycle -> 147, Infected -> 0
Cycle -> 148, Infected -> 0
Cycle -> 149, Infected -> 0
Cycle -> 150, Infected -> 0
Cycle -> 151, Infected -> 0
Cycle -> 152, Infected -> 0
Cycle -> 153, Infected -> 0
Cycle -> 154, Infected -> 0
Cycle -> 155, Infected -> 0
Cycle -> 156, Infected -> 0
Cycle -> 157, Infected -> 0
Cycle -> 158, Infected -> 0
Cycle -> 159, Infected -> 0
Cycle -> 160, Infected -> 0
Cycle -> 161, Infected -> 0
Cycle -> 162, Infected -> 0
Cycle -> 163, Infected -> 0
Cycle -> 164, Infected -> 0
Cycle -> 165, Infected -> 0
Cycle -> 166, Infected -> 0
Cycle -> 167, Infected -> 0
Cycle -> 168, Infected -> 0
Cycle -> 169, Infected -> 0
Cycle -> 170, Infected -> 0
Cycle -> 171, Infected -> 0
Cycle -> 172, Infected -> 0
Cycle -> 173, Infected -> 0
Cycle -> 174, Infected -> 0
Cycle -> 175, Infected -> 0
Cycle -> 176, Infected -> 0
Cycle -> 177, Infected -> 0
Cycle -> 178, Infected -> 0
Cycle -> 179, Infected -> 0
Cycle -> 180, Infected -> 0
Cycle -> 181, Infected -> 0
Cycle -> 182, Infected -> 0
Cycle -> 183, Infected -> 0
Cycle -> 184, Infected -> 0
Cycle -> 185, Infected -> 0
Cycle -> 186, Infected -> 0
Cycle -> 187, Infected -> 0
Cycle -> 188, Infected -> 0
Cycle -> 189, Infected -> 0
Cycle -> 190, Infected -> 0
Cycle -> 191, Infected -> 0
Cycle -> 192, Infected -> 0
Cycle -> 193, Infected -> 0
Cycle -> 194, Infected -> 0
Cycle -> 195, Infected -> 0
Cycle -> 196, Infected -> 0
Cycle -> 197, Infected -> 0
Cycle -> 198, Infected -> 0
Cycle -> 199, Infected -> 0

Recovered Peers per cycle : 
0
3
24
55
140
232
302
327
437
501
595
568
618
605
614
588
587
600
587
612
580
541
539
515
510
524
474
443
444
374
363
343
352
368
309
329
312
274
269
250
239
201
204
205
192
186
178
171
185
162
150
125
109
107
117
120
110
107
100
82
89
90
80
59
65
64
64
66
56
48
47
51
45
43
28
36
31
31
24
37
34
37
19
23
29
24
26
19
26
22
15
16
20
16
17
9
19
12
15
9
 17
 9
 9
 9
 3
 8
 14
 10
 7
 11
 6
 8
 6
 5
 4
 5
 10
 6
 1
 1
 6
 6
 5
 7
 3
 5
 3
 2
 1
 2
 5
ycle -> 131, Recovered -> 2
ycle -> 132, Recovered -> 4
ycle -> 133, Recovered -> 1
ycle -> 134, Recovered -> 2
ycle -> 135, Recovered -> 0
ycle -> 136, Recovered -> 1
ycle -> 137, Recovered -> 1
ycle -> 138, Recovered -> 0
ycle -> 139, Recovered -> 5
ycle -> 140, Recovered -> 1
Cycle -> 141, Recovered -> 1
Cycle -> 142, Recovered -> 1
Cycle -> 143, Recovered -> 2
Cycle -> 144, Recovered -> 0
Cycle -> 145, Recovered -> 2
Cycle -> 146, Recovered -> 1
Cycle -> 147, Recovered -> 0
Cycle -> 148, Recovered -> 0
Cycle -> 149, Recovered -> 1
Cycle -> 150, Recovered -> 1
Cycle -> 151, Recovered -> 2
Cycle -> 152, Recovered -> 1
Cycle -> 153, Recovered -> 0
Cycle -> 154, Recovered -> 1
Cycle -> 155, Recovered -> 0
Cycle -> 156, Recovered -> 0
Cycle -> 157, Recovered -> 1
Cycle -> 158, Recovered -> 1
Cycle -> 159, Recovered -> 0
Cycle -> 160, Recovered -> 1
Cycle -> 161, Recovered -> 0
Cycle -> 162, Recovered -> 1
Cycle -> 163, Recovered -> 0
Cycle -> 164, Recovered -> 1
Cycle -> 165, Recovered -> 0
Cycle -> 166, Recovered -> 0
Cycle -> 167, Recovered -> 0
Cycle -> 168, Recovered -> 1
Cycle -> 169, Recovered -> 0
Cycle -> 170, Recovered -> 1
Cycle -> 171, Recovered -> 1
Cycle -> 172, Recovered -> 0
Cycle -> 173, Recovered -> 0
Cycle -> 174, Recovered -> 0
Cycle -> 175, Recovered -> 0
Cycle -> 176, Recovered -> 0
Cycle -> 177, Recovered -> 0
Cycle -> 178, Recovered -> 0
Cycle -> 179, Recovered -> 0
Cycle -> 180, Recovered -> 0
Cycle -> 181, Recovered -> 0
Cycle -> 182, Recovered -> 0
Cycle -> 183, Recovered -> 0
Cycle -> 184, Recovered -> 0
Cycle -> 185, Recovered -> 0
Cycle -> 186, Recovered -> 1
Cycle -> 187, Recovered -> 0
Cycle -> 188, Recovered -> 0
Cycle -> 189, Recovered -> 0
Cycle -> 190, Recovered -> 0
Cycle -> 191, Recovered -> 0
Cycle -> 192, Recovered -> 0
Cycle -> 193, Recovered -> 1
Cycle -> 194, Recovered -> 0
Cycle -> 195, Recovered -> 0
Cycle -> 196, Recovered -> 0
Cycle -> 197, Recovered -> 0
Cycle -> 198, Recovered -> 0
Cycle -> 199, Recovered -> 0

Immuned Peers per cycle : 
Cycle -> 0, Immuned -> 2968
Cycle -> 1, Immuned -> 2859
Cycle -> 2, Immuned -> 2659
Cycle -> 3, Immuned -> 2582
Cycle -> 4, Immuned -> 2295
Cycle -> 5, Immuned -> 2139
Cycle -> 6, Immuned -> 1911
Cycle -> 7, Immuned -> 1753
Cycle -> 8, Immuned -> 1554
Cycle -> 9, Immuned -> 1338
Cycle -> 10, Immuned -> 1218
Cycle -> 11, Immuned -> 1114
Cycle -> 12, Immuned -> 1025
Cycle -> 13, Immuned -> 976
Cycle -> 14, Immuned -> 869
Cycle -> 15, Immuned -> 750
Cycle -> 16, Immuned -> 781
Cycle -> 17, Immuned -> 621
Cycle -> 18, Immuned -> 595
Cycle -> 19, Immuned -> 537
Cycle -> 20, Immuned -> 518
Cycle -> 21, Immuned -> 434
Cycle -> 22, Immuned -> 453
Cycle -> 23, Immuned -> 418
Cycle -> 24, Immuned -> 363
Cycle -> 25, Immuned -> 368
Cycle -> 26, Immuned -> 323
Cycle -> 27, Immuned -> 315
Cycle -> 28, Immuned -> 288
Cycle -> 29, Immuned -> 270
Cycle -> 30, Immuned -> 222
Cycle -> 31, Immuned -> 239
Cycle -> 32, Immuned -> 205
Cycle -> 33, Immuned -> 213
Cycle -> 34, Immuned -> 213
Cycle -> 35, Immuned -> 212
Cycle -> 36, Immuned -> 180
Cycle -> 37, Immuned -> 153
Cycle -> 38, Immuned -> 148
Cycle -> 39, Immuned -> 161
Cycle -> 40, Immuned -> 146
Cycle -> 41, Immuned -> 149
Cycle -> 42, Immuned -> 149
Cycle -> 43, Immuned -> 126
Cycle -> 44, Immuned -> 129
Cycle -> 45, Immuned -> 104
Cycle -> 46, Immuned -> 103
Cycle -> 47, Immuned -> 84
Cycle -> 48, Immuned -> 102
Cycle -> 49, Immuned -> 93
Cycle -> 50, Immuned -> 75
Cycle -> 51, Immuned -> 78
Cycle -> 52, Immuned -> 78
Cycle -> 53, Immuned -> 83
Cycle -> 54, Immuned -> 66
Cycle -> 55, Immuned -> 84
Cycle -> 56, Immuned -> 55
Cycle -> 57, Immuned -> 61
Cycle -> 58, Immuned -> 66
Cycle -> 59, Immuned -> 56
Cycle -> 60, Immuned -> 51
Cycle -> 61, Immuned -> 52
Cycle -> 62, Immuned -> 47
Cycle -> 63, Immuned -> 43
Cycle -> 64, Immuned -> 42
Cycle -> 65, Immuned -> 49
Cycle -> 66, Immuned -> 36
Cycle -> 67, Immuned -> 25
Cycle -> 68, Immuned -> 19
Cycle -> 69, Immuned -> 37
Cycle -> 70, Immuned -> 29
Cycle -> 71, Immuned -> 24
Cycle -> 72, Immuned -> 35
Cycle -> 73, Immuned -> 19
Cycle -> 74, Immuned -> 36
Cycle -> 75, Immuned -> 36
Cycle -> 76, Immuned -> 25
Cycle -> 77, Immuned -> 17
Cycle -> 78, Immuned -> 23
Cycle -> 79, Immuned -> 22
Cycle -> 80, Immuned -> 16
Cycle -> 81, Immuned -> 16
Cycle -> 82, Immuned -> 19
Cycle -> 83, Immuned -> 12
Cycle -> 84, Immuned -> 15
Cycle -> 85, Immuned -> 14
Cycle -> 86, Immuned -> 13
Cycle -> 87, Immuned -> 19
Cycle -> 88, Immuned -> 5
Cycle -> 89, Immuned -> 6
Cycle -> 90, Immuned -> 6
Cycle -> 91, Immuned -> 12
Cycle -> 92, Immuned -> 10
Cycle -> 93, Immuned -> 12
Cycle -> 94, Immuned -> 14
Cycle -> 95, Immuned -> 6
Cycle -> 96, Immuned -> 7
Cycle -> 97, Immuned -> 11
Cycle -> 98, Immuned -> 8
Cycle -> 99, Immuned -> 5
Cycle -> 100, Immuned -> 3
Cycle -> 101, Immuned -> 9
Cycle -> 102, Immuned -> 5
Cycle -> 103, Immuned -> 3
Cycle -> 104, Immuned -> 6
Cycle -> 105, Immuned -> 2
Cycle -> 106, Immuned -> 3
Cycle -> 107, Immuned -> 8
Cycle -> 108, Immuned -> 2
Cycle -> 109, Immuned -> 5
Cycle -> 110, Immuned -> 6
Cycle -> 111, Immuned -> 3
Cycle -> 112, Immuned -> 7
Cycle -> 113, Immuned -> 1
Cycle -> 114, Immuned -> 2
Cycle -> 115, Immuned -> 1
Cycle -> 116, Immuned -> 3
Cycle -> 117, Immuned -> 2
Cycle -> 118, Immuned -> 4
Cycle -> 119, Immuned -> 1
Cycle -> 120, Immuned -> 5
Cycle -> 121, Immuned -> 3
Cycle -> 122, Immuned -> 1
Cycle -> 123, Immuned -> 4
Cycle -> 124, Immuned -> 1
Cycle -> 125, Immuned -> 2
Cycle -> 126, Immuned -> 2
Cycle -> 127, Immuned -> 1
Cycle -> 128, Immuned -> 1
Cycle -> 129, Immuned -> 1
Cycle -> 130, Immuned -> 1
Cycle -> 131, Immuned -> 2
Cycle -> 132, Immuned -> 2
Cycle -> 133, Immuned -> 2
Cycle -> 134, Immuned -> 2
Cycle -> 135, Immuned -> 1
Cycle -> 136, Immuned -> 1
Cycle -> 137, Immuned -> 3
Cycle -> 138, Immuned -> 0
Cycle -> 139, Immuned -> 2
Cycle -> 140, Immuned -> 0
Cycle -> 141, Immuned -> 0
Cycle -> 142, Immuned -> 0
Cycle -> 143, Immuned -> 1
Cycle -> 144, Immuned -> 1
Cycle -> 145, Immuned -> 2
Cycle -> 146, Immuned -> 1
Cycle -> 147, Immuned -> 0
Cycle -> 148, Immuned -> 0
Cycle -> 149, Immuned -> 0
Cycle -> 150, Immuned -> 2
Cycle -> 151, Immuned -> 0
Cycle -> 152, Immuned -> 0
Cycle -> 153, Immuned -> 0
Cycle -> 154, Immuned -> 0
Cycle -> 155, Immuned -> 0
Cycle -> 156, Immuned -> 1
Cycle -> 157, Immuned -> 0
Cycle -> 158, Immuned -> 0
Cycle -> 159, Immuned -> 0
Cycle -> 160, Immuned -> 2
Cycle -> 161, Immuned -> 0
Cycle -> 162, Immuned -> 0
Cycle -> 163, Immuned -> 0
Cycle -> 164, Immuned -> 0
Cycle -> 165, Immuned -> 0
Cycle -> 166, Immuned -> 0
Cycle -> 167, Immuned -> 0
Cycle -> 168, Immuned -> 0
Cycle -> 169, Immuned -> 0
Cycle -> 170, Immuned -> 0
Cycle -> 171, Immuned -> 0
Cycle -> 172, Immuned -> 0
Cycle -> 173, Immuned -> 0
Cycle -> 174, Immuned -> 0
Cycle -> 175, Immuned -> 0
Cycle -> 176, Immuned -> 0
Cycle -> 177, Immuned -> 0
Cycle -> 178, Immuned -> 0
Cycle -> 179, Immuned -> 0
Cycle -> 180, Immuned -> 0
Cycle -> 181, Immuned -> 0
Cycle -> 182, Immuned -> 0
Cycle -> 183, Immuned -> 0
Cycle -> 184, Immuned -> 0
Cycle -> 185, Immuned -> 0
Cycle -> 186, Immuned -> 0
Cycle -> 187, Immuned -> 0
Cycle -> 188, Immuned -> 1
Cycle -> 189, Immuned -> 0
Cycle -> 190, Immuned -> 0
Cycle -> 191, Immuned -> 0
Cycle -> 192, Immuned -> 0
Cycle -> 193, Immuned -> 0
Cycle -> 194, Immuned -> 0
Cycle -> 195, Immuned -> 0
Cycle -> 196, Immuned -> 0
Cycle -> 197, Immuned -> 0
Cycle -> 198, Immuned -> 0
Cycle -> 199, Immuned -> 0

