Stats

Infected OS : ANDROID

Population with Android : 22943
Population with IOS : 36975
Population with OTHERS : 82

Peers spawned near hotspots : 42000
Peers spawned randomly : 18000

Infected Peers : 1
Recovered Peers : 11814
Immuned Peers : 48185

Infected Peers per cycle : 
115
348
661
990
749
987
787
1407
732
522
 293
 179
 300
 164
 306
 234
 292
 170
 370
 423
 221
 249
 225
 199
 226
 159
 88
 81
 72
 66
 55
 37
 32
 7
 13
 9
 3
 9
 2
 5
 2
 1
 3
 7
 0
 2
 1
 2
 1
 3
 3
 0
 1
 0
 0
 0
 0
 0
 0
 0
 0
 0
 0
 0
 1
 0
 0
 0
 0
 0
 0
 0
 0
 0
 0
 0
 0
 0
 0
 0
 0
 0
 0
 0
 0
 0
 0
 0
 0
 0
Cycle -> 90, Infected -> 0
Cycle -> 91, Infected -> 0
Cycle -> 92, Infected -> 0
Cycle -> 93, Infected -> 0
Cycle -> 94, Infected -> 0
Cycle -> 95, Infected -> 0
Cycle -> 96, Infected -> 0
Cycle -> 97, Infected -> 0
Cycle -> 98, Infected -> 0
Cycle -> 99, Infected -> 0
Cycle -> 100, Infected -> 0
Cycle -> 101, Infected -> 0
Cycle -> 102, Infected -> 0
Cycle -> 103, Infected -> 0
Cycle -> 104, Infected -> 0
Cycle -> 105, Infected -> 0
Cycle -> 106, Infected -> 0
Cycle -> 107, Infected -> 0
Cycle -> 108, Infected -> 0
Cycle -> 109, Infected -> 0
Cycle -> 110, Infected -> 0
Cycle -> 111, Infected -> 0
Cycle -> 112, Infected -> 0
Cycle -> 113, Infected -> 0
Cycle -> 114, Infected -> 0
Cycle -> 115, Infected -> 0
Cycle -> 116, Infected -> 0
Cycle -> 117, Infected -> 0
Cycle -> 118, Infected -> 0
Cycle -> 119, Infected -> 0
Cycle -> 120, Infected -> 0
Cycle -> 121, Infected -> 0
Cycle -> 122, Infected -> 0
Cycle -> 123, Infected -> 0
Cycle -> 124, Infected -> 0
Cycle -> 125, Infected -> 0
Cycle -> 126, Infected -> 0
Cycle -> 127, Infected -> 0
Cycle -> 128, Infected -> 0
Cycle -> 129, Infected -> 0
Cycle -> 130, Infected -> 0
Cycle -> 131, Infected -> 0
Cycle -> 132, Infected -> 0
Cycle -> 133, Infected -> 0
Cycle -> 134, Infected -> 0
Cycle -> 135, Infected -> 0
Cycle -> 136, Infected -> 0
Cycle -> 137, Infected -> 0
Cycle -> 138, Infected -> 0
Cycle -> 139, Infected -> 0
Cycle -> 140, Infected -> 0
Cycle -> 141, Infected -> 0
Cycle -> 142, Infected -> 0
Cycle -> 143, Infected -> 0
Cycle -> 144, Infected -> 0
Cycle -> 145, Infected -> 0
Cycle -> 146, Infected -> 0
Cycle -> 147, Infected -> 0
Cycle -> 148, Infected -> 0
Cycle -> 149, Infected -> 0
Cycle -> 150, Infected -> 0
Cycle -> 151, Infected -> 0
Cycle -> 152, Infected -> 0
Cycle -> 153, Infected -> 0
Cycle -> 154, Infected -> 0
Cycle -> 155, Infected -> 0
Cycle -> 156, Infected -> 0
Cycle -> 157, Infected -> 0
Cycle -> 158, Infected -> 0
Cycle -> 159, Infected -> 0
Cycle -> 160, Infected -> 0
Cycle -> 161, Infected -> 0
Cycle -> 162, Infected -> 0
Cycle -> 163, Infected -> 0
Cycle -> 164, Infected -> 0
Cycle -> 165, Infected -> 0
Cycle -> 166, Infected -> 0
Cycle -> 167, Infected -> 0
Cycle -> 168, Infected -> 0
Cycle -> 169, Infected -> 0
Cycle -> 170, Infected -> 0
Cycle -> 171, Infected -> 0
Cycle -> 172, Infected -> 0
Cycle -> 173, Infected -> 0
Cycle -> 174, Infected -> 0
Cycle -> 175, Infected -> 0
Cycle -> 176, Infected -> 0
Cycle -> 177, Infected -> 0
Cycle -> 178, Infected -> 0
Cycle -> 179, Infected -> 0
Cycle -> 180, Infected -> 0
Cycle -> 181, Infected -> 0
Cycle -> 182, Infected -> 0
Cycle -> 183, Infected -> 0
Cycle -> 184, Infected -> 0
Cycle -> 185, Infected -> 0
Cycle -> 186, Infected -> 0
Cycle -> 187, Infected -> 0
Cycle -> 188, Infected -> 0
Cycle -> 189, Infected -> 0
Cycle -> 190, Infected -> 0
Cycle -> 191, Infected -> 0
Cycle -> 192, Infected -> 0
Cycle -> 193, Infected -> 0
Cycle -> 194, Infected -> 0
Cycle -> 195, Infected -> 0
Cycle -> 196, Infected -> 0
Cycle -> 197, Infected -> 0
Cycle -> 198, Infected -> 0
Cycle -> 199, Infected -> 0

Recovered Peers per cycle : 
0
8
33
52
77
116
175
223
254
277
333
285
269
262
296
302
280
298
295
322
293
282
286
270
286
264
267
260
244
269
220
248
219
215
200
170
189
167
168
161
158
134
137
105
137
94
122
102
90
107
96
80
77
61
80
68
54
71
60
59
56
55
41
39
49
38
47
39
34
36
40
30
18
38
21
33
24
22
11
21
19
19
20
26
16
21
16
16
10
16
9
15
11
7
11
10
9
6
12
8
 5
 8
 6
 2
 2
 7
 5
 5
 6
 3
 1
 2
 2
 7
 6
 2
 3
 3
 1
 1
 3
 1
 2
 0
 0
 1
 2
 1
 1
 1
 0
ycle -> 131, Recovered -> 1
ycle -> 132, Recovered -> 2
ycle -> 133, Recovered -> 3
ycle -> 134, Recovered -> 1
ycle -> 135, Recovered -> 1
ycle -> 136, Recovered -> 3
ycle -> 137, Recovered -> 1
ycle -> 138, Recovered -> 2
ycle -> 139, Recovered -> 0
ycle -> 140, Recovered -> 1
Cycle -> 141, Recovered -> 2
Cycle -> 142, Recovered -> 0
Cycle -> 143, Recovered -> 0
Cycle -> 144, Recovered -> 0
Cycle -> 145, Recovered -> 0
Cycle -> 146, Recovered -> 0
Cycle -> 147, Recovered -> 0
Cycle -> 148, Recovered -> 0
Cycle -> 149, Recovered -> 0
Cycle -> 150, Recovered -> 0
Cycle -> 151, Recovered -> 0
Cycle -> 152, Recovered -> 1
Cycle -> 153, Recovered -> 0
Cycle -> 154, Recovered -> 2
Cycle -> 155, Recovered -> 1
Cycle -> 156, Recovered -> 0
Cycle -> 157, Recovered -> 0
Cycle -> 158, Recovered -> 1
Cycle -> 159, Recovered -> 0
Cycle -> 160, Recovered -> 0
Cycle -> 161, Recovered -> 1
Cycle -> 162, Recovered -> 0
Cycle -> 163, Recovered -> 0
Cycle -> 164, Recovered -> 0
Cycle -> 165, Recovered -> 0
Cycle -> 166, Recovered -> 0
Cycle -> 167, Recovered -> 2
Cycle -> 168, Recovered -> 0
Cycle -> 169, Recovered -> 1
Cycle -> 170, Recovered -> 0
Cycle -> 171, Recovered -> 0
Cycle -> 172, Recovered -> 0
Cycle -> 173, Recovered -> 1
Cycle -> 174, Recovered -> 0
Cycle -> 175, Recovered -> 1
Cycle -> 176, Recovered -> 0
Cycle -> 177, Recovered -> 0
Cycle -> 178, Recovered -> 1
Cycle -> 179, Recovered -> 0
Cycle -> 180, Recovered -> 0
Cycle -> 181, Recovered -> 0
Cycle -> 182, Recovered -> 0
Cycle -> 183, Recovered -> 0
Cycle -> 184, Recovered -> 0
Cycle -> 185, Recovered -> 0
Cycle -> 186, Recovered -> 0
Cycle -> 187, Recovered -> 0
Cycle -> 188, Recovered -> 0
Cycle -> 189, Recovered -> 0
Cycle -> 190, Recovered -> 0
Cycle -> 191, Recovered -> 0
Cycle -> 192, Recovered -> 0
Cycle -> 193, Recovered -> 0
Cycle -> 194, Recovered -> 0
Cycle -> 195, Recovered -> 0
Cycle -> 196, Recovered -> 0
Cycle -> 197, Recovered -> 0
Cycle -> 198, Recovered -> 0
Cycle -> 199, Recovered -> 0

Immuned Peers per cycle : 
Cycle -> 0, Immuned -> 3030
Cycle -> 1, Immuned -> 2829
Cycle -> 2, Immuned -> 2641
Cycle -> 3, Immuned -> 2515
Cycle -> 4, Immuned -> 2263
Cycle -> 5, Immuned -> 2263
Cycle -> 6, Immuned -> 1931
Cycle -> 7, Immuned -> 1916
Cycle -> 8, Immuned -> 1717
Cycle -> 9, Immuned -> 1580
Cycle -> 10, Immuned -> 1578
Cycle -> 11, Immuned -> 1453
Cycle -> 12, Immuned -> 1371
Cycle -> 13, Immuned -> 1225
Cycle -> 14, Immuned -> 1188
Cycle -> 15, Immuned -> 1013
Cycle -> 16, Immuned -> 1023
Cycle -> 17, Immuned -> 952
Cycle -> 18, Immuned -> 899
Cycle -> 19, Immuned -> 828
Cycle -> 20, Immuned -> 813
Cycle -> 21, Immuned -> 675
Cycle -> 22, Immuned -> 729
Cycle -> 23, Immuned -> 655
Cycle -> 24, Immuned -> 598
Cycle -> 25, Immuned -> 559
Cycle -> 26, Immuned -> 550
Cycle -> 27, Immuned -> 511
Cycle -> 28, Immuned -> 460
Cycle -> 29, Immuned -> 463
Cycle -> 30, Immuned -> 381
Cycle -> 31, Immuned -> 382
Cycle -> 32, Immuned -> 371
Cycle -> 33, Immuned -> 354
Cycle -> 34, Immuned -> 346
Cycle -> 35, Immuned -> 330
Cycle -> 36, Immuned -> 308
Cycle -> 37, Immuned -> 266
Cycle -> 38, Immuned -> 254
Cycle -> 39, Immuned -> 250
Cycle -> 40, Immuned -> 238
Cycle -> 41, Immuned -> 237
Cycle -> 42, Immuned -> 193
Cycle -> 43, Immuned -> 224
Cycle -> 44, Immuned -> 222
Cycle -> 45, Immuned -> 168
Cycle -> 46, Immuned -> 175
Cycle -> 47, Immuned -> 147
Cycle -> 48, Immuned -> 162
Cycle -> 49, Immuned -> 140
Cycle -> 50, Immuned -> 129
Cycle -> 51, Immuned -> 132
Cycle -> 52, Immuned -> 123
Cycle -> 53, Immuned -> 122
Cycle -> 54, Immuned -> 100
Cycle -> 55, Immuned -> 97
Cycle -> 56, Immuned -> 96
Cycle -> 57, Immuned -> 91
Cycle -> 58, Immuned -> 107
Cycle -> 59, Immuned -> 85
Cycle -> 60, Immuned -> 85
Cycle -> 61, Immuned -> 97
Cycle -> 62, Immuned -> 92
Cycle -> 63, Immuned -> 82
Cycle -> 64, Immuned -> 69
Cycle -> 65, Immuned -> 63
Cycle -> 66, Immuned -> 68
Cycle -> 67, Immuned -> 67
Cycle -> 68, Immuned -> 46
Cycle -> 69, Immuned -> 52
Cycle -> 70, Immuned -> 55
Cycle -> 71, Immuned -> 37
Cycle -> 72, Immuned -> 33
Cycle -> 73, Immuned -> 44
Cycle -> 74, Immuned -> 49
Cycle -> 75, Immuned -> 33
Cycle -> 76, Immuned -> 31
Cycle -> 77, Immuned -> 31
Cycle -> 78, Immuned -> 39
Cycle -> 79, Immuned -> 30
Cycle -> 80, Immuned -> 31
Cycle -> 81, Immuned -> 35
Cycle -> 82, Immuned -> 27
Cycle -> 83, Immuned -> 21
Cycle -> 84, Immuned -> 20
Cycle -> 85, Immuned -> 32
Cycle -> 86, Immuned -> 26
Cycle -> 87, Immuned -> 27
Cycle -> 88, Immuned -> 17
Cycle -> 89, Immuned -> 25
Cycle -> 90, Immuned -> 16
Cycle -> 91, Immuned -> 20
Cycle -> 92, Immuned -> 13
Cycle -> 93, Immuned -> 14
Cycle -> 94, Immuned -> 21
Cycle -> 95, Immuned -> 10
Cycle -> 96, Immuned -> 15
Cycle -> 97, Immuned -> 11
Cycle -> 98, Immuned -> 14
Cycle -> 99, Immuned -> 15
Cycle -> 100, Immuned -> 9
Cycle -> 101, Immuned -> 8
Cycle -> 102, Immuned -> 15
Cycle -> 103, Immuned -> 10
Cycle -> 104, Immuned -> 10
Cycle -> 105, Immuned -> 5
Cycle -> 106, Immuned -> 6
Cycle -> 107, Immuned -> 8
Cycle -> 108, Immuned -> 5
Cycle -> 109, Immuned -> 3
Cycle -> 110, Immuned -> 4
Cycle -> 111, Immuned -> 5
Cycle -> 112, Immuned -> 7
Cycle -> 113, Immuned -> 6
Cycle -> 114, Immuned -> 4
Cycle -> 115, Immuned -> 5
Cycle -> 116, Immuned -> 8
Cycle -> 117, Immuned -> 6
Cycle -> 118, Immuned -> 7
Cycle -> 119, Immuned -> 1
Cycle -> 120, Immuned -> 5
Cycle -> 121, Immuned -> 2
Cycle -> 122, Immuned -> 2
Cycle -> 123, Immuned -> 1
Cycle -> 124, Immuned -> 5
Cycle -> 125, Immuned -> 5
Cycle -> 126, Immuned -> 2
Cycle -> 127, Immuned -> 4
Cycle -> 128, Immuned -> 2
Cycle -> 129, Immuned -> 3
Cycle -> 130, Immuned -> 3
Cycle -> 131, Immuned -> 1
Cycle -> 132, Immuned -> 1
Cycle -> 133, Immuned -> 3
Cycle -> 134, Immuned -> 2
Cycle -> 135, Immuned -> 0
Cycle -> 136, Immuned -> 3
Cycle -> 137, Immuned -> 0
Cycle -> 138, Immuned -> 0
Cycle -> 139, Immuned -> 2
Cycle -> 140, Immuned -> 1
Cycle -> 141, Immuned -> 4
Cycle -> 142, Immuned -> 5
Cycle -> 143, Immuned -> 3
Cycle -> 144, Immuned -> 0
Cycle -> 145, Immuned -> 1
Cycle -> 146, Immuned -> 1
Cycle -> 147, Immuned -> 3
Cycle -> 148, Immuned -> 1
Cycle -> 149, Immuned -> 0
Cycle -> 150, Immuned -> 2
Cycle -> 151, Immuned -> 2
Cycle -> 152, Immuned -> 0
Cycle -> 153, Immuned -> 0
Cycle -> 154, Immuned -> 0
Cycle -> 155, Immuned -> 0
Cycle -> 156, Immuned -> 2
Cycle -> 157, Immuned -> 0
Cycle -> 158, Immuned -> 0
Cycle -> 159, Immuned -> 1
Cycle -> 160, Immuned -> 0
Cycle -> 161, Immuned -> 0
Cycle -> 162, Immuned -> 1
Cycle -> 163, Immuned -> 0
Cycle -> 164, Immuned -> 1
Cycle -> 165, Immuned -> 0
Cycle -> 166, Immuned -> 0
Cycle -> 167, Immuned -> 1
Cycle -> 168, Immuned -> 1
Cycle -> 169, Immuned -> 0
Cycle -> 170, Immuned -> 1
Cycle -> 171, Immuned -> 0
Cycle -> 172, Immuned -> 0
Cycle -> 173, Immuned -> 0
Cycle -> 174, Immuned -> 0
Cycle -> 175, Immuned -> 0
Cycle -> 176, Immuned -> 0
Cycle -> 177, Immuned -> 1
Cycle -> 178, Immuned -> 0
Cycle -> 179, Immuned -> 0
Cycle -> 180, Immuned -> 1
Cycle -> 181, Immuned -> 0
Cycle -> 182, Immuned -> 0
Cycle -> 183, Immuned -> 0
Cycle -> 184, Immuned -> 0
Cycle -> 185, Immuned -> 0
Cycle -> 186, Immuned -> 0
Cycle -> 187, Immuned -> 1
Cycle -> 188, Immuned -> 0
Cycle -> 189, Immuned -> 0
Cycle -> 190, Immuned -> 0
Cycle -> 191, Immuned -> 0
Cycle -> 192, Immuned -> 0
Cycle -> 193, Immuned -> 0
Cycle -> 194, Immuned -> 0
Cycle -> 195, Immuned -> 1
Cycle -> 196, Immuned -> 0
Cycle -> 197, Immuned -> 1
Cycle -> 198, Immuned -> 0
Cycle -> 199, Immuned -> 0

