Stats

Infected OS : IOS

Population with Android : 23000
Population with IOS : 36906
Population with OTHERS : 94

Peers spawned near hotspots : 42000
Peers spawned randomly : 18000

Infected Peers : 1
Recovered Peers : 17618
Immuned Peers : 42381

Infected Peers per cycle : 
366
463
643
986
1658
1469
571
926
1911
888
655
627
288
598
370
168
431
648
429
363
198
402
706
179
73
75
123
220
138
94
124
190
313
151
96
43
18
9
4
2
2
0
0
0
0
0
0
0
0
0
0
0
0
0
0
0
0
0
0
0
0
0
ycle -> 62, Infected -> 0
ycle -> 63, Infected -> 0
ycle -> 64, Infected -> 0
ycle -> 65, Infected -> 0
ycle -> 66, Infected -> 0
ycle -> 67, Infected -> 0
ycle -> 68, Infected -> 0
ycle -> 69, Infected -> 0
ycle -> 70, Infected -> 0
ycle -> 71, Infected -> 0
Cycle -> 72, Infected -> 0
Cycle -> 73, Infected -> 0
Cycle -> 74, Infected -> 0
Cycle -> 75, Infected -> 0
Cycle -> 76, Infected -> 0
Cycle -> 77, Infected -> 0
Cycle -> 78, Infected -> 0
Cycle -> 79, Infected -> 0
Cycle -> 80, Infected -> 0
Cycle -> 81, Infected -> 0
Cycle -> 82, Infected -> 0
Cycle -> 83, Infected -> 0
Cycle -> 84, Infected -> 0
Cycle -> 85, Infected -> 0
Cycle -> 86, Infected -> 0
Cycle -> 87, Infected -> 0
Cycle -> 88, Infected -> 0
Cycle -> 89, Infected -> 0
Cycle -> 90, Infected -> 0
Cycle -> 91, Infected -> 0
Cycle -> 92, Infected -> 0
Cycle -> 93, Infected -> 0
Cycle -> 94, Infected -> 0
Cycle -> 95, Infected -> 0
Cycle -> 96, Infected -> 0
Cycle -> 97, Infected -> 0
Cycle -> 98, Infected -> 0
Cycle -> 99, Infected -> 0
Cycle -> 100, Infected -> 0
Cycle -> 101, Infected -> 0
Cycle -> 102, Infected -> 0
Cycle -> 103, Infected -> 0
Cycle -> 104, Infected -> 0
Cycle -> 105, Infected -> 0
Cycle -> 106, Infected -> 0
Cycle -> 107, Infected -> 0
Cycle -> 108, Infected -> 0
Cycle -> 109, Infected -> 0
Cycle -> 110, Infected -> 0
Cycle -> 111, Infected -> 0
Cycle -> 112, Infected -> 0
Cycle -> 113, Infected -> 0
Cycle -> 114, Infected -> 0
Cycle -> 115, Infected -> 0
Cycle -> 116, Infected -> 0
Cycle -> 117, Infected -> 0
Cycle -> 118, Infected -> 0
Cycle -> 119, Infected -> 0
Cycle -> 120, Infected -> 0
Cycle -> 121, Infected -> 0
Cycle -> 122, Infected -> 0
Cycle -> 123, Infected -> 0
Cycle -> 124, Infected -> 0
Cycle -> 125, Infected -> 0
Cycle -> 126, Infected -> 0
Cycle -> 127, Infected -> 0
Cycle -> 128, Infected -> 0
Cycle -> 129, Infected -> 0
Cycle -> 130, Infected -> 0
Cycle -> 131, Infected -> 0
Cycle -> 132, Infected -> 0
Cycle -> 133, Infected -> 0
Cycle -> 134, Infected -> 0
Cycle -> 135, Infected -> 0
Cycle -> 136, Infected -> 0
Cycle -> 137, Infected -> 0
Cycle -> 138, Infected -> 0
Cycle -> 139, Infected -> 0
Cycle -> 140, Infected -> 0
Cycle -> 141, Infected -> 0
Cycle -> 142, Infected -> 0
Cycle -> 143, Infected -> 0
Cycle -> 144, Infected -> 0
Cycle -> 145, Infected -> 0
Cycle -> 146, Infected -> 0
Cycle -> 147, Infected -> 0
Cycle -> 148, Infected -> 0
Cycle -> 149, Infected -> 0
Cycle -> 150, Infected -> 0
Cycle -> 151, Infected -> 0
Cycle -> 152, Infected -> 0
Cycle -> 153, Infected -> 0
Cycle -> 154, Infected -> 0
Cycle -> 155, Infected -> 0
Cycle -> 156, Infected -> 0
Cycle -> 157, Infected -> 0
Cycle -> 158, Infected -> 0
Cycle -> 159, Infected -> 0
Cycle -> 160, Infected -> 0
Cycle -> 161, Infected -> 0
Cycle -> 162, Infected -> 0
Cycle -> 163, Infected -> 0
Cycle -> 164, Infected -> 0
Cycle -> 165, Infected -> 0
Cycle -> 166, Infected -> 0
Cycle -> 167, Infected -> 0
Cycle -> 168, Infected -> 0
Cycle -> 169, Infected -> 0
Cycle -> 170, Infected -> 0
Cycle -> 171, Infected -> 0
Cycle -> 172, Infected -> 0
Cycle -> 173, Infected -> 0
Cycle -> 174, Infected -> 0
Cycle -> 175, Infected -> 0
Cycle -> 176, Infected -> 0
Cycle -> 177, Infected -> 0
Cycle -> 178, Infected -> 0
Cycle -> 179, Infected -> 0
Cycle -> 180, Infected -> 0
Cycle -> 181, Infected -> 0
Cycle -> 182, Infected -> 0
Cycle -> 183, Infected -> 0
Cycle -> 184, Infected -> 0
Cycle -> 185, Infected -> 0
Cycle -> 186, Infected -> 0
Cycle -> 187, Infected -> 0
Cycle -> 188, Infected -> 0
Cycle -> 189, Infected -> 0
Cycle -> 190, Infected -> 0
Cycle -> 191, Infected -> 0
Cycle -> 192, Infected -> 0
Cycle -> 193, Infected -> 0
Cycle -> 194, Infected -> 0
Cycle -> 195, Infected -> 0
Cycle -> 196, Infected -> 0
Cycle -> 197, Infected -> 0
Cycle -> 198, Infected -> 0
Cycle -> 199, Infected -> 0

Recovered Peers per cycle : 
0
12
42
83
127
170
262
269
306
389
396
433
446
437
401
450
414
430
411
431
423
425
433
449
410
419
348
384
383
333
338
331
298
326
290
330
275
266
235
251
243
210
202
208
209
155
154
179
164
141
139
141
131
129
117
118
99
124
91
88
98
83
76
89
65
66
54
46
52
45
50
48
39
48
39
32
43
35
39
37
37
34
32
31
21
19
16
21
19
22
21
24
23
13
18
14
12
12
18
15
 8
 7
 12
 8
 7
 5
 12
 5
 6
 3
 8
 6
 7
 5
 5
 2
 5
 7
 3
 8
 4
 1
 3
 1
 3
 7
 2
 1
 2
 4
 0
 2
 5
 3
 6
 2
 0
 1
ycle -> 138, Recovered -> 1
ycle -> 139, Recovered -> 3
ycle -> 140, Recovered -> 1
ycle -> 141, Recovered -> 2
ycle -> 142, Recovered -> 0
ycle -> 143, Recovered -> 2
ycle -> 144, Recovered -> 1
ycle -> 145, Recovered -> 2
ycle -> 146, Recovered -> 1
ycle -> 147, Recovered -> 3
Cycle -> 148, Recovered -> 0
Cycle -> 149, Recovered -> 3
Cycle -> 150, Recovered -> 1
Cycle -> 151, Recovered -> 2
Cycle -> 152, Recovered -> 0
Cycle -> 153, Recovered -> 0
Cycle -> 154, Recovered -> 0
Cycle -> 155, Recovered -> 1
Cycle -> 156, Recovered -> 0
Cycle -> 157, Recovered -> 3
Cycle -> 158, Recovered -> 1
Cycle -> 159, Recovered -> 0
Cycle -> 160, Recovered -> 2
Cycle -> 161, Recovered -> 0
Cycle -> 162, Recovered -> 1
Cycle -> 163, Recovered -> 1
Cycle -> 164, Recovered -> 0
Cycle -> 165, Recovered -> 0
Cycle -> 166, Recovered -> 1
Cycle -> 167, Recovered -> 0
Cycle -> 168, Recovered -> 0
Cycle -> 169, Recovered -> 0
Cycle -> 170, Recovered -> 1
Cycle -> 171, Recovered -> 1
Cycle -> 172, Recovered -> 0
Cycle -> 173, Recovered -> 0
Cycle -> 174, Recovered -> 0
Cycle -> 175, Recovered -> 0
Cycle -> 176, Recovered -> 0
Cycle -> 177, Recovered -> 0
Cycle -> 178, Recovered -> 0
Cycle -> 179, Recovered -> 1
Cycle -> 180, Recovered -> 1
Cycle -> 181, Recovered -> 1
Cycle -> 182, Recovered -> 0
Cycle -> 183, Recovered -> 0
Cycle -> 184, Recovered -> 0
Cycle -> 185, Recovered -> 0
Cycle -> 186, Recovered -> 0
Cycle -> 187, Recovered -> 0
Cycle -> 188, Recovered -> 1
Cycle -> 189, Recovered -> 0
Cycle -> 190, Recovered -> 0
Cycle -> 191, Recovered -> 0
Cycle -> 192, Recovered -> 0
Cycle -> 193, Recovered -> 0
Cycle -> 194, Recovered -> 0
Cycle -> 195, Recovered -> 0
Cycle -> 196, Recovered -> 0
Cycle -> 197, Recovered -> 0
Cycle -> 198, Recovered -> 0
Cycle -> 199, Recovered -> 0

Immuned Peers per cycle : 
Cycle -> 0, Immuned -> 3077
Cycle -> 1, Immuned -> 2807
Cycle -> 2, Immuned -> 2648
Cycle -> 3, Immuned -> 2506
Cycle -> 4, Immuned -> 2394
Cycle -> 5, Immuned -> 2166
Cycle -> 6, Immuned -> 1964
Cycle -> 7, Immuned -> 1791
Cycle -> 8, Immuned -> 1665
Cycle -> 9, Immuned -> 1491
Cycle -> 10, Immuned -> 1386
Cycle -> 11, Immuned -> 1322
Cycle -> 12, Immuned -> 1167
Cycle -> 13, Immuned -> 1058
Cycle -> 14, Immuned -> 1016
Cycle -> 15, Immuned -> 933
Cycle -> 16, Immuned -> 927
Cycle -> 17, Immuned -> 815
Cycle -> 18, Immuned -> 791
Cycle -> 19, Immuned -> 723
Cycle -> 20, Immuned -> 624
Cycle -> 21, Immuned -> 615
Cycle -> 22, Immuned -> 577
Cycle -> 23, Immuned -> 476
Cycle -> 24, Immuned -> 425
Cycle -> 25, Immuned -> 410
Cycle -> 26, Immuned -> 399
Cycle -> 27, Immuned -> 371
Cycle -> 28, Immuned -> 368
Cycle -> 29, Immuned -> 341
Cycle -> 30, Immuned -> 290
Cycle -> 31, Immuned -> 280
Cycle -> 32, Immuned -> 270
Cycle -> 33, Immuned -> 250
Cycle -> 34, Immuned -> 212
Cycle -> 35, Immuned -> 200
Cycle -> 36, Immuned -> 172
Cycle -> 37, Immuned -> 190
Cycle -> 38, Immuned -> 152
Cycle -> 39, Immuned -> 162
Cycle -> 40, Immuned -> 138
Cycle -> 41, Immuned -> 151
Cycle -> 42, Immuned -> 119
Cycle -> 43, Immuned -> 135
Cycle -> 44, Immuned -> 151
Cycle -> 45, Immuned -> 119
Cycle -> 46, Immuned -> 113
Cycle -> 47, Immuned -> 103
Cycle -> 48, Immuned -> 97
Cycle -> 49, Immuned -> 84
Cycle -> 50, Immuned -> 76
Cycle -> 51, Immuned -> 81
Cycle -> 52, Immuned -> 70
Cycle -> 53, Immuned -> 78
Cycle -> 54, Immuned -> 79
Cycle -> 55, Immuned -> 60
Cycle -> 56, Immuned -> 53
Cycle -> 57, Immuned -> 67
Cycle -> 58, Immuned -> 75
Cycle -> 59, Immuned -> 52
Cycle -> 60, Immuned -> 41
Cycle -> 61, Immuned -> 57
Cycle -> 62, Immuned -> 37
Cycle -> 63, Immuned -> 43
Cycle -> 64, Immuned -> 36
Cycle -> 65, Immuned -> 34
Cycle -> 66, Immuned -> 45
Cycle -> 67, Immuned -> 37
Cycle -> 68, Immuned -> 44
Cycle -> 69, Immuned -> 36
Cycle -> 70, Immuned -> 39
Cycle -> 71, Immuned -> 30
Cycle -> 72, Immuned -> 26
Cycle -> 73, Immuned -> 23
Cycle -> 74, Immuned -> 36
Cycle -> 75, Immuned -> 26
Cycle -> 76, Immuned -> 23
Cycle -> 77, Immuned -> 21
Cycle -> 78, Immuned -> 21
Cycle -> 79, Immuned -> 18
Cycle -> 80, Immuned -> 18
Cycle -> 81, Immuned -> 17
Cycle -> 82, Immuned -> 21
Cycle -> 83, Immuned -> 20
Cycle -> 84, Immuned -> 15
Cycle -> 85, Immuned -> 7
Cycle -> 86, Immuned -> 13
Cycle -> 87, Immuned -> 11
Cycle -> 88, Immuned -> 9
Cycle -> 89, Immuned -> 13
Cycle -> 90, Immuned -> 12
Cycle -> 91, Immuned -> 11
Cycle -> 92, Immuned -> 10
Cycle -> 93, Immuned -> 13
Cycle -> 94, Immuned -> 12
Cycle -> 95, Immuned -> 9
Cycle -> 96, Immuned -> 3
Cycle -> 97, Immuned -> 9
Cycle -> 98, Immuned -> 7
Cycle -> 99, Immuned -> 5
Cycle -> 100, Immuned -> 5
Cycle -> 101, Immuned -> 4
Cycle -> 102, Immuned -> 4
Cycle -> 103, Immuned -> 8
Cycle -> 104, Immuned -> 2
Cycle -> 105, Immuned -> 5
Cycle -> 106, Immuned -> 4
Cycle -> 107, Immuned -> 4
Cycle -> 108, Immuned -> 4
Cycle -> 109, Immuned -> 2
Cycle -> 110, Immuned -> 4
Cycle -> 111, Immuned -> 6
Cycle -> 112, Immuned -> 4
Cycle -> 113, Immuned -> 0
Cycle -> 114, Immuned -> 6
Cycle -> 115, Immuned -> 3
Cycle -> 116, Immuned -> 4
Cycle -> 117, Immuned -> 5
Cycle -> 118, Immuned -> 3
Cycle -> 119, Immuned -> 7
Cycle -> 120, Immuned -> 1
Cycle -> 121, Immuned -> 4
Cycle -> 122, Immuned -> 3
Cycle -> 123, Immuned -> 3
Cycle -> 124, Immuned -> 1
Cycle -> 125, Immuned -> 1
Cycle -> 126, Immuned -> 1
Cycle -> 127, Immuned -> 2
Cycle -> 128, Immuned -> 0
Cycle -> 129, Immuned -> 1
Cycle -> 130, Immuned -> 1
Cycle -> 131, Immuned -> 1
Cycle -> 132, Immuned -> 3
Cycle -> 133, Immuned -> 2
Cycle -> 134, Immuned -> 1
Cycle -> 135, Immuned -> 3
Cycle -> 136, Immuned -> 2
Cycle -> 137, Immuned -> 2
Cycle -> 138, Immuned -> 1
Cycle -> 139, Immuned -> 2
Cycle -> 140, Immuned -> 1
Cycle -> 141, Immuned -> 3
Cycle -> 142, Immuned -> 2
Cycle -> 143, Immuned -> 1
Cycle -> 144, Immuned -> 0
Cycle -> 145, Immuned -> 0
Cycle -> 146, Immuned -> 1
Cycle -> 147, Immuned -> 1
Cycle -> 148, Immuned -> 0
Cycle -> 149, Immuned -> 1
Cycle -> 150, Immuned -> 1
Cycle -> 151, Immuned -> 1
Cycle -> 152, Immuned -> 0
Cycle -> 153, Immuned -> 1
Cycle -> 154, Immuned -> 2
Cycle -> 155, Immuned -> 0
Cycle -> 156, Immuned -> 1
Cycle -> 157, Immuned -> 1
Cycle -> 158, Immuned -> 0
Cycle -> 159, Immuned -> 0
Cycle -> 160, Immuned -> 0
Cycle -> 161, Immuned -> 1
Cycle -> 162, Immuned -> 0
Cycle -> 163, Immuned -> 0
Cycle -> 164, Immuned -> 0
Cycle -> 165, Immuned -> 1
Cycle -> 166, Immuned -> 0
Cycle -> 167, Immuned -> 0
Cycle -> 168, Immuned -> 0
Cycle -> 169, Immuned -> 0
Cycle -> 170, Immuned -> 0
Cycle -> 171, Immuned -> 0
Cycle -> 172, Immuned -> 0
Cycle -> 173, Immuned -> 0
Cycle -> 174, Immuned -> 0
Cycle -> 175, Immuned -> 0
Cycle -> 176, Immuned -> 0
Cycle -> 177, Immuned -> 0
Cycle -> 178, Immuned -> 0
Cycle -> 179, Immuned -> 0
Cycle -> 180, Immuned -> 0
Cycle -> 181, Immuned -> 0
Cycle -> 182, Immuned -> 0
Cycle -> 183, Immuned -> 0
Cycle -> 184, Immuned -> 1
Cycle -> 185, Immuned -> 0
Cycle -> 186, Immuned -> 0
Cycle -> 187, Immuned -> 0
Cycle -> 188, Immuned -> 0
Cycle -> 189, Immuned -> 0
Cycle -> 190, Immuned -> 1
Cycle -> 191, Immuned -> 0
Cycle -> 192, Immuned -> 0
Cycle -> 193, Immuned -> 1
Cycle -> 194, Immuned -> 0
Cycle -> 195, Immuned -> 0
Cycle -> 196, Immuned -> 0
Cycle -> 197, Immuned -> 0
Cycle -> 198, Immuned -> 0
Cycle -> 199, Immuned -> 0

