Stats

Infected OS : IOS

Population with Android : 23208
Population with IOS : 36708
Population with OTHERS : 84

Peers spawned near hotspots : 42000
Peers spawned randomly : 18000

Infected Peers : 1
Recovered Peers : 17203
Immuned Peers : 42796

Infected Peers per cycle : 
315
961
909
1049
1520
1151
998
584
611
505
 532
 673
 458
 247
 406
 1086
 392
 316
 419
 475
 535
 321
 296
 241
 171
 427
 319
 261
 299
 135
 123
 125
 144
 85
 61
 17
 14
 5
 3
 1
 2
 0
 1
 1
 0
 0
 0
 3
 1
 0
 0
 1
 0
 1
 1
 0
 2
 0
 0
 0
 0
 0
 0
 0
Cycle -> 64, Infected -> 0
Cycle -> 65, Infected -> 0
Cycle -> 66, Infected -> 0
Cycle -> 67, Infected -> 0
Cycle -> 68, Infected -> 0
Cycle -> 69, Infected -> 0
Cycle -> 70, Infected -> 0
Cycle -> 71, Infected -> 0
Cycle -> 72, Infected -> 0
Cycle -> 73, Infected -> 0
Cycle -> 74, Infected -> 0
Cycle -> 75, Infected -> 0
Cycle -> 76, Infected -> 0
Cycle -> 77, Infected -> 0
Cycle -> 78, Infected -> 0
Cycle -> 79, Infected -> 0
Cycle -> 80, Infected -> 0
Cycle -> 81, Infected -> 0
Cycle -> 82, Infected -> 0
Cycle -> 83, Infected -> 0
Cycle -> 84, Infected -> 0
Cycle -> 85, Infected -> 0
Cycle -> 86, Infected -> 0
Cycle -> 87, Infected -> 0
Cycle -> 88, Infected -> 0
Cycle -> 89, Infected -> 0
Cycle -> 90, Infected -> 0
Cycle -> 91, Infected -> 0
Cycle -> 92, Infected -> 0
Cycle -> 93, Infected -> 0
Cycle -> 94, Infected -> 0
Cycle -> 95, Infected -> 0
Cycle -> 96, Infected -> 0
Cycle -> 97, Infected -> 0
Cycle -> 98, Infected -> 0
Cycle -> 99, Infected -> 0
Cycle -> 100, Infected -> 0
Cycle -> 101, Infected -> 0
Cycle -> 102, Infected -> 0
Cycle -> 103, Infected -> 0
Cycle -> 104, Infected -> 0
Cycle -> 105, Infected -> 0
Cycle -> 106, Infected -> 0
Cycle -> 107, Infected -> 0
Cycle -> 108, Infected -> 0
Cycle -> 109, Infected -> 0
Cycle -> 110, Infected -> 0
Cycle -> 111, Infected -> 0
Cycle -> 112, Infected -> 0
Cycle -> 113, Infected -> 0
Cycle -> 114, Infected -> 0
Cycle -> 115, Infected -> 0
Cycle -> 116, Infected -> 0
Cycle -> 117, Infected -> 0
Cycle -> 118, Infected -> 0
Cycle -> 119, Infected -> 0
Cycle -> 120, Infected -> 0
Cycle -> 121, Infected -> 0
Cycle -> 122, Infected -> 0
Cycle -> 123, Infected -> 0
Cycle -> 124, Infected -> 0
Cycle -> 125, Infected -> 0
Cycle -> 126, Infected -> 0
Cycle -> 127, Infected -> 0
Cycle -> 128, Infected -> 0
Cycle -> 129, Infected -> 0
Cycle -> 130, Infected -> 0
Cycle -> 131, Infected -> 0
Cycle -> 132, Infected -> 0
Cycle -> 133, Infected -> 0
Cycle -> 134, Infected -> 0
Cycle -> 135, Infected -> 0
Cycle -> 136, Infected -> 0
Cycle -> 137, Infected -> 0
Cycle -> 138, Infected -> 0
Cycle -> 139, Infected -> 0
Cycle -> 140, Infected -> 0
Cycle -> 141, Infected -> 0
Cycle -> 142, Infected -> 0
Cycle -> 143, Infected -> 0
Cycle -> 144, Infected -> 0
Cycle -> 145, Infected -> 0
Cycle -> 146, Infected -> 0
Cycle -> 147, Infected -> 0
Cycle -> 148, Infected -> 0
Cycle -> 149, Infected -> 0
Cycle -> 150, Infected -> 0
Cycle -> 151, Infected -> 0
Cycle -> 152, Infected -> 0
Cycle -> 153, Infected -> 0
Cycle -> 154, Infected -> 0
Cycle -> 155, Infected -> 0
Cycle -> 156, Infected -> 0
Cycle -> 157, Infected -> 0
Cycle -> 158, Infected -> 0
Cycle -> 159, Infected -> 0
Cycle -> 160, Infected -> 0
Cycle -> 161, Infected -> 0
Cycle -> 162, Infected -> 0
Cycle -> 163, Infected -> 0
Cycle -> 164, Infected -> 0
Cycle -> 165, Infected -> 0
Cycle -> 166, Infected -> 0
Cycle -> 167, Infected -> 0
Cycle -> 168, Infected -> 0
Cycle -> 169, Infected -> 0
Cycle -> 170, Infected -> 0
Cycle -> 171, Infected -> 0
Cycle -> 172, Infected -> 0
Cycle -> 173, Infected -> 0
Cycle -> 174, Infected -> 0
Cycle -> 175, Infected -> 0
Cycle -> 176, Infected -> 0
Cycle -> 177, Infected -> 0
Cycle -> 178, Infected -> 0
Cycle -> 179, Infected -> 0
Cycle -> 180, Infected -> 0
Cycle -> 181, Infected -> 0
Cycle -> 182, Infected -> 0
Cycle -> 183, Infected -> 0
Cycle -> 184, Infected -> 0
Cycle -> 185, Infected -> 0
Cycle -> 186, Infected -> 0
Cycle -> 187, Infected -> 0
Cycle -> 188, Infected -> 0
Cycle -> 189, Infected -> 0
Cycle -> 190, Infected -> 0
Cycle -> 191, Infected -> 0
Cycle -> 192, Infected -> 0
Cycle -> 193, Infected -> 0
Cycle -> 194, Infected -> 0
Cycle -> 195, Infected -> 0
Cycle -> 196, Infected -> 0
Cycle -> 197, Infected -> 0
Cycle -> 198, Infected -> 0
Cycle -> 199, Infected -> 0

Recovered Peers per cycle : 
0
15
67
99
157
208
276
296
340
372
333
361
386
363
354
340
379
368
410
380
432
432
387
396
379
394
384
372
381
385
338
352
357
312
314
290
284
279
262
228
229
216
215
238
206
190
182
158
163
166
134
111
134
133
123
119
117
85
100
75
69
76
77
74
82
63
59
56
54
60
48
52
48
46
44
34
40
25
31
30
23
19
29
19
22
23
33
15
23
15
27
13
10
14
17
6
8
25
16
8
 12
 11
 8
 10
 11
 13
 6
 10
 5
 8
 7
 5
 6
 3
 5
 4
 9
 4
 4
 6
 3
 3
 2
 4
 0
 2
 3
 2
 2
 3
 1
ycle -> 131, Recovered -> 2
ycle -> 132, Recovered -> 2
ycle -> 133, Recovered -> 0
ycle -> 134, Recovered -> 1
ycle -> 135, Recovered -> 4
ycle -> 136, Recovered -> 3
ycle -> 137, Recovered -> 3
ycle -> 138, Recovered -> 2
ycle -> 139, Recovered -> 1
ycle -> 140, Recovered -> 1
Cycle -> 141, Recovered -> 3
Cycle -> 142, Recovered -> 1
Cycle -> 143, Recovered -> 1
Cycle -> 144, Recovered -> 1
Cycle -> 145, Recovered -> 0
Cycle -> 146, Recovered -> 2
Cycle -> 147, Recovered -> 1
Cycle -> 148, Recovered -> 1
Cycle -> 149, Recovered -> 0
Cycle -> 150, Recovered -> 1
Cycle -> 151, Recovered -> 0
Cycle -> 152, Recovered -> 1
Cycle -> 153, Recovered -> 2
Cycle -> 154, Recovered -> 0
Cycle -> 155, Recovered -> 0
Cycle -> 156, Recovered -> 0
Cycle -> 157, Recovered -> 1
Cycle -> 158, Recovered -> 0
Cycle -> 159, Recovered -> 0
Cycle -> 160, Recovered -> 0
Cycle -> 161, Recovered -> 0
Cycle -> 162, Recovered -> 2
Cycle -> 163, Recovered -> 0
Cycle -> 164, Recovered -> 0
Cycle -> 165, Recovered -> 0
Cycle -> 166, Recovered -> 0
Cycle -> 167, Recovered -> 0
Cycle -> 168, Recovered -> 2
Cycle -> 169, Recovered -> 0
Cycle -> 170, Recovered -> 0
Cycle -> 171, Recovered -> 0
Cycle -> 172, Recovered -> 0
Cycle -> 173, Recovered -> 0
Cycle -> 174, Recovered -> 0
Cycle -> 175, Recovered -> 0
Cycle -> 176, Recovered -> 0
Cycle -> 177, Recovered -> 1
Cycle -> 178, Recovered -> 0
Cycle -> 179, Recovered -> 1
Cycle -> 180, Recovered -> 0
Cycle -> 181, Recovered -> 0
Cycle -> 182, Recovered -> 0
Cycle -> 183, Recovered -> 0
Cycle -> 184, Recovered -> 0
Cycle -> 185, Recovered -> 0
Cycle -> 186, Recovered -> 0
Cycle -> 187, Recovered -> 0
Cycle -> 188, Recovered -> 0
Cycle -> 189, Recovered -> 0
Cycle -> 190, Recovered -> 1
Cycle -> 191, Recovered -> 0
Cycle -> 192, Recovered -> 0
Cycle -> 193, Recovered -> 0
Cycle -> 194, Recovered -> 0
Cycle -> 195, Recovered -> 0
Cycle -> 196, Recovered -> 1
Cycle -> 197, Recovered -> 0
Cycle -> 198, Recovered -> 0
Cycle -> 199, Recovered -> 0

Immuned Peers per cycle : 
Cycle -> 0, Immuned -> 3021
Cycle -> 1, Immuned -> 2751
Cycle -> 2, Immuned -> 2642
Cycle -> 3, Immuned -> 2549
Cycle -> 4, Immuned -> 2227
Cycle -> 5, Immuned -> 2146
Cycle -> 6, Immuned -> 1869
Cycle -> 7, Immuned -> 1786
Cycle -> 8, Immuned -> 1707
Cycle -> 9, Immuned -> 1575
Cycle -> 10, Immuned -> 1477
Cycle -> 11, Immuned -> 1362
Cycle -> 12, Immuned -> 1289
Cycle -> 13, Immuned -> 1179
Cycle -> 14, Immuned -> 1104
Cycle -> 15, Immuned -> 1031
Cycle -> 16, Immuned -> 938
Cycle -> 17, Immuned -> 847
Cycle -> 18, Immuned -> 779
Cycle -> 19, Immuned -> 719
Cycle -> 20, Immuned -> 646
Cycle -> 21, Immuned -> 629
Cycle -> 22, Immuned -> 542
Cycle -> 23, Immuned -> 566
Cycle -> 24, Immuned -> 445
Cycle -> 25, Immuned -> 464
Cycle -> 26, Immuned -> 411
Cycle -> 27, Immuned -> 360
Cycle -> 28, Immuned -> 344
Cycle -> 29, Immuned -> 294
Cycle -> 30, Immuned -> 292
Cycle -> 31, Immuned -> 242
Cycle -> 32, Immuned -> 234
Cycle -> 33, Immuned -> 217
Cycle -> 34, Immuned -> 210
Cycle -> 35, Immuned -> 176
Cycle -> 36, Immuned -> 183
Cycle -> 37, Immuned -> 207
Cycle -> 38, Immuned -> 164
Cycle -> 39, Immuned -> 153
Cycle -> 40, Immuned -> 149
Cycle -> 41, Immuned -> 166
Cycle -> 42, Immuned -> 129
Cycle -> 43, Immuned -> 119
Cycle -> 44, Immuned -> 113
Cycle -> 45, Immuned -> 114
Cycle -> 46, Immuned -> 92
Cycle -> 47, Immuned -> 106
Cycle -> 48, Immuned -> 108
Cycle -> 49, Immuned -> 97
Cycle -> 50, Immuned -> 89
Cycle -> 51, Immuned -> 86
Cycle -> 52, Immuned -> 81
Cycle -> 53, Immuned -> 75
Cycle -> 54, Immuned -> 58
Cycle -> 55, Immuned -> 56
Cycle -> 56, Immuned -> 74
Cycle -> 57, Immuned -> 52
Cycle -> 58, Immuned -> 66
Cycle -> 59, Immuned -> 60
Cycle -> 60, Immuned -> 65
Cycle -> 61, Immuned -> 49
Cycle -> 62, Immuned -> 37
Cycle -> 63, Immuned -> 37
Cycle -> 64, Immuned -> 46
Cycle -> 65, Immuned -> 43
Cycle -> 66, Immuned -> 41
Cycle -> 67, Immuned -> 44
Cycle -> 68, Immuned -> 38
Cycle -> 69, Immuned -> 39
Cycle -> 70, Immuned -> 38
Cycle -> 71, Immuned -> 26
Cycle -> 72, Immuned -> 32
Cycle -> 73, Immuned -> 34
Cycle -> 74, Immuned -> 29
Cycle -> 75, Immuned -> 25
Cycle -> 76, Immuned -> 21
Cycle -> 77, Immuned -> 23
Cycle -> 78, Immuned -> 24
Cycle -> 79, Immuned -> 29
Cycle -> 80, Immuned -> 19
Cycle -> 81, Immuned -> 17
Cycle -> 82, Immuned -> 21
Cycle -> 83, Immuned -> 21
Cycle -> 84, Immuned -> 19
Cycle -> 85, Immuned -> 11
Cycle -> 86, Immuned -> 16
Cycle -> 87, Immuned -> 13
Cycle -> 88, Immuned -> 19
Cycle -> 89, Immuned -> 12
Cycle -> 90, Immuned -> 16
Cycle -> 91, Immuned -> 11
Cycle -> 92, Immuned -> 8
Cycle -> 93, Immuned -> 13
Cycle -> 94, Immuned -> 11
Cycle -> 95, Immuned -> 8
Cycle -> 96, Immuned -> 2
Cycle -> 97, Immuned -> 8
Cycle -> 98, Immuned -> 7
Cycle -> 99, Immuned -> 4
Cycle -> 100, Immuned -> 5
Cycle -> 101, Immuned -> 12
Cycle -> 102, Immuned -> 10
Cycle -> 103, Immuned -> 6
Cycle -> 104, Immuned -> 2
Cycle -> 105, Immuned -> 6
Cycle -> 106, Immuned -> 4
Cycle -> 107, Immuned -> 7
Cycle -> 108, Immuned -> 6
Cycle -> 109, Immuned -> 4
Cycle -> 110, Immuned -> 3
Cycle -> 111, Immuned -> 2
Cycle -> 112, Immuned -> 3
Cycle -> 113, Immuned -> 9
Cycle -> 114, Immuned -> 4
Cycle -> 115, Immuned -> 8
Cycle -> 116, Immuned -> 5
Cycle -> 117, Immuned -> 7
Cycle -> 118, Immuned -> 1
Cycle -> 119, Immuned -> 5
Cycle -> 120, Immuned -> 3
Cycle -> 121, Immuned -> 3
Cycle -> 122, Immuned -> 3
Cycle -> 123, Immuned -> 0
Cycle -> 124, Immuned -> 1
Cycle -> 125, Immuned -> 2
Cycle -> 126, Immuned -> 0
Cycle -> 127, Immuned -> 2
Cycle -> 128, Immuned -> 1
Cycle -> 129, Immuned -> 1
Cycle -> 130, Immuned -> 0
Cycle -> 131, Immuned -> 0
Cycle -> 132, Immuned -> 0
Cycle -> 133, Immuned -> 2
Cycle -> 134, Immuned -> 0
Cycle -> 135, Immuned -> 1
Cycle -> 136, Immuned -> 1
Cycle -> 137, Immuned -> 1
Cycle -> 138, Immuned -> 0
Cycle -> 139, Immuned -> 2
Cycle -> 140, Immuned -> 3
Cycle -> 141, Immuned -> 1
Cycle -> 142, Immuned -> 0
Cycle -> 143, Immuned -> 1
Cycle -> 144, Immuned -> 0
Cycle -> 145, Immuned -> 0
Cycle -> 146, Immuned -> 1
Cycle -> 147, Immuned -> 1
Cycle -> 148, Immuned -> 0
Cycle -> 149, Immuned -> 1
Cycle -> 150, Immuned -> 1
Cycle -> 151, Immuned -> 1
Cycle -> 152, Immuned -> 2
Cycle -> 153, Immuned -> 1
Cycle -> 154, Immuned -> 1
Cycle -> 155, Immuned -> 1
Cycle -> 156, Immuned -> 0
Cycle -> 157, Immuned -> 0
Cycle -> 158, Immuned -> 0
Cycle -> 159, Immuned -> 0
Cycle -> 160, Immuned -> 0
Cycle -> 161, Immuned -> 0
Cycle -> 162, Immuned -> 0
Cycle -> 163, Immuned -> 0
Cycle -> 164, Immuned -> 0
Cycle -> 165, Immuned -> 0
Cycle -> 166, Immuned -> 0
Cycle -> 167, Immuned -> 1
Cycle -> 168, Immuned -> 0
Cycle -> 169, Immuned -> 0
Cycle -> 170, Immuned -> 1
Cycle -> 171, Immuned -> 0
Cycle -> 172, Immuned -> 0
Cycle -> 173, Immuned -> 0
Cycle -> 174, Immuned -> 0
Cycle -> 175, Immuned -> 0
Cycle -> 176, Immuned -> 1
Cycle -> 177, Immuned -> 0
Cycle -> 178, Immuned -> 0
Cycle -> 179, Immuned -> 0
Cycle -> 180, Immuned -> 1
Cycle -> 181, Immuned -> 0
Cycle -> 182, Immuned -> 0
Cycle -> 183, Immuned -> 0
Cycle -> 184, Immuned -> 0
Cycle -> 185, Immuned -> 0
Cycle -> 186, Immuned -> 0
Cycle -> 187, Immuned -> 0
Cycle -> 188, Immuned -> 0
Cycle -> 189, Immuned -> 1
Cycle -> 190, Immuned -> 0
Cycle -> 191, Immuned -> 0
Cycle -> 192, Immuned -> 0
Cycle -> 193, Immuned -> 0
Cycle -> 194, Immuned -> 1
Cycle -> 195, Immuned -> 0
Cycle -> 196, Immuned -> 0
Cycle -> 197, Immuned -> 0
Cycle -> 198, Immuned -> 0
Cycle -> 199, Immuned -> 0

